==1388466== NVPROF is profiling process 1388466, command: python train.py --backbone xception --lr 0.01 --workers 2 --epochs 1 --batch-size 2 --gpu-ids 0 --checkname deeplab-xception --eval-interval 1 --dataset coco --profile-epoch-list 0 --profile-batch-list 2 --prof-backprop
==1388466== Profiling application: python train.py --backbone xception --lr 0.01 --workers 2 --epochs 1 --batch-size 2 --gpu-ids 0 --checkname deeplab-xception --eval-interval 1 --dataset coco --profile-epoch-list 0 --profile-batch-list 2 --prof-backprop
==1388466== Profiling result:
            Type  Time(%)      Time     Calls       Avg       Min       Max  Name
 GPU activities:   26.96%  50.646ms        70  723.52us  23.392us  3.4594ms  maxwell_scudnn_128x128_stridedB_splitK_interior_nn
                   11.08%  20.820ms        60  347.00us  197.86us  3.5747ms  void spatialDepthwiseConvolutionUpdateGradInput<float, float, unsigned int, int=3, int=1>(THCDeviceTensor<float, int=4, int, DefaultPtrTraits>, THCDeviceTensor<float, int=4, int, DefaultPtrTraits>, THCDeviceTensor<float, int=4, int, DefaultPtrTraits>, unsigned int, int, int, int, int, int, int, int, int, int, int, int, int, int, int, int)
                   11.06%  20.788ms        67  310.27us  35.105us  1.1116ms  maxwell_scudnn_128x128_stridedB_interior_nn
                    8.24%  15.477ms        63  245.67us  163.65us  1.9614ms  void spatialDepthwiseConvolutionAccGradParameters<float, float, unsigned int>(THCDeviceTensor<float, int=4, int, DefaultPtrTraits>, THCDeviceTensor<float, int=4, int, DefaultPtrTraits>, THCDeviceTensor<float, int=4, int, DefaultPtrTraits>, int, int, int, int, int, int, int, int, int, int, int, int, int, int, int, int)
                    6.35%  11.930ms         6  1.9884ms  164.39us  3.3885ms  void cudnn::detail::dgrad_engine<float, int=128, int=6, int=7, int=3, int=3, int=5, bool=1>(int, int, int, float const *, int, float const , int, cudnn::detail::dgrad_engine<float, int=128, int=6, int=7, int=3, int=3, int=5, bool=1>*, kernel_grad_params, int, int, float, int, int, int)
                    5.11%  9.6023ms         3  3.2008ms  3.1968ms  3.2087ms  void cudnn::detail::wgrad_alg1_engine<float, int=128, int=6, int=8, int=3, int=3, int=5, bool=1, bool=0>(int, int, int, float const *, int, float*, float const , kernel_grad_params, int, float, float, int, int, int*, kernel_grad_params, int, int)
                    4.70%  8.8341ms         2  4.4171ms  3.9408ms  4.8933ms  maxwell_scudnn_128x128_stridedB_splitK_large_nn
                    4.05%  7.6167ms       118  64.548us  9.6320us  162.60us  void cudnn::detail::bn_bw_1C11_singleread<float, int=512, bool=1, int=1, int=2, int=0>(float, float, float, float, cudnnTensorStruct, float const *, cudnn::detail::bn_bw_1C11_singleread<float, int=512, bool=1, int=1, int=2, int=0>, float const , cudnn::detail::bn_bw_1C11_singleread<float, int=512, bool=1, int=1, int=2, int=0>, cudnnTensorStruct*, float const *, float*, float const *, float const , float const , float, cudnn::reduced_divisor, int, float*, cudnn::detail::bnBwPersistentState*, int, float, float, float, int, float, cudnnStatus_t*, bool)
                    3.11%  5.8427ms         3  1.9476ms  1.2418ms  2.9438ms  void caffe_gpu_interp2_kernel_backward<float, float>(int, float, float, bool, THCDeviceTensor<float, int=4, int, DefaultPtrTraits>, THCDeviceTensor<float, int=4, int, DefaultPtrTraits>)
                    3.06%  5.7435ms         3  1.9145ms  471.85us  2.9187ms  maxwell_scudnn_winograd_128x128_ldg1_ldg4_tile148n_nt
                    2.98%  5.6023ms        23  243.58us  62.370us  590.48us  void cudnn::detail::bn_bw_1C11_singleread<float, int=512, bool=1, int=1, int=2, int=14>(float, float, float, float, cudnnTensorStruct, float const *, cudnn::detail::bn_bw_1C11_singleread<float, int=512, bool=1, int=1, int=2, int=14>, float const , cudnn::detail::bn_bw_1C11_singleread<float, int=512, bool=1, int=1, int=2, int=14>, cudnnTensorStruct*, float const *, float*, float const *, float const , float const , float, cudnn::reduced_divisor, int, float*, cudnn::detail::bnBwPersistentState*, int, float, float, float, int, float, cudnnStatus_t*, bool)
                    2.76%  5.1793ms        63  82.210us  50.017us  497.29us  void kernelPointwiseApply2<CopyOp<float, float>, float, float, unsigned int, int=1, int=-1>(OffsetInfo<float, float, float>, OffsetInfo<CopyOp<float, float>, float, unsigned int>, float, float)
                    2.65%  4.9862ms        69  72.263us  1.4400us  406.73us  void kernelPointwiseApply3<ThresholdUpdateGradInput<float>, float, float, float, unsigned int, int=1, int=1, int=1>(OffsetInfo<ThresholdUpdateGradInput<float>, float, unsigned int>, OffsetInfo<float, float, int=1>, OffsetInfo<float, float, int=1>, float, float)
                    2.34%  4.3980ms         3  1.4660ms  959.90us  2.3154ms  void spatialDepthwiseConvolutionUpdateGradInput<float, float, unsigned int, int=3, int=2>(THCDeviceTensor<float, int=4, int, DefaultPtrTraits>, THCDeviceTensor<float, int=4, int, DefaultPtrTraits>, THCDeviceTensor<float, int=4, int, DefaultPtrTraits>, unsigned int, int, int, int, int, int, int, int, int, int, int, int, int, int, int, int)
                    1.32%  2.4817ms       425  5.8390us     960ns  121.48us  void kernelPointwiseApply2<TensorAddOp<float>, float, float, unsigned int, int=1, int=1>(OffsetInfo<TensorAddOp<float>, float, unsigned int>, OffsetInfo<float, float, int=1>, float, float)
                    0.88%  1.6612ms        25  66.449us  41.377us  216.36us  void kernelPointwiseApply3<TensorAddOp<float>, float, float, float, unsigned int, int=1, int=1, int=1>(OffsetInfo<TensorAddOp<float>, float, unsigned int>, OffsetInfo<float, float, int=1>, OffsetInfo<float, float, int=1>, float, float)
                    0.49%  915.83us         1  915.83us  915.83us  915.83us  maxwell_scudnn_128x64_stridedB_splitK_large_nn
                    0.35%  666.86us        83  8.0340us     928ns  66.882us  void scalePackedTensor_kernel<float, float>(cudnnTensor4dStruct, float*, float)
                    0.32%  596.05us         1  596.05us  596.05us  596.05us  maxwell_scudnn_128x32_stridedB_splitK_interior_nn
                    0.25%  465.42us         1  465.42us  465.42us  465.42us  void at::native::_GLOBAL__N__54_tmpxft_0006859b_00000000_12_SoftMax_compute_70_cpp1_ii_826a4626::cunn_SpatialSoftMaxBackward<float, float, at::native::_GLOBAL__N__54_tmpxft_0006859b_00000000_12_SoftMax_compute_70_cpp1_ii_826a4626::LogSoftMaxBackwardEpilogue>(float*, float, float, unsigned int, unsigned int, unsigned int)
                    0.24%  448.18us       144  3.1120us     896ns  4.3840us  cudnn::maxwell::gemm::computeBOffsetsKernel(cudnn::maxwell::gemm::ComputeBOffsetsParams)
                    0.24%  446.22us         3  148.74us  12.928us  218.44us  void kernelPointwiseApply3<TensorMulOp<float>, float, float, float, unsigned int, int=1, int=1, int=1>(OffsetInfo<TensorMulOp<float>, float, unsigned int>, OffsetInfo<float, float, int=1>, OffsetInfo<float, float, int=1>, float, float)
                    0.23%  439.82us         1  439.82us  439.82us  439.82us  maxwell_scudnn_128x64_stridedB_splitK_interior_nn
                    0.19%  356.07us         1  356.07us  356.07us  356.07us  void atomicadaptiveaveragegradinput<float>(float*, float*, int, int, int, int)
                    0.17%  325.26us         1  325.26us  325.26us  325.26us  maxwell_scudnn_128x64_stridedB_interior_nn
                    0.17%  319.82us         1  319.82us  319.82us  319.82us  maxwell_scudnn_128x32_stridedB_splitK_large_nn
                    0.12%  234.73us        76  3.0880us  1.5040us  3.8080us  cudnn::maxwell::gemm::computeWgradOffsetsKernel(cudnn::maxwell::gemm::ComputeOffsetsParams)
                    0.12%  216.23us        68  3.1790us  1.6000us  4.1610us  cudnn::maxwell::gemm::computeOffsetsKernel(cudnn::maxwell::gemm::ComputeOffsetsParams)
                    0.10%  190.47us         1  190.47us  190.47us  190.47us  void cudnn::detail::dgrad_engine<float, int=128, int=6, int=8, int=3, int=3, int=5, bool=1>(int, int, int, float const *, int, float const , int, cudnn::detail::dgrad_engine<float, int=128, int=6, int=8, int=3, int=3, int=5, bool=1>*, kernel_grad_params, int, int, float, int, int, int)
                    0.10%  183.40us       164  1.1180us     608ns  4.1280us  [CUDA memset]
                    0.08%  157.06us         2  78.530us  10.656us  146.40us  void kernelPointwiseApply2<CopyOp<float, float>, float, float, unsigned int, int=1, int=2>(OffsetInfo<float, float, float>, OffsetInfo<CopyOp<float, float>, float, unsigned int>, float, float)
                    0.06%  104.64us         5  20.928us  15.968us  38.721us  void kernelPointwiseApply3<ThresholdUpdateGradInput<float>, float, float, float, unsigned int, int=1, int=1, int=2>(OffsetInfo<ThresholdUpdateGradInput<float>, float, unsigned int>, OffsetInfo<float, float, int=1>, OffsetInfo<float, float, int=1>, float, float)
                    0.05%  86.627us         1  86.627us  86.627us  86.627us  void cunn_SpatialClassNLLCriterion_updateGradInput_kernel<float>(float*, float*, long*, float*, float*, int, int, int, int, int, long)
                    0.03%  64.578us         1  64.578us  64.578us  64.578us  void calc_bias_diff<int=2, float, float, int=128, int=0>(cudnnTensorStruct, float const *, cudnnTensorStruct, float*, float, float, int)
                    0.02%  44.834us         3  14.944us  6.8160us  20.353us  void cudnn::winograd::generateWinogradTilesKernel<int=0, float, float>(cudnn::winograd::GenerateWinogradTilesParams<float, float>)
                    0.00%  1.2480us         1  1.2480us  1.2480us  1.2480us  void kernelPointwiseApply2<TensorDivConstantOp<float>, float, float, unsigned int, int=1, int=1>(OffsetInfo<TensorDivConstantOp<float>, float, unsigned int>, OffsetInfo<float, float, int=1>, float, float)
                    0.00%  1.1520us         1  1.1520us  1.1520us  1.1520us  void kernelPointwiseApply1<TensorFillOp<float>, float, unsigned int, int=1>(OffsetInfo<TensorFillOp<float>, float, unsigned int>, float, float)
      API calls:   98.78%  1.40273s      1399  1.0027ms  6.8760us  1.36597s  cudaLaunch
                    0.39%  5.6001ms     10850     516ns     291ns  8.7200us  cudaGetDevice
                    0.18%  2.6136ms      3291     794ns     312ns  506.92us  cudaSetDevice
                    0.18%  2.4874ms       164  15.167us  6.9990us  75.932us  cudaMemsetAsync
                    0.17%  2.4335ms      9710     250ns     124ns  9.2550us  cudaSetupArgument
                    0.14%  1.9607ms         4  490.18us  20.223us  969.11us  cudaMalloc
                    0.06%  812.06us       331  2.4530us  1.0430us  18.403us  cudaEventRecord
                    0.04%  607.08us      1837     330ns     155ns  8.3730us  cudaGetLastError
                    0.04%  574.30us      1399     410ns     179ns  7.1130us  cudaConfigureCall
                    0.01%  84.684us        17  4.9810us  2.4470us  12.520us  cudaBindTexture
                    0.00%  59.279us        32  1.8520us  1.0420us  5.5160us  cudaStreamWaitEvent
                    0.00%  22.067us        17  1.2980us     695ns  2.2190us  cudaUnbindTexture
                    0.00%  4.8640us         1  4.8640us  4.8640us  4.8640us  cudaOccupancyMaxActiveBlocksPerMultiprocessorWithFlags
==1388466== Generated result file: /home/auten2/gnn/dnn-benchmarks/pytorch-deeplab-xception/profile/2019_03_08__13_52_50/train-timeline.1388466.nvprof
