==101271== NVPROF is profiling process 101271, command: python train.py --backbone xception --lr 0.01 --workers 2 --epochs 1 --batch-size 2 --gpu-ids 0 --checkname deeplab-xception --eval-interval 1 --dataset cityscapes --profile-epoch-list 0 --profile-batch-list 2 --prof-backprop
==101271== Profiling application: python train.py --backbone xception --lr 0.01 --workers 2 --epochs 1 --batch-size 2 --gpu-ids 0 --checkname deeplab-xception --eval-interval 1 --dataset cityscapes --profile-epoch-list 0 --profile-batch-list 2 --prof-backprop
==101271== Profiling result:
            Type  Time(%)      Time     Calls       Avg       Min       Max  Name
 GPU activities:   25.65%  49.886ms        70  712.66us  23.649us  3.2872ms  maxwell_scudnn_128x128_stridedB_splitK_interior_nn
                   10.36%  20.162ms        67  300.92us  34.657us  1.0805ms  maxwell_scudnn_128x128_stridedB_interior_nn
                   10.28%  19.992ms        60  333.20us  194.21us  3.2652ms  void spatialDepthwiseConvolutionUpdateGradInput<float, float, unsigned int, int=3, int=1>(THCDeviceTensor<float, int=4, int, DefaultPtrTraits>, THCDeviceTensor<float, int=4, int, DefaultPtrTraits>, THCDeviceTensor<float, int=4, int, DefaultPtrTraits>, unsigned int, int, int, int, int, int, int, int, int, int, int, int, int, int, int, int)
                    8.23%  16.018ms        63  254.26us  174.60us  1.9763ms  void spatialDepthwiseConvolutionAccGradParameters<float, float, unsigned int>(THCDeviceTensor<float, int=4, int, DefaultPtrTraits>, THCDeviceTensor<float, int=4, int, DefaultPtrTraits>, THCDeviceTensor<float, int=4, int, DefaultPtrTraits>, int, int, int, int, int, int, int, int, int, int, int, int, int, int, int, int)
                    6.60%  12.832ms        63  203.69us  134.60us  1.0940ms  void kernelPointwiseApply2<CopyOp<float, float>, float, float, unsigned int, int=1, int=-1>(OffsetInfo<float, float, float>, OffsetInfo<CopyOp<float, float>, float, unsigned int>, float, float)
                    6.29%  12.238ms         6  2.0396ms  168.58us  3.5380ms  void cudnn::detail::dgrad_engine<float, int=128, int=6, int=7, int=3, int=3, int=5, bool=1>(int, int, int, float const *, int, float const , int, cudnn::detail::dgrad_engine<float, int=128, int=6, int=7, int=3, int=3, int=5, bool=1>*, kernel_grad_params, int, int, float, int, int, int)
                    4.66%  9.0698ms         3  3.0233ms  2.9715ms  3.0529ms  void cudnn::detail::wgrad_alg1_engine<float, int=128, int=6, int=8, int=3, int=3, int=5, bool=1, bool=0>(int, int, int, float const *, int, cudnn::detail::wgrad_alg1_engine<float, int=128, int=6, int=8, int=3, int=3, int=5, bool=1, bool=0>*, float const , kernel_grad_params, int, float, float, int, int, int*, kernel_grad_params, int, int)
                    4.53%  8.8039ms         2  4.4020ms  3.9226ms  4.8813ms  maxwell_scudnn_128x128_stridedB_splitK_large_nn
                    4.23%  8.2310ms       118  69.753us  9.6000us  175.05us  void cudnn::detail::bn_bw_1C11_singleread<float, int=512, bool=1, int=1, int=2, int=0>(float, float, float, float, cudnnTensorStruct, float const *, cudnn::detail::bn_bw_1C11_singleread<float, int=512, bool=1, int=1, int=2, int=0>, float const , cudnn::detail::bn_bw_1C11_singleread<float, int=512, bool=1, int=1, int=2, int=0>, cudnnTensorStruct*, float const *, float*, float const *, float const , float const , float, cudnn::reduced_divisor, int, float*, cudnn::detail::bnBwPersistentState*, int, float, float, float, int, float, cudnnStatus_t*, bool)
                    3.02%  5.8752ms        23  255.44us  66.145us  622.61us  void cudnn::detail::bn_bw_1C11_singleread<float, int=512, bool=1, int=1, int=2, int=14>(float, float, float, float, cudnnTensorStruct, float const *, cudnn::detail::bn_bw_1C11_singleread<float, int=512, bool=1, int=1, int=2, int=14>, float const , cudnn::detail::bn_bw_1C11_singleread<float, int=512, bool=1, int=1, int=2, int=14>, cudnnTensorStruct*, float const *, float*, float const *, float const , float const , float, cudnn::reduced_divisor, int, float*, cudnn::detail::bnBwPersistentState*, int, float, float, float, int, float, cudnnStatus_t*, bool)
                    2.96%  5.7587ms         3  1.9196ms  453.45us  2.9496ms  maxwell_scudnn_winograd_128x128_ldg1_ldg4_tile148n_nt
                    2.88%  5.5981ms         3  1.8660ms  1.2271ms  2.8871ms  void caffe_gpu_interp2_kernel_backward<float, float>(int, float, float, bool, THCDeviceTensor<float, int=4, int, DefaultPtrTraits>, THCDeviceTensor<float, int=4, int, DefaultPtrTraits>)
                    2.67%  5.2004ms        69  75.367us  1.4400us  417.55us  void kernelPointwiseApply3<ThresholdUpdateGradInput<float>, float, float, float, unsigned int, int=1, int=1, int=1>(OffsetInfo<ThresholdUpdateGradInput<float>, float, unsigned int>, OffsetInfo<float, float, int=1>, OffsetInfo<float, float, int=1>, float, float)
                    2.21%  4.2954ms         3  1.4318ms  951.48us  2.2113ms  void spatialDepthwiseConvolutionUpdateGradInput<float, float, unsigned int, int=3, int=2>(THCDeviceTensor<float, int=4, int, DefaultPtrTraits>, THCDeviceTensor<float, int=4, int, DefaultPtrTraits>, THCDeviceTensor<float, int=4, int, DefaultPtrTraits>, unsigned int, int, int, int, int, int, int, int, int, int, int, int, int, int, int, int)
                    1.32%  2.5662ms       425  6.0380us     928ns  130.63us  void kernelPointwiseApply2<TensorAddOp<float>, float, float, unsigned int, int=1, int=1>(OffsetInfo<TensorAddOp<float>, float, unsigned int>, OffsetInfo<float, float, int=1>, float, float)
                    0.91%  1.7660ms        25  70.641us  43.554us  232.23us  void kernelPointwiseApply3<TensorAddOp<float>, float, float, float, unsigned int, int=1, int=1, int=1>(OffsetInfo<TensorAddOp<float>, float, unsigned int>, OffsetInfo<float, float, int=1>, OffsetInfo<float, float, int=1>, float, float)
                    0.45%  874.58us         1  874.58us  874.58us  874.58us  maxwell_scudnn_128x64_stridedB_splitK_large_nn
                    0.34%  664.72us        83  8.0080us     928ns  71.842us  void scalePackedTensor_kernel<float, float>(cudnnTensor4dStruct, float*, float)
                    0.30%  581.33us         1  581.33us  581.33us  581.33us  maxwell_scudnn_128x32_stridedB_splitK_interior_nn
                    0.25%  478.89us         3  159.63us  13.601us  233.70us  void kernelPointwiseApply3<TensorMulOp<float>, float, float, float, unsigned int, int=1, int=1, int=1>(OffsetInfo<TensorMulOp<float>, float, unsigned int>, OffsetInfo<float, float, int=1>, OffsetInfo<float, float, int=1>, float, float)
                    0.23%  454.70us       144  3.1570us     864ns  4.0640us  cudnn::maxwell::gemm::computeBOffsetsKernel(cudnn::maxwell::gemm::ComputeBOffsetsParams)
                    0.23%  439.63us         1  439.63us  439.63us  439.63us  void at::native::_GLOBAL__N__54_tmpxft_000067c6_00000000_13_SoftMax_compute_61_cpp1_ii_826a4626::cunn_SpatialSoftMaxBackward<float, float, at::native::_GLOBAL__N__54_tmpxft_000067c6_00000000_13_SoftMax_compute_61_cpp1_ii_826a4626::LogSoftMaxBackwardEpilogue>(float*, float, float, unsigned int, unsigned int, unsigned int)
                    0.22%  427.85us         1  427.85us  427.85us  427.85us  maxwell_scudnn_128x64_stridedB_splitK_interior_nn
                    0.18%  357.35us         1  357.35us  357.35us  357.35us  void atomicadaptiveaveragegradinput<float>(float*, float*, int, int, int, int)
                    0.17%  323.85us         1  323.85us  323.85us  323.85us  maxwell_scudnn_128x64_stridedB_interior_nn
                    0.15%  291.30us         1  291.30us  291.30us  291.30us  maxwell_scudnn_128x32_stridedB_splitK_large_nn
                    0.12%  238.24us        76  3.1340us  1.7280us  4.1600us  cudnn::maxwell::gemm::computeWgradOffsetsKernel(cudnn::maxwell::gemm::ComputeOffsetsParams)
                    0.11%  217.67us         1  217.67us  217.67us  217.67us  void cudnn::detail::dgrad_engine<float, int=128, int=6, int=8, int=3, int=3, int=5, bool=1>(int, int, int, float const *, int, float const , int, cudnn::detail::dgrad_engine<float, int=128, int=6, int=8, int=3, int=3, int=5, bool=1>*, kernel_grad_params, int, int, float, int, int, int)
                    0.11%  214.47us        68  3.1540us  1.6960us  3.8720us  cudnn::maxwell::gemm::computeOffsetsKernel(cudnn::maxwell::gemm::ComputeOffsetsParams)
                    0.09%  179.14us         2  89.570us  12.352us  166.79us  void kernelPointwiseApply2<CopyOp<float, float>, float, float, unsigned int, int=1, int=2>(OffsetInfo<float, float, float>, OffsetInfo<CopyOp<float, float>, float, unsigned int>, float, float)
                    0.09%  172.58us       164  1.0520us     576ns  3.8400us  [CUDA memset]
                    0.06%  113.60us         5  22.720us  17.696us  41.857us  void kernelPointwiseApply3<ThresholdUpdateGradInput<float>, float, float, float, unsigned int, int=1, int=1, int=2>(OffsetInfo<ThresholdUpdateGradInput<float>, float, unsigned int>, OffsetInfo<float, float, int=1>, OffsetInfo<float, float, int=1>, float, float)
                    0.04%  81.186us         1  81.186us  81.186us  81.186us  void cunn_SpatialClassNLLCriterion_updateGradInput_kernel<float>(float*, float*, long*, float*, float*, int, int, int, int, int, long)
                    0.03%  65.666us         1  65.666us  65.666us  65.666us  void calc_bias_diff<int=2, float, float, int=128, int=0>(cudnnTensorStruct, float const *, cudnnTensorStruct, float*, float, float, int)
                    0.02%  45.569us         3  15.189us  6.6560us  21.024us  void cudnn::winograd::generateWinogradTilesKernel<int=0, float, float>(cudnn::winograd::GenerateWinogradTilesParams<float, float>)
                    0.00%  1.2800us         1  1.2800us  1.2800us  1.2800us  void kernelPointwiseApply1<TensorFillOp<float>, float, unsigned int, int=1>(OffsetInfo<TensorFillOp<float>, float, unsigned int>, float, float)
                    0.00%  1.2480us         1  1.2480us  1.2480us  1.2480us  void kernelPointwiseApply2<TensorDivConstantOp<float>, float, float, unsigned int, int=1, int=1>(OffsetInfo<TensorDivConstantOp<float>, float, unsigned int>, OffsetInfo<float, float, int=1>, float, float)
      API calls:   53.08%  1.39671s      1399  998.36us  5.4920us  1.34837s  cudaLaunch
                   46.40%  1.22084s         2  610.42ms  3.7320us  1.22084s  cudaEventDestroy
                    0.17%  4.3866ms     10920     401ns     281ns  16.692us  cudaGetDevice
                    0.10%  2.5855ms      9710     266ns     150ns  379.19us  cudaSetupArgument
                    0.08%  2.1368ms       164  13.029us  5.4460us  147.51us  cudaMemsetAsync
                    0.07%  1.7249ms      3291     524ns     338ns  13.695us  cudaSetDevice
                    0.04%  1.1186ms         2  559.28us  23.095us  1.0955ms  cudaMalloc
                    0.02%  559.57us      1831     305ns     147ns  6.4310us  cudaGetLastError
                    0.02%  535.76us       331  1.6180us     794ns  15.442us  cudaEventRecord
                    0.02%  480.96us      1399     343ns     174ns  12.990us  cudaConfigureCall
                    0.00%  66.394us        32  2.0740us     809ns  15.419us  cudaStreamWaitEvent
                    0.00%  54.627us        17  3.2130us  1.8600us  5.6960us  cudaBindTexture
                    0.00%  26.295us         2  13.147us  11.022us  15.273us  cudaEventQuery
                    0.00%  14.831us        17     872ns     494ns  1.3470us  cudaUnbindTexture
                    0.00%  6.1210us         1  6.1210us  6.1210us  6.1210us  cudaOccupancyMaxActiveBlocksPerMultiprocessorWithFlags
==101271== Generated result file: /scratch/auten2/gnn/pytorch-deeplab-xception/profile/2019_03_05__16_30_51/train-timeline.101271.nvprof
