==16319== NVPROF is profiling process 16319, command: python snap.py --data_dir ../data/ --graph dblp --maxepoch 2 --profile-epoch-list 1 --profile-batch-list 100-110 --prof-backprop
==16319== Profiling application: python snap.py --data_dir ../data/ --graph dblp --maxepoch 2 --profile-epoch-list 1 --profile-batch-list 100-110 --prof-backprop
==16319== Profiling result:
            Type  Time(%)      Time     Calls       Avg       Min       Max  Name
 GPU activities:   78.32%  86.444ms       610  141.71us     864ns  1.3669ms  void kernelPointwiseApply2<CopyOp<float, float>, float, float, unsigned int, int=1, int=2>(OffsetInfo<float, float, float>, OffsetInfo<CopyOp<float, float>, float, unsigned int>, float, float)
                    7.63%  8.4185ms       250  33.673us  3.4560us  154.24us  maxwell_scudnn_128x32_stridedB_splitK_interior_nn
                    6.87%  7.5773ms       420  18.041us  1.8560us  105.03us  sgemm_32x32x32_NN
                    2.06%  2.2712ms       230  9.8740us  8.1600us  15.328us  maxwell_scudnn_128x128_stridedB_interior_nn
                    1.28%  1.4177ms       180  7.8760us  1.7280us  22.816us  sgemm_32x32x32_NN_vec
                    0.69%  763.04us       590  1.2930us     832ns  9.2480us  void kernelPointwiseApply3<TensorAddOp<float>, float, float, float, unsigned int, int=1, int=1, int=1>(OffsetInfo<TensorAddOp<float>, float, unsigned int>, OffsetInfo<float, float, int=1>, OffsetInfo<float, float, int=1>, float, float)
                    0.68%  747.11us       740  1.0090us     896ns  6.0480us  void kernelPointwiseApply2<TensorAddOp<float>, float, float, unsigned int, int=1, int=1>(OffsetInfo<TensorAddOp<float>, float, unsigned int>, OffsetInfo<float, float, int=1>, float, float)
                    0.45%  501.25us       480  1.0440us     832ns  7.4880us  cudnn::maxwell::gemm::computeBOffsetsKernel(cudnn::maxwell::gemm::ComputeBOffsetsParams)
                    0.44%  485.96us       250  1.9430us  1.4400us  3.9360us  void calc_bias_diff<int=2, float, float, int=128, int=0>(cudnnTensorStruct, float const *, cudnnTensorStruct, float*, float, float, int)
                    0.43%  470.91us       250  1.8830us     960ns  5.7280us  cudnn::maxwell::gemm::computeWgradOffsetsKernel(cudnn::maxwell::gemm::ComputeOffsetsParams)
                    0.40%  445.03us       120  3.7080us  2.6560us  6.4320us  void cudnn::detail::bn_bw_1C11_singleread<float, int=512, bool=1, int=1, int=2, int=0>(float, float, float, float, cudnnTensorStruct, float const *, cudnn::detail::bn_bw_1C11_singleread<float, int=512, bool=1, int=1, int=2, int=0>, float const , cudnn::detail::bn_bw_1C11_singleread<float, int=512, bool=1, int=1, int=2, int=0>, cudnnTensorStruct*, float const *, float*, float const *, float const , float const , float, cudnn::reduced_divisor, int, float*, cudnn::detail::bnBwPersistentState*, int, float, float, float, int, float, cudnnStatus_t*, bool)
                    0.27%  303.04us       230  1.3170us  1.0240us  2.2400us  cudnn::maxwell::gemm::computeOffsetsKernel(cudnn::maxwell::gemm::ComputeOffsetsParams)
                    0.19%  212.35us       250     849ns     672ns  6.9440us  void scalePackedTensor_kernel<float, float>(cudnnTensor4dStruct, float*, float)
                    0.15%  161.16us       120  1.3420us  1.1520us  2.3360us  void kernelPointwiseApply3<ThresholdUpdateGradInput<float>, float, float, float, unsigned int, int=1, int=1, int=1>(OffsetInfo<ThresholdUpdateGradInput<float>, float, unsigned int>, OffsetInfo<float, float, int=1>, OffsetInfo<float, float, int=1>, float, float)
                    0.06%  67.232us        10  6.7230us  2.5280us  23.008us  void cunn_ClassNLLCriterion_updateGradInput_kernel<float>(float*, float*, long*, float*, float*, int, int, int, int, long)
                    0.04%  48.320us        10  4.8320us  3.9360us  8.6080us  void at::native::_GLOBAL__N__54_tmpxft_0000343e_00000000_10_SoftMax_compute_70_cpp1_ii_826a4626::cunn_SoftMaxBackward<int=2, float, float, at::native::_GLOBAL__N__54_tmpxft_0000343e_00000000_10_SoftMax_compute_70_cpp1_ii_826a4626::LogSoftMaxBackwardEpilogue>(float*, float, float, int)
                    0.01%  13.152us        10  1.3150us  1.2800us  1.4400us  void kernelPointwiseApply2<CopyOp<long, long>, long, long, unsigned int, int=1, int=1>(OffsetInfo<long, long, long>, OffsetInfo<CopyOp<long, long>, long, unsigned int>, long, long)
                    0.01%  11.616us        10  1.1610us  1.1200us  1.2160us  void kernelPointwiseApply1<TensorFillOp<float>, float, unsigned int, int=1>(OffsetInfo<TensorFillOp<float>, float, unsigned int>, float, float)
                    0.01%  9.2810us        10     928ns     704ns  1.2800us  [CUDA memset]
      API calls:   99.27%  7.42339s      4760  1.5595ms  4.1940us  846.21ms  cudaLaunch
                    0.40%  30.051ms     40270     746ns     539ns  446.97us  cudaGetDevice
                    0.16%  11.661ms     14880     783ns     552ns  603.34us  cudaSetDevice
                    0.07%  5.0395ms        10  503.95us  13.737us  4.8979ms  cudaMemsetAsync
                    0.04%  3.1208ms     24260     128ns      76ns  15.164us  cudaSetupArgument
                    0.03%  2.2407ms       850  2.6360us  1.2510us  798.07us  cudaEventRecord
                    0.02%  1.6024ms      5730     279ns      82ns  607.13us  cudaGetLastError
                    0.01%  893.27us      4760     187ns      97ns  12.826us  cudaConfigureCall
==16319== Generated result file: /home/adam/school/research/gnn/gnn-research/multiscalegnn/multiscalegnn/profile/2019_03_03__13_01_10/train-timeline.16319.nvprof
