==31361== NVPROF is profiling process 31361, command: python snap.py --data_dir ../data/ --graph dblp --maxepoch 2 --profile-epoch-list 1 --profile-batch-list 100-110 --prof-backprop
==31361== Profiling application: python snap.py --data_dir ../data/ --graph dblp --maxepoch 2 --profile-epoch-list 1 --profile-batch-list 100-110 --prof-backprop
==31361== Profiling result:
            Type  Time(%)      Time     Calls       Avg       Min       Max  Name
 GPU activities:   77.40%  87.087ms       610  142.77us     960ns  1.2583ms  void kernelPointwiseApply2<CopyOp<float, float>, float, float, unsigned int, int=1, int=2>(OffsetInfo<float, float, float>, OffsetInfo<CopyOp<float, float>, float, unsigned int>, float, float)
                    8.28%  9.3141ms       250  37.256us  3.7120us  177.25us  maxwell_scudnn_128x32_stridedB_splitK_interior_nn
                    6.92%  7.7846ms       420  18.534us  2.0480us  109.79us  sgemm_32x32x32_NN
                    2.13%  2.3986ms       230  10.428us  8.0000us  16.672us  maxwell_scudnn_128x128_stridedB_interior_nn
                    1.30%  1.4590ms       180  8.1050us  1.7600us  23.232us  sgemm_32x32x32_NN_vec
                    0.71%  801.74us       590  1.3580us     832ns  9.4720us  void kernelPointwiseApply3<TensorAddOp<float>, float, float, float, unsigned int, int=1, int=1, int=1>(OffsetInfo<TensorAddOp<float>, float, unsigned int>, OffsetInfo<float, float, int=1>, OffsetInfo<float, float, int=1>, float, float)
                    0.69%  777.32us       740  1.0500us     896ns  5.1520us  void kernelPointwiseApply2<TensorAddOp<float>, float, float, unsigned int, int=1, int=1>(OffsetInfo<TensorAddOp<float>, float, unsigned int>, OffsetInfo<float, float, int=1>, float, float)
                    0.47%  526.50us       250  2.1050us  1.5040us  4.3200us  void calc_bias_diff<int=2, float, float, int=128, int=0>(cudnnTensorStruct, float const *, cudnnTensorStruct, float*, float, float, int)
                    0.46%  516.48us       250  2.0650us     960ns  6.4640us  cudnn::maxwell::gemm::computeWgradOffsetsKernel(cudnn::maxwell::gemm::ComputeOffsetsParams)
                    0.44%  494.15us       480  1.0290us     832ns  1.9200us  cudnn::maxwell::gemm::computeBOffsetsKernel(cudnn::maxwell::gemm::ComputeBOffsetsParams)
                    0.43%  486.15us       120  4.0510us  2.7200us  7.2640us  void cudnn::detail::bn_bw_1C11_singleread<float, int=512, bool=1, int=1, int=2, int=0>(float, float, float, float, cudnnTensorStruct, float const *, cudnn::detail::bn_bw_1C11_singleread<float, int=512, bool=1, int=1, int=2, int=0>, float const , cudnn::detail::bn_bw_1C11_singleread<float, int=512, bool=1, int=1, int=2, int=0>, cudnnTensorStruct*, float const *, float*, float const *, float const , float const , float, cudnn::reduced_divisor, int, float*, cudnn::detail::bnBwPersistentState*, int, float, float, float, int, float, cudnnStatus_t*, bool)
                    0.28%  314.72us       230  1.3680us  1.0240us  2.1760us  cudnn::maxwell::gemm::computeOffsetsKernel(cudnn::maxwell::gemm::ComputeOffsetsParams)
                    0.20%  222.11us       250     888ns     704ns  1.1840us  void scalePackedTensor_kernel<float, float>(cudnnTensor4dStruct, float*, float)
                    0.15%  170.40us       120  1.4200us  1.1520us  2.2720us  void kernelPointwiseApply3<ThresholdUpdateGradInput<float>, float, float, float, unsigned int, int=1, int=1, int=1>(OffsetInfo<ThresholdUpdateGradInput<float>, float, unsigned int>, OffsetInfo<float, float, int=1>, OffsetInfo<float, float, int=1>, float, float)
                    0.06%  73.120us        10  7.3120us  2.5280us  26.080us  void cunn_ClassNLLCriterion_updateGradInput_kernel<float>(float*, float*, long*, float*, float*, int, int, int, int, long)
                    0.04%  48.577us        10  4.8570us  3.6160us  9.8880us  void at::native::_GLOBAL__N__54_tmpxft_0000343e_00000000_10_SoftMax_compute_70_cpp1_ii_826a4626::cunn_SoftMaxBackward<int=2, float, float, at::native::_GLOBAL__N__54_tmpxft_0000343e_00000000_10_SoftMax_compute_70_cpp1_ii_826a4626::LogSoftMaxBackwardEpilogue>(float*, float, float, int)
                    0.01%  13.792us        10  1.3790us  1.2800us  1.5040us  void kernelPointwiseApply2<CopyOp<long, long>, long, long, unsigned int, int=1, int=1>(OffsetInfo<long, long, long>, OffsetInfo<CopyOp<long, long>, long, unsigned int>, long, long)
                    0.01%  12.160us        10  1.2160us  1.1200us  1.3120us  void kernelPointwiseApply1<TensorFillOp<float>, float, unsigned int, int=1>(OffsetInfo<TensorFillOp<float>, float, unsigned int>, float, float)
                    0.01%  8.7360us        10     873ns     736ns  1.4400us  [CUDA memset]
      API calls:   99.43%  6.93265s      4760  1.4564ms  4.1840us  707.92ms  cudaLaunch
                    0.37%  25.463ms     40270     632ns     529ns  370.49us  cudaGetDevice
                    0.13%  9.1306ms     14880     613ns     544ns  28.474us  cudaSetDevice
                    0.03%  2.3115ms     24260      95ns      69ns     578ns  cudaSetupArgument
                    0.02%  1.2506ms       850  1.4710us  1.2420us  3.6800us  cudaEventRecord
                    0.01%  734.34us      5730     128ns      69ns  1.1560us  cudaGetLastError
                    0.01%  680.43us      4760     142ns      90ns  9.1790us  cudaConfigureCall
                    0.00%  149.70us        10  14.969us  12.894us  23.680us  cudaMemsetAsync
==31361== Generated result file: /home/adam/school/research/gnn/gnn-research/multiscalegnn/multiscalegnn/profile/2019_03_09__15_02_38/train-timeline.31361.nvprof
