03-02 11:26 INFO     TESTING
03-02 11:26 INFO     Prepare files
03-02 11:26 INFO     Define model
03-02 11:26 INFO     	Statistics
03-02 11:26 INFO     	Create model
03-02 11:26 INFO     Check cuda
03-02 11:26 INFO     	* Cuda
03-02 11:26 INFO     Optimizer
03-02 11:26 INFO     Logger
03-02 11:26 INFO     => loading best model './checkpoint/qm9/mpnn/model_best.pth'
03-02 11:26 INFO     => loaded best model './checkpoint/qm9/mpnn/model_best.pth' (epoch 1)
03-02 11:26 INFO     Epoch: [0][20/11389]	Time 0.151 (0.190)	Data 0.000 (0.029)	Loss 0.0889 (0.1510)	Error Ratio 15.5593 (1.7328)
03-02 11:26 INFO     Epoch: [0][40/11389]	Time 0.156 (0.174)	Data 0.000 (0.015)	Loss 0.1057 (0.1427)	Error Ratio 1.0383 (1.4479)
03-02 11:26 INFO     Epoch: [0][60/11389]	Time 0.147 (0.167)	Data 0.000 (0.010)	Loss 0.1114 (0.1360)	Error Ratio 0.7036 (1.6879)
03-02 11:26 INFO     Epoch: [0][80/11389]	Time 0.142 (0.165)	Data 0.000 (0.008)	Loss 0.0978 (0.1289)	Error Ratio 0.6284 (1.6035)
03-02 11:27 INFO     Epoch: [0][100/11389]	Time 0.166 (0.164)	Data 0.000 (0.006)	Loss 0.2129 (0.1361)	Error Ratio 1.2466 (1.6220)
03-02 11:27 INFO     Epoch: [0][120/11389]	Time 0.148 (0.162)	Data 0.000 (0.005)	Loss 0.1599 (0.1365)	Error Ratio 0.7870 (1.6198)
03-02 11:27 INFO     Epoch: [0][140/11389]	Time 0.142 (0.161)	Data 0.000 (0.005)	Loss 0.1269 (0.1353)	Error Ratio 1.6839 (1.6595)
03-02 11:27 INFO     Epoch: [0][160/11389]	Time 0.142 (0.161)	Data 0.000 (0.004)	Loss 0.1514 (0.1356)	Error Ratio 1.1081 (1.5848)
03-02 11:27 INFO     Epoch: [0][180/11389]	Time 0.142 (0.160)	Data 0.000 (0.004)	Loss 0.1131 (0.1351)	Error Ratio 0.7977 (1.5466)
03-02 11:27 INFO     Epoch: [0][200/11389]	Time 0.169 (0.160)	Data 0.000 (0.003)	Loss 0.1107 (0.1340)	Error Ratio 0.5650 (1.6225)
03-02 11:27 INFO     Epoch: [0][220/11389]	Time 0.180 (0.160)	Data 0.000 (0.003)	Loss 0.1956 (0.1399)	Error Ratio 1.1215 (1.6961)
03-02 11:27 INFO     Epoch: [0][240/11389]	Time 0.167 (0.159)	Data 0.000 (0.003)	Loss 0.1309 (0.1382)	Error Ratio 0.5821 (1.6657)
03-02 11:27 INFO     Epoch: [0][260/11389]	Time 0.166 (0.159)	Data 0.000 (0.003)	Loss 0.0519 (0.1362)	Error Ratio 0.4904 (1.6280)
03-02 11:27 INFO     Epoch: [0][280/11389]	Time 0.166 (0.159)	Data 0.000 (0.002)	Loss 0.0999 (0.1399)	Error Ratio 1.0996 (1.7022)
03-02 11:27 INFO     Epoch: [0][300/11389]	Time 0.166 (0.159)	Data 0.000 (0.002)	Loss 0.1713 (0.1397)	Error Ratio 0.6668 (1.6540)
03-02 11:27 INFO     Epoch: [0][320/11389]	Time 0.170 (0.159)	Data 0.000 (0.002)	Loss 0.1015 (0.1382)	Error Ratio 0.9414 (1.6668)
03-02 11:27 INFO     Epoch: [0][340/11389]	Time 0.157 (0.159)	Data 0.000 (0.002)	Loss 0.1435 (0.1366)	Error Ratio 1.2453 (3.2636)
03-02 11:27 INFO     Epoch: [0][360/11389]	Time 0.155 (0.158)	Data 0.000 (0.002)	Loss 0.1705 (0.1359)	Error Ratio 1.5962 (3.2394)
03-02 11:27 INFO     Epoch: [0][380/11389]	Time 0.153 (0.158)	Data 0.000 (0.002)	Loss 0.2396 (0.1361)	Error Ratio 3.9050 (3.1406)
03-02 11:27 INFO     Epoch: [0][400/11389]	Time 0.141 (0.158)	Data 0.000 (0.002)	Loss 0.1296 (0.1367)	Error Ratio 1.8054 (3.1327)
03-02 11:27 INFO     Epoch: [0][420/11389]	Time 0.148 (0.157)	Data 0.000 (0.002)	Loss 0.1087 (0.1366)	Error Ratio 1.2880 (3.0597)
03-02 11:27 INFO     Epoch: [0][440/11389]	Time 0.144 (0.157)	Data 0.000 (0.002)	Loss 0.1352 (0.1371)	Error Ratio 1.1900 (3.0369)
03-02 11:27 INFO     Epoch: [0][460/11389]	Time 0.136 (0.157)	Data 0.000 (0.002)	Loss 0.0901 (0.1382)	Error Ratio 1.5752 (2.9549)
03-02 11:28 INFO     Epoch: [0][480/11389]	Time 0.186 (0.157)	Data 0.000 (0.002)	Loss 0.1441 (0.1397)	Error Ratio 0.6445 (2.9220)
03-02 11:28 INFO     Epoch: [0][500/11389]	Time 0.154 (0.157)	Data 0.000 (0.002)	Loss 0.0721 (0.1387)	Error Ratio 8.1030 (2.8583)
03-02 11:28 INFO     Epoch: [0][520/11389]	Time 0.141 (0.157)	Data 0.000 (0.001)	Loss 0.3017 (0.1380)	Error Ratio 0.5619 (2.7972)
03-02 11:28 INFO     Epoch: [0][540/11389]	Time 0.141 (0.157)	Data 0.000 (0.001)	Loss 0.0855 (0.1370)	Error Ratio 0.7186 (2.7514)
03-02 11:28 INFO     Epoch: [0][560/11389]	Time 0.141 (0.157)	Data 0.000 (0.001)	Loss 0.1017 (0.1363)	Error Ratio 1.1892 (2.6928)
03-02 11:28 INFO     Epoch: [0][580/11389]	Time 0.179 (0.157)	Data 0.000 (0.001)	Loss 0.0868 (0.1359)	Error Ratio 0.5574 (2.6360)
03-02 11:28 INFO     Epoch: [0][600/11389]	Time 0.148 (0.157)	Data 0.000 (0.001)	Loss 0.1096 (0.1353)	Error Ratio 0.7199 (4.9085)
03-02 11:28 INFO     Epoch: [0][620/11389]	Time 0.154 (0.157)	Data 0.000 (0.001)	Loss 0.1611 (0.1344)	Error Ratio 0.8357 (4.7878)
03-02 11:28 INFO     Epoch: [0][640/11389]	Time 0.146 (0.157)	Data 0.000 (0.001)	Loss 0.1290 (0.1344)	Error Ratio 7.6266 (4.7382)
03-02 11:28 INFO     Epoch: [0][660/11389]	Time 0.156 (0.157)	Data 0.000 (0.001)	Loss 0.1033 (0.1355)	Error Ratio 0.9375 (4.8657)
03-02 11:28 INFO     Epoch: [0][680/11389]	Time 0.154 (0.157)	Data 0.000 (0.001)	Loss 0.1397 (0.1361)	Error Ratio 1.4164 (4.8430)
03-02 11:28 INFO     Epoch: [0][700/11389]	Time 0.195 (0.157)	Data 0.000 (0.001)	Loss 0.0668 (0.1366)	Error Ratio 3.1083 (5.1379)
03-02 11:28 INFO     Epoch: [0][720/11389]	Time 0.160 (0.157)	Data 0.000 (0.001)	Loss 0.1058 (0.1363)	Error Ratio 0.8194 (5.1295)
03-02 11:28 INFO     Epoch: [0][740/11389]	Time 0.153 (0.157)	Data 0.000 (0.001)	Loss 0.1139 (0.1358)	Error Ratio 2.2444 (5.0567)
03-02 11:28 INFO     Epoch: [0][760/11389]	Time 0.135 (0.157)	Data 0.000 (0.001)	Loss 0.0941 (0.1355)	Error Ratio 2.0995 (4.9828)
03-02 11:28 INFO     Epoch: [0][780/11389]	Time 0.146 (0.156)	Data 0.000 (0.001)	Loss 0.1061 (0.1355)	Error Ratio 2.2574 (4.9192)
03-02 11:28 INFO     Epoch: [0][800/11389]	Time 0.156 (0.156)	Data 0.000 (0.001)	Loss 0.0938 (0.1355)	Error Ratio 0.8481 (4.8356)
03-02 11:28 INFO     Epoch: [0][820/11389]	Time 0.148 (0.156)	Data 0.000 (0.001)	Loss 0.1664 (0.1356)	Error Ratio 0.8401 (4.7702)
03-02 11:28 INFO     Epoch: [0][840/11389]	Time 0.153 (0.156)	Data 0.000 (0.001)	Loss 0.1095 (0.1360)	Error Ratio 3.2785 (4.6858)
03-02 11:28 INFO     Epoch: [0][860/11389]	Time 0.150 (0.157)	Data 0.000 (0.001)	Loss 0.0802 (0.1354)	Error Ratio 0.7675 (4.7665)
03-02 11:29 INFO     Epoch: [0][880/11389]	Time 0.150 (0.156)	Data 0.000 (0.001)	Loss 0.0834 (0.1349)	Error Ratio 0.5596 (4.7039)
03-02 11:29 INFO     Epoch: [0][900/11389]	Time 0.161 (0.156)	Data 0.000 (0.001)	Loss 0.2421 (0.1350)	Error Ratio 0.6694 (4.6959)
03-02 11:29 INFO     Epoch: [0][920/11389]	Time 0.147 (0.156)	Data 0.000 (0.001)	Loss 0.1105 (0.1351)	Error Ratio 2.3096 (4.6163)
03-02 11:29 INFO     Epoch: [0][940/11389]	Time 0.153 (0.156)	Data 0.000 (0.001)	Loss 0.1099 (0.1350)	Error Ratio 2.8656 (4.5477)
03-02 11:29 INFO     Epoch: [0][960/11389]	Time 0.160 (0.156)	Data 0.000 (0.001)	Loss 0.1709 (0.1352)	Error Ratio 0.7391 (4.4776)
03-02 11:29 INFO     Epoch: [0][980/11389]	Time 0.147 (0.156)	Data 0.000 (0.001)	Loss 0.0700 (0.1347)	Error Ratio 1.8499 (4.4193)
03-02 11:29 INFO     Epoch: [0][1000/11389]	Time 0.154 (0.156)	Data 0.000 (0.001)	Loss 0.0790 (0.1345)	Error Ratio 0.6929 (4.3478)
03-02 11:29 INFO     Epoch: [0][1020/11389]	Time 0.149 (0.156)	Data 0.000 (0.001)	Loss 0.0830 (0.1341)	Error Ratio 1.0526 (4.2861)
03-02 11:29 INFO     Epoch: [0][1040/11389]	Time 0.155 (0.156)	Data 0.000 (0.001)	Loss 0.1355 (0.1342)	Error Ratio 0.8879 (5.1664)
03-02 11:29 INFO     Epoch: [0][1060/11389]	Time 0.142 (0.156)	Data 0.000 (0.001)	Loss 0.1670 (0.1345)	Error Ratio 0.6499 (5.1057)
03-02 11:29 INFO     Epoch: [0][1080/11389]	Time 0.203 (0.156)	Data 0.000 (0.001)	Loss 0.0906 (0.1341)	Error Ratio 0.8030 (5.0387)
03-02 11:29 INFO     Epoch: [0][1100/11389]	Time 0.143 (0.156)	Data 0.000 (0.001)	Loss 0.1182 (0.1339)	Error Ratio 0.8321 (4.9683)
03-02 11:29 INFO     Epoch: [0][1120/11389]	Time 0.147 (0.156)	Data 0.000 (0.001)	Loss 0.1220 (0.1340)	Error Ratio 51.5683 (4.9502)
03-02 11:29 INFO     Epoch: [0][1140/11389]	Time 0.134 (0.156)	Data 0.000 (0.001)	Loss 0.1042 (0.1340)	Error Ratio 0.8591 (4.8809)
03-02 11:29 INFO     Epoch: [0][1160/11389]	Time 0.154 (0.156)	Data 0.000 (0.001)	Loss 0.0820 (0.1344)	Error Ratio 0.8350 (4.9042)
03-02 11:29 INFO     Epoch: [0][1180/11389]	Time 0.140 (0.156)	Data 0.000 (0.001)	Loss 0.1235 (0.1344)	Error Ratio 0.8093 (4.8677)
03-02 11:29 INFO     Epoch: [0][1200/11389]	Time 0.156 (0.156)	Data 0.000 (0.001)	Loss 0.1482 (0.1346)	Error Ratio 1.1165 (4.8279)
03-02 11:29 INFO     Epoch: [0][1220/11389]	Time 0.135 (0.156)	Data 0.000 (0.001)	Loss 0.1010 (0.1356)	Error Ratio 0.8017 (4.7780)
03-02 11:29 INFO     Epoch: [0][1240/11389]	Time 0.195 (0.156)	Data 0.000 (0.001)	Loss 0.1964 (0.1356)	Error Ratio 0.7620 (5.4519)
03-02 11:30 INFO     Epoch: [0][1260/11389]	Time 0.141 (0.156)	Data 0.000 (0.001)	Loss 0.1158 (0.1351)	Error Ratio 1.9584 (5.3930)
03-02 11:30 INFO     Epoch: [0][1280/11389]	Time 0.168 (0.156)	Data 0.000 (0.001)	Loss 0.1374 (0.1350)	Error Ratio 0.6193 (5.3279)
03-02 11:30 INFO     Epoch: [0][1300/11389]	Time 0.179 (0.156)	Data 0.000 (0.001)	Loss 0.1455 (0.1347)	Error Ratio 0.7774 (5.2617)
03-02 11:30 INFO     Epoch: [0][1320/11389]	Time 0.179 (0.156)	Data 0.000 (0.001)	Loss 0.1389 (0.1350)	Error Ratio 0.5179 (5.1996)
03-02 11:30 INFO     Epoch: [0][1340/11389]	Time 0.153 (0.156)	Data 0.000 (0.001)	Loss 0.0898 (0.1351)	Error Ratio 0.6163 (5.1709)
03-02 11:30 INFO     Epoch: [0][1360/11389]	Time 0.154 (0.156)	Data 0.000 (0.001)	Loss 0.1100 (0.1351)	Error Ratio 1.0043 (5.1130)
03-02 11:30 INFO     Epoch: [0][1380/11389]	Time 0.141 (0.156)	Data 0.000 (0.001)	Loss 0.1630 (0.1348)	Error Ratio 1.6559 (5.0564)
03-02 11:30 INFO     Epoch: [0][1400/11389]	Time 0.147 (0.156)	Data 0.000 (0.001)	Loss 0.1338 (0.1348)	Error Ratio 0.9066 (5.0019)
03-02 11:30 INFO     Epoch: [0][1420/11389]	Time 0.157 (0.156)	Data 0.000 (0.001)	Loss 0.1586 (0.1348)	Error Ratio 0.6027 (4.9550)
03-02 11:30 INFO     Epoch: [0][1440/11389]	Time 0.148 (0.156)	Data 0.000 (0.001)	Loss 0.1090 (0.1348)	Error Ratio 0.9530 (4.9026)
03-02 11:30 INFO     Epoch: [0][1460/11389]	Time 0.167 (0.156)	Data 0.000 (0.001)	Loss 0.1780 (0.1347)	Error Ratio 0.9291 (4.8624)
03-02 11:30 INFO     Epoch: [0][1480/11389]	Time 0.147 (0.156)	Data 0.000 (0.001)	Loss 0.1666 (0.1346)	Error Ratio 0.9934 (4.8138)
03-02 11:30 INFO     Epoch: [0][1500/11389]	Time 0.154 (0.156)	Data 0.000 (0.001)	Loss 0.2545 (0.1347)	Error Ratio 3.4510 (4.7632)
03-02 11:30 INFO     Epoch: [0][1520/11389]	Time 0.128 (0.156)	Data 0.000 (0.001)	Loss 0.3053 (0.1357)	Error Ratio 3.4160 (4.7196)
03-02 11:30 INFO     Epoch: [0][1540/11389]	Time 0.160 (0.156)	Data 0.000 (0.001)	Loss 0.2712 (0.1366)	Error Ratio 0.8452 (4.7439)
03-02 11:30 INFO     Epoch: [0][1560/11389]	Time 0.154 (0.156)	Data 0.000 (0.001)	Loss 0.1117 (0.1368)	Error Ratio 0.6494 (4.7431)
03-02 11:30 INFO     Epoch: [0][1580/11389]	Time 0.135 (0.156)	Data 0.000 (0.001)	Loss 0.1005 (0.1368)	Error Ratio 0.7718 (4.7297)
03-02 11:30 INFO     Epoch: [0][1600/11389]	Time 0.167 (0.156)	Data 0.000 (0.001)	Loss 0.0829 (0.1373)	Error Ratio 0.6436 (4.6952)
03-02 11:30 INFO     Epoch: [0][1620/11389]	Time 0.154 (0.156)	Data 0.000 (0.001)	Loss 0.1122 (0.1375)	Error Ratio 0.6680 (4.7070)
03-02 11:31 INFO     Epoch: [0][1640/11389]	Time 0.148 (0.156)	Data 0.000 (0.001)	Loss 0.1120 (0.1376)	Error Ratio 1.8883 (4.6922)
03-02 11:31 INFO     Epoch: [0][1660/11389]	Time 0.153 (0.156)	Data 0.000 (0.001)	Loss 0.0891 (0.1375)	Error Ratio 0.6259 (4.6523)
03-02 11:31 INFO     Epoch: [0][1680/11389]	Time 0.147 (0.156)	Data 0.000 (0.001)	Loss 0.1486 (0.1374)	Error Ratio 4.4141 (4.6157)
03-02 11:31 INFO     Epoch: [0][1700/11389]	Time 0.155 (0.156)	Data 0.000 (0.001)	Loss 0.1681 (0.1373)	Error Ratio 0.9308 (4.5739)
03-02 11:31 INFO     Epoch: [0][1720/11389]	Time 0.141 (0.156)	Data 0.000 (0.001)	Loss 0.0915 (0.1372)	Error Ratio 0.6906 (4.5624)
03-02 11:31 INFO     Epoch: [0][1740/11389]	Time 0.154 (0.156)	Data 0.000 (0.001)	Loss 0.1388 (0.1371)	Error Ratio 0.6289 (4.5205)
03-02 11:31 INFO     Epoch: [0][1760/11389]	Time 0.142 (0.156)	Data 0.000 (0.001)	Loss 0.1032 (0.1371)	Error Ratio 1.4842 (4.4835)
03-02 11:31 INFO     Epoch: [0][1780/11389]	Time 0.148 (0.156)	Data 0.000 (0.001)	Loss 0.0969 (0.1368)	Error Ratio 1.5885 (4.4486)
03-02 11:31 INFO     Epoch: [0][1800/11389]	Time 0.147 (0.156)	Data 0.000 (0.001)	Loss 0.1243 (0.1368)	Error Ratio 0.9350 (4.4160)
03-02 11:31 INFO     Epoch: [0][1820/11389]	Time 0.166 (0.156)	Data 0.000 (0.001)	Loss 0.1487 (0.1366)	Error Ratio 0.8491 (4.3783)
03-02 11:31 INFO     Epoch: [0][1840/11389]	Time 0.163 (0.156)	Data 0.000 (0.001)	Loss 0.0912 (0.1363)	Error Ratio 0.7035 (4.3415)
03-02 11:31 INFO     Epoch: [0][1860/11389]	Time 0.162 (0.156)	Data 0.000 (0.001)	Loss 0.2058 (0.1367)	Error Ratio 0.9385 (4.3082)
03-02 11:31 INFO     Epoch: [0][1880/11389]	Time 0.141 (0.156)	Data 0.000 (0.001)	Loss 0.1095 (0.1372)	Error Ratio 1.0935 (4.2765)
03-02 11:31 INFO     Epoch: [0][1900/11389]	Time 0.159 (0.156)	Data 0.000 (0.001)	Loss 0.1401 (0.1372)	Error Ratio 0.5758 (4.2454)
03-02 11:31 INFO     Epoch: [0][1920/11389]	Time 0.192 (0.156)	Data 0.000 (0.001)	Loss 0.0813 (0.1372)	Error Ratio 1.3294 (4.2245)
03-02 11:31 INFO     Epoch: [0][1940/11389]	Time 0.154 (0.156)	Data 0.000 (0.001)	Loss 0.1366 (0.1372)	Error Ratio 3.9650 (4.2288)
03-02 11:31 INFO     Epoch: [0][1960/11389]	Time 0.141 (0.156)	Data 0.000 (0.001)	Loss 0.2163 (0.1372)	Error Ratio 1.1710 (4.3600)
03-02 11:31 INFO     Epoch: [0][1980/11389]	Time 0.154 (0.156)	Data 0.000 (0.001)	Loss 0.0856 (0.1372)	Error Ratio 0.6500 (4.3302)
03-02 11:31 INFO     Epoch: [0][2000/11389]	Time 0.141 (0.156)	Data 0.000 (0.001)	Loss 0.1344 (0.1373)	Error Ratio 1.5094 (4.3125)
03-02 11:31 INFO     Epoch: [0][2020/11389]	Time 0.154 (0.156)	Data 0.000 (0.001)	Loss 0.1873 (0.1373)	Error Ratio 0.7290 (4.3280)
03-02 11:32 INFO     Epoch: [0][2040/11389]	Time 0.147 (0.156)	Data 0.000 (0.001)	Loss 0.1583 (0.1371)	Error Ratio 2.0646 (4.3219)
03-02 11:32 INFO     Epoch: [0][2060/11389]	Time 0.161 (0.156)	Data 0.000 (0.001)	Loss 0.0616 (0.1369)	Error Ratio 0.9137 (4.2958)
03-02 11:32 INFO     Epoch: [0][2080/11389]	Time 0.178 (0.156)	Data 0.000 (0.001)	Loss 0.1926 (0.1370)	Error Ratio 0.8670 (4.2691)
03-02 11:32 INFO     Epoch: [0][2100/11389]	Time 0.155 (0.156)	Data 0.000 (0.001)	Loss 0.0689 (0.1369)	Error Ratio 0.4171 (4.2707)
03-02 11:32 INFO     Epoch: [0][2120/11389]	Time 0.140 (0.156)	Data 0.000 (0.001)	Loss 0.1287 (0.1369)	Error Ratio 0.8517 (4.2530)
03-02 11:32 INFO     Epoch: [0][2140/11389]	Time 0.148 (0.156)	Data 0.000 (0.001)	Loss 0.1317 (0.1369)	Error Ratio 1.1713 (4.2248)
03-02 11:32 INFO     Epoch: [0][2160/11389]	Time 0.167 (0.156)	Data 0.000 (0.001)	Loss 0.1078 (0.1366)	Error Ratio 1.1337 (4.1992)
03-02 11:32 INFO     Epoch: [0][2180/11389]	Time 0.154 (0.156)	Data 0.000 (0.001)	Loss 0.1041 (0.1365)	Error Ratio 0.5262 (4.1714)
03-02 11:32 INFO     Epoch: [0][2200/11389]	Time 0.147 (0.156)	Data 0.000 (0.001)	Loss 0.1296 (0.1366)	Error Ratio 0.8860 (4.2143)
03-02 11:32 INFO     Epoch: [0][2220/11389]	Time 0.154 (0.156)	Data 0.000 (0.001)	Loss 0.1299 (0.1366)	Error Ratio 0.8304 (4.1851)
03-02 11:32 INFO     Epoch: [0][2240/11389]	Time 0.134 (0.155)	Data 0.000 (0.001)	Loss 0.1168 (0.1366)	Error Ratio 0.8642 (4.1610)
03-02 11:32 INFO     Epoch: [0][2260/11389]	Time 0.154 (0.155)	Data 0.000 (0.001)	Loss 0.1055 (0.1367)	Error Ratio 0.5252 (4.1446)
03-02 11:32 INFO     Epoch: [0][2280/11389]	Time 0.141 (0.155)	Data 0.000 (0.001)	Loss 0.0815 (0.1368)	Error Ratio 2.4127 (4.1234)
03-02 11:32 INFO     Epoch: [0][2300/11389]	Time 0.147 (0.155)	Data 0.000 (0.001)	Loss 0.1764 (0.1367)	Error Ratio 0.7509 (4.1027)
03-02 11:32 INFO     Epoch: [0][2320/11389]	Time 0.174 (0.155)	Data 0.000 (0.001)	Loss 0.1119 (0.1367)	Error Ratio 0.8248 (4.0888)
03-02 11:32 INFO     Epoch: [0][2340/11389]	Time 0.202 (0.155)	Data 0.000 (0.001)	Loss 0.1326 (0.1365)	Error Ratio 1.0733 (4.0682)
03-02 11:32 INFO     Epoch: [0][2360/11389]	Time 0.153 (0.155)	Data 0.000 (0.001)	Loss 0.1271 (0.1364)	Error Ratio 1.6688 (4.0497)
03-02 11:32 INFO     Epoch: [0][2380/11389]	Time 0.166 (0.155)	Data 0.000 (0.001)	Loss 0.1710 (0.1363)	Error Ratio 2.3325 (4.0320)
03-02 11:32 INFO     Epoch: [0][2400/11389]	Time 0.142 (0.155)	Data 0.000 (0.001)	Loss 0.0928 (0.1364)	Error Ratio 0.6451 (4.0278)
03-02 11:33 INFO     Epoch: [0][2420/11389]	Time 0.153 (0.155)	Data 0.000 (0.001)	Loss 0.1473 (0.1367)	Error Ratio 9.6081 (4.0130)
03-02 11:33 INFO     Epoch: [0][2440/11389]	Time 0.154 (0.155)	Data 0.000 (0.001)	Loss 0.0852 (0.1366)	Error Ratio 0.8869 (3.9883)
03-02 11:33 INFO     Epoch: [0][2460/11389]	Time 0.142 (0.155)	Data 0.000 (0.001)	Loss 0.1037 (0.1365)	Error Ratio 0.5117 (4.2710)
03-02 11:33 INFO     Epoch: [0][2480/11389]	Time 0.167 (0.155)	Data 0.000 (0.001)	Loss 0.0821 (0.1363)	Error Ratio 0.6231 (4.2534)
03-02 11:33 INFO     Epoch: [0][2500/11389]	Time 0.157 (0.155)	Data 0.000 (0.001)	Loss 0.0920 (0.1362)	Error Ratio 0.7328 (4.2280)
03-02 11:33 INFO     Epoch: [0][2520/11389]	Time 0.154 (0.155)	Data 0.000 (0.001)	Loss 0.1049 (0.1363)	Error Ratio 0.9175 (4.2170)
03-02 11:33 INFO     Epoch: [0][2540/11389]	Time 0.167 (0.155)	Data 0.000 (0.001)	Loss 0.1299 (0.1362)	Error Ratio 0.3667 (4.2057)
03-02 11:33 INFO     Epoch: [0][2560/11389]	Time 0.149 (0.155)	Data 0.000 (0.001)	Loss 0.1532 (0.1361)	Error Ratio 0.8946 (4.2204)
03-02 11:33 INFO     Epoch: [0][2580/11389]	Time 0.152 (0.155)	Data 0.000 (0.001)	Loss 0.1433 (0.1361)	Error Ratio 0.6268 (4.2061)
03-02 11:33 INFO     Epoch: [0][2600/11389]	Time 0.135 (0.155)	Data 0.000 (0.001)	Loss 0.1636 (0.1360)	Error Ratio 2.3787 (4.1833)
03-02 11:33 INFO     Epoch: [0][2620/11389]	Time 0.167 (0.155)	Data 0.000 (0.001)	Loss 0.1214 (0.1360)	Error Ratio 0.5749 (4.1619)
03-02 11:33 INFO     Epoch: [0][2640/11389]	Time 0.143 (0.155)	Data 0.000 (0.001)	Loss 0.0713 (0.1360)	Error Ratio 0.5410 (4.1378)
03-02 11:33 INFO     Epoch: [0][2660/11389]	Time 0.147 (0.155)	Data 0.000 (0.001)	Loss 0.0964 (0.1358)	Error Ratio 0.6848 (4.1258)
03-02 11:33 INFO     Epoch: [0][2680/11389]	Time 0.152 (0.155)	Data 0.000 (0.001)	Loss 0.1306 (0.1357)	Error Ratio 0.7274 (4.1069)
03-02 11:33 INFO     Epoch: [0][2700/11389]	Time 0.152 (0.155)	Data 0.000 (0.001)	Loss 0.1412 (0.1356)	Error Ratio 1.5629 (4.0853)
03-02 11:33 INFO     Epoch: [0][2720/11389]	Time 0.146 (0.155)	Data 0.000 (0.001)	Loss 0.0922 (0.1354)	Error Ratio 0.6329 (4.0820)
03-02 11:33 INFO     Epoch: [0][2740/11389]	Time 0.153 (0.155)	Data 0.000 (0.001)	Loss 0.0795 (0.1354)	Error Ratio 0.5649 (4.0602)
03-02 11:33 INFO     Epoch: [0][2760/11389]	Time 0.148 (0.155)	Data 0.000 (0.000)	Loss 0.1382 (0.1352)	Error Ratio 1.2489 (4.0509)
03-02 11:33 INFO     Epoch: [0][2780/11389]	Time 0.150 (0.155)	Data 0.000 (0.000)	Loss 0.0948 (0.1351)	Error Ratio 0.5098 (4.0289)
03-02 11:33 INFO     Epoch: [0][2800/11389]	Time 0.136 (0.155)	Data 0.000 (0.000)	Loss 0.0965 (0.1349)	Error Ratio 0.7654 (4.0160)
03-02 11:34 INFO     Epoch: [0][2820/11389]	Time 0.134 (0.155)	Data 0.000 (0.000)	Loss 0.1262 (0.1349)	Error Ratio 2.0948 (3.9947)
03-02 11:34 INFO     Epoch: [0][2840/11389]	Time 0.155 (0.155)	Data 0.000 (0.000)	Loss 0.1246 (0.1353)	Error Ratio 1.0101 (3.9973)
03-02 11:34 INFO     Epoch: [0][2860/11389]	Time 0.186 (0.155)	Data 0.000 (0.000)	Loss 0.1604 (0.1355)	Error Ratio 1.2694 (3.9780)
03-02 11:34 INFO     Epoch: [0][2880/11389]	Time 0.170 (0.155)	Data 0.000 (0.000)	Loss 0.1488 (0.1354)	Error Ratio 0.4578 (3.9616)
03-02 11:34 INFO     Epoch: [0][2900/11389]	Time 0.148 (0.155)	Data 0.000 (0.000)	Loss 0.1398 (0.1353)	Error Ratio 1.4505 (3.9421)
03-02 11:34 INFO     Epoch: [0][2920/11389]	Time 0.148 (0.155)	Data 0.000 (0.000)	Loss 0.1426 (0.1352)	Error Ratio 1.7236 (3.9459)
03-02 11:34 INFO     Epoch: [0][2940/11389]	Time 0.154 (0.155)	Data 0.000 (0.000)	Loss 0.1104 (0.1352)	Error Ratio 2.1195 (3.9310)
03-02 11:34 INFO     Epoch: [0][2960/11389]	Time 0.158 (0.155)	Data 0.000 (0.000)	Loss 0.1069 (0.1350)	Error Ratio 2.4768 (3.9654)
03-02 11:34 INFO     Epoch: [0][2980/11389]	Time 0.168 (0.155)	Data 0.000 (0.000)	Loss 0.1013 (0.1351)	Error Ratio 0.5623 (3.9565)
03-02 11:34 INFO     Epoch: [0][3000/11389]	Time 0.141 (0.155)	Data 0.000 (0.000)	Loss 0.1352 (0.1353)	Error Ratio 2.3996 (3.9541)
03-02 11:34 INFO     Epoch: [0][3020/11389]	Time 0.146 (0.155)	Data 0.000 (0.000)	Loss 0.1140 (0.1353)	Error Ratio 0.6905 (3.9428)
03-02 11:34 INFO     Epoch: [0][3040/11389]	Time 0.153 (0.155)	Data 0.000 (0.000)	Loss 0.1053 (0.1352)	Error Ratio 0.7687 (3.9282)
03-02 11:34 INFO     Epoch: [0][3060/11389]	Time 0.155 (0.155)	Data 0.000 (0.000)	Loss 0.1268 (0.1351)	Error Ratio 0.8283 (3.9107)
03-02 11:34 INFO     Epoch: [0][3080/11389]	Time 0.140 (0.155)	Data 0.000 (0.000)	Loss 0.1935 (0.1351)	Error Ratio 0.6396 (3.8963)
03-02 11:34 INFO     Epoch: [0][3100/11389]	Time 0.171 (0.155)	Data 0.000 (0.000)	Loss 0.1059 (0.1351)	Error Ratio 1.5335 (3.8782)
03-02 11:34 INFO     Epoch: [0][3120/11389]	Time 0.158 (0.155)	Data 0.000 (0.000)	Loss 0.0811 (0.1353)	Error Ratio 1.0051 (3.8747)
03-02 11:34 INFO     Epoch: [0][3140/11389]	Time 0.168 (0.155)	Data 0.000 (0.000)	Loss 0.0769 (0.1353)	Error Ratio 1.3054 (3.8638)
03-02 11:34 INFO     Epoch: [0][3160/11389]	Time 0.153 (0.155)	Data 0.000 (0.000)	Loss 0.1165 (0.1353)	Error Ratio 0.7704 (3.8467)
03-02 11:34 INFO     Epoch: [0][3180/11389]	Time 0.141 (0.155)	Data 0.000 (0.000)	Loss 0.0966 (0.1353)	Error Ratio 0.9937 (3.8389)
03-02 11:35 INFO     Epoch: [0][3200/11389]	Time 0.153 (0.155)	Data 0.000 (0.000)	Loss 0.1026 (0.1352)	Error Ratio 0.6206 (3.8214)
03-02 11:35 INFO     Epoch: [0][3220/11389]	Time 0.155 (0.155)	Data 0.000 (0.000)	Loss 0.1397 (0.1352)	Error Ratio 0.8280 (3.8097)
03-02 11:35 INFO     Epoch: [0][3240/11389]	Time 0.155 (0.155)	Data 0.000 (0.000)	Loss 0.0551 (0.1351)	Error Ratio 0.8492 (3.7932)
03-02 11:35 INFO     Epoch: [0][3260/11389]	Time 0.156 (0.155)	Data 0.000 (0.000)	Loss 0.0869 (0.1351)	Error Ratio 1.5830 (3.7806)
03-02 11:35 INFO     Epoch: [0][3280/11389]	Time 0.167 (0.155)	Data 0.000 (0.000)	Loss 0.1256 (0.1355)	Error Ratio 0.8936 (3.7659)
03-02 11:35 INFO     Epoch: [0][3300/11389]	Time 0.147 (0.155)	Data 0.000 (0.000)	Loss 0.0632 (0.1355)	Error Ratio 1.0002 (3.7532)
03-02 11:35 INFO     Epoch: [0][3320/11389]	Time 0.127 (0.155)	Data 0.000 (0.000)	Loss 0.0887 (0.1354)	Error Ratio 1.0371 (3.7364)
03-02 11:35 INFO     Epoch: [0][3340/11389]	Time 0.171 (0.155)	Data 0.000 (0.000)	Loss 0.2152 (0.1357)	Error Ratio 1.2361 (3.7233)
03-02 11:35 INFO     Epoch: [0][3360/11389]	Time 0.179 (0.155)	Data 0.000 (0.000)	Loss 0.1214 (0.1356)	Error Ratio 1.1825 (3.7099)
03-02 11:35 INFO     Epoch: [0][3380/11389]	Time 0.148 (0.155)	Data 0.000 (0.000)	Loss 0.1137 (0.1370)	Error Ratio 0.4889 (3.6942)
03-02 11:35 INFO     Epoch: [0][3400/11389]	Time 0.167 (0.155)	Data 0.000 (0.000)	Loss 0.0836 (0.1372)	Error Ratio 1.4303 (3.6934)
03-02 11:35 INFO     Epoch: [0][3420/11389]	Time 0.142 (0.155)	Data 0.000 (0.000)	Loss 0.2025 (0.1374)	Error Ratio 1.9955 (3.6792)
03-02 11:35 INFO     Epoch: [0][3440/11389]	Time 0.176 (0.155)	Data 0.000 (0.000)	Loss 0.1191 (0.1374)	Error Ratio 0.9634 (3.6646)
03-02 11:35 INFO     Epoch: [0][3460/11389]	Time 0.171 (0.155)	Data 0.000 (0.000)	Loss 0.2977 (0.1375)	Error Ratio 0.4487 (3.6613)
03-02 11:35 INFO     Epoch: [0][3480/11389]	Time 0.166 (0.155)	Data 0.000 (0.000)	Loss 0.1608 (0.1374)	Error Ratio 0.8579 (3.6515)
03-02 11:35 INFO     Epoch: [0][3500/11389]	Time 0.199 (0.155)	Data 0.000 (0.000)	Loss 0.1533 (0.1375)	Error Ratio 0.8957 (3.6365)
03-02 11:35 INFO     Epoch: [0][3520/11389]	Time 0.153 (0.155)	Data 0.000 (0.000)	Loss 0.0818 (0.1375)	Error Ratio 0.7945 (3.6235)
03-02 11:35 INFO     Epoch: [0][3540/11389]	Time 0.153 (0.155)	Data 0.000 (0.000)	Loss 0.1719 (0.1374)	Error Ratio 0.6640 (3.6235)
03-02 11:35 INFO     Epoch: [0][3560/11389]	Time 0.147 (0.155)	Data 0.000 (0.000)	Loss 0.1460 (0.1373)	Error Ratio 1.5190 (3.6099)
03-02 11:36 INFO     Epoch: [0][3580/11389]	Time 0.167 (0.155)	Data 0.000 (0.000)	Loss 0.0756 (0.1371)	Error Ratio 0.6257 (3.5974)
03-02 11:36 INFO     Epoch: [0][3600/11389]	Time 0.164 (0.155)	Data 0.000 (0.000)	Loss 0.1397 (0.1370)	Error Ratio 0.8353 (3.5926)
03-02 11:36 INFO     Epoch: [0][3620/11389]	Time 0.160 (0.155)	Data 0.000 (0.000)	Loss 0.1686 (0.1370)	Error Ratio 0.7993 (3.5819)
03-02 11:36 INFO     Epoch: [0][3640/11389]	Time 0.141 (0.155)	Data 0.000 (0.000)	Loss 0.2011 (0.1371)	Error Ratio 1.0710 (3.5746)
03-02 11:36 INFO     Epoch: [0][3660/11389]	Time 0.223 (0.155)	Data 0.000 (0.000)	Loss 0.1387 (0.1371)	Error Ratio 3.3754 (3.5630)
03-02 11:36 INFO     Epoch: [0][3680/11389]	Time 0.152 (0.155)	Data 0.000 (0.000)	Loss 0.0752 (0.1370)	Error Ratio 2.8349 (3.5515)
03-02 11:36 INFO     Epoch: [0][3700/11389]	Time 0.141 (0.155)	Data 0.000 (0.000)	Loss 0.1833 (0.1370)	Error Ratio 1.5091 (3.5385)
03-02 11:36 INFO     Epoch: [0][3720/11389]	Time 0.154 (0.155)	Data 0.000 (0.000)	Loss 0.0789 (0.1369)	Error Ratio 0.8697 (3.5265)
03-02 11:36 INFO     Epoch: [0][3740/11389]	Time 0.144 (0.155)	Data 0.000 (0.000)	Loss 0.1260 (0.1370)	Error Ratio 0.6901 (3.5286)
03-02 11:36 INFO     Epoch: [0][3760/11389]	Time 0.161 (0.155)	Data 0.000 (0.000)	Loss 0.1463 (0.1370)	Error Ratio 0.7246 (3.5172)
03-02 11:36 INFO     Epoch: [0][3780/11389]	Time 0.155 (0.155)	Data 0.000 (0.000)	Loss 0.0995 (0.1370)	Error Ratio 0.5424 (3.5065)
03-02 11:36 INFO     Epoch: [0][3800/11389]	Time 0.166 (0.156)	Data 0.000 (0.000)	Loss 0.0848 (0.1370)	Error Ratio 0.6970 (3.4930)
03-02 11:36 INFO     Epoch: [0][3820/11389]	Time 0.159 (0.156)	Data 0.000 (0.000)	Loss 0.1454 (0.1369)	Error Ratio 0.4808 (3.4794)
03-02 11:36 INFO     Epoch: [0][3840/11389]	Time 0.157 (0.155)	Data 0.000 (0.000)	Loss 0.1519 (0.1369)	Error Ratio 0.4989 (3.4752)
03-02 11:36 INFO     Epoch: [0][3860/11389]	Time 0.141 (0.156)	Data 0.000 (0.000)	Loss 0.0864 (0.1368)	Error Ratio 0.4850 (3.4797)
03-02 11:36 INFO     Epoch: [0][3880/11389]	Time 0.141 (0.156)	Data 0.000 (0.000)	Loss 0.1303 (0.1367)	Error Ratio 1.2449 (3.4674)
03-02 11:36 INFO     Epoch: [0][3900/11389]	Time 0.146 (0.156)	Data 0.000 (0.000)	Loss 0.3422 (0.1368)	Error Ratio 0.9533 (3.4624)
03-02 11:36 INFO     Epoch: [0][3920/11389]	Time 0.160 (0.156)	Data 0.000 (0.000)	Loss 0.1235 (0.1367)	Error Ratio 0.6464 (3.4617)
03-02 11:36 INFO     Epoch: [0][3940/11389]	Time 0.135 (0.156)	Data 0.000 (0.000)	Loss 0.1042 (0.1366)	Error Ratio 5.3658 (3.4518)
03-02 11:37 INFO     Epoch: [0][3960/11389]	Time 0.141 (0.156)	Data 0.000 (0.000)	Loss 0.1517 (0.1367)	Error Ratio 1.0065 (3.4407)
03-02 11:37 INFO     Epoch: [0][3980/11389]	Time 0.152 (0.156)	Data 0.000 (0.000)	Loss 0.1042 (0.1367)	Error Ratio 0.8166 (3.4338)
03-02 11:37 INFO     Epoch: [0][4000/11389]	Time 0.154 (0.156)	Data 0.000 (0.000)	Loss 0.1617 (0.1367)	Error Ratio 6.1973 (3.4259)
03-02 11:37 INFO     Epoch: [0][4020/11389]	Time 0.165 (0.156)	Data 0.000 (0.000)	Loss 0.1547 (0.1366)	Error Ratio 0.8851 (3.4137)
03-02 11:37 INFO     Epoch: [0][4040/11389]	Time 0.158 (0.156)	Data 0.000 (0.000)	Loss 0.0973 (0.1366)	Error Ratio 0.6613 (3.4179)
03-02 11:37 INFO     Epoch: [0][4060/11389]	Time 0.142 (0.156)	Data 0.000 (0.000)	Loss 0.1244 (0.1366)	Error Ratio 2.1333 (3.4102)
03-02 11:37 INFO     Epoch: [0][4080/11389]	Time 0.135 (0.156)	Data 0.000 (0.000)	Loss 0.1657 (0.1365)	Error Ratio 0.9443 (3.4099)
03-02 11:37 INFO     Epoch: [0][4100/11389]	Time 0.172 (0.156)	Data 0.000 (0.000)	Loss 0.0639 (0.1367)	Error Ratio 0.5956 (3.3979)
03-02 11:37 INFO     Epoch: [0][4120/11389]	Time 0.180 (0.156)	Data 0.000 (0.000)	Loss 0.1646 (0.1367)	Error Ratio 0.9500 (3.3916)
03-02 11:37 INFO     Epoch: [0][4140/11389]	Time 0.141 (0.156)	Data 0.000 (0.000)	Loss 0.2010 (0.1366)	Error Ratio 1.3563 (3.3802)
03-02 11:37 INFO     Epoch: [0][4160/11389]	Time 0.152 (0.156)	Data 0.000 (0.000)	Loss 0.0904 (0.1369)	Error Ratio 0.7805 (3.3693)
03-02 11:37 INFO     Epoch: [0][4180/11389]	Time 0.170 (0.156)	Data 0.000 (0.000)	Loss 0.1431 (0.1368)	Error Ratio 1.7870 (3.3588)
03-02 11:37 INFO     Epoch: [0][4200/11389]	Time 0.180 (0.156)	Data 0.000 (0.000)	Loss 0.0848 (0.1367)	Error Ratio 1.6516 (3.3486)
03-02 11:37 INFO     Epoch: [0][4220/11389]	Time 0.139 (0.156)	Data 0.000 (0.000)	Loss 0.1271 (0.1367)	Error Ratio 0.9153 (3.3392)
03-02 11:37 INFO     Epoch: [0][4240/11389]	Time 0.143 (0.156)	Data 0.000 (0.000)	Loss 0.0888 (0.1367)	Error Ratio 1.3784 (3.3383)
03-02 11:37 INFO     Epoch: [0][4260/11389]	Time 0.147 (0.156)	Data 0.000 (0.000)	Loss 0.0854 (0.1368)	Error Ratio 0.5241 (3.3282)
03-02 11:37 INFO     Epoch: [0][4280/11389]	Time 0.154 (0.156)	Data 0.000 (0.000)	Loss 0.0837 (0.1367)	Error Ratio 0.8167 (3.3189)
03-02 11:37 INFO     Epoch: [0][4300/11389]	Time 0.153 (0.156)	Data 0.000 (0.000)	Loss 0.1131 (0.1367)	Error Ratio 1.4289 (3.3214)
03-02 11:37 INFO     Epoch: [0][4320/11389]	Time 0.140 (0.156)	Data 0.000 (0.000)	Loss 0.2424 (0.1367)	Error Ratio 0.8361 (3.3119)
03-02 11:38 INFO     Epoch: [0][4340/11389]	Time 0.159 (0.156)	Data 0.000 (0.000)	Loss 0.2039 (0.1368)	Error Ratio 2.1610 (3.3023)
03-02 11:38 INFO     Epoch: [0][4360/11389]	Time 0.166 (0.156)	Data 0.000 (0.000)	Loss 0.1015 (0.1368)	Error Ratio 0.7994 (3.2923)
03-02 11:38 INFO     Epoch: [0][4380/11389]	Time 0.147 (0.156)	Data 0.000 (0.000)	Loss 0.1237 (0.1368)	Error Ratio 0.6444 (3.2817)
03-02 11:38 INFO     Epoch: [0][4400/11389]	Time 0.128 (0.156)	Data 0.000 (0.000)	Loss 0.1835 (0.1368)	Error Ratio 4.6220 (3.2747)
03-02 11:38 INFO     Epoch: [0][4420/11389]	Time 0.149 (0.156)	Data 0.000 (0.000)	Loss 0.1190 (0.1368)	Error Ratio 0.8642 (3.2744)
03-02 11:38 INFO     Epoch: [0][4440/11389]	Time 0.155 (0.156)	Data 0.000 (0.000)	Loss 0.2923 (0.1368)	Error Ratio 3.1627 (3.2788)
03-02 11:38 INFO     Epoch: [0][4460/11389]	Time 0.161 (0.156)	Data 0.000 (0.000)	Loss 0.0741 (0.1368)	Error Ratio 0.8766 (3.2881)
03-02 11:38 INFO     Epoch: [0][4480/11389]	Time 0.145 (0.156)	Data 0.000 (0.000)	Loss 0.0970 (0.1368)	Error Ratio 0.8933 (3.2783)
03-02 11:38 INFO     Epoch: [0][4500/11389]	Time 0.147 (0.156)	Data 0.000 (0.000)	Loss 0.1498 (0.1368)	Error Ratio 0.6321 (3.2787)
03-02 11:38 INFO     Epoch: [0][4520/11389]	Time 0.166 (0.156)	Data 0.000 (0.000)	Loss 0.1261 (0.1367)	Error Ratio 1.0612 (3.2728)
03-02 11:38 INFO     Epoch: [0][4540/11389]	Time 0.140 (0.156)	Data 0.000 (0.000)	Loss 0.0952 (0.1366)	Error Ratio 0.6451 (3.2620)
03-02 11:38 INFO     Epoch: [0][4560/11389]	Time 0.162 (0.156)	Data 0.000 (0.000)	Loss 0.0932 (0.1366)	Error Ratio 1.2915 (3.2530)
03-02 11:38 INFO     Epoch: [0][4580/11389]	Time 0.146 (0.156)	Data 0.000 (0.000)	Loss 0.1025 (0.1367)	Error Ratio 6.9327 (3.2556)
03-02 11:38 INFO     Epoch: [0][4600/11389]	Time 0.165 (0.156)	Data 0.000 (0.000)	Loss 0.1864 (0.1368)	Error Ratio 1.2533 (3.2497)
03-02 11:38 INFO     Epoch: [0][4620/11389]	Time 0.134 (0.156)	Data 0.000 (0.000)	Loss 0.1219 (0.1368)	Error Ratio 1.3266 (3.2459)
03-02 11:38 INFO     Epoch: [0][4640/11389]	Time 0.157 (0.156)	Data 0.000 (0.000)	Loss 0.1271 (0.1370)	Error Ratio 0.7662 (3.2432)
03-02 11:38 INFO     Epoch: [0][4660/11389]	Time 0.142 (0.156)	Data 0.000 (0.000)	Loss 0.2172 (0.1370)	Error Ratio 0.9953 (3.2428)
03-02 11:38 INFO     Epoch: [0][4680/11389]	Time 0.166 (0.156)	Data 0.000 (0.000)	Loss 0.0886 (0.1371)	Error Ratio 0.9927 (3.2350)
03-02 11:38 INFO     Epoch: [0][4700/11389]	Time 0.153 (0.156)	Data 0.000 (0.000)	Loss 0.0872 (0.1371)	Error Ratio 1.1745 (3.2295)
03-02 11:38 INFO     Epoch: [0][4720/11389]	Time 0.141 (0.156)	Data 0.000 (0.000)	Loss 0.0828 (0.1372)	Error Ratio 1.0480 (3.2222)
03-02 11:39 INFO     Epoch: [0][4740/11389]	Time 0.156 (0.156)	Data 0.000 (0.000)	Loss 0.1003 (0.1372)	Error Ratio 0.6617 (3.2167)
03-02 11:39 INFO     Epoch: [0][4760/11389]	Time 0.180 (0.156)	Data 0.000 (0.000)	Loss 0.2110 (0.1372)	Error Ratio 0.9279 (3.2190)
03-02 11:39 INFO     Epoch: [0][4780/11389]	Time 0.153 (0.156)	Data 0.000 (0.000)	Loss 0.1016 (0.1372)	Error Ratio 0.8218 (3.2109)
03-02 11:39 INFO     Epoch: [0][4800/11389]	Time 0.143 (0.155)	Data 0.000 (0.000)	Loss 0.1206 (0.1373)	Error Ratio 0.7517 (3.2030)
03-02 11:39 INFO     Epoch: [0][4820/11389]	Time 0.149 (0.155)	Data 0.000 (0.000)	Loss 0.0918 (0.1372)	Error Ratio 0.9469 (3.2091)
03-02 11:39 INFO     Epoch: [0][4840/11389]	Time 0.153 (0.155)	Data 0.000 (0.000)	Loss 0.1098 (0.1372)	Error Ratio 0.7881 (3.2008)
03-02 11:39 INFO     Epoch: [0][4860/11389]	Time 0.160 (0.155)	Data 0.000 (0.000)	Loss 0.0961 (0.1372)	Error Ratio 0.7456 (3.1931)
03-02 11:39 INFO     Epoch: [0][4880/11389]	Time 0.248 (0.156)	Data 0.000 (0.000)	Loss 0.1472 (0.1372)	Error Ratio 1.0362 (3.1902)
03-02 11:39 INFO     Epoch: [0][4900/11389]	Time 0.180 (0.155)	Data 0.000 (0.000)	Loss 0.2077 (0.1372)	Error Ratio 1.5898 (3.1839)
03-02 11:39 INFO     Epoch: [0][4920/11389]	Time 0.166 (0.156)	Data 0.000 (0.000)	Loss 0.1128 (0.1371)	Error Ratio 1.1518 (3.1765)
03-02 11:39 INFO     Epoch: [0][4940/11389]	Time 0.157 (0.155)	Data 0.000 (0.000)	Loss 0.1092 (0.1371)	Error Ratio 1.4360 (3.1709)
03-02 11:39 INFO     Epoch: [0][4960/11389]	Time 0.153 (0.155)	Data 0.000 (0.000)	Loss 0.1019 (0.1370)	Error Ratio 1.4523 (3.1640)
03-02 11:39 INFO     Epoch: [0][4980/11389]	Time 0.152 (0.155)	Data 0.000 (0.000)	Loss 0.1636 (0.1370)	Error Ratio 0.9306 (3.1648)
03-02 11:39 INFO     Epoch: [0][5000/11389]	Time 0.152 (0.156)	Data 0.000 (0.000)	Loss 0.2022 (0.1370)	Error Ratio 0.9275 (3.1581)
03-02 11:39 INFO     Epoch: [0][5020/11389]	Time 0.153 (0.156)	Data 0.000 (0.000)	Loss 0.1156 (0.1370)	Error Ratio 0.6628 (3.1515)
03-02 11:39 INFO     Epoch: [0][5040/11389]	Time 0.146 (0.155)	Data 0.000 (0.000)	Loss 0.1153 (0.1369)	Error Ratio 0.7736 (3.1432)
03-02 11:39 INFO     Epoch: [0][5060/11389]	Time 0.153 (0.155)	Data 0.000 (0.000)	Loss 0.2865 (0.1369)	Error Ratio 0.5238 (3.1375)
03-02 11:39 INFO     Epoch: [0][5080/11389]	Time 0.153 (0.155)	Data 0.000 (0.000)	Loss 0.2621 (0.1369)	Error Ratio 1.2647 (3.1310)
03-02 11:39 INFO     Epoch: [0][5100/11389]	Time 0.173 (0.155)	Data 0.000 (0.000)	Loss 0.1242 (0.1369)	Error Ratio 1.1243 (3.1391)
03-02 11:40 INFO     Epoch: [0][5120/11389]	Time 0.148 (0.155)	Data 0.000 (0.000)	Loss 0.0959 (0.1369)	Error Ratio 0.6492 (3.1336)
03-02 11:40 INFO     Epoch: [0][5140/11389]	Time 0.164 (0.155)	Data 0.000 (0.000)	Loss 0.1062 (0.1369)	Error Ratio 0.6647 (3.1252)
03-02 11:40 INFO     Epoch: [0][5160/11389]	Time 0.134 (0.155)	Data 0.000 (0.000)	Loss 0.3201 (0.1368)	Error Ratio 1.0824 (3.1184)
03-02 11:40 INFO     Epoch: [0][5180/11389]	Time 0.153 (0.155)	Data 0.000 (0.000)	Loss 0.1653 (0.1368)	Error Ratio 1.1545 (3.1153)
03-02 11:40 INFO     Epoch: [0][5200/11389]	Time 0.153 (0.155)	Data 0.000 (0.000)	Loss 0.1255 (0.1369)	Error Ratio 1.1674 (3.1224)
03-02 11:40 INFO     Epoch: [0][5220/11389]	Time 0.165 (0.155)	Data 0.000 (0.000)	Loss 0.1262 (0.1369)	Error Ratio 2.5892 (3.1201)
03-02 11:40 INFO     Epoch: [0][5240/11389]	Time 0.154 (0.155)	Data 0.000 (0.000)	Loss 0.0845 (0.1368)	Error Ratio 0.6945 (3.1189)
03-02 11:40 INFO     Epoch: [0][5260/11389]	Time 0.148 (0.155)	Data 0.000 (0.000)	Loss 0.0588 (0.1368)	Error Ratio 0.4214 (3.1119)
03-02 11:40 INFO     Epoch: [0][5280/11389]	Time 0.193 (0.155)	Data 0.000 (0.000)	Loss 0.0689 (0.1367)	Error Ratio 0.7474 (3.1070)
03-02 11:40 INFO     Epoch: [0][5300/11389]	Time 0.178 (0.155)	Data 0.000 (0.000)	Loss 0.0759 (0.1366)	Error Ratio 0.5840 (3.0987)
03-02 11:40 INFO     Epoch: [0][5320/11389]	Time 0.129 (0.155)	Data 0.000 (0.000)	Loss 0.1094 (0.1366)	Error Ratio 0.4148 (3.0931)
03-02 11:40 INFO     Epoch: [0][5340/11389]	Time 0.142 (0.155)	Data 0.000 (0.000)	Loss 0.1421 (0.1365)	Error Ratio 0.6607 (3.0849)
03-02 11:40 INFO     Epoch: [0][5360/11389]	Time 0.181 (0.155)	Data 0.000 (0.000)	Loss 0.1891 (0.1365)	Error Ratio 0.5233 (3.0789)
03-02 11:40 INFO     Epoch: [0][5380/11389]	Time 0.160 (0.155)	Data 0.000 (0.000)	Loss 0.1177 (0.1364)	Error Ratio 1.6465 (3.0716)
03-02 11:40 INFO     Epoch: [0][5400/11389]	Time 0.172 (0.155)	Data 0.000 (0.000)	Loss 0.1192 (0.1364)	Error Ratio 0.5347 (3.0691)
03-02 11:40 INFO     Epoch: [0][5420/11389]	Time 0.153 (0.155)	Data 0.000 (0.000)	Loss 0.1154 (0.1366)	Error Ratio 2.0664 (3.0714)
03-02 11:40 INFO     Epoch: [0][5440/11389]	Time 0.168 (0.155)	Data 0.000 (0.000)	Loss 0.1677 (0.1367)	Error Ratio 1.6181 (3.0778)
03-02 11:40 INFO     Epoch: [0][5460/11389]	Time 0.155 (0.155)	Data 0.000 (0.000)	Loss 0.1376 (0.1367)	Error Ratio 2.1950 (3.0716)
03-02 11:40 INFO     Epoch: [0][5480/11389]	Time 0.147 (0.155)	Data 0.000 (0.000)	Loss 0.0929 (0.1366)	Error Ratio 1.0369 (3.0641)
03-02 11:41 INFO     Epoch: [0][5500/11389]	Time 0.168 (0.155)	Data 0.000 (0.000)	Loss 0.0700 (0.1366)	Error Ratio 1.5647 (3.0606)
03-02 11:41 INFO     Epoch: [0][5520/11389]	Time 0.154 (0.155)	Data 0.000 (0.000)	Loss 0.1333 (0.1366)	Error Ratio 0.8585 (3.0532)
03-02 11:41 INFO     Epoch: [0][5540/11389]	Time 0.147 (0.155)	Data 0.000 (0.000)	Loss 0.0536 (0.1366)	Error Ratio 0.6296 (3.0470)
03-02 11:41 INFO     Epoch: [0][5560/11389]	Time 0.179 (0.155)	Data 0.000 (0.000)	Loss 0.1430 (0.1365)	Error Ratio 0.7584 (3.0425)
03-02 11:41 INFO     Epoch: [0][5580/11389]	Time 0.154 (0.155)	Data 0.000 (0.000)	Loss 0.1170 (0.1365)	Error Ratio 4.1868 (3.0357)
03-02 11:41 INFO     Epoch: [0][5600/11389]	Time 0.158 (0.155)	Data 0.000 (0.000)	Loss 0.1337 (0.1365)	Error Ratio 0.7610 (3.0327)
03-02 11:41 INFO     Epoch: [0][5620/11389]	Time 0.175 (0.155)	Data 0.000 (0.000)	Loss 0.0761 (0.1364)	Error Ratio 0.5886 (3.0307)
03-02 11:41 INFO     Epoch: [0][5640/11389]	Time 0.185 (0.155)	Data 0.000 (0.000)	Loss 0.1415 (0.1363)	Error Ratio 0.7743 (3.0244)
03-02 11:41 INFO     Epoch: [0][5660/11389]	Time 0.153 (0.156)	Data 0.000 (0.000)	Loss 0.0738 (0.1364)	Error Ratio 0.8667 (3.0194)
03-02 11:41 INFO     Epoch: [0][5680/11389]	Time 0.142 (0.156)	Data 0.000 (0.000)	Loss 0.1101 (0.1363)	Error Ratio 0.6281 (3.0130)
03-02 11:41 INFO     Epoch: [0][5700/11389]	Time 0.134 (0.155)	Data 0.000 (0.000)	Loss 0.0846 (0.1362)	Error Ratio 0.9800 (3.0137)
03-02 11:41 INFO     Epoch: [0][5720/11389]	Time 0.165 (0.155)	Data 0.000 (0.000)	Loss 0.1249 (0.1363)	Error Ratio 22.3108 (3.0107)
03-02 11:41 INFO     Epoch: [0][5740/11389]	Time 0.146 (0.155)	Data 0.000 (0.000)	Loss 0.1019 (0.1363)	Error Ratio 0.8679 (3.0049)
03-02 11:41 INFO     Epoch: [0][5760/11389]	Time 0.140 (0.155)	Data 0.000 (0.000)	Loss 0.0945 (0.1363)	Error Ratio 0.5281 (3.0075)
03-02 11:41 INFO     Epoch: [0][5780/11389]	Time 0.140 (0.155)	Data 0.000 (0.000)	Loss 0.0885 (0.1363)	Error Ratio 0.7073 (3.0047)
03-02 11:41 INFO     Epoch: [0][5800/11389]	Time 0.160 (0.155)	Data 0.000 (0.000)	Loss 0.1108 (0.1364)	Error Ratio 41.8322 (3.0077)
03-02 11:41 INFO     Epoch: [0][5820/11389]	Time 0.160 (0.156)	Data 0.000 (0.000)	Loss 0.1053 (0.1363)	Error Ratio 0.6030 (3.0045)
03-02 11:41 INFO     Epoch: [0][5840/11389]	Time 0.153 (0.155)	Data 0.000 (0.000)	Loss 0.1004 (0.1362)	Error Ratio 8.5792 (3.0218)
03-02 11:41 INFO     Epoch: [0][5860/11389]	Time 0.153 (0.155)	Data 0.000 (0.000)	Loss 0.0634 (0.1362)	Error Ratio 0.4935 (3.0151)
03-02 11:41 INFO     Epoch: [0][5880/11389]	Time 0.148 (0.155)	Data 0.000 (0.000)	Loss 0.1144 (0.1362)	Error Ratio 0.8565 (3.0239)
03-02 11:42 INFO     Epoch: [0][5900/11389]	Time 0.154 (0.155)	Data 0.000 (0.000)	Loss 0.1202 (0.1361)	Error Ratio 1.5137 (3.0175)
03-02 11:42 INFO     Epoch: [0][5920/11389]	Time 0.153 (0.155)	Data 0.000 (0.000)	Loss 0.3693 (0.1361)	Error Ratio 0.4882 (3.0142)
03-02 11:42 INFO     Epoch: [0][5940/11389]	Time 0.141 (0.155)	Data 0.000 (0.000)	Loss 0.0756 (0.1360)	Error Ratio 0.5227 (3.0081)
03-02 11:42 INFO     Epoch: [0][5960/11389]	Time 0.148 (0.155)	Data 0.000 (0.000)	Loss 0.1453 (0.1359)	Error Ratio 1.2083 (3.0029)
03-02 11:42 INFO     Epoch: [0][5980/11389]	Time 0.154 (0.155)	Data 0.000 (0.000)	Loss 0.1198 (0.1359)	Error Ratio 0.7471 (3.0003)
03-02 11:42 INFO     Epoch: [0][6000/11389]	Time 0.167 (0.155)	Data 0.000 (0.000)	Loss 0.0876 (0.1359)	Error Ratio 0.8073 (2.9953)
03-02 11:42 INFO     Epoch: [0][6020/11389]	Time 0.142 (0.155)	Data 0.000 (0.000)	Loss 0.1522 (0.1359)	Error Ratio 1.0592 (2.9889)
03-02 11:42 INFO     Epoch: [0][6040/11389]	Time 0.200 (0.155)	Data 0.000 (0.000)	Loss 0.1626 (0.1359)	Error Ratio 0.6786 (2.9840)
03-02 11:42 INFO     Epoch: [0][6060/11389]	Time 0.146 (0.155)	Data 0.000 (0.000)	Loss 0.1438 (0.1361)	Error Ratio 0.5527 (2.9834)
03-02 11:42 INFO     Epoch: [0][6080/11389]	Time 0.153 (0.155)	Data 0.000 (0.000)	Loss 0.1038 (0.1360)	Error Ratio 0.5479 (2.9774)
03-02 11:42 INFO     Epoch: [0][6100/11389]	Time 0.141 (0.155)	Data 0.000 (0.000)	Loss 0.1520 (0.1360)	Error Ratio 0.8964 (2.9712)
03-02 11:42 INFO     Epoch: [0][6120/11389]	Time 0.148 (0.155)	Data 0.000 (0.000)	Loss 0.1106 (0.1359)	Error Ratio 1.4333 (2.9650)
03-02 11:42 INFO     Epoch: [0][6140/11389]	Time 0.140 (0.155)	Data 0.000 (0.000)	Loss 0.1459 (0.1360)	Error Ratio 3.6753 (2.9693)
03-02 11:42 INFO     Epoch: [0][6160/11389]	Time 0.141 (0.155)	Data 0.000 (0.000)	Loss 0.0953 (0.1360)	Error Ratio 0.8824 (2.9671)
03-02 11:42 INFO     Epoch: [0][6180/11389]	Time 0.165 (0.155)	Data 0.000 (0.000)	Loss 0.1287 (0.1360)	Error Ratio 2.9908 (2.9625)
03-02 11:42 INFO     Epoch: [0][6200/11389]	Time 0.152 (0.155)	Data 0.000 (0.000)	Loss 0.1585 (0.1361)	Error Ratio 0.9060 (2.9595)
03-02 11:42 INFO     Epoch: [0][6220/11389]	Time 0.160 (0.155)	Data 0.000 (0.000)	Loss 0.1563 (0.1361)	Error Ratio 3.4630 (2.9548)
03-02 11:42 INFO     Epoch: [0][6240/11389]	Time 0.176 (0.155)	Data 0.000 (0.000)	Loss 0.1211 (0.1362)	Error Ratio 0.5936 (2.9543)
03-02 11:42 INFO     Epoch: [0][6260/11389]	Time 0.156 (0.155)	Data 0.000 (0.000)	Loss 0.1038 (0.1362)	Error Ratio 0.5466 (2.9498)
03-02 11:43 INFO     Epoch: [0][6280/11389]	Time 0.167 (0.155)	Data 0.000 (0.000)	Loss 0.1430 (0.1362)	Error Ratio 0.7033 (2.9438)
03-02 11:43 INFO     Epoch: [0][6300/11389]	Time 0.168 (0.155)	Data 0.000 (0.000)	Loss 0.1109 (0.1362)	Error Ratio 1.3202 (2.9377)
03-02 11:43 INFO     Epoch: [0][6320/11389]	Time 0.137 (0.155)	Data 0.000 (0.000)	Loss 0.1121 (0.1361)	Error Ratio 0.6152 (2.9344)
03-02 11:43 INFO     Epoch: [0][6340/11389]	Time 0.158 (0.155)	Data 0.000 (0.000)	Loss 0.1292 (0.1361)	Error Ratio 1.1056 (2.9303)
03-02 11:43 INFO     Epoch: [0][6360/11389]	Time 0.143 (0.155)	Data 0.000 (0.000)	Loss 0.5469 (0.1362)	Error Ratio 0.9936 (2.9257)
03-02 11:43 INFO     Epoch: [0][6380/11389]	Time 0.172 (0.155)	Data 0.000 (0.000)	Loss 0.2000 (0.1362)	Error Ratio 1.0858 (2.9213)
03-02 11:43 INFO     Epoch: [0][6400/11389]	Time 0.135 (0.155)	Data 0.000 (0.000)	Loss 0.0919 (0.1363)	Error Ratio 0.8491 (2.9166)
03-02 11:43 INFO     Epoch: [0][6420/11389]	Time 0.153 (0.155)	Data 0.000 (0.000)	Loss 0.1776 (0.1363)	Error Ratio 0.8988 (2.9818)
03-02 11:43 INFO     Epoch: [0][6440/11389]	Time 0.167 (0.155)	Data 0.000 (0.000)	Loss 0.2068 (0.1362)	Error Ratio 0.7046 (2.9826)
03-02 11:43 INFO     Epoch: [0][6460/11389]	Time 0.148 (0.155)	Data 0.000 (0.000)	Loss 0.1496 (0.1361)	Error Ratio 0.9637 (2.9781)
03-02 11:43 INFO     Epoch: [0][6480/11389]	Time 0.167 (0.155)	Data 0.000 (0.000)	Loss 0.1228 (0.1361)	Error Ratio 1.3020 (2.9720)
03-02 11:43 INFO     Epoch: [0][6500/11389]	Time 0.141 (0.155)	Data 0.000 (0.000)	Loss 0.0819 (0.1361)	Error Ratio 0.5920 (2.9661)
03-02 11:43 INFO     Epoch: [0][6520/11389]	Time 0.160 (0.155)	Data 0.000 (0.000)	Loss 0.0875 (0.1360)	Error Ratio 1.0018 (2.9645)
03-02 11:43 INFO     Epoch: [0][6540/11389]	Time 0.162 (0.155)	Data 0.000 (0.000)	Loss 0.1884 (0.1360)	Error Ratio 1.6099 (2.9599)
03-02 11:43 INFO     Epoch: [0][6560/11389]	Time 0.153 (0.155)	Data 0.000 (0.000)	Loss 0.1905 (0.1360)	Error Ratio 0.7475 (2.9539)
03-02 11:43 INFO     Epoch: [0][6580/11389]	Time 0.153 (0.155)	Data 0.000 (0.000)	Loss 0.1640 (0.1360)	Error Ratio 1.7730 (2.9483)
03-02 11:43 INFO     Epoch: [0][6600/11389]	Time 0.150 (0.155)	Data 0.000 (0.000)	Loss 0.1247 (0.1360)	Error Ratio 1.1100 (2.9440)
03-02 11:43 INFO     Epoch: [0][6620/11389]	Time 0.160 (0.155)	Data 0.000 (0.000)	Loss 0.0797 (0.1359)	Error Ratio 2.1655 (2.9383)
03-02 11:43 INFO     Epoch: [0][6640/11389]	Time 0.177 (0.155)	Data 0.000 (0.000)	Loss 0.1006 (0.1359)	Error Ratio 1.0902 (2.9323)
03-02 11:43 INFO     Epoch: [0][6660/11389]	Time 0.141 (0.155)	Data 0.000 (0.000)	Loss 0.1873 (0.1359)	Error Ratio 0.5551 (2.9326)
03-02 11:44 INFO     Epoch: [0][6680/11389]	Time 0.155 (0.155)	Data 0.000 (0.000)	Loss 0.0926 (0.1358)	Error Ratio 3.3587 (2.9431)
03-02 11:44 INFO     Epoch: [0][6700/11389]	Time 0.147 (0.155)	Data 0.000 (0.000)	Loss 0.0923 (0.1358)	Error Ratio 0.6168 (2.9488)
03-02 11:44 INFO     Epoch: [0][6720/11389]	Time 0.141 (0.155)	Data 0.000 (0.000)	Loss 0.1139 (0.1358)	Error Ratio 0.9525 (2.9431)
03-02 11:44 INFO     Epoch: [0][6740/11389]	Time 0.141 (0.155)	Data 0.000 (0.000)	Loss 0.1204 (0.1358)	Error Ratio 1.0204 (2.9423)
03-02 11:44 INFO     Epoch: [0][6760/11389]	Time 0.166 (0.155)	Data 0.000 (0.000)	Loss 0.1123 (0.1358)	Error Ratio 0.7578 (2.9372)
03-02 11:44 INFO     Epoch: [0][6780/11389]	Time 0.153 (0.155)	Data 0.000 (0.000)	Loss 0.1044 (0.1357)	Error Ratio 0.9368 (2.9372)
03-02 11:44 INFO     Epoch: [0][6800/11389]	Time 0.153 (0.155)	Data 0.000 (0.000)	Loss 0.1083 (0.1358)	Error Ratio 0.7495 (2.9431)
03-02 11:44 INFO     Epoch: [0][6820/11389]	Time 0.154 (0.155)	Data 0.000 (0.000)	Loss 0.1345 (0.1357)	Error Ratio 4.0540 (2.9378)
03-02 11:44 INFO     Epoch: [0][6840/11389]	Time 0.148 (0.155)	Data 0.000 (0.000)	Loss 0.1412 (0.1357)	Error Ratio 0.8289 (2.9334)
03-02 11:44 INFO     Epoch: [0][6860/11389]	Time 0.155 (0.155)	Data 0.000 (0.000)	Loss 0.1073 (0.1357)	Error Ratio 0.7883 (2.9322)
03-02 11:44 INFO     Epoch: [0][6880/11389]	Time 0.147 (0.155)	Data 0.000 (0.000)	Loss 0.0798 (0.1357)	Error Ratio 0.7935 (2.9278)
03-02 11:44 INFO     Epoch: [0][6900/11389]	Time 0.153 (0.155)	Data 0.000 (0.000)	Loss 0.0724 (0.1356)	Error Ratio 0.9403 (2.9404)
03-02 11:44 INFO     Epoch: [0][6920/11389]	Time 0.142 (0.155)	Data 0.000 (0.000)	Loss 0.1340 (0.1356)	Error Ratio 0.9841 (2.9341)
03-02 11:44 INFO     Epoch: [0][6940/11389]	Time 0.143 (0.155)	Data 0.000 (0.000)	Loss 0.1366 (0.1355)	Error Ratio 5.6689 (2.9319)
03-02 11:44 INFO     Epoch: [0][6960/11389]	Time 0.148 (0.155)	Data 0.000 (0.000)	Loss 0.0685 (0.1356)	Error Ratio 1.2086 (2.9273)
03-02 11:44 INFO     Epoch: [0][6980/11389]	Time 0.151 (0.155)	Data 0.000 (0.000)	Loss 0.1139 (0.1356)	Error Ratio 0.5275 (2.9264)
03-02 11:44 INFO     Epoch: [0][7000/11389]	Time 0.141 (0.155)	Data 0.000 (0.000)	Loss 0.0843 (0.1357)	Error Ratio 0.9285 (2.9226)
03-02 11:44 INFO     Epoch: [0][7020/11389]	Time 0.141 (0.155)	Data 0.000 (0.000)	Loss 0.2152 (0.1357)	Error Ratio 0.6428 (2.9170)
03-02 11:44 INFO     Epoch: [0][7040/11389]	Time 0.174 (0.155)	Data 0.000 (0.000)	Loss 0.1616 (0.1357)	Error Ratio 0.6254 (2.9117)
03-02 11:45 INFO     Epoch: [0][7060/11389]	Time 0.150 (0.155)	Data 0.000 (0.000)	Loss 0.1041 (0.1357)	Error Ratio 0.6020 (2.9060)
03-02 11:45 INFO     Epoch: [0][7080/11389]	Time 0.157 (0.155)	Data 0.000 (0.000)	Loss 0.1412 (0.1357)	Error Ratio 0.8310 (2.9019)
03-02 11:45 INFO     Epoch: [0][7100/11389]	Time 0.150 (0.155)	Data 0.000 (0.000)	Loss 0.1085 (0.1357)	Error Ratio 0.7025 (2.9009)
03-02 11:45 INFO     Epoch: [0][7120/11389]	Time 0.150 (0.155)	Data 0.000 (0.000)	Loss 0.1316 (0.1357)	Error Ratio 0.6837 (2.8974)
03-02 11:45 INFO     Epoch: [0][7140/11389]	Time 0.139 (0.155)	Data 0.000 (0.000)	Loss 0.1321 (0.1357)	Error Ratio 2.0655 (2.8922)
03-02 11:45 INFO     Epoch: [0][7160/11389]	Time 0.153 (0.155)	Data 0.000 (0.000)	Loss 0.1419 (0.1356)	Error Ratio 0.6475 (2.8927)
03-02 11:45 INFO     Epoch: [0][7180/11389]	Time 0.154 (0.155)	Data 0.000 (0.000)	Loss 0.1721 (0.1356)	Error Ratio 0.6717 (2.8896)
03-02 11:45 INFO     Epoch: [0][7200/11389]	Time 0.141 (0.155)	Data 0.000 (0.000)	Loss 0.1025 (0.1357)	Error Ratio 2.0084 (2.8867)
03-02 11:45 INFO     Epoch: [0][7220/11389]	Time 0.149 (0.155)	Data 0.000 (0.000)	Loss 0.0703 (0.1356)	Error Ratio 0.4446 (2.8810)
03-02 11:45 INFO     Epoch: [0][7240/11389]	Time 0.142 (0.155)	Data 0.000 (0.000)	Loss 0.1165 (0.1357)	Error Ratio 0.8751 (2.8809)
03-02 11:45 INFO     Epoch: [0][7260/11389]	Time 0.153 (0.155)	Data 0.000 (0.000)	Loss 0.1577 (0.1357)	Error Ratio 0.7410 (2.8833)
03-02 11:45 INFO     Epoch: [0][7280/11389]	Time 0.167 (0.155)	Data 0.000 (0.000)	Loss 0.1130 (0.1357)	Error Ratio 0.9153 (2.8804)
03-02 11:45 INFO     Epoch: [0][7300/11389]	Time 0.158 (0.155)	Data 0.000 (0.000)	Loss 0.1142 (0.1357)	Error Ratio 1.3720 (2.8757)
03-02 11:45 INFO     Epoch: [0][7320/11389]	Time 0.154 (0.155)	Data 0.000 (0.000)	Loss 0.1344 (0.1357)	Error Ratio 1.6603 (2.8719)
03-02 11:45 INFO     Epoch: [0][7340/11389]	Time 0.147 (0.155)	Data 0.000 (0.000)	Loss 0.0761 (0.1356)	Error Ratio 0.4702 (2.8671)
03-02 11:45 INFO     Epoch: [0][7360/11389]	Time 0.153 (0.155)	Data 0.000 (0.000)	Loss 0.0857 (0.1356)	Error Ratio 0.5162 (2.8642)
03-02 11:45 INFO     Epoch: [0][7380/11389]	Time 0.141 (0.155)	Data 0.000 (0.000)	Loss 0.1386 (0.1357)	Error Ratio 1.8368 (2.8606)
03-02 11:45 INFO     Epoch: [0][7400/11389]	Time 0.141 (0.155)	Data 0.000 (0.000)	Loss 0.0932 (0.1356)	Error Ratio 53.7030 (2.8670)
03-02 11:45 INFO     Epoch: [0][7420/11389]	Time 0.154 (0.155)	Data 0.000 (0.000)	Loss 0.1576 (0.1356)	Error Ratio 1.5624 (2.8637)
03-02 11:46 INFO     Epoch: [0][7440/11389]	Time 0.168 (0.155)	Data 0.000 (0.000)	Loss 0.0602 (0.1357)	Error Ratio 0.4202 (2.8604)
03-02 11:46 INFO     Epoch: [0][7460/11389]	Time 0.155 (0.155)	Data 0.000 (0.000)	Loss 0.0984 (0.1356)	Error Ratio 1.4682 (2.8551)
03-02 11:46 INFO     Epoch: [0][7480/11389]	Time 0.160 (0.155)	Data 0.000 (0.000)	Loss 0.0887 (0.1355)	Error Ratio 1.1449 (2.8625)
03-02 11:46 INFO     Epoch: [0][7500/11389]	Time 0.140 (0.155)	Data 0.000 (0.000)	Loss 0.0874 (0.1354)	Error Ratio 0.9357 (2.8572)
03-02 11:46 INFO     Epoch: [0][7520/11389]	Time 0.157 (0.155)	Data 0.000 (0.000)	Loss 0.0824 (0.1354)	Error Ratio 0.5113 (2.8558)
03-02 11:46 INFO     Epoch: [0][7540/11389]	Time 0.148 (0.155)	Data 0.000 (0.000)	Loss 0.1583 (0.1354)	Error Ratio 0.9586 (2.8529)
03-02 11:46 INFO     Epoch: [0][7560/11389]	Time 0.166 (0.155)	Data 0.000 (0.000)	Loss 0.1024 (0.1354)	Error Ratio 0.7649 (2.8523)
03-02 11:46 INFO     Epoch: [0][7580/11389]	Time 0.169 (0.155)	Data 0.000 (0.000)	Loss 0.0971 (0.1354)	Error Ratio 1.0646 (2.8474)
03-02 11:46 INFO     Epoch: [0][7600/11389]	Time 0.166 (0.155)	Data 0.000 (0.000)	Loss 0.0663 (0.1353)	Error Ratio 0.9202 (2.8673)
03-02 11:46 INFO     Epoch: [0][7620/11389]	Time 0.214 (0.155)	Data 0.000 (0.000)	Loss 0.1142 (0.1353)	Error Ratio 0.6220 (2.8635)
03-02 11:46 INFO     Epoch: [0][7640/11389]	Time 0.147 (0.155)	Data 0.000 (0.000)	Loss 0.1239 (0.1353)	Error Ratio 1.0591 (2.8594)
03-02 11:46 INFO     Epoch: [0][7660/11389]	Time 0.158 (0.155)	Data 0.000 (0.000)	Loss 0.1989 (0.1352)	Error Ratio 0.5373 (2.8566)
03-02 11:46 INFO     Epoch: [0][7680/11389]	Time 0.166 (0.155)	Data 0.000 (0.000)	Loss 0.0835 (0.1352)	Error Ratio 0.7415 (2.8517)
03-02 11:46 INFO     Epoch: [0][7700/11389]	Time 0.165 (0.155)	Data 0.000 (0.000)	Loss 0.0904 (0.1351)	Error Ratio 1.2792 (2.8497)
03-02 11:46 INFO     Epoch: [0][7720/11389]	Time 0.171 (0.155)	Data 0.000 (0.000)	Loss 0.1354 (0.1352)	Error Ratio 0.9552 (2.8465)
03-02 11:46 INFO     Epoch: [0][7740/11389]	Time 0.155 (0.155)	Data 0.000 (0.000)	Loss 0.2511 (0.1352)	Error Ratio 2.1062 (2.8423)
03-02 11:46 INFO     Epoch: [0][7760/11389]	Time 0.195 (0.155)	Data 0.000 (0.000)	Loss 0.2162 (0.1352)	Error Ratio 2.1351 (2.8419)
03-02 11:46 INFO     Epoch: [0][7780/11389]	Time 0.149 (0.155)	Data 0.000 (0.000)	Loss 0.0977 (0.1352)	Error Ratio 0.6715 (2.8557)
03-02 11:46 INFO     Epoch: [0][7800/11389]	Time 0.154 (0.155)	Data 0.000 (0.000)	Loss 0.0757 (0.1352)	Error Ratio 0.5801 (2.8504)
03-02 11:46 INFO     Epoch: [0][7820/11389]	Time 0.156 (0.155)	Data 0.000 (0.000)	Loss 0.1004 (0.1351)	Error Ratio 1.0803 (2.8487)
03-02 11:47 INFO     Epoch: [0][7840/11389]	Time 0.142 (0.155)	Data 0.000 (0.000)	Loss 0.1268 (0.1351)	Error Ratio 0.5161 (2.8451)
03-02 11:47 INFO     Epoch: [0][7860/11389]	Time 0.148 (0.155)	Data 0.000 (0.000)	Loss 0.1522 (0.1350)	Error Ratio 0.8056 (2.8421)
03-02 11:47 INFO     Epoch: [0][7880/11389]	Time 0.143 (0.155)	Data 0.000 (0.000)	Loss 0.0896 (0.1350)	Error Ratio 1.5902 (2.8454)
03-02 11:47 INFO     Epoch: [0][7900/11389]	Time 0.173 (0.155)	Data 0.000 (0.000)	Loss 0.1391 (0.1350)	Error Ratio 1.6720 (2.8474)
03-02 11:47 INFO     Epoch: [0][7920/11389]	Time 0.165 (0.155)	Data 0.000 (0.000)	Loss 0.1107 (0.1350)	Error Ratio 0.9641 (2.8434)
03-02 11:47 INFO     Epoch: [0][7940/11389]	Time 0.166 (0.155)	Data 0.000 (0.000)	Loss 0.2071 (0.1350)	Error Ratio 0.8447 (2.8397)
03-02 11:47 INFO     Epoch: [0][7960/11389]	Time 0.134 (0.155)	Data 0.000 (0.000)	Loss 0.1262 (0.1349)	Error Ratio 0.8743 (2.8347)
03-02 11:47 INFO     Epoch: [0][7980/11389]	Time 0.148 (0.155)	Data 0.000 (0.000)	Loss 0.2305 (0.1349)	Error Ratio 0.7313 (2.8374)
03-02 11:47 INFO     Epoch: [0][8000/11389]	Time 0.153 (0.155)	Data 0.000 (0.000)	Loss 0.1349 (0.1348)	Error Ratio 0.5039 (2.8331)
03-02 11:47 INFO     Epoch: [0][8020/11389]	Time 0.154 (0.155)	Data 0.000 (0.000)	Loss 0.1303 (0.1348)	Error Ratio 3.9630 (2.8312)
03-02 11:47 INFO     Epoch: [0][8040/11389]	Time 0.153 (0.155)	Data 0.000 (0.000)	Loss 0.1207 (0.1348)	Error Ratio 1.7271 (2.8307)
03-02 11:47 INFO     Epoch: [0][8060/11389]	Time 0.147 (0.155)	Data 0.000 (0.000)	Loss 0.0976 (0.1348)	Error Ratio 2.5912 (2.8284)
03-02 11:47 INFO     Epoch: [0][8080/11389]	Time 0.155 (0.155)	Data 0.000 (0.000)	Loss 0.1287 (0.1347)	Error Ratio 4.7406 (2.8323)
03-02 11:47 INFO     Epoch: [0][8100/11389]	Time 0.146 (0.155)	Data 0.000 (0.000)	Loss 0.1361 (0.1347)	Error Ratio 0.7676 (2.8288)
03-02 11:47 INFO     Epoch: [0][8120/11389]	Time 0.141 (0.155)	Data 0.000 (0.000)	Loss 0.0929 (0.1347)	Error Ratio 1.8859 (2.8259)
03-02 11:47 INFO     Epoch: [0][8140/11389]	Time 0.163 (0.155)	Data 0.000 (0.000)	Loss 0.1251 (0.1346)	Error Ratio 0.5705 (2.8219)
03-02 11:47 INFO     Epoch: [0][8160/11389]	Time 0.165 (0.155)	Data 0.000 (0.000)	Loss 0.1446 (0.1346)	Error Ratio 0.9718 (2.8187)
03-02 11:47 INFO     Epoch: [0][8180/11389]	Time 0.154 (0.155)	Data 0.000 (0.000)	Loss 0.1430 (0.1346)	Error Ratio 1.8488 (2.8139)
03-02 11:47 INFO     Epoch: [0][8200/11389]	Time 0.191 (0.155)	Data 0.000 (0.000)	Loss 0.1083 (0.1346)	Error Ratio 0.7428 (2.8144)
03-02 11:48 INFO     Epoch: [0][8220/11389]	Time 0.153 (0.155)	Data 0.000 (0.000)	Loss 0.1550 (0.1346)	Error Ratio 0.8504 (2.8132)
03-02 11:48 INFO     Epoch: [0][8240/11389]	Time 0.153 (0.155)	Data 0.000 (0.000)	Loss 0.1424 (0.1345)	Error Ratio 0.8706 (2.8095)
03-02 11:48 INFO     Epoch: [0][8260/11389]	Time 0.154 (0.155)	Data 0.000 (0.000)	Loss 0.1225 (0.1345)	Error Ratio 1.6175 (2.8067)
03-02 11:48 INFO     Epoch: [0][8280/11389]	Time 0.156 (0.155)	Data 0.000 (0.000)	Loss 0.0776 (0.1346)	Error Ratio 1.1187 (2.8062)
03-02 11:48 INFO     Epoch: [0][8300/11389]	Time 0.178 (0.155)	Data 0.000 (0.000)	Loss 0.1589 (0.1345)	Error Ratio 0.8799 (2.8072)
03-02 11:48 INFO     Epoch: [0][8320/11389]	Time 0.151 (0.155)	Data 0.000 (0.000)	Loss 0.0842 (0.1345)	Error Ratio 1.2282 (2.8047)
03-02 11:48 INFO     Epoch: [0][8340/11389]	Time 0.192 (0.155)	Data 0.000 (0.000)	Loss 0.1410 (0.1345)	Error Ratio 6.8069 (2.8078)
03-02 11:48 INFO     Epoch: [0][8360/11389]	Time 0.197 (0.155)	Data 0.000 (0.000)	Loss 0.1420 (0.1345)	Error Ratio 0.9713 (2.8058)
03-02 11:48 INFO     Epoch: [0][8380/11389]	Time 0.146 (0.155)	Data 0.000 (0.000)	Loss 0.0991 (0.1345)	Error Ratio 0.7135 (2.8020)
03-02 11:48 INFO     Epoch: [0][8400/11389]	Time 0.153 (0.155)	Data 0.000 (0.000)	Loss 0.2893 (0.1345)	Error Ratio 0.6572 (2.7996)
03-02 11:48 INFO     Epoch: [0][8420/11389]	Time 0.142 (0.155)	Data 0.000 (0.000)	Loss 0.1285 (0.1345)	Error Ratio 0.7040 (2.8218)
03-02 11:48 INFO     Epoch: [0][8440/11389]	Time 0.167 (0.155)	Data 0.000 (0.000)	Loss 0.0940 (0.1344)	Error Ratio 0.7150 (2.8210)
03-02 11:48 INFO     Epoch: [0][8460/11389]	Time 0.165 (0.155)	Data 0.000 (0.000)	Loss 0.0758 (0.1344)	Error Ratio 1.4846 (2.8225)
03-02 11:48 INFO     Epoch: [0][8480/11389]	Time 0.181 (0.155)	Data 0.000 (0.000)	Loss 0.1615 (0.1344)	Error Ratio 2.2376 (2.8189)
03-02 11:48 INFO     Epoch: [0][8500/11389]	Time 0.164 (0.155)	Data 0.000 (0.000)	Loss 0.0895 (0.1343)	Error Ratio 0.7376 (2.8180)
03-02 11:48 INFO     Epoch: [0][8520/11389]	Time 0.162 (0.155)	Data 0.000 (0.000)	Loss 0.1276 (0.1343)	Error Ratio 1.4429 (2.8143)
03-02 11:48 INFO     Epoch: [0][8540/11389]	Time 0.154 (0.155)	Data 0.000 (0.000)	Loss 0.0873 (0.1342)	Error Ratio 1.0610 (2.8107)
03-02 11:48 INFO     Epoch: [0][8560/11389]	Time 0.122 (0.155)	Data 0.000 (0.000)	Loss 0.0713 (0.1342)	Error Ratio 0.5380 (2.8108)
03-02 11:48 INFO     Epoch: [0][8580/11389]	Time 0.155 (0.155)	Data 0.000 (0.000)	Loss 0.0550 (0.1342)	Error Ratio 0.6119 (2.8062)
03-02 11:49 INFO     Epoch: [0][8600/11389]	Time 0.172 (0.155)	Data 0.000 (0.000)	Loss 0.1057 (0.1341)	Error Ratio 0.5076 (2.8050)
03-02 11:49 INFO     Epoch: [0][8620/11389]	Time 0.144 (0.155)	Data 0.000 (0.000)	Loss 0.1299 (0.1341)	Error Ratio 1.1161 (2.8014)
03-02 11:49 INFO     Epoch: [0][8640/11389]	Time 0.154 (0.155)	Data 0.000 (0.000)	Loss 0.1801 (0.1341)	Error Ratio 0.6519 (2.8105)
03-02 11:49 INFO     Epoch: [0][8660/11389]	Time 0.153 (0.155)	Data 0.000 (0.000)	Loss 0.0987 (0.1342)	Error Ratio 3.2311 (2.8127)
03-02 11:49 INFO     Epoch: [0][8680/11389]	Time 0.154 (0.155)	Data 0.000 (0.000)	Loss 0.1271 (0.1341)	Error Ratio 2.7987 (2.8095)
03-02 11:49 INFO     Epoch: [0][8700/11389]	Time 0.166 (0.155)	Data 0.000 (0.000)	Loss 0.1643 (0.1341)	Error Ratio 0.7969 (2.8099)
03-02 11:49 INFO     Epoch: [0][8720/11389]	Time 0.160 (0.155)	Data 0.000 (0.000)	Loss 0.1355 (0.1342)	Error Ratio 0.6901 (2.8067)
03-02 11:49 INFO     Epoch: [0][8740/11389]	Time 0.157 (0.155)	Data 0.000 (0.000)	Loss 0.0854 (0.1341)	Error Ratio 1.0235 (2.8159)
03-02 11:49 INFO     Epoch: [0][8760/11389]	Time 0.161 (0.155)	Data 0.000 (0.000)	Loss 0.1182 (0.1342)	Error Ratio 4.8634 (2.8153)
03-02 11:49 INFO     Epoch: [0][8780/11389]	Time 0.184 (0.155)	Data 0.000 (0.000)	Loss 0.1177 (0.1341)	Error Ratio 1.8788 (2.8110)
03-02 11:49 INFO     Epoch: [0][8800/11389]	Time 0.155 (0.155)	Data 0.000 (0.000)	Loss 0.1788 (0.1341)	Error Ratio 16.8690 (2.8147)
03-02 11:49 INFO     Epoch: [0][8820/11389]	Time 0.135 (0.155)	Data 0.000 (0.000)	Loss 0.1700 (0.1341)	Error Ratio 0.7170 (2.8172)
03-02 11:49 INFO     Epoch: [0][8840/11389]	Time 0.154 (0.155)	Data 0.000 (0.000)	Loss 0.0916 (0.1340)	Error Ratio 0.6536 (2.8135)
03-02 11:49 INFO     Epoch: [0][8860/11389]	Time 0.152 (0.155)	Data 0.000 (0.000)	Loss 0.0972 (0.1340)	Error Ratio 2.5656 (2.8098)
03-02 11:49 INFO     Epoch: [0][8880/11389]	Time 0.147 (0.155)	Data 0.000 (0.000)	Loss 0.2263 (0.1340)	Error Ratio 1.8976 (2.8101)
03-02 11:49 INFO     Epoch: [0][8900/11389]	Time 0.156 (0.155)	Data 0.000 (0.000)	Loss 0.1560 (0.1340)	Error Ratio 0.5068 (2.8080)
03-02 11:49 INFO     Epoch: [0][8920/11389]	Time 0.141 (0.155)	Data 0.000 (0.000)	Loss 0.1388 (0.1340)	Error Ratio 1.6035 (2.8074)
03-02 11:49 INFO     Epoch: [0][8940/11389]	Time 0.177 (0.155)	Data 0.000 (0.000)	Loss 0.0793 (0.1340)	Error Ratio 0.4879 (2.8068)
03-02 11:49 INFO     Epoch: [0][8960/11389]	Time 0.148 (0.155)	Data 0.000 (0.000)	Loss 0.0783 (0.1340)	Error Ratio 0.7034 (2.8085)
03-02 11:50 INFO     Epoch: [0][8980/11389]	Time 0.168 (0.155)	Data 0.000 (0.000)	Loss 0.0839 (0.1339)	Error Ratio 0.7139 (2.8054)
03-02 11:50 INFO     Epoch: [0][9000/11389]	Time 0.148 (0.155)	Data 0.000 (0.000)	Loss 0.0737 (0.1339)	Error Ratio 0.8062 (2.8018)
03-02 11:50 INFO     Epoch: [0][9020/11389]	Time 0.148 (0.155)	Data 0.000 (0.000)	Loss 0.1195 (0.1339)	Error Ratio 0.5576 (2.7977)
03-02 11:50 INFO     Epoch: [0][9040/11389]	Time 0.153 (0.155)	Data 0.000 (0.000)	Loss 0.1394 (0.1339)	Error Ratio 0.6133 (2.7942)
03-02 11:50 INFO     Epoch: [0][9060/11389]	Time 0.147 (0.155)	Data 0.000 (0.000)	Loss 0.1945 (0.1339)	Error Ratio 0.6729 (2.7909)
03-02 11:50 INFO     Epoch: [0][9080/11389]	Time 0.167 (0.155)	Data 0.000 (0.000)	Loss 0.1694 (0.1340)	Error Ratio 0.9899 (2.7882)
03-02 11:50 INFO     Epoch: [0][9100/11389]	Time 0.166 (0.155)	Data 0.000 (0.000)	Loss 0.1192 (0.1339)	Error Ratio 0.5969 (2.7844)
03-02 11:50 INFO     Epoch: [0][9120/11389]	Time 0.142 (0.155)	Data 0.000 (0.000)	Loss 0.0786 (0.1339)	Error Ratio 0.4880 (2.7833)
03-02 11:50 INFO     Epoch: [0][9140/11389]	Time 0.166 (0.155)	Data 0.000 (0.000)	Loss 0.1485 (0.1339)	Error Ratio 10.5541 (2.7884)
03-02 11:50 INFO     Epoch: [0][9160/11389]	Time 0.148 (0.155)	Data 0.000 (0.000)	Loss 0.0932 (0.1339)	Error Ratio 2.0917 (2.7849)
03-02 11:50 INFO     Epoch: [0][9180/11389]	Time 0.196 (0.155)	Data 0.000 (0.000)	Loss 0.1100 (0.1339)	Error Ratio 0.3343 (2.7810)
03-02 11:50 INFO     Epoch: [0][9200/11389]	Time 0.151 (0.155)	Data 0.000 (0.000)	Loss 0.1261 (0.1338)	Error Ratio 0.7755 (2.7767)
03-02 11:50 INFO     Epoch: [0][9220/11389]	Time 0.153 (0.155)	Data 0.000 (0.000)	Loss 0.1242 (0.1339)	Error Ratio 0.8524 (2.7735)
03-02 11:50 INFO     Epoch: [0][9240/11389]	Time 0.148 (0.155)	Data 0.000 (0.000)	Loss 0.1780 (0.1339)	Error Ratio 5.3188 (2.7763)
03-02 11:50 INFO     Epoch: [0][9260/11389]	Time 0.160 (0.155)	Data 0.000 (0.000)	Loss 0.0829 (0.1339)	Error Ratio 0.7570 (2.7724)
03-02 11:50 INFO     Epoch: [0][9280/11389]	Time 0.155 (0.155)	Data 0.000 (0.000)	Loss 0.1203 (0.1339)	Error Ratio 0.6287 (2.7749)
03-02 11:50 INFO     Epoch: [0][9300/11389]	Time 0.151 (0.155)	Data 0.000 (0.000)	Loss 0.1417 (0.1338)	Error Ratio 0.5404 (2.7715)
03-02 11:50 INFO     Epoch: [0][9320/11389]	Time 0.142 (0.155)	Data 0.000 (0.000)	Loss 0.1081 (0.1339)	Error Ratio 3.2827 (2.7706)
03-02 11:50 INFO     Epoch: [0][9340/11389]	Time 0.147 (0.155)	Data 0.000 (0.000)	Loss 0.0845 (0.1338)	Error Ratio 0.6707 (2.7669)
03-02 11:50 INFO     Epoch: [0][9360/11389]	Time 0.148 (0.155)	Data 0.000 (0.000)	Loss 0.1104 (0.1338)	Error Ratio 0.9931 (2.7648)
03-02 11:51 INFO     Epoch: [0][9380/11389]	Time 0.154 (0.155)	Data 0.000 (0.000)	Loss 0.1941 (0.1338)	Error Ratio 0.5963 (2.7610)
03-02 11:51 INFO     Epoch: [0][9400/11389]	Time 0.148 (0.155)	Data 0.000 (0.000)	Loss 0.0765 (0.1339)	Error Ratio 0.4439 (2.7575)
03-02 11:51 INFO     Epoch: [0][9420/11389]	Time 0.140 (0.155)	Data 0.000 (0.000)	Loss 0.1124 (0.1338)	Error Ratio 0.7878 (2.7535)
03-02 11:51 INFO     Epoch: [0][9440/11389]	Time 0.154 (0.155)	Data 0.000 (0.000)	Loss 0.1162 (0.1338)	Error Ratio 1.4842 (2.7509)
03-02 11:51 INFO     Epoch: [0][9460/11389]	Time 0.154 (0.155)	Data 0.000 (0.000)	Loss 0.0685 (0.1339)	Error Ratio 0.5289 (2.7480)
03-02 11:51 INFO     Epoch: [0][9480/11389]	Time 0.147 (0.155)	Data 0.000 (0.000)	Loss 0.1091 (0.1339)	Error Ratio 4.2942 (2.7456)
03-02 11:51 INFO     Epoch: [0][9500/11389]	Time 0.140 (0.155)	Data 0.000 (0.000)	Loss 0.0919 (0.1338)	Error Ratio 0.6942 (2.7424)
03-02 11:51 INFO     Epoch: [0][9520/11389]	Time 0.141 (0.155)	Data 0.000 (0.000)	Loss 0.1004 (0.1338)	Error Ratio 1.1998 (2.7424)
03-02 11:51 INFO     Epoch: [0][9540/11389]	Time 0.140 (0.155)	Data 0.000 (0.000)	Loss 0.0668 (0.1338)	Error Ratio 3.4582 (2.7409)
03-02 11:51 INFO     Epoch: [0][9560/11389]	Time 0.155 (0.155)	Data 0.000 (0.000)	Loss 0.1490 (0.1337)	Error Ratio 0.9808 (2.7373)
03-02 11:51 INFO     Epoch: [0][9580/11389]	Time 0.166 (0.155)	Data 0.000 (0.000)	Loss 0.1091 (0.1337)	Error Ratio 0.5467 (2.7349)
03-02 11:51 INFO     Epoch: [0][9600/11389]	Time 0.171 (0.155)	Data 0.000 (0.000)	Loss 0.1338 (0.1337)	Error Ratio 0.4750 (2.7311)
03-02 11:51 INFO     Epoch: [0][9620/11389]	Time 0.160 (0.155)	Data 0.000 (0.000)	Loss 0.0979 (0.1337)	Error Ratio 1.5236 (2.7304)
03-02 11:51 INFO     Epoch: [0][9640/11389]	Time 0.159 (0.155)	Data 0.000 (0.000)	Loss 0.1109 (0.1336)	Error Ratio 0.3963 (2.7276)
03-02 11:51 INFO     Epoch: [0][9660/11389]	Time 0.151 (0.155)	Data 0.000 (0.000)	Loss 0.1255 (0.1336)	Error Ratio 1.4256 (2.7259)
03-02 11:51 INFO     Epoch: [0][9680/11389]	Time 0.141 (0.155)	Data 0.000 (0.000)	Loss 0.1278 (0.1336)	Error Ratio 2.7881 (2.7292)
03-02 11:51 INFO     Epoch: [0][9700/11389]	Time 0.155 (0.155)	Data 0.000 (0.000)	Loss 0.1286 (0.1336)	Error Ratio 0.7287 (2.7284)
03-02 11:51 INFO     Epoch: [0][9720/11389]	Time 0.155 (0.155)	Data 0.000 (0.000)	Loss 0.2155 (0.1336)	Error Ratio 2.3668 (2.7263)
03-02 11:51 INFO     Epoch: [0][9740/11389]	Time 0.150 (0.155)	Data 0.000 (0.000)	Loss 0.0743 (0.1336)	Error Ratio 0.5507 (2.7240)
03-02 11:52 INFO     Epoch: [0][9760/11389]	Time 0.168 (0.155)	Data 0.000 (0.000)	Loss 0.2252 (0.1336)	Error Ratio 1.3228 (2.7236)
03-02 11:52 INFO     Epoch: [0][9780/11389]	Time 0.184 (0.155)	Data 0.000 (0.000)	Loss 0.1119 (0.1336)	Error Ratio 1.3120 (2.7275)
03-02 11:52 INFO     Epoch: [0][9800/11389]	Time 0.169 (0.155)	Data 0.000 (0.000)	Loss 0.1222 (0.1336)	Error Ratio 0.4934 (2.7271)
03-02 11:52 INFO     Epoch: [0][9820/11389]	Time 0.150 (0.155)	Data 0.000 (0.000)	Loss 0.2118 (0.1336)	Error Ratio 0.5743 (2.7274)
03-02 11:52 INFO     Epoch: [0][9840/11389]	Time 0.162 (0.155)	Data 0.000 (0.000)	Loss 0.1125 (0.1335)	Error Ratio 1.7905 (2.7316)
03-02 11:52 INFO     Epoch: [0][9860/11389]	Time 0.163 (0.155)	Data 0.000 (0.000)	Loss 0.0825 (0.1335)	Error Ratio 0.3933 (2.7282)
03-02 11:52 INFO     Epoch: [0][9880/11389]	Time 0.150 (0.155)	Data 0.000 (0.000)	Loss 0.1151 (0.1336)	Error Ratio 0.4782 (2.7252)
03-02 11:52 INFO     Epoch: [0][9900/11389]	Time 0.155 (0.155)	Data 0.000 (0.000)	Loss 0.1630 (0.1336)	Error Ratio 0.7027 (2.7240)
03-02 11:52 INFO     Epoch: [0][9920/11389]	Time 0.161 (0.155)	Data 0.000 (0.000)	Loss 0.1404 (0.1336)	Error Ratio 0.6076 (2.7249)
03-02 11:52 INFO     Epoch: [0][9940/11389]	Time 0.158 (0.155)	Data 0.000 (0.000)	Loss 0.1306 (0.1336)	Error Ratio 2.6176 (2.7222)
03-02 11:52 INFO     Epoch: [0][9960/11389]	Time 0.155 (0.155)	Data 0.000 (0.000)	Loss 0.1070 (0.1336)	Error Ratio 1.2707 (2.7235)
03-02 11:52 INFO     Epoch: [0][9980/11389]	Time 0.146 (0.155)	Data 0.000 (0.000)	Loss 0.4291 (0.1336)	Error Ratio 6.9739 (2.7208)
03-02 11:52 INFO     Epoch: [0][10000/11389]	Time 0.141 (0.155)	Data 0.000 (0.000)	Loss 0.0860 (0.1336)	Error Ratio 0.4676 (2.7187)
03-02 11:52 INFO     Epoch: [0][10020/11389]	Time 0.135 (0.155)	Data 0.000 (0.000)	Loss 0.2237 (0.1336)	Error Ratio 3.4427 (2.7163)
03-02 11:52 INFO     Epoch: [0][10040/11389]	Time 0.166 (0.155)	Data 0.000 (0.000)	Loss 0.0947 (0.1336)	Error Ratio 0.5122 (2.7124)
03-02 11:52 INFO     Epoch: [0][10060/11389]	Time 0.149 (0.155)	Data 0.000 (0.000)	Loss 0.1529 (0.1336)	Error Ratio 1.0563 (2.7096)
03-02 11:52 INFO     Epoch: [0][10080/11389]	Time 0.152 (0.155)	Data 0.000 (0.000)	Loss 0.1548 (0.1336)	Error Ratio 1.0290 (2.7084)
03-02 11:52 INFO     Epoch: [0][10100/11389]	Time 0.158 (0.155)	Data 0.000 (0.000)	Loss 0.0842 (0.1337)	Error Ratio 0.9908 (2.7055)
03-02 11:52 INFO     Epoch: [0][10120/11389]	Time 0.140 (0.155)	Data 0.000 (0.000)	Loss 0.0521 (0.1336)	Error Ratio 0.9160 (2.7029)
03-02 11:52 INFO     Epoch: [0][10140/11389]	Time 0.159 (0.155)	Data 0.000 (0.000)	Loss 0.1620 (0.1336)	Error Ratio 0.5493 (2.6991)
03-02 11:53 INFO     Epoch: [0][10160/11389]	Time 0.151 (0.155)	Data 0.000 (0.000)	Loss 0.0934 (0.1336)	Error Ratio 8.2003 (2.6962)
03-02 11:53 INFO     Epoch: [0][10180/11389]	Time 0.155 (0.155)	Data 0.000 (0.000)	Loss 0.1065 (0.1336)	Error Ratio 1.0219 (2.6954)
03-02 11:53 INFO     Epoch: [0][10200/11389]	Time 0.181 (0.155)	Data 0.000 (0.000)	Loss 0.1497 (0.1337)	Error Ratio 1.4254 (2.6982)
03-02 11:53 INFO     Epoch: [0][10220/11389]	Time 0.153 (0.155)	Data 0.000 (0.000)	Loss 0.0986 (0.1337)	Error Ratio 0.4350 (2.6966)
03-02 11:53 INFO     Epoch: [0][10240/11389]	Time 0.166 (0.155)	Data 0.000 (0.000)	Loss 0.1091 (0.1337)	Error Ratio 0.8867 (2.6936)
03-02 11:53 INFO     Epoch: [0][10260/11389]	Time 0.142 (0.155)	Data 0.000 (0.000)	Loss 0.1190 (0.1337)	Error Ratio 0.9781 (2.6906)
03-02 11:53 INFO     Epoch: [0][10280/11389]	Time 0.166 (0.155)	Data 0.000 (0.000)	Loss 0.1267 (0.1337)	Error Ratio 0.9685 (2.6888)
03-02 11:53 INFO     Epoch: [0][10300/11389]	Time 0.141 (0.155)	Data 0.000 (0.000)	Loss 0.1055 (0.1337)	Error Ratio 0.5792 (2.6905)
03-02 11:53 INFO     Epoch: [0][10320/11389]	Time 0.158 (0.155)	Data 0.000 (0.000)	Loss 0.1023 (0.1337)	Error Ratio 1.0377 (2.6874)
03-02 11:53 INFO     Epoch: [0][10340/11389]	Time 0.148 (0.155)	Data 0.000 (0.000)	Loss 0.0886 (0.1337)	Error Ratio 0.7148 (2.6843)
03-02 11:53 INFO     Epoch: [0][10360/11389]	Time 0.180 (0.155)	Data 0.002 (0.000)	Loss 0.1310 (0.1336)	Error Ratio 0.9083 (2.6845)
03-02 11:53 INFO     Epoch: [0][10380/11389]	Time 0.140 (0.155)	Data 0.000 (0.000)	Loss 0.1205 (0.1336)	Error Ratio 0.9827 (2.6810)
03-02 11:53 INFO     Epoch: [0][10400/11389]	Time 0.192 (0.155)	Data 0.000 (0.000)	Loss 0.1290 (0.1336)	Error Ratio 1.1150 (2.6782)
03-02 11:53 INFO     Epoch: [0][10420/11389]	Time 0.181 (0.155)	Data 0.000 (0.000)	Loss 0.1630 (0.1336)	Error Ratio 0.7909 (2.6751)
03-02 11:53 INFO     Epoch: [0][10440/11389]	Time 0.153 (0.155)	Data 0.000 (0.000)	Loss 0.1995 (0.1335)	Error Ratio 0.9872 (2.6783)
03-02 11:53 INFO     Epoch: [0][10460/11389]	Time 0.154 (0.155)	Data 0.000 (0.000)	Loss 0.1325 (0.1335)	Error Ratio 0.4431 (2.6750)
03-02 11:53 INFO     Epoch: [0][10480/11389]	Time 0.135 (0.155)	Data 0.000 (0.000)	Loss 0.0787 (0.1335)	Error Ratio 0.7621 (2.6837)
03-02 11:53 INFO     Epoch: [0][10500/11389]	Time 0.172 (0.155)	Data 0.000 (0.000)	Loss 0.1479 (0.1335)	Error Ratio 10.2311 (2.6816)
03-02 11:53 INFO     Epoch: [0][10520/11389]	Time 0.196 (0.155)	Data 0.000 (0.000)	Loss 0.0916 (0.1335)	Error Ratio 0.6105 (2.6781)
03-02 11:54 INFO     Epoch: [0][10540/11389]	Time 0.153 (0.155)	Data 0.000 (0.000)	Loss 0.1158 (0.1335)	Error Ratio 0.5488 (2.6761)
03-02 11:54 INFO     Epoch: [0][10560/11389]	Time 0.160 (0.155)	Data 0.000 (0.000)	Loss 0.1100 (0.1335)	Error Ratio 1.4153 (2.6747)
03-02 11:54 INFO     Epoch: [0][10580/11389]	Time 0.167 (0.155)	Data 0.000 (0.000)	Loss 0.1264 (0.1335)	Error Ratio 0.6104 (2.6785)
03-02 11:54 INFO     Epoch: [0][10600/11389]	Time 0.134 (0.155)	Data 0.000 (0.000)	Loss 0.3117 (0.1336)	Error Ratio 0.9640 (2.6768)
03-02 11:54 INFO     Epoch: [0][10620/11389]	Time 0.165 (0.155)	Data 0.000 (0.000)	Loss 0.0558 (0.1336)	Error Ratio 0.6090 (2.6747)
03-02 11:54 INFO     Epoch: [0][10640/11389]	Time 0.151 (0.155)	Data 0.000 (0.000)	Loss 0.1117 (0.1335)	Error Ratio 0.7126 (2.6726)
03-02 11:54 INFO     Epoch: [0][10660/11389]	Time 0.128 (0.155)	Data 0.000 (0.000)	Loss 0.1108 (0.1335)	Error Ratio 0.8408 (2.6723)
03-02 11:54 INFO     Epoch: [0][10680/11389]	Time 0.178 (0.155)	Data 0.000 (0.000)	Loss 0.0755 (0.1335)	Error Ratio 0.6456 (2.6793)
03-02 11:54 INFO     Epoch: [0][10700/11389]	Time 0.160 (0.155)	Data 0.000 (0.000)	Loss 0.1571 (0.1335)	Error Ratio 2.1532 (2.6764)
03-02 11:54 INFO     Epoch: [0][10720/11389]	Time 0.141 (0.155)	Data 0.000 (0.000)	Loss 0.1124 (0.1335)	Error Ratio 4.2320 (2.6735)
03-02 11:54 INFO     Epoch: [0][10740/11389]	Time 0.128 (0.155)	Data 0.000 (0.000)	Loss 0.1394 (0.1335)	Error Ratio 0.7182 (2.6719)
03-02 11:54 INFO     Epoch: [0][10760/11389]	Time 0.152 (0.155)	Data 0.000 (0.000)	Loss 0.1188 (0.1335)	Error Ratio 0.6110 (2.6762)
03-02 11:54 INFO     Epoch: [0][10780/11389]	Time 0.166 (0.155)	Data 0.000 (0.000)	Loss 0.1189 (0.1335)	Error Ratio 0.8278 (2.6738)
03-02 11:54 INFO     Epoch: [0][10800/11389]	Time 0.155 (0.155)	Data 0.000 (0.000)	Loss 0.0715 (0.1335)	Error Ratio 0.5374 (2.6706)
03-02 11:54 INFO     Epoch: [0][10820/11389]	Time 0.166 (0.155)	Data 0.000 (0.000)	Loss 0.1348 (0.1335)	Error Ratio 0.8454 (2.6673)
03-02 11:54 INFO     Epoch: [0][10840/11389]	Time 0.166 (0.155)	Data 0.000 (0.000)	Loss 0.0759 (0.1334)	Error Ratio 0.4062 (2.6650)
03-02 11:54 INFO     Epoch: [0][10860/11389]	Time 0.141 (0.155)	Data 0.000 (0.000)	Loss 0.0944 (0.1334)	Error Ratio 0.9884 (2.6626)
03-02 11:54 INFO     Epoch: [0][10880/11389]	Time 0.143 (0.155)	Data 0.000 (0.000)	Loss 0.1939 (0.1335)	Error Ratio 0.9513 (2.6864)
03-02 11:54 INFO     Epoch: [0][10900/11389]	Time 0.129 (0.155)	Data 0.000 (0.000)	Loss 0.0919 (0.1335)	Error Ratio 0.3896 (2.6830)
03-02 11:55 INFO     Epoch: [0][10920/11389]	Time 0.135 (0.155)	Data 0.000 (0.000)	Loss 0.2093 (0.1335)	Error Ratio 0.7439 (2.6827)
03-02 11:55 INFO     Epoch: [0][10940/11389]	Time 0.211 (0.155)	Data 0.001 (0.000)	Loss 0.1080 (0.1335)	Error Ratio 1.2212 (2.6804)
03-02 11:55 INFO     Epoch: [0][10960/11389]	Time 0.129 (0.155)	Data 0.000 (0.000)	Loss 0.1104 (0.1334)	Error Ratio 0.4521 (2.6811)
03-02 11:55 INFO     Epoch: [0][10980/11389]	Time 0.167 (0.155)	Data 0.000 (0.000)	Loss 0.3713 (0.1334)	Error Ratio 0.5426 (2.6779)
03-02 11:55 INFO     Epoch: [0][11000/11389]	Time 0.142 (0.155)	Data 0.000 (0.000)	Loss 0.5280 (0.1335)	Error Ratio 0.5653 (2.6759)
03-02 11:55 INFO     Epoch: [0][11020/11389]	Time 0.157 (0.155)	Data 0.000 (0.000)	Loss 0.1227 (0.1335)	Error Ratio 1.0228 (2.6734)
03-02 11:55 INFO     Epoch: [0][11040/11389]	Time 0.143 (0.155)	Data 0.000 (0.000)	Loss 0.1028 (0.1335)	Error Ratio 0.6107 (2.6732)
03-02 11:55 INFO     Epoch: [0][11060/11389]	Time 0.161 (0.155)	Data 0.000 (0.000)	Loss 0.0500 (0.1334)	Error Ratio 12.2339 (2.6733)
03-02 11:55 INFO     Epoch: [0][11080/11389]	Time 0.167 (0.155)	Data 0.000 (0.000)	Loss 1.8341 (0.1336)	Error Ratio 0.5455 (2.7351)
03-02 11:55 INFO     Epoch: [0][11100/11389]	Time 0.149 (0.155)	Data 0.000 (0.000)	Loss 0.1053 (0.1336)	Error Ratio 0.8437 (2.7337)
03-02 11:55 INFO     Epoch: [0][11120/11389]	Time 0.141 (0.155)	Data 0.000 (0.000)	Loss 0.2461 (0.1336)	Error Ratio 0.7751 (2.7315)
03-02 11:55 INFO     Epoch: [0][11140/11389]	Time 0.160 (0.155)	Data 0.000 (0.000)	Loss 0.1145 (0.1336)	Error Ratio 1.2602 (2.7289)
03-02 11:55 INFO     Epoch: [0][11160/11389]	Time 0.154 (0.155)	Data 0.000 (0.000)	Loss 0.2204 (0.1336)	Error Ratio 0.5581 (2.7284)
03-02 11:55 INFO     Epoch: [0][11180/11389]	Time 0.141 (0.155)	Data 0.000 (0.000)	Loss 0.1341 (0.1335)	Error Ratio 0.6582 (2.7281)
03-02 11:55 INFO     Epoch: [0][11200/11389]	Time 0.172 (0.155)	Data 0.000 (0.000)	Loss 0.0815 (0.1335)	Error Ratio 3.3668 (2.7258)
03-02 11:55 INFO     Epoch: [0][11220/11389]	Time 0.168 (0.155)	Data 0.000 (0.000)	Loss 0.0921 (0.1335)	Error Ratio 1.1740 (2.7253)
03-02 11:55 INFO     Epoch: [0][11240/11389]	Time 0.149 (0.155)	Data 0.000 (0.000)	Loss 0.1152 (0.1335)	Error Ratio 1.2749 (2.7249)
03-02 11:55 INFO     Epoch: [0][11260/11389]	Time 0.162 (0.155)	Data 0.000 (0.000)	Loss 0.1260 (0.1335)	Error Ratio 0.9252 (2.7226)
03-02 11:55 INFO     Epoch: [0][11280/11389]	Time 0.136 (0.155)	Data 0.000 (0.000)	Loss 0.1379 (0.1335)	Error Ratio 0.9256 (2.7197)
03-02 11:55 INFO     Epoch: [0][11300/11389]	Time 0.166 (0.155)	Data 0.000 (0.000)	Loss 0.1418 (0.1334)	Error Ratio 0.9364 (2.7257)
03-02 11:56 INFO     Epoch: [0][11320/11389]	Time 0.153 (0.155)	Data 0.000 (0.000)	Loss 0.1271 (0.1334)	Error Ratio 1.0151 (2.7237)
03-02 11:56 INFO     Epoch: [0][11340/11389]	Time 0.134 (0.155)	Data 0.000 (0.000)	Loss 0.0797 (0.1333)	Error Ratio 58.8049 (2.7257)
03-02 11:56 INFO     Epoch: [0][11360/11389]	Time 0.176 (0.155)	Data 0.000 (0.000)	Loss 0.1003 (0.1333)	Error Ratio 1.0511 (2.7230)
03-02 11:56 INFO     Epoch: [0][11380/11389]	Time 0.132 (0.155)	Data 0.000 (0.000)	Loss 0.0958 (0.1333)	Error Ratio 2.1409 (2.7204)
03-02 11:56 INFO     Epoch: [0] Avg Error Ratio 2.719; Average Loss 0.133; Avg Time x Batch 0.155
03-02 11:56 INFO     Test: [20/1000]	Time 0.079 (0.094)	Loss 0.0830 (0.1217)	Error Ratio 0.4523 (1.7154)
03-02 11:56 INFO     Test: [40/1000]	Time 0.059 (0.079)	Loss 0.1493 (0.1226)	Error Ratio 0.5118 (1.8507)
03-02 11:56 INFO     Test: [60/1000]	Time 0.068 (0.073)	Loss 0.1069 (0.1276)	Error Ratio 1.1899 (1.9405)
03-02 11:56 INFO     Test: [80/1000]	Time 0.103 (0.071)	Loss 0.1400 (0.1245)	Error Ratio 0.5519 (1.7601)
03-02 11:56 INFO     Test: [100/1000]	Time 0.062 (0.069)	Loss 0.0804 (0.1261)	Error Ratio 0.9975 (1.7327)
03-02 11:56 INFO     Test: [120/1000]	Time 0.061 (0.067)	Loss 0.1494 (0.1237)	Error Ratio 0.7341 (1.9067)
03-02 11:56 INFO     Test: [140/1000]	Time 0.056 (0.067)	Loss 0.0751 (0.1233)	Error Ratio 0.6973 (1.9790)
03-02 11:56 INFO     Test: [160/1000]	Time 0.097 (0.066)	Loss 0.0627 (0.1238)	Error Ratio 0.4657 (1.9530)
03-02 11:56 INFO     Test: [180/1000]	Time 0.090 (0.066)	Loss 0.0846 (0.1211)	Error Ratio 1.7428 (2.1590)
03-02 11:56 INFO     Test: [200/1000]	Time 0.084 (0.066)	Loss 0.1405 (0.1212)	Error Ratio 1.2482 (2.0731)
03-02 11:56 INFO     Test: [220/1000]	Time 0.067 (0.066)	Loss 0.0980 (0.1220)	Error Ratio 1.2223 (2.2326)
03-02 11:56 INFO     Test: [240/1000]	Time 0.060 (0.066)	Loss 0.1270 (0.1247)	Error Ratio 0.9248 (2.1352)
03-02 11:56 INFO     Test: [260/1000]	Time 0.062 (0.066)	Loss 0.0648 (0.1265)	Error Ratio 0.8517 (2.0853)
03-02 11:56 INFO     Test: [280/1000]	Time 0.065 (0.065)	Loss 0.1794 (0.1268)	Error Ratio 1.3199 (2.1422)
03-02 11:56 INFO     Test: [300/1000]	Time 0.075 (0.065)	Loss 0.1154 (0.1273)	Error Ratio 0.9134 (2.0690)
03-02 11:56 INFO     Test: [320/1000]	Time 0.066 (0.065)	Loss 0.1041 (0.1261)	Error Ratio 0.4721 (2.0394)
03-02 11:56 INFO     Test: [340/1000]	Time 0.059 (0.065)	Loss 0.1209 (0.1258)	Error Ratio 0.9499 (2.0002)
03-02 11:56 INFO     Test: [360/1000]	Time 0.057 (0.065)	Loss 0.0777 (0.1251)	Error Ratio 1.1448 (3.7326)
03-02 11:56 INFO     Test: [380/1000]	Time 0.062 (0.065)	Loss 0.0798 (0.1244)	Error Ratio 1.5108 (3.5914)
03-02 11:56 INFO     Test: [400/1000]	Time 0.059 (0.065)	Loss 0.1072 (0.1247)	Error Ratio 0.9892 (3.4576)
03-02 11:56 INFO     Test: [420/1000]	Time 0.062 (0.065)	Loss 0.1124 (0.1246)	Error Ratio 0.5747 (3.3814)
03-02 11:56 INFO     Test: [440/1000]	Time 0.069 (0.065)	Loss 0.0793 (0.1250)	Error Ratio 0.5663 (3.3314)
03-02 11:56 INFO     Test: [460/1000]	Time 0.062 (0.064)	Loss 0.1865 (0.1244)	Error Ratio 1.0137 (3.2426)
03-02 11:56 INFO     Test: [480/1000]	Time 0.057 (0.064)	Loss 0.0768 (0.1239)	Error Ratio 0.6269 (3.1649)
03-02 11:56 INFO     Test: [500/1000]	Time 0.057 (0.065)	Loss 0.0864 (0.1239)	Error Ratio 1.3932 (3.0982)
03-02 11:56 INFO     Test: [520/1000]	Time 0.052 (0.064)	Loss 0.4863 (0.1241)	Error Ratio 1.0953 (3.0388)
03-02 11:56 INFO     Test: [540/1000]	Time 0.063 (0.064)	Loss 0.1106 (0.1234)	Error Ratio 13.5749 (3.0118)
03-02 11:56 INFO     Test: [560/1000]	Time 0.058 (0.064)	Loss 0.0737 (0.1239)	Error Ratio 0.7248 (3.2124)
03-02 11:56 INFO     Test: [580/1000]	Time 0.067 (0.064)	Loss 0.1522 (0.1234)	Error Ratio 0.6824 (3.1503)
03-02 11:56 INFO     Test: [600/1000]	Time 0.057 (0.064)	Loss 0.0821 (0.1239)	Error Ratio 1.3330 (3.1225)
03-02 11:56 INFO     Test: [620/1000]	Time 0.078 (0.064)	Loss 0.3835 (0.1238)	Error Ratio 0.6214 (3.0597)
03-02 11:56 INFO     Test: [640/1000]	Time 0.055 (0.064)	Loss 0.1635 (0.1237)	Error Ratio 1.4787 (4.5775)
03-02 11:56 INFO     Test: [660/1000]	Time 0.062 (0.064)	Loss 0.0686 (0.1236)	Error Ratio 0.4509 (4.4685)
03-02 11:56 INFO     Test: [680/1000]	Time 0.057 (0.064)	Loss 0.2115 (0.1237)	Error Ratio 0.7756 (4.3938)
03-02 11:56 INFO     Test: [700/1000]	Time 0.062 (0.064)	Loss 0.1454 (0.1236)	Error Ratio 24.8678 (4.3903)
03-02 11:56 INFO     Test: [720/1000]	Time 0.062 (0.064)	Loss 0.0839 (0.1233)	Error Ratio 0.6245 (4.3349)
03-02 11:57 INFO     Test: [740/1000]	Time 0.063 (0.064)	Loss 0.0825 (0.1238)	Error Ratio 0.5512 (4.2470)
03-02 11:57 INFO     Test: [760/1000]	Time 0.057 (0.064)	Loss 0.1400 (0.1236)	Error Ratio 0.6561 (4.2006)
03-02 11:57 INFO     Test: [780/1000]	Time 0.064 (0.064)	Loss 0.1005 (0.1235)	Error Ratio 0.6462 (4.1587)
03-02 11:57 INFO     Test: [800/1000]	Time 0.058 (0.064)	Loss 0.0947 (0.1231)	Error Ratio 38.0527 (4.1366)
03-02 11:57 INFO     Test: [820/1000]	Time 0.063 (0.064)	Loss 0.1149 (0.1233)	Error Ratio 0.4986 (4.0969)
03-02 11:57 INFO     Test: [840/1000]	Time 0.060 (0.064)	Loss 0.1635 (0.1232)	Error Ratio 0.6964 (4.0292)
03-02 11:57 INFO     Test: [860/1000]	Time 0.058 (0.064)	Loss 0.0663 (0.1232)	Error Ratio 0.8859 (3.9665)
03-02 11:57 INFO     Test: [880/1000]	Time 0.067 (0.064)	Loss 0.0739 (0.1234)	Error Ratio 0.7058 (3.9437)
03-02 11:57 INFO     Test: [900/1000]	Time 0.059 (0.064)	Loss 0.0962 (0.1235)	Error Ratio 0.5033 (3.8938)
03-02 11:57 INFO     Test: [920/1000]	Time 0.087 (0.064)	Loss 0.1222 (0.1238)	Error Ratio 0.5416 (3.8302)
03-02 11:57 INFO     Test: [940/1000]	Time 0.076 (0.064)	Loss 0.0850 (0.1237)	Error Ratio 0.5288 (3.8145)
03-02 11:57 INFO     Test: [960/1000]	Time 0.060 (0.064)	Loss 0.1104 (0.1235)	Error Ratio 0.4165 (3.7844)
03-02 11:57 INFO     Test: [980/1000]	Time 0.057 (0.064)	Loss 0.0875 (0.1231)	Error Ratio 0.5748 (3.7325)
03-02 11:57 INFO      * Average Error Ratio 3.707; Average Loss 0.123
03-02 11:57 INFO     Epoch: [1][20/11389]	Time 0.129 (0.180)	Data 0.000 (0.018)	Loss 0.1126 (0.1167)	Error Ratio 0.5888 (2.3681)
03-02 11:57 INFO     Epoch: [1][40/11389]	Time 0.196 (0.169)	Data 0.003 (0.010)	Loss 0.0771 (0.1117)	Error Ratio 0.6009 (4.5529)
03-02 11:57 INFO     Epoch: [1][60/11389]	Time 0.154 (0.165)	Data 0.000 (0.007)	Loss 0.0914 (0.1131)	Error Ratio 0.5568 (4.2467)
03-02 11:57 INFO     Epoch: [1][80/11389]	Time 0.148 (0.163)	Data 0.000 (0.005)	Loss 0.1000 (0.1125)	Error Ratio 0.5325 (3.9148)
03-02 11:57 INFO     Starting Profiler!: Forward
03-02 11:57 INFO     Stopping Profiler!: Forward
03-02 11:57 INFO     All profiling complete and --stop-after-profiling was given! Exiting
