03-02 11:57 INFO     TESTING
03-02 11:57 INFO     Prepare files
03-02 11:57 INFO     Define model
03-02 11:57 INFO     	Statistics
03-02 11:57 INFO     	Create model
03-02 11:57 INFO     Check cuda
03-02 11:57 INFO     	* Cuda
03-02 11:57 INFO     Optimizer
03-02 11:57 INFO     Logger
03-02 11:57 INFO     => loading best model './checkpoint/qm9/mpnn/model_best.pth'
03-02 11:57 INFO     => loaded best model './checkpoint/qm9/mpnn/model_best.pth' (epoch 1)
03-02 11:58 INFO     Epoch: [0][20/11389]	Time 0.162 (0.194)	Data 0.000 (0.022)	Loss 0.1660 (0.1139)	Error Ratio 1.1932 (4.3678)
03-02 11:58 INFO     Epoch: [0][40/11389]	Time 0.165 (0.179)	Data 0.000 (0.012)	Loss 0.1079 (0.1103)	Error Ratio 0.8661 (2.9258)
03-02 11:58 INFO     Epoch: [0][60/11389]	Time 0.163 (0.175)	Data 0.000 (0.008)	Loss 0.0990 (0.1113)	Error Ratio 1.0889 (5.9748)
03-02 11:58 INFO     Epoch: [0][80/11389]	Time 0.145 (0.171)	Data 0.000 (0.006)	Loss 0.1897 (0.1153)	Error Ratio 0.5003 (5.4294)
03-02 11:58 INFO     Epoch: [0][100/11389]	Time 0.176 (0.170)	Data 0.000 (0.005)	Loss 0.0952 (0.1173)	Error Ratio 0.5173 (4.7027)
03-02 11:58 INFO     Epoch: [0][120/11389]	Time 0.143 (0.169)	Data 0.000 (0.004)	Loss 0.0912 (0.1168)	Error Ratio 2.9032 (4.0992)
03-02 11:58 INFO     Epoch: [0][140/11389]	Time 0.150 (0.168)	Data 0.000 (0.004)	Loss 0.0906 (0.1183)	Error Ratio 2.3516 (3.8683)
03-02 11:58 INFO     Epoch: [0][160/11389]	Time 0.150 (0.167)	Data 0.000 (0.003)	Loss 0.1048 (0.1183)	Error Ratio 1.3388 (3.6051)
03-02 11:58 INFO     Epoch: [0][180/11389]	Time 0.161 (0.167)	Data 0.000 (0.003)	Loss 0.1107 (0.1167)	Error Ratio 4.1105 (3.7097)
03-02 11:58 INFO     Epoch: [0][200/11389]	Time 0.162 (0.167)	Data 0.000 (0.003)	Loss 0.0948 (0.1163)	Error Ratio 1.1105 (3.4518)
03-02 11:58 INFO     Epoch: [0][220/11389]	Time 0.176 (0.166)	Data 0.000 (0.002)	Loss 0.1239 (0.1176)	Error Ratio 0.6343 (3.5352)
03-02 11:58 INFO     Epoch: [0][240/11389]	Time 0.177 (0.166)	Data 0.000 (0.002)	Loss 0.1111 (0.1168)	Error Ratio 0.5895 (3.4464)
03-02 11:58 INFO     Epoch: [0][260/11389]	Time 0.179 (0.166)	Data 0.000 (0.002)	Loss 0.0793 (0.1169)	Error Ratio 0.6510 (3.7302)
03-02 11:58 INFO     Epoch: [0][280/11389]	Time 0.162 (0.166)	Data 0.000 (0.002)	Loss 0.1786 (0.1199)	Error Ratio 0.5433 (3.5865)
03-02 11:58 INFO     Epoch: [0][300/11389]	Time 0.153 (0.167)	Data 0.000 (0.002)	Loss 0.0679 (0.1221)	Error Ratio 0.4932 (3.5684)
03-02 11:58 INFO     Epoch: [0][320/11389]	Time 0.153 (0.166)	Data 0.000 (0.002)	Loss 0.0818 (0.1217)	Error Ratio 19.3005 (3.5059)
03-02 11:58 INFO     Epoch: [0][340/11389]	Time 0.168 (0.166)	Data 0.000 (0.002)	Loss 0.0877 (0.1228)	Error Ratio 0.5720 (3.3517)
03-02 11:58 INFO     Epoch: [0][360/11389]	Time 0.165 (0.166)	Data 0.000 (0.002)	Loss 0.1167 (0.1226)	Error Ratio 0.5198 (3.2308)
03-02 11:59 INFO     Epoch: [0][380/11389]	Time 0.158 (0.166)	Data 0.000 (0.001)	Loss 0.1661 (0.1228)	Error Ratio 1.8435 (3.1340)
03-02 11:59 INFO     Epoch: [0][400/11389]	Time 0.178 (0.166)	Data 0.000 (0.001)	Loss 0.1145 (0.1226)	Error Ratio 0.6580 (3.0155)
03-02 11:59 INFO     Epoch: [0][420/11389]	Time 0.163 (0.166)	Data 0.000 (0.001)	Loss 0.2007 (0.1238)	Error Ratio 0.8397 (2.9119)
03-02 11:59 INFO     Epoch: [0][440/11389]	Time 0.151 (0.166)	Data 0.000 (0.001)	Loss 0.0999 (0.1238)	Error Ratio 0.5288 (2.9337)
03-02 11:59 INFO     Epoch: [0][460/11389]	Time 0.155 (0.166)	Data 0.000 (0.001)	Loss 0.0913 (0.1236)	Error Ratio 0.8079 (2.8936)
03-02 11:59 INFO     Epoch: [0][480/11389]	Time 0.158 (0.166)	Data 0.000 (0.001)	Loss 0.1336 (0.1232)	Error Ratio 0.9880 (2.8179)
03-02 11:59 INFO     Epoch: [0][500/11389]	Time 0.144 (0.166)	Data 0.000 (0.001)	Loss 0.1274 (0.1239)	Error Ratio 0.8978 (2.8440)
03-02 11:59 INFO     Epoch: [0][520/11389]	Time 0.164 (0.166)	Data 0.000 (0.001)	Loss 0.1623 (0.1238)	Error Ratio 0.9737 (2.8343)
03-02 11:59 INFO     Epoch: [0][540/11389]	Time 0.206 (0.166)	Data 0.000 (0.001)	Loss 0.0891 (0.1243)	Error Ratio 0.6478 (2.7701)
03-02 11:59 INFO     Epoch: [0][560/11389]	Time 0.164 (0.166)	Data 0.000 (0.001)	Loss 0.2011 (0.1248)	Error Ratio 1.3731 (2.7445)
03-02 11:59 INFO     Epoch: [0][580/11389]	Time 0.143 (0.165)	Data 0.000 (0.001)	Loss 0.1288 (0.1253)	Error Ratio 0.6677 (2.7351)
03-02 11:59 INFO     Epoch: [0][600/11389]	Time 0.156 (0.165)	Data 0.000 (0.001)	Loss 0.1585 (0.1258)	Error Ratio 1.4228 (2.7336)
03-02 11:59 INFO     Epoch: [0][620/11389]	Time 0.170 (0.165)	Data 0.000 (0.001)	Loss 0.1239 (0.1256)	Error Ratio 0.8236 (2.6936)
03-02 11:59 INFO     Epoch: [0][640/11389]	Time 0.156 (0.165)	Data 0.000 (0.001)	Loss 0.1069 (0.1254)	Error Ratio 0.5154 (2.7814)
03-02 11:59 INFO     Epoch: [0][660/11389]	Time 0.156 (0.165)	Data 0.000 (0.001)	Loss 0.0894 (0.1252)	Error Ratio 36.6012 (2.8018)
03-02 11:59 INFO     Epoch: [0][680/11389]	Time 0.177 (0.165)	Data 0.000 (0.001)	Loss 0.0955 (0.1248)	Error Ratio 1.9116 (2.7497)
03-02 11:59 INFO     Epoch: [0][700/11389]	Time 0.177 (0.166)	Data 0.000 (0.001)	Loss 0.1650 (0.1261)	Error Ratio 1.3067 (2.6990)
03-02 11:59 INFO     Epoch: [0][720/11389]	Time 0.177 (0.165)	Data 0.000 (0.001)	Loss 0.1525 (0.1260)	Error Ratio 0.9400 (2.6853)
03-02 12:00 INFO     Epoch: [0][740/11389]	Time 0.156 (0.166)	Data 0.000 (0.001)	Loss 0.1078 (0.1258)	Error Ratio 0.8536 (2.6840)
03-02 12:00 INFO     Epoch: [0][760/11389]	Time 0.164 (0.166)	Data 0.000 (0.001)	Loss 0.0848 (0.1260)	Error Ratio 0.6490 (2.6493)
03-02 12:00 INFO     Epoch: [0][780/11389]	Time 0.149 (0.165)	Data 0.000 (0.001)	Loss 0.1380 (0.1259)	Error Ratio 1.1524 (2.6441)
03-02 12:00 INFO     Epoch: [0][800/11389]	Time 0.163 (0.165)	Data 0.000 (0.001)	Loss 0.0720 (0.1258)	Error Ratio 0.5688 (2.6058)
03-02 12:00 INFO     Epoch: [0][820/11389]	Time 0.168 (0.165)	Data 0.000 (0.001)	Loss 0.1180 (0.1255)	Error Ratio 0.5737 (2.5702)
03-02 12:00 INFO     Epoch: [0][840/11389]	Time 0.150 (0.165)	Data 0.000 (0.001)	Loss 0.1761 (0.1253)	Error Ratio 0.6331 (2.5312)
03-02 12:00 INFO     Epoch: [0][860/11389]	Time 0.192 (0.165)	Data 0.000 (0.001)	Loss 0.1050 (0.1248)	Error Ratio 0.8445 (2.4962)
03-02 12:00 INFO     Epoch: [0][880/11389]	Time 0.162 (0.165)	Data 0.000 (0.001)	Loss 0.0928 (0.1250)	Error Ratio 0.7489 (2.5131)
03-02 12:00 INFO     Epoch: [0][900/11389]	Time 0.157 (0.165)	Data 0.000 (0.001)	Loss 0.1186 (0.1262)	Error Ratio 0.8641 (2.4783)
03-02 12:00 INFO     Epoch: [0][920/11389]	Time 0.163 (0.165)	Data 0.000 (0.001)	Loss 0.1268 (0.1269)	Error Ratio 0.5857 (2.5459)
03-02 12:00 INFO     Epoch: [0][940/11389]	Time 0.167 (0.165)	Data 0.000 (0.001)	Loss 0.2407 (0.1278)	Error Ratio 14.0808 (2.5329)
03-02 12:00 INFO     Epoch: [0][960/11389]	Time 0.191 (0.165)	Data 0.000 (0.001)	Loss 0.0923 (0.1285)	Error Ratio 0.4346 (2.5115)
03-02 12:00 INFO     Epoch: [0][980/11389]	Time 0.163 (0.165)	Data 0.000 (0.001)	Loss 0.1018 (0.1285)	Error Ratio 0.9955 (2.5248)
03-02 12:00 INFO     Epoch: [0][1000/11389]	Time 0.148 (0.165)	Data 0.000 (0.001)	Loss 0.1092 (0.1285)	Error Ratio 0.8789 (2.5049)
03-02 12:00 INFO     Epoch: [0][1020/11389]	Time 0.150 (0.165)	Data 0.000 (0.001)	Loss 0.1349 (0.1285)	Error Ratio 1.0599 (2.4931)
03-02 12:00 INFO     Epoch: [0][1040/11389]	Time 0.190 (0.165)	Data 0.000 (0.001)	Loss 0.2061 (0.1284)	Error Ratio 0.6331 (2.4614)
03-02 12:00 INFO     Epoch: [0][1060/11389]	Time 0.179 (0.165)	Data 0.000 (0.001)	Loss 0.0967 (0.1281)	Error Ratio 0.7173 (2.4320)
03-02 12:00 INFO     Epoch: [0][1080/11389]	Time 0.165 (0.165)	Data 0.000 (0.001)	Loss 0.0850 (0.1284)	Error Ratio 0.9633 (2.4241)
03-02 12:01 INFO     Epoch: [0][1100/11389]	Time 0.162 (0.165)	Data 0.000 (0.001)	Loss 0.0863 (0.1281)	Error Ratio 0.5635 (2.5081)
03-02 12:01 INFO     Epoch: [0][1120/11389]	Time 0.148 (0.165)	Data 0.000 (0.001)	Loss 0.0855 (0.1284)	Error Ratio 1.2015 (2.5073)
03-02 12:01 INFO     Epoch: [0][1140/11389]	Time 0.160 (0.165)	Data 0.000 (0.001)	Loss 0.2355 (0.1282)	Error Ratio 0.9003 (2.4804)
03-02 12:01 INFO     Epoch: [0][1160/11389]	Time 0.163 (0.165)	Data 0.000 (0.001)	Loss 0.0959 (0.1284)	Error Ratio 1.3184 (2.4549)
03-02 12:01 INFO     Epoch: [0][1180/11389]	Time 0.164 (0.165)	Data 0.000 (0.001)	Loss 0.2515 (0.1282)	Error Ratio 1.2977 (2.4306)
03-02 12:01 INFO     Epoch: [0][1200/11389]	Time 0.151 (0.165)	Data 0.000 (0.001)	Loss 0.1220 (0.1279)	Error Ratio 0.9155 (2.4104)
03-02 12:01 INFO     Epoch: [0][1220/11389]	Time 0.178 (0.165)	Data 0.000 (0.001)	Loss 0.0884 (0.1280)	Error Ratio 0.6689 (2.4272)
03-02 12:01 INFO     Epoch: [0][1240/11389]	Time 0.162 (0.165)	Data 0.000 (0.001)	Loss 0.1038 (0.1277)	Error Ratio 0.8184 (2.4256)
03-02 12:01 INFO     Epoch: [0][1260/11389]	Time 0.160 (0.165)	Data 0.000 (0.001)	Loss 0.1098 (0.1276)	Error Ratio 0.9577 (2.4032)
03-02 12:01 INFO     Epoch: [0][1280/11389]	Time 0.163 (0.165)	Data 0.000 (0.001)	Loss 0.0970 (0.1272)	Error Ratio 0.6304 (2.4138)
03-02 12:01 INFO     Epoch: [0][1300/11389]	Time 0.155 (0.165)	Data 0.000 (0.001)	Loss 0.0770 (0.1271)	Error Ratio 1.1511 (2.4330)
03-02 12:01 INFO     Epoch: [0][1320/11389]	Time 0.144 (0.165)	Data 0.000 (0.001)	Loss 0.1419 (0.1270)	Error Ratio 1.6956 (2.5710)
03-02 12:01 INFO     Epoch: [0][1340/11389]	Time 0.190 (0.165)	Data 0.000 (0.001)	Loss 0.1297 (0.1276)	Error Ratio 0.4661 (2.5481)
03-02 12:01 INFO     Epoch: [0][1360/11389]	Time 0.143 (0.165)	Data 0.000 (0.001)	Loss 0.1895 (0.1274)	Error Ratio 0.6770 (2.5314)
03-02 12:01 INFO     Epoch: [0][1380/11389]	Time 0.178 (0.165)	Data 0.000 (0.001)	Loss 0.1076 (0.1274)	Error Ratio 0.5775 (2.5043)
03-02 12:01 INFO     Epoch: [0][1400/11389]	Time 0.149 (0.165)	Data 0.000 (0.001)	Loss 0.0984 (0.1274)	Error Ratio 1.1646 (2.4850)
03-02 12:01 INFO     Epoch: [0][1420/11389]	Time 0.167 (0.165)	Data 0.000 (0.001)	Loss 0.1177 (0.1276)	Error Ratio 1.4675 (2.4640)
03-02 12:01 INFO     Epoch: [0][1440/11389]	Time 0.166 (0.165)	Data 0.000 (0.001)	Loss 0.0757 (0.1276)	Error Ratio 1.4297 (2.4538)
03-02 12:02 INFO     Epoch: [0][1460/11389]	Time 0.164 (0.165)	Data 0.000 (0.001)	Loss 0.0522 (0.1275)	Error Ratio 0.6322 (2.4353)
03-02 12:02 INFO     Epoch: [0][1480/11389]	Time 0.177 (0.165)	Data 0.000 (0.001)	Loss 0.0909 (0.1275)	Error Ratio 0.5066 (2.4178)
03-02 12:02 INFO     Epoch: [0][1500/11389]	Time 0.164 (0.165)	Data 0.000 (0.001)	Loss 0.0759 (0.1275)	Error Ratio 5.7544 (2.4017)
03-02 12:02 INFO     Epoch: [0][1520/11389]	Time 0.152 (0.165)	Data 0.000 (0.001)	Loss 0.0658 (0.1273)	Error Ratio 7.3021 (2.3866)
03-02 12:02 INFO     Epoch: [0][1540/11389]	Time 0.176 (0.165)	Data 0.000 (0.001)	Loss 0.0880 (0.1271)	Error Ratio 0.9073 (2.4090)
03-02 12:02 INFO     Epoch: [0][1560/11389]	Time 0.164 (0.165)	Data 0.000 (0.001)	Loss 0.0921 (0.1272)	Error Ratio 0.6614 (2.3917)
03-02 12:02 INFO     Epoch: [0][1580/11389]	Time 0.148 (0.165)	Data 0.000 (0.001)	Loss 0.0958 (0.1275)	Error Ratio 1.1521 (2.3747)
03-02 12:02 INFO     Epoch: [0][1600/11389]	Time 0.182 (0.165)	Data 0.000 (0.001)	Loss 0.1578 (0.1274)	Error Ratio 1.4231 (2.3655)
03-02 12:02 INFO     Epoch: [0][1620/11389]	Time 0.171 (0.165)	Data 0.000 (0.001)	Loss 0.1231 (0.1277)	Error Ratio 1.0916 (2.3799)
03-02 12:02 INFO     Epoch: [0][1640/11389]	Time 0.157 (0.165)	Data 0.000 (0.001)	Loss 0.0801 (0.1278)	Error Ratio 0.8451 (2.3636)
03-02 12:02 INFO     Epoch: [0][1660/11389]	Time 0.198 (0.165)	Data 0.000 (0.001)	Loss 0.1091 (0.1277)	Error Ratio 14.8694 (2.3641)
03-02 12:02 INFO     Epoch: [0][1680/11389]	Time 0.157 (0.165)	Data 0.000 (0.001)	Loss 0.0869 (0.1279)	Error Ratio 1.1705 (2.3662)
03-02 12:02 INFO     Epoch: [0][1700/11389]	Time 0.144 (0.165)	Data 0.000 (0.001)	Loss 0.0928 (0.1277)	Error Ratio 0.7330 (2.3523)
03-02 12:02 INFO     Epoch: [0][1720/11389]	Time 0.165 (0.165)	Data 0.000 (0.001)	Loss 0.0845 (0.1274)	Error Ratio 0.9236 (2.3477)
03-02 12:02 INFO     Epoch: [0][1740/11389]	Time 0.163 (0.165)	Data 0.000 (0.001)	Loss 0.0496 (0.1275)	Error Ratio 1.2353 (2.3451)
03-02 12:02 INFO     Epoch: [0][1760/11389]	Time 0.152 (0.165)	Data 0.000 (0.001)	Loss 0.1017 (0.1272)	Error Ratio 0.5622 (2.3341)
03-02 12:02 INFO     Epoch: [0][1780/11389]	Time 0.163 (0.165)	Data 0.000 (0.001)	Loss 0.3438 (0.1272)	Error Ratio 0.8771 (2.3434)
03-02 12:02 INFO     Epoch: [0][1800/11389]	Time 0.157 (0.165)	Data 0.000 (0.001)	Loss 0.0846 (0.1270)	Error Ratio 1.6760 (2.3470)
03-02 12:03 INFO     Epoch: [0][1820/11389]	Time 0.175 (0.165)	Data 0.000 (0.001)	Loss 0.1023 (0.1268)	Error Ratio 0.4923 (2.3474)
03-02 12:03 INFO     Epoch: [0][1840/11389]	Time 0.163 (0.165)	Data 0.000 (0.001)	Loss 0.1973 (0.1265)	Error Ratio 0.5737 (2.3441)
03-02 12:03 INFO     Epoch: [0][1860/11389]	Time 0.190 (0.165)	Data 0.000 (0.001)	Loss 0.2856 (0.1265)	Error Ratio 1.9325 (2.3944)
03-02 12:03 INFO     Epoch: [0][1880/11389]	Time 0.162 (0.165)	Data 0.000 (0.001)	Loss 0.1195 (0.1265)	Error Ratio 0.9528 (2.3825)
03-02 12:03 INFO     Epoch: [0][1900/11389]	Time 0.163 (0.165)	Data 0.000 (0.001)	Loss 0.1082 (0.1265)	Error Ratio 0.8005 (2.3892)
03-02 12:03 INFO     Epoch: [0][1920/11389]	Time 0.156 (0.165)	Data 0.000 (0.001)	Loss 0.0666 (0.1263)	Error Ratio 0.4382 (2.3765)
03-02 12:03 INFO     Epoch: [0][1940/11389]	Time 0.159 (0.165)	Data 0.000 (0.001)	Loss 0.1606 (0.1262)	Error Ratio 1.0952 (2.3698)
03-02 12:03 INFO     Epoch: [0][1960/11389]	Time 0.158 (0.165)	Data 0.000 (0.001)	Loss 0.1625 (0.1261)	Error Ratio 1.9717 (2.3666)
03-02 12:03 INFO     Epoch: [0][1980/11389]	Time 0.151 (0.165)	Data 0.000 (0.001)	Loss 0.1515 (0.1261)	Error Ratio 7.1309 (2.3637)
03-02 12:03 INFO     Epoch: [0][2000/11389]	Time 0.170 (0.165)	Data 0.000 (0.001)	Loss 0.1901 (0.1262)	Error Ratio 1.1601 (2.3548)
03-02 12:03 INFO     Epoch: [0][2020/11389]	Time 0.130 (0.165)	Data 0.000 (0.001)	Loss 0.3176 (0.1263)	Error Ratio 2.0632 (2.3489)
03-02 12:03 INFO     Epoch: [0][2040/11389]	Time 0.150 (0.165)	Data 0.000 (0.001)	Loss 0.1350 (0.1264)	Error Ratio 2.0574 (2.3553)
03-02 12:03 INFO     Epoch: [0][2060/11389]	Time 0.165 (0.165)	Data 0.000 (0.000)	Loss 0.1153 (0.1269)	Error Ratio 0.6385 (2.3485)
03-02 12:03 INFO     Epoch: [0][2080/11389]	Time 0.151 (0.165)	Data 0.000 (0.000)	Loss 0.1250 (0.1270)	Error Ratio 1.2725 (2.3595)
03-02 12:03 INFO     Epoch: [0][2100/11389]	Time 0.143 (0.165)	Data 0.000 (0.000)	Loss 0.0742 (0.1269)	Error Ratio 1.3746 (2.3538)
03-02 12:03 INFO     Epoch: [0][2120/11389]	Time 0.150 (0.165)	Data 0.000 (0.000)	Loss 0.1272 (0.1271)	Error Ratio 0.9468 (2.3437)
03-02 12:03 INFO     Epoch: [0][2140/11389]	Time 0.191 (0.165)	Data 0.000 (0.000)	Loss 0.0930 (0.1273)	Error Ratio 0.7586 (2.3636)
03-02 12:03 INFO     Epoch: [0][2160/11389]	Time 0.162 (0.165)	Data 0.000 (0.000)	Loss 0.1811 (0.1275)	Error Ratio 0.9022 (2.3504)
03-02 12:03 INFO     Epoch: [0][2180/11389]	Time 0.177 (0.165)	Data 0.000 (0.000)	Loss 0.2078 (0.1275)	Error Ratio 1.2119 (2.3400)
03-02 12:04 INFO     Epoch: [0][2200/11389]	Time 0.188 (0.165)	Data 0.000 (0.000)	Loss 0.0613 (0.1275)	Error Ratio 1.7226 (2.3345)
03-02 12:04 INFO     Epoch: [0][2220/11389]	Time 0.142 (0.165)	Data 0.000 (0.000)	Loss 0.0937 (0.1275)	Error Ratio 2.1967 (2.3259)
03-02 12:04 INFO     Epoch: [0][2240/11389]	Time 0.190 (0.165)	Data 0.000 (0.000)	Loss 0.2577 (0.1273)	Error Ratio 1.0385 (2.3176)
03-02 12:04 INFO     Epoch: [0][2260/11389]	Time 0.151 (0.165)	Data 0.000 (0.000)	Loss 0.1126 (0.1272)	Error Ratio 0.8348 (2.5069)
03-02 12:04 INFO     Epoch: [0][2280/11389]	Time 0.205 (0.165)	Data 0.000 (0.000)	Loss 0.1318 (0.1271)	Error Ratio 0.4219 (2.4946)
03-02 12:04 INFO     Epoch: [0][2300/11389]	Time 0.164 (0.165)	Data 0.000 (0.000)	Loss 0.0961 (0.1271)	Error Ratio 0.5101 (2.4817)
03-02 12:04 INFO     Epoch: [0][2320/11389]	Time 0.151 (0.165)	Data 0.000 (0.000)	Loss 0.1466 (0.1276)	Error Ratio 1.6065 (2.4752)
03-02 12:04 INFO     Epoch: [0][2340/11389]	Time 0.176 (0.165)	Data 0.000 (0.000)	Loss 0.0928 (0.1276)	Error Ratio 1.7822 (2.4622)
03-02 12:04 INFO     Epoch: [0][2360/11389]	Time 0.143 (0.165)	Data 0.000 (0.000)	Loss 0.1487 (0.1277)	Error Ratio 0.8617 (2.4513)
03-02 12:04 INFO     Epoch: [0][2380/11389]	Time 0.164 (0.165)	Data 0.000 (0.000)	Loss 0.1060 (0.1279)	Error Ratio 3.5769 (2.4397)
03-02 12:04 INFO     Epoch: [0][2400/11389]	Time 0.157 (0.165)	Data 0.000 (0.000)	Loss 0.1163 (0.1278)	Error Ratio 0.6450 (2.4261)
03-02 12:04 INFO     Epoch: [0][2420/11389]	Time 0.138 (0.165)	Data 0.000 (0.000)	Loss 0.1546 (0.1277)	Error Ratio 3.4409 (2.4170)
03-02 12:04 INFO     Epoch: [0][2440/11389]	Time 0.165 (0.165)	Data 0.000 (0.000)	Loss 0.1774 (0.1278)	Error Ratio 1.0907 (2.4054)
03-02 12:04 INFO     Epoch: [0][2460/11389]	Time 0.165 (0.165)	Data 0.000 (0.000)	Loss 0.0971 (0.1279)	Error Ratio 2.1739 (2.4041)
03-02 12:04 INFO     Epoch: [0][2480/11389]	Time 0.195 (0.165)	Data 0.000 (0.000)	Loss 0.1320 (0.1278)	Error Ratio 0.5647 (2.3958)
03-02 12:04 INFO     Epoch: [0][2500/11389]	Time 0.150 (0.165)	Data 0.000 (0.000)	Loss 0.0987 (0.1276)	Error Ratio 0.4526 (2.3839)
03-02 12:04 INFO     Epoch: [0][2520/11389]	Time 0.164 (0.165)	Data 0.000 (0.000)	Loss 0.0869 (0.1276)	Error Ratio 0.6332 (2.3733)
03-02 12:04 INFO     Epoch: [0][2540/11389]	Time 0.136 (0.165)	Data 0.000 (0.000)	Loss 0.0892 (0.1276)	Error Ratio 1.1596 (2.3640)
03-02 12:05 INFO     Epoch: [0][2560/11389]	Time 0.193 (0.165)	Data 0.000 (0.000)	Loss 0.0943 (0.1276)	Error Ratio 0.8823 (2.3537)
03-02 12:05 INFO     Epoch: [0][2580/11389]	Time 0.173 (0.165)	Data 0.000 (0.000)	Loss 0.1105 (0.1276)	Error Ratio 1.1545 (2.3417)
03-02 12:05 INFO     Epoch: [0][2600/11389]	Time 0.174 (0.165)	Data 0.000 (0.000)	Loss 0.1028 (0.1275)	Error Ratio 0.7160 (2.3295)
03-02 12:05 INFO     Epoch: [0][2620/11389]	Time 0.177 (0.165)	Data 0.000 (0.000)	Loss 0.1154 (0.1273)	Error Ratio 1.6335 (2.3195)
03-02 12:05 INFO     Epoch: [0][2640/11389]	Time 0.157 (0.165)	Data 0.000 (0.000)	Loss 0.1328 (0.1273)	Error Ratio 0.6869 (2.3082)
03-02 12:05 INFO     Epoch: [0][2660/11389]	Time 0.171 (0.165)	Data 0.000 (0.000)	Loss 0.1040 (0.1272)	Error Ratio 1.2528 (2.3249)
03-02 12:05 INFO     Epoch: [0][2680/11389]	Time 0.165 (0.165)	Data 0.000 (0.000)	Loss 0.0912 (0.1269)	Error Ratio 3.0799 (2.3177)
03-02 12:05 INFO     Epoch: [0][2700/11389]	Time 0.155 (0.165)	Data 0.000 (0.000)	Loss 0.0850 (0.1269)	Error Ratio 0.6146 (2.3223)
03-02 12:05 INFO     Epoch: [0][2720/11389]	Time 0.227 (0.165)	Data 0.000 (0.000)	Loss 0.0581 (0.1266)	Error Ratio 0.4042 (2.3187)
03-02 12:05 INFO     Epoch: [0][2740/11389]	Time 0.155 (0.165)	Data 0.000 (0.000)	Loss 0.1262 (0.1265)	Error Ratio 0.5473 (2.3331)
03-02 12:05 INFO     Epoch: [0][2760/11389]	Time 0.166 (0.165)	Data 0.000 (0.000)	Loss 0.0944 (0.1265)	Error Ratio 0.9357 (2.3431)
03-02 12:05 INFO     Epoch: [0][2780/11389]	Time 0.197 (0.165)	Data 0.000 (0.000)	Loss 0.0777 (0.1263)	Error Ratio 1.2785 (2.3338)
03-02 12:05 INFO     Epoch: [0][2800/11389]	Time 0.158 (0.165)	Data 0.000 (0.000)	Loss 0.1706 (0.1264)	Error Ratio 0.8202 (2.3244)
03-02 12:05 INFO     Epoch: [0][2820/11389]	Time 0.179 (0.165)	Data 0.000 (0.000)	Loss 0.1328 (0.1263)	Error Ratio 13.8705 (2.3195)
03-02 12:05 INFO     Epoch: [0][2840/11389]	Time 0.159 (0.165)	Data 0.000 (0.000)	Loss 0.0716 (0.1263)	Error Ratio 0.4724 (2.3335)
03-02 12:05 INFO     Epoch: [0][2860/11389]	Time 0.163 (0.165)	Data 0.000 (0.000)	Loss 0.0863 (0.1261)	Error Ratio 0.5174 (2.3259)
03-02 12:05 INFO     Epoch: [0][2880/11389]	Time 0.160 (0.165)	Data 0.000 (0.000)	Loss 0.1706 (0.1260)	Error Ratio 0.5940 (2.3172)
03-02 12:05 INFO     Epoch: [0][2900/11389]	Time 0.166 (0.165)	Data 0.000 (0.000)	Loss 0.0954 (0.1260)	Error Ratio 0.8578 (2.3115)
03-02 12:06 INFO     Epoch: [0][2920/11389]	Time 0.178 (0.165)	Data 0.000 (0.000)	Loss 0.0975 (0.1259)	Error Ratio 1.2722 (2.3013)
03-02 12:06 INFO     Epoch: [0][2940/11389]	Time 0.150 (0.165)	Data 0.000 (0.000)	Loss 0.0616 (0.1257)	Error Ratio 0.7334 (2.2934)
03-02 12:06 INFO     Epoch: [0][2960/11389]	Time 0.178 (0.165)	Data 0.000 (0.000)	Loss 0.0664 (0.1257)	Error Ratio 0.6507 (2.2929)
03-02 12:06 INFO     Epoch: [0][2980/11389]	Time 0.163 (0.165)	Data 0.000 (0.000)	Loss 0.1073 (0.1256)	Error Ratio 1.9111 (2.2840)
03-02 12:06 INFO     Epoch: [0][3000/11389]	Time 0.163 (0.165)	Data 0.000 (0.000)	Loss 0.0941 (0.1255)	Error Ratio 0.6806 (2.2895)
03-02 12:06 INFO     Epoch: [0][3020/11389]	Time 0.152 (0.165)	Data 0.000 (0.000)	Loss 0.1095 (0.1254)	Error Ratio 0.6777 (2.2811)
03-02 12:06 INFO     Epoch: [0][3040/11389]	Time 0.166 (0.165)	Data 0.000 (0.000)	Loss 0.3729 (0.1253)	Error Ratio 0.6521 (2.2934)
03-02 12:06 INFO     Epoch: [0][3060/11389]	Time 0.163 (0.165)	Data 0.000 (0.000)	Loss 0.0604 (0.1252)	Error Ratio 0.5556 (2.2862)
03-02 12:06 INFO     Epoch: [0][3080/11389]	Time 0.159 (0.165)	Data 0.000 (0.000)	Loss 0.1322 (0.1251)	Error Ratio 1.9547 (2.2779)
03-02 12:06 INFO     Epoch: [0][3100/11389]	Time 0.162 (0.165)	Data 0.000 (0.000)	Loss 0.1921 (0.1251)	Error Ratio 4.5758 (2.2735)
03-02 12:06 INFO     Epoch: [0][3120/11389]	Time 0.150 (0.165)	Data 0.000 (0.000)	Loss 0.0786 (0.1251)	Error Ratio 1.8358 (2.2648)
03-02 12:06 INFO     Epoch: [0][3140/11389]	Time 0.152 (0.165)	Data 0.000 (0.000)	Loss 0.1108 (0.1252)	Error Ratio 16.8164 (2.2627)
03-02 12:06 INFO     Epoch: [0][3160/11389]	Time 0.180 (0.165)	Data 0.000 (0.000)	Loss 0.0941 (0.1251)	Error Ratio 0.6253 (2.2535)
03-02 12:06 INFO     Epoch: [0][3180/11389]	Time 0.192 (0.165)	Data 0.000 (0.000)	Loss 0.1437 (0.1251)	Error Ratio 1.5902 (2.2488)
03-02 12:06 INFO     Epoch: [0][3200/11389]	Time 0.150 (0.165)	Data 0.000 (0.000)	Loss 0.0782 (0.1251)	Error Ratio 1.1783 (2.2423)
03-02 12:06 INFO     Epoch: [0][3220/11389]	Time 0.145 (0.165)	Data 0.000 (0.000)	Loss 0.1435 (0.1252)	Error Ratio 0.6122 (2.2412)
03-02 12:06 INFO     Epoch: [0][3240/11389]	Time 0.177 (0.165)	Data 0.000 (0.000)	Loss 0.1277 (0.1255)	Error Ratio 19.8323 (2.2414)
03-02 12:06 INFO     Epoch: [0][3260/11389]	Time 0.164 (0.165)	Data 0.000 (0.000)	Loss 0.1844 (0.1258)	Error Ratio 0.5154 (2.2399)
03-02 12:07 INFO     Epoch: [0][3280/11389]	Time 0.166 (0.165)	Data 0.000 (0.000)	Loss 0.0746 (0.1258)	Error Ratio 0.5732 (2.2640)
03-02 12:07 INFO     Epoch: [0][3300/11389]	Time 0.156 (0.165)	Data 0.000 (0.000)	Loss 0.0864 (0.1258)	Error Ratio 1.3074 (2.2580)
03-02 12:07 INFO     Epoch: [0][3320/11389]	Time 0.178 (0.165)	Data 0.000 (0.000)	Loss 0.1916 (0.1263)	Error Ratio 0.8615 (2.2515)
03-02 12:07 INFO     Epoch: [0][3340/11389]	Time 0.163 (0.165)	Data 0.000 (0.000)	Loss 0.1096 (0.1263)	Error Ratio 0.6226 (2.2456)
03-02 12:07 INFO     Epoch: [0][3360/11389]	Time 0.151 (0.165)	Data 0.000 (0.000)	Loss 0.1061 (0.1263)	Error Ratio 0.9089 (2.2380)
03-02 12:07 INFO     Epoch: [0][3380/11389]	Time 0.165 (0.165)	Data 0.000 (0.000)	Loss 0.1108 (0.1263)	Error Ratio 1.7806 (2.2317)
03-02 12:07 INFO     Epoch: [0][3400/11389]	Time 0.178 (0.165)	Data 0.000 (0.000)	Loss 0.1562 (0.1263)	Error Ratio 0.5588 (2.2280)
03-02 12:07 INFO     Epoch: [0][3420/11389]	Time 0.158 (0.165)	Data 0.000 (0.000)	Loss 0.0850 (0.1261)	Error Ratio 0.3989 (2.2283)
03-02 12:07 INFO     Epoch: [0][3440/11389]	Time 0.165 (0.165)	Data 0.000 (0.000)	Loss 0.0878 (0.1260)	Error Ratio 10.2700 (2.2291)
03-02 12:07 INFO     Epoch: [0][3460/11389]	Time 0.153 (0.165)	Data 0.000 (0.000)	Loss 0.0715 (0.1260)	Error Ratio 0.4408 (2.2256)
03-02 12:07 INFO     Epoch: [0][3480/11389]	Time 0.157 (0.165)	Data 0.000 (0.000)	Loss 0.1086 (0.1260)	Error Ratio 0.5081 (2.2294)
03-02 12:07 INFO     Epoch: [0][3500/11389]	Time 0.177 (0.165)	Data 0.000 (0.000)	Loss 0.1212 (0.1263)	Error Ratio 0.5101 (2.2481)
03-02 12:07 INFO     Epoch: [0][3520/11389]	Time 0.183 (0.165)	Data 0.000 (0.000)	Loss 0.0731 (0.1263)	Error Ratio 0.5507 (2.2429)
03-02 12:07 INFO     Epoch: [0][3540/11389]	Time 0.154 (0.165)	Data 0.000 (0.000)	Loss 0.1063 (0.1263)	Error Ratio 0.9156 (2.2412)
03-02 12:07 INFO     Epoch: [0][3560/11389]	Time 0.163 (0.165)	Data 0.000 (0.000)	Loss 0.1020 (0.1262)	Error Ratio 2.7622 (2.2415)
03-02 12:07 INFO     Epoch: [0][3580/11389]	Time 0.163 (0.165)	Data 0.000 (0.000)	Loss 0.0797 (0.1262)	Error Ratio 0.5361 (2.2415)
03-02 12:07 INFO     Epoch: [0][3600/11389]	Time 0.154 (0.165)	Data 0.000 (0.000)	Loss 0.1017 (0.1260)	Error Ratio 0.6134 (2.2351)
03-02 12:07 INFO     Epoch: [0][3620/11389]	Time 0.160 (0.165)	Data 0.000 (0.000)	Loss 0.1036 (0.1260)	Error Ratio 1.4714 (2.2275)
03-02 12:08 INFO     Epoch: [0][3640/11389]	Time 0.156 (0.165)	Data 0.000 (0.000)	Loss 0.0990 (0.1260)	Error Ratio 0.7490 (2.2203)
03-02 12:08 INFO     Epoch: [0][3660/11389]	Time 0.155 (0.165)	Data 0.000 (0.000)	Loss 0.0702 (0.1260)	Error Ratio 1.1231 (2.3110)
03-02 12:08 INFO     Epoch: [0][3680/11389]	Time 0.163 (0.165)	Data 0.000 (0.000)	Loss 0.0835 (0.1259)	Error Ratio 1.4258 (2.3046)
03-02 12:08 INFO     Epoch: [0][3700/11389]	Time 0.164 (0.165)	Data 0.000 (0.000)	Loss 0.1565 (0.1259)	Error Ratio 30.0839 (2.3063)
03-02 12:08 INFO     Epoch: [0][3720/11389]	Time 0.194 (0.165)	Data 0.000 (0.000)	Loss 0.0650 (0.1259)	Error Ratio 0.6870 (2.3032)
03-02 12:08 INFO     Epoch: [0][3740/11389]	Time 0.163 (0.165)	Data 0.000 (0.000)	Loss 0.1939 (0.1258)	Error Ratio 0.6318 (2.3004)
03-02 12:08 INFO     Epoch: [0][3760/11389]	Time 0.202 (0.165)	Data 0.000 (0.000)	Loss 0.2845 (0.1258)	Error Ratio 0.8778 (2.2945)
03-02 12:08 INFO     Epoch: [0][3780/11389]	Time 0.143 (0.165)	Data 0.000 (0.000)	Loss 0.0620 (0.1258)	Error Ratio 0.5950 (2.2878)
03-02 12:08 INFO     Epoch: [0][3800/11389]	Time 0.145 (0.165)	Data 0.000 (0.000)	Loss 0.1126 (0.1257)	Error Ratio 1.7323 (2.2835)
03-02 12:08 INFO     Epoch: [0][3820/11389]	Time 0.177 (0.165)	Data 0.000 (0.000)	Loss 0.1196 (0.1257)	Error Ratio 0.3707 (2.2841)
03-02 12:08 INFO     Epoch: [0][3840/11389]	Time 0.170 (0.165)	Data 0.000 (0.000)	Loss 0.2062 (0.1258)	Error Ratio 1.0208 (2.2793)
03-02 12:08 INFO     Epoch: [0][3860/11389]	Time 0.157 (0.165)	Data 0.000 (0.000)	Loss 0.1421 (0.1258)	Error Ratio 0.7199 (2.2775)
03-02 12:08 INFO     Epoch: [0][3880/11389]	Time 0.158 (0.165)	Data 0.000 (0.000)	Loss 0.0801 (0.1258)	Error Ratio 0.6021 (2.2792)
03-02 12:08 INFO     Epoch: [0][3900/11389]	Time 0.184 (0.165)	Data 0.000 (0.000)	Loss 0.1320 (0.1258)	Error Ratio 0.6168 (2.2784)
03-02 12:08 INFO     Epoch: [0][3920/11389]	Time 0.143 (0.165)	Data 0.000 (0.000)	Loss 0.0728 (0.1257)	Error Ratio 0.9658 (2.2894)
03-02 12:08 INFO     Epoch: [0][3940/11389]	Time 0.164 (0.165)	Data 0.000 (0.000)	Loss 0.0907 (0.1257)	Error Ratio 0.5934 (2.2965)
03-02 12:08 INFO     Epoch: [0][3960/11389]	Time 0.241 (0.165)	Data 0.000 (0.000)	Loss 0.1190 (0.1256)	Error Ratio 1.5798 (2.2942)
03-02 12:08 INFO     Epoch: [0][3980/11389]	Time 0.150 (0.165)	Data 0.000 (0.000)	Loss 0.1054 (0.1256)	Error Ratio 0.8568 (2.2886)
03-02 12:09 INFO     Epoch: [0][4000/11389]	Time 0.178 (0.165)	Data 0.000 (0.000)	Loss 0.1137 (0.1255)	Error Ratio 0.6792 (2.2823)
03-02 12:09 INFO     Epoch: [0][4020/11389]	Time 0.234 (0.165)	Data 0.000 (0.000)	Loss 0.0772 (0.1254)	Error Ratio 0.8883 (2.2797)
03-02 12:09 INFO     Epoch: [0][4040/11389]	Time 0.170 (0.165)	Data 0.000 (0.000)	Loss 0.1025 (0.1255)	Error Ratio 1.1693 (2.2837)
03-02 12:09 INFO     Epoch: [0][4060/11389]	Time 0.165 (0.165)	Data 0.000 (0.000)	Loss 0.0751 (0.1255)	Error Ratio 0.6566 (2.2780)
03-02 12:09 INFO     Epoch: [0][4080/11389]	Time 0.137 (0.165)	Data 0.000 (0.000)	Loss 0.1249 (0.1255)	Error Ratio 6.9136 (2.2780)
03-02 12:09 INFO     Epoch: [0][4100/11389]	Time 0.143 (0.165)	Data 0.000 (0.000)	Loss 0.1164 (0.1256)	Error Ratio 2.2545 (2.2803)
03-02 12:09 INFO     Epoch: [0][4120/11389]	Time 0.133 (0.165)	Data 0.000 (0.000)	Loss 0.1944 (0.1258)	Error Ratio 0.6493 (2.2745)
03-02 12:09 INFO     Epoch: [0][4140/11389]	Time 0.234 (0.165)	Data 0.000 (0.000)	Loss 0.1568 (0.1259)	Error Ratio 1.8009 (2.2698)
03-02 12:09 INFO     Epoch: [0][4160/11389]	Time 0.171 (0.165)	Data 0.000 (0.000)	Loss 0.0902 (0.1259)	Error Ratio 0.7509 (2.2830)
03-02 12:09 INFO     Epoch: [0][4180/11389]	Time 0.180 (0.165)	Data 0.000 (0.000)	Loss 0.0692 (0.1258)	Error Ratio 0.4296 (2.2782)
03-02 12:09 INFO     Epoch: [0][4200/11389]	Time 0.176 (0.165)	Data 0.000 (0.000)	Loss 0.0877 (0.1258)	Error Ratio 1.2550 (2.2749)
03-02 12:09 INFO     Epoch: [0][4220/11389]	Time 0.165 (0.165)	Data 0.000 (0.000)	Loss 0.1142 (0.1257)	Error Ratio 0.8970 (2.2682)
03-02 12:09 INFO     Epoch: [0][4240/11389]	Time 0.197 (0.165)	Data 0.000 (0.000)	Loss 0.1557 (0.1257)	Error Ratio 0.3868 (2.2626)
03-02 12:09 INFO     Epoch: [0][4260/11389]	Time 0.183 (0.165)	Data 0.000 (0.000)	Loss 0.1126 (0.1257)	Error Ratio 0.7290 (2.2567)
03-02 12:09 INFO     Epoch: [0][4280/11389]	Time 0.176 (0.165)	Data 0.000 (0.000)	Loss 0.1521 (0.1257)	Error Ratio 0.6070 (2.2518)
03-02 12:09 INFO     Epoch: [0][4300/11389]	Time 0.164 (0.165)	Data 0.000 (0.000)	Loss 0.1309 (0.1259)	Error Ratio 1.2519 (2.2501)
03-02 12:09 INFO     Epoch: [0][4320/11389]	Time 0.176 (0.165)	Data 0.000 (0.000)	Loss 0.0851 (0.1260)	Error Ratio 0.6268 (2.2588)
03-02 12:09 INFO     Epoch: [0][4340/11389]	Time 0.164 (0.165)	Data 0.000 (0.000)	Loss 0.0759 (0.1260)	Error Ratio 1.1707 (2.2544)
03-02 12:10 INFO     Epoch: [0][4360/11389]	Time 0.144 (0.165)	Data 0.000 (0.000)	Loss 0.1162 (0.1259)	Error Ratio 1.4088 (2.2553)
03-02 12:10 INFO     Epoch: [0][4380/11389]	Time 0.207 (0.165)	Data 0.000 (0.000)	Loss 0.1182 (0.1259)	Error Ratio 0.8383 (2.2589)
03-02 12:10 INFO     Epoch: [0][4400/11389]	Time 0.150 (0.165)	Data 0.000 (0.000)	Loss 0.1117 (0.1259)	Error Ratio 1.1095 (2.2534)
03-02 12:10 INFO     Epoch: [0][4420/11389]	Time 0.156 (0.165)	Data 0.000 (0.000)	Loss 0.0999 (0.1258)	Error Ratio 1.0738 (2.2478)
03-02 12:10 INFO     Epoch: [0][4440/11389]	Time 0.163 (0.165)	Data 0.000 (0.000)	Loss 0.0972 (0.1260)	Error Ratio 0.7347 (2.2416)
03-02 12:10 INFO     Epoch: [0][4460/11389]	Time 0.163 (0.165)	Data 0.000 (0.000)	Loss 0.1496 (0.1261)	Error Ratio 0.7076 (2.2404)
03-02 12:10 INFO     Epoch: [0][4480/11389]	Time 0.178 (0.165)	Data 0.000 (0.000)	Loss 0.0520 (0.1260)	Error Ratio 0.6565 (2.2348)
03-02 12:10 INFO     Epoch: [0][4500/11389]	Time 0.157 (0.165)	Data 0.000 (0.000)	Loss 0.0887 (0.1260)	Error Ratio 1.1505 (2.2308)
03-02 12:10 INFO     Epoch: [0][4520/11389]	Time 0.163 (0.165)	Data 0.000 (0.000)	Loss 0.0611 (0.1260)	Error Ratio 0.5934 (2.2281)
03-02 12:10 INFO     Epoch: [0][4540/11389]	Time 0.152 (0.165)	Data 0.000 (0.000)	Loss 0.0848 (0.1259)	Error Ratio 0.4028 (2.2218)
03-02 12:10 INFO     Epoch: [0][4560/11389]	Time 0.165 (0.165)	Data 0.000 (0.000)	Loss 0.1487 (0.1258)	Error Ratio 0.7963 (2.2198)
03-02 12:10 INFO     Epoch: [0][4580/11389]	Time 0.164 (0.165)	Data 0.000 (0.000)	Loss 0.1504 (0.1258)	Error Ratio 0.7653 (2.2156)
03-02 12:10 INFO     Epoch: [0][4600/11389]	Time 0.177 (0.165)	Data 0.000 (0.000)	Loss 0.1774 (0.1257)	Error Ratio 0.6958 (2.2151)
03-02 12:10 INFO     Epoch: [0][4620/11389]	Time 0.146 (0.165)	Data 0.000 (0.000)	Loss 0.0886 (0.1258)	Error Ratio 0.6290 (2.2253)
03-02 12:10 INFO     Epoch: [0][4640/11389]	Time 0.157 (0.165)	Data 0.000 (0.000)	Loss 0.0577 (0.1257)	Error Ratio 0.6505 (2.2401)
03-02 12:10 INFO     Epoch: [0][4660/11389]	Time 0.162 (0.165)	Data 0.000 (0.000)	Loss 0.1243 (0.1257)	Error Ratio 0.6785 (2.2384)
03-02 12:10 INFO     Epoch: [0][4680/11389]	Time 0.163 (0.165)	Data 0.000 (0.000)	Loss 0.0882 (0.1257)	Error Ratio 3.4624 (2.2351)
03-02 12:10 INFO     Epoch: [0][4700/11389]	Time 0.176 (0.165)	Data 0.000 (0.000)	Loss 0.1717 (0.1258)	Error Ratio 0.9952 (2.3521)
03-02 12:10 INFO     Epoch: [0][4720/11389]	Time 0.164 (0.165)	Data 0.000 (0.000)	Loss 0.0893 (0.1259)	Error Ratio 3.4381 (2.3480)
03-02 12:11 INFO     Epoch: [0][4740/11389]	Time 0.157 (0.165)	Data 0.000 (0.000)	Loss 0.0808 (0.1259)	Error Ratio 0.7827 (2.3417)
03-02 12:11 INFO     Epoch: [0][4760/11389]	Time 0.170 (0.165)	Data 0.000 (0.000)	Loss 0.1488 (0.1260)	Error Ratio 0.9341 (2.3363)
03-02 12:11 INFO     Epoch: [0][4780/11389]	Time 0.171 (0.165)	Data 0.000 (0.000)	Loss 0.1980 (0.1260)	Error Ratio 0.6762 (2.3313)
03-02 12:11 INFO     Epoch: [0][4800/11389]	Time 0.151 (0.165)	Data 0.000 (0.000)	Loss 0.0885 (0.1259)	Error Ratio 1.0950 (2.3268)
03-02 12:11 INFO     Epoch: [0][4820/11389]	Time 0.177 (0.165)	Data 0.000 (0.000)	Loss 0.1390 (0.1260)	Error Ratio 1.2508 (2.3372)
03-02 12:11 INFO     Epoch: [0][4840/11389]	Time 0.156 (0.165)	Data 0.000 (0.000)	Loss 0.0984 (0.1260)	Error Ratio 1.6247 (2.3348)
03-02 12:11 INFO     Epoch: [0][4860/11389]	Time 0.158 (0.165)	Data 0.000 (0.000)	Loss 0.0872 (0.1259)	Error Ratio 0.9746 (2.3475)
03-02 12:11 INFO     Epoch: [0][4880/11389]	Time 0.144 (0.165)	Data 0.000 (0.000)	Loss 0.0753 (0.1259)	Error Ratio 1.7121 (2.3447)
03-02 12:11 INFO     Epoch: [0][4900/11389]	Time 0.163 (0.165)	Data 0.000 (0.000)	Loss 0.1219 (0.1259)	Error Ratio 1.1877 (2.3414)
03-02 12:11 INFO     Epoch: [0][4920/11389]	Time 0.150 (0.165)	Data 0.000 (0.000)	Loss 0.0902 (0.1258)	Error Ratio 0.5046 (2.3352)
03-02 12:11 INFO     Epoch: [0][4940/11389]	Time 0.168 (0.165)	Data 0.000 (0.000)	Loss 0.0843 (0.1257)	Error Ratio 0.8491 (2.3450)
03-02 12:11 INFO     Epoch: [0][4960/11389]	Time 0.158 (0.165)	Data 0.000 (0.000)	Loss 0.0650 (0.1256)	Error Ratio 0.6408 (2.3408)
03-02 12:11 INFO     Epoch: [0][4980/11389]	Time 0.165 (0.165)	Data 0.000 (0.000)	Loss 0.1573 (0.1255)	Error Ratio 0.6075 (2.3362)
03-02 12:11 INFO     Epoch: [0][5000/11389]	Time 0.169 (0.165)	Data 0.000 (0.000)	Loss 0.1374 (0.1256)	Error Ratio 1.1389 (2.3309)
03-02 12:11 INFO     Epoch: [0][5020/11389]	Time 0.152 (0.165)	Data 0.000 (0.000)	Loss 0.0959 (0.1255)	Error Ratio 0.7884 (2.3391)
03-02 12:11 INFO     Epoch: [0][5040/11389]	Time 0.150 (0.165)	Data 0.000 (0.000)	Loss 0.1128 (0.1255)	Error Ratio 0.7770 (2.3332)
03-02 12:11 INFO     Epoch: [0][5060/11389]	Time 0.162 (0.165)	Data 0.000 (0.000)	Loss 0.1079 (0.1256)	Error Ratio 0.5973 (2.3286)
03-02 12:11 INFO     Epoch: [0][5080/11389]	Time 0.202 (0.165)	Data 0.000 (0.000)	Loss 0.1515 (0.1255)	Error Ratio 1.5789 (2.3285)
03-02 12:12 INFO     Epoch: [0][5100/11389]	Time 0.159 (0.165)	Data 0.000 (0.000)	Loss 0.0742 (0.1254)	Error Ratio 1.1117 (2.3260)
03-02 12:12 INFO     Epoch: [0][5120/11389]	Time 0.152 (0.165)	Data 0.000 (0.000)	Loss 0.0738 (0.1255)	Error Ratio 1.7672 (2.3211)
03-02 12:12 INFO     Epoch: [0][5140/11389]	Time 0.165 (0.165)	Data 0.000 (0.000)	Loss 0.1115 (0.1254)	Error Ratio 0.9559 (2.3182)
03-02 12:12 INFO     Epoch: [0][5160/11389]	Time 0.163 (0.165)	Data 0.000 (0.000)	Loss 0.1289 (0.1255)	Error Ratio 1.4067 (2.3133)
03-02 12:12 INFO     Epoch: [0][5180/11389]	Time 0.184 (0.165)	Data 0.000 (0.000)	Loss 0.1343 (0.1256)	Error Ratio 0.8237 (2.3170)
03-02 12:12 INFO     Epoch: [0][5200/11389]	Time 0.211 (0.165)	Data 0.000 (0.000)	Loss 0.1295 (0.1256)	Error Ratio 1.1950 (2.3283)
03-02 12:12 INFO     Epoch: [0][5220/11389]	Time 0.177 (0.165)	Data 0.000 (0.000)	Loss 0.1374 (0.1256)	Error Ratio 1.2667 (2.3241)
03-02 12:12 INFO     Epoch: [0][5240/11389]	Time 0.145 (0.165)	Data 0.000 (0.000)	Loss 0.1034 (0.1256)	Error Ratio 2.6693 (2.3200)
03-02 12:12 INFO     Epoch: [0][5260/11389]	Time 0.152 (0.165)	Data 0.000 (0.000)	Loss 0.0805 (0.1255)	Error Ratio 0.7187 (2.3199)
03-02 12:12 INFO     Epoch: [0][5280/11389]	Time 0.163 (0.165)	Data 0.000 (0.000)	Loss 0.0572 (0.1254)	Error Ratio 0.6841 (2.3146)
03-02 12:12 INFO     Epoch: [0][5300/11389]	Time 0.169 (0.165)	Data 0.000 (0.000)	Loss 0.0734 (0.1255)	Error Ratio 3.1059 (2.3134)
03-02 12:12 INFO     Epoch: [0][5320/11389]	Time 0.166 (0.165)	Data 0.000 (0.000)	Loss 0.0937 (0.1255)	Error Ratio 0.9213 (2.3127)
03-02 12:12 INFO     Epoch: [0][5340/11389]	Time 0.192 (0.165)	Data 0.000 (0.000)	Loss 0.0798 (0.1254)	Error Ratio 1.6144 (2.3432)
03-02 12:12 INFO     Epoch: [0][5360/11389]	Time 0.180 (0.165)	Data 0.000 (0.000)	Loss 0.1452 (0.1253)	Error Ratio 2.3863 (2.3415)
03-02 12:12 INFO     Epoch: [0][5380/11389]	Time 0.178 (0.165)	Data 0.000 (0.000)	Loss 0.0860 (0.1253)	Error Ratio 0.9777 (2.3365)
03-02 12:12 INFO     Epoch: [0][5400/11389]	Time 0.143 (0.165)	Data 0.000 (0.000)	Loss 0.0764 (0.1253)	Error Ratio 0.5386 (2.3310)
03-02 12:12 INFO     Epoch: [0][5420/11389]	Time 0.177 (0.165)	Data 0.000 (0.000)	Loss 0.2356 (0.1254)	Error Ratio 0.7634 (2.3296)
03-02 12:12 INFO     Epoch: [0][5440/11389]	Time 0.152 (0.165)	Data 0.000 (0.000)	Loss 0.1094 (0.1254)	Error Ratio 1.2888 (2.3245)
03-02 12:13 INFO     Epoch: [0][5460/11389]	Time 0.210 (0.165)	Data 0.000 (0.000)	Loss 0.1105 (0.1255)	Error Ratio 0.8296 (2.3216)
03-02 12:13 INFO     Epoch: [0][5480/11389]	Time 0.184 (0.165)	Data 0.000 (0.000)	Loss 0.1542 (0.1256)	Error Ratio 0.6243 (2.3353)
03-02 12:13 INFO     Epoch: [0][5500/11389]	Time 0.159 (0.165)	Data 0.000 (0.000)	Loss 0.1072 (0.1256)	Error Ratio 1.0867 (2.3330)
03-02 12:13 INFO     Epoch: [0][5520/11389]	Time 0.156 (0.165)	Data 0.000 (0.000)	Loss 0.1534 (0.1255)	Error Ratio 1.0209 (2.3387)
03-02 12:13 INFO     Epoch: [0][5540/11389]	Time 0.155 (0.165)	Data 0.000 (0.000)	Loss 0.0609 (0.1254)	Error Ratio 0.5162 (2.3342)
03-02 12:13 INFO     Epoch: [0][5560/11389]	Time 0.150 (0.165)	Data 0.000 (0.000)	Loss 0.1082 (0.1254)	Error Ratio 0.7560 (2.3302)
03-02 12:13 INFO     Epoch: [0][5580/11389]	Time 0.158 (0.165)	Data 0.000 (0.000)	Loss 0.0809 (0.1253)	Error Ratio 1.1304 (2.3311)
03-02 12:13 INFO     Epoch: [0][5600/11389]	Time 0.158 (0.165)	Data 0.000 (0.000)	Loss 0.1035 (0.1256)	Error Ratio 32.9273 (2.3319)
03-02 12:13 INFO     Epoch: [0][5620/11389]	Time 0.179 (0.165)	Data 0.000 (0.000)	Loss 0.1736 (0.1256)	Error Ratio 0.7225 (2.3274)
03-02 12:13 INFO     Epoch: [0][5640/11389]	Time 0.151 (0.165)	Data 0.000 (0.000)	Loss 0.1316 (0.1256)	Error Ratio 0.3883 (2.3231)
03-02 12:13 INFO     Epoch: [0][5660/11389]	Time 0.143 (0.165)	Data 0.000 (0.000)	Loss 0.0994 (0.1256)	Error Ratio 0.6218 (2.3179)
03-02 12:13 INFO     Epoch: [0][5680/11389]	Time 0.165 (0.165)	Data 0.000 (0.000)	Loss 0.0811 (0.1256)	Error Ratio 1.3387 (2.3161)
03-02 12:13 INFO     Epoch: [0][5700/11389]	Time 0.184 (0.165)	Data 0.000 (0.000)	Loss 0.0476 (0.1256)	Error Ratio 0.8327 (2.3123)
03-02 12:13 INFO     Epoch: [0][5720/11389]	Time 0.162 (0.165)	Data 0.000 (0.000)	Loss 0.0942 (0.1256)	Error Ratio 1.7742 (2.3088)
03-02 12:13 INFO     Epoch: [0][5740/11389]	Time 0.151 (0.165)	Data 0.000 (0.000)	Loss 0.1000 (0.1256)	Error Ratio 0.5645 (2.3067)
03-02 12:13 INFO     Epoch: [0][5760/11389]	Time 0.165 (0.165)	Data 0.000 (0.000)	Loss 0.0759 (0.1255)	Error Ratio 0.9635 (2.3051)
03-02 12:13 INFO     Epoch: [0][5780/11389]	Time 0.162 (0.165)	Data 0.000 (0.000)	Loss 0.1042 (0.1255)	Error Ratio 0.6504 (2.3057)
03-02 12:13 INFO     Epoch: [0][5800/11389]	Time 0.157 (0.165)	Data 0.000 (0.000)	Loss 0.1496 (0.1255)	Error Ratio 0.7451 (2.3011)
03-02 12:14 INFO     Epoch: [0][5820/11389]	Time 0.163 (0.165)	Data 0.000 (0.000)	Loss 0.0910 (0.1255)	Error Ratio 0.4479 (2.3049)
03-02 12:14 INFO     Epoch: [0][5840/11389]	Time 0.157 (0.165)	Data 0.000 (0.000)	Loss 0.0878 (0.1255)	Error Ratio 0.7822 (2.3068)
03-02 12:14 INFO     Epoch: [0][5860/11389]	Time 0.151 (0.165)	Data 0.000 (0.000)	Loss 0.0726 (0.1254)	Error Ratio 0.3761 (2.3026)
03-02 12:14 INFO     Epoch: [0][5880/11389]	Time 0.165 (0.165)	Data 0.000 (0.000)	Loss 0.1609 (0.1254)	Error Ratio 1.2211 (2.3014)
03-02 12:14 INFO     Epoch: [0][5900/11389]	Time 0.149 (0.165)	Data 0.000 (0.000)	Loss 0.1345 (0.1254)	Error Ratio 0.7429 (2.2992)
03-02 12:14 INFO     Epoch: [0][5920/11389]	Time 0.158 (0.165)	Data 0.000 (0.000)	Loss 0.0720 (0.1255)	Error Ratio 0.7650 (2.3025)
03-02 12:14 INFO     Epoch: [0][5940/11389]	Time 0.196 (0.165)	Data 0.000 (0.000)	Loss 0.1269 (0.1256)	Error Ratio 0.9656 (2.3016)
03-02 12:14 INFO     Epoch: [0][5960/11389]	Time 0.158 (0.165)	Data 0.000 (0.000)	Loss 0.1087 (0.1256)	Error Ratio 0.6818 (2.2992)
03-02 12:14 INFO     Epoch: [0][5980/11389]	Time 0.171 (0.165)	Data 0.000 (0.000)	Loss 0.1984 (0.1256)	Error Ratio 0.9470 (2.3060)
03-02 12:14 INFO     Epoch: [0][6000/11389]	Time 0.209 (0.165)	Data 0.000 (0.000)	Loss 0.1344 (0.1257)	Error Ratio 0.7483 (2.3024)
03-02 12:14 INFO     Epoch: [0][6020/11389]	Time 0.156 (0.165)	Data 0.000 (0.000)	Loss 0.2097 (0.1258)	Error Ratio 1.1593 (2.3004)
03-02 12:14 INFO     Epoch: [0][6040/11389]	Time 0.165 (0.165)	Data 0.000 (0.000)	Loss 0.2256 (0.1258)	Error Ratio 1.2142 (2.2992)
03-02 12:14 INFO     Epoch: [0][6060/11389]	Time 0.185 (0.165)	Data 0.000 (0.000)	Loss 0.1931 (0.1258)	Error Ratio 0.5902 (2.2961)
03-02 12:14 INFO     Epoch: [0][6080/11389]	Time 0.144 (0.165)	Data 0.000 (0.000)	Loss 0.3462 (0.1258)	Error Ratio 1.0206 (2.2984)
03-02 12:14 INFO     Epoch: [0][6100/11389]	Time 0.176 (0.165)	Data 0.000 (0.000)	Loss 0.0568 (0.1258)	Error Ratio 0.6755 (2.2959)
03-02 12:14 INFO     Epoch: [0][6120/11389]	Time 0.180 (0.165)	Data 0.000 (0.000)	Loss 0.0978 (0.1258)	Error Ratio 1.3646 (2.2945)
03-02 12:14 INFO     Epoch: [0][6140/11389]	Time 0.154 (0.165)	Data 0.000 (0.000)	Loss 0.0809 (0.1257)	Error Ratio 0.8253 (2.2947)
03-02 12:14 INFO     Epoch: [0][6160/11389]	Time 0.171 (0.165)	Data 0.000 (0.000)	Loss 0.1449 (0.1257)	Error Ratio 1.0036 (2.2914)
03-02 12:15 INFO     Epoch: [0][6180/11389]	Time 0.164 (0.165)	Data 0.000 (0.000)	Loss 0.0988 (0.1256)	Error Ratio 0.4030 (2.2918)
03-02 12:15 INFO     Epoch: [0][6200/11389]	Time 0.164 (0.165)	Data 0.000 (0.000)	Loss 0.2567 (0.1256)	Error Ratio 0.5654 (2.2968)
03-02 12:15 INFO     Epoch: [0][6220/11389]	Time 0.137 (0.165)	Data 0.000 (0.000)	Loss 0.1304 (0.1256)	Error Ratio 1.4854 (2.2932)
03-02 12:15 INFO     Epoch: [0][6240/11389]	Time 0.146 (0.165)	Data 0.000 (0.000)	Loss 0.1448 (0.1255)	Error Ratio 1.0611 (2.2966)
03-02 12:15 INFO     Epoch: [0][6260/11389]	Time 0.164 (0.165)	Data 0.000 (0.000)	Loss 0.1221 (0.1256)	Error Ratio 0.9583 (2.2969)
03-02 12:15 INFO     Epoch: [0][6280/11389]	Time 0.164 (0.165)	Data 0.000 (0.000)	Loss 0.1102 (0.1255)	Error Ratio 0.6216 (2.2931)
03-02 12:15 INFO     Epoch: [0][6300/11389]	Time 0.152 (0.165)	Data 0.000 (0.000)	Loss 0.1989 (0.1255)	Error Ratio 0.9257 (2.2909)
03-02 12:15 INFO     Epoch: [0][6320/11389]	Time 0.151 (0.165)	Data 0.000 (0.000)	Loss 0.1239 (0.1254)	Error Ratio 0.7022 (2.2907)
03-02 12:15 INFO     Epoch: [0][6340/11389]	Time 0.157 (0.165)	Data 0.000 (0.000)	Loss 0.1022 (0.1254)	Error Ratio 0.5159 (2.2895)
03-02 12:15 INFO     Epoch: [0][6360/11389]	Time 0.164 (0.165)	Data 0.000 (0.000)	Loss 0.1241 (0.1254)	Error Ratio 0.9106 (2.2916)
03-02 12:15 INFO     Epoch: [0][6380/11389]	Time 0.142 (0.165)	Data 0.000 (0.000)	Loss 0.0746 (0.1255)	Error Ratio 0.6129 (2.2885)
03-02 12:15 INFO     Epoch: [0][6400/11389]	Time 0.177 (0.165)	Data 0.000 (0.000)	Loss 0.0947 (0.1255)	Error Ratio 1.1619 (2.2856)
03-02 12:15 INFO     Epoch: [0][6420/11389]	Time 0.150 (0.165)	Data 0.000 (0.000)	Loss 0.1628 (0.1256)	Error Ratio 31.3853 (2.2871)
03-02 12:15 INFO     Epoch: [0][6440/11389]	Time 0.164 (0.165)	Data 0.000 (0.000)	Loss 0.0926 (0.1255)	Error Ratio 0.7553 (2.2842)
03-02 12:15 INFO     Epoch: [0][6460/11389]	Time 0.163 (0.165)	Data 0.000 (0.000)	Loss 0.1162 (0.1255)	Error Ratio 0.4033 (2.2818)
03-02 12:15 INFO     Epoch: [0][6480/11389]	Time 0.150 (0.165)	Data 0.000 (0.000)	Loss 0.0786 (0.1255)	Error Ratio 4.1355 (2.2867)
03-02 12:15 INFO     Epoch: [0][6500/11389]	Time 0.158 (0.165)	Data 0.000 (0.000)	Loss 0.0635 (0.1254)	Error Ratio 0.7152 (2.2819)
03-02 12:15 INFO     Epoch: [0][6520/11389]	Time 0.192 (0.165)	Data 0.000 (0.000)	Loss 0.1176 (0.1254)	Error Ratio 0.5954 (2.2821)
03-02 12:16 INFO     Epoch: [0][6540/11389]	Time 0.137 (0.165)	Data 0.000 (0.000)	Loss 0.0686 (0.1253)	Error Ratio 0.7065 (2.2809)
03-02 12:16 INFO     Epoch: [0][6560/11389]	Time 0.182 (0.165)	Data 0.000 (0.000)	Loss 0.1037 (0.1256)	Error Ratio 2.5246 (2.2824)
03-02 12:16 INFO     Epoch: [0][6580/11389]	Time 0.151 (0.165)	Data 0.000 (0.000)	Loss 0.1034 (0.1256)	Error Ratio 0.5867 (2.2796)
03-02 12:16 INFO     Epoch: [0][6600/11389]	Time 0.167 (0.165)	Data 0.000 (0.000)	Loss 0.1406 (0.1256)	Error Ratio 0.8015 (2.2774)
03-02 12:16 INFO     Epoch: [0][6620/11389]	Time 0.185 (0.165)	Data 0.000 (0.000)	Loss 0.1126 (0.1255)	Error Ratio 3.8342 (2.2765)
03-02 12:16 INFO     Epoch: [0][6640/11389]	Time 0.177 (0.165)	Data 0.000 (0.000)	Loss 0.0776 (0.1255)	Error Ratio 0.7584 (2.2728)
03-02 12:16 INFO     Epoch: [0][6660/11389]	Time 0.178 (0.165)	Data 0.000 (0.000)	Loss 0.0662 (0.1256)	Error Ratio 0.7885 (2.2730)
03-02 12:16 INFO     Epoch: [0][6680/11389]	Time 0.165 (0.165)	Data 0.000 (0.000)	Loss 0.1227 (0.1258)	Error Ratio 1.0020 (2.2708)
03-02 12:16 INFO     Epoch: [0][6700/11389]	Time 0.165 (0.165)	Data 0.000 (0.000)	Loss 0.0541 (0.1258)	Error Ratio 0.5871 (2.2824)
03-02 12:16 INFO     Epoch: [0][6720/11389]	Time 0.186 (0.165)	Data 0.000 (0.000)	Loss 0.1273 (0.1258)	Error Ratio 0.8646 (2.2807)
03-02 12:16 INFO     Epoch: [0][6740/11389]	Time 0.157 (0.165)	Data 0.000 (0.000)	Loss 0.1338 (0.1257)	Error Ratio 0.9519 (2.3059)
03-02 12:16 INFO     Epoch: [0][6760/11389]	Time 0.159 (0.165)	Data 0.000 (0.000)	Loss 0.2523 (0.1258)	Error Ratio 0.5915 (2.3019)
03-02 12:16 INFO     Epoch: [0][6780/11389]	Time 0.136 (0.165)	Data 0.000 (0.000)	Loss 0.1435 (0.1260)	Error Ratio 0.9529 (2.3080)
03-02 12:16 INFO     Epoch: [0][6800/11389]	Time 0.151 (0.165)	Data 0.000 (0.000)	Loss 0.0790 (0.1260)	Error Ratio 0.5384 (2.3056)
03-02 12:16 INFO     Epoch: [0][6820/11389]	Time 0.180 (0.165)	Data 0.000 (0.000)	Loss 0.0660 (0.1259)	Error Ratio 0.7955 (2.3018)
03-02 12:16 INFO     Epoch: [0][6840/11389]	Time 0.179 (0.165)	Data 0.000 (0.000)	Loss 0.1097 (0.1260)	Error Ratio 0.8852 (2.2983)
03-02 12:16 INFO     Epoch: [0][6860/11389]	Time 0.164 (0.165)	Data 0.000 (0.000)	Loss 0.0902 (0.1260)	Error Ratio 0.6613 (2.2971)
03-02 12:16 INFO     Epoch: [0][6880/11389]	Time 0.171 (0.165)	Data 0.000 (0.000)	Loss 0.1236 (0.1260)	Error Ratio 0.9116 (2.2941)
03-02 12:17 INFO     Epoch: [0][6900/11389]	Time 0.179 (0.165)	Data 0.000 (0.000)	Loss 0.1223 (0.1260)	Error Ratio 0.7952 (2.2907)
03-02 12:17 INFO     Epoch: [0][6920/11389]	Time 0.160 (0.165)	Data 0.000 (0.000)	Loss 0.1363 (0.1260)	Error Ratio 3.3517 (2.2947)
03-02 12:17 INFO     Epoch: [0][6940/11389]	Time 0.164 (0.165)	Data 0.000 (0.000)	Loss 0.0906 (0.1260)	Error Ratio 1.2700 (2.2909)
03-02 12:17 INFO     Epoch: [0][6960/11389]	Time 0.146 (0.165)	Data 0.000 (0.000)	Loss 0.0901 (0.1260)	Error Ratio 1.0192 (2.2891)
03-02 12:17 INFO     Epoch: [0][6980/11389]	Time 0.207 (0.165)	Data 0.000 (0.000)	Loss 0.1151 (0.1260)	Error Ratio 0.6403 (2.2899)
03-02 12:17 INFO     Epoch: [0][7000/11389]	Time 0.151 (0.165)	Data 0.000 (0.000)	Loss 0.2334 (0.1260)	Error Ratio 0.7676 (2.2901)
03-02 12:17 INFO     Epoch: [0][7020/11389]	Time 0.156 (0.165)	Data 0.000 (0.000)	Loss 0.1128 (0.1261)	Error Ratio 5.1721 (2.2906)
03-02 12:17 INFO     Epoch: [0][7040/11389]	Time 0.204 (0.165)	Data 0.000 (0.000)	Loss 0.1266 (0.1261)	Error Ratio 2.8953 (2.3016)
03-02 12:17 INFO     Epoch: [0][7060/11389]	Time 0.152 (0.165)	Data 0.000 (0.000)	Loss 0.1122 (0.1260)	Error Ratio 0.7769 (2.3023)
03-02 12:17 INFO     Epoch: [0][7080/11389]	Time 0.152 (0.165)	Data 0.000 (0.000)	Loss 0.1134 (0.1260)	Error Ratio 0.4651 (2.3001)
03-02 12:17 INFO     Epoch: [0][7100/11389]	Time 0.156 (0.165)	Data 0.000 (0.000)	Loss 0.1259 (0.1259)	Error Ratio 3.1299 (2.3111)
03-02 12:17 INFO     Epoch: [0][7120/11389]	Time 0.177 (0.165)	Data 0.000 (0.000)	Loss 0.1477 (0.1259)	Error Ratio 0.7032 (2.3104)
03-02 12:17 INFO     Epoch: [0][7140/11389]	Time 0.150 (0.165)	Data 0.000 (0.000)	Loss 0.3297 (0.1259)	Error Ratio 3.2262 (2.3089)
03-02 12:17 INFO     Epoch: [0][7160/11389]	Time 0.177 (0.165)	Data 0.000 (0.000)	Loss 0.0964 (0.1258)	Error Ratio 2.1279 (2.3073)
03-02 12:17 INFO     Epoch: [0][7180/11389]	Time 0.150 (0.165)	Data 0.000 (0.000)	Loss 0.1646 (0.1258)	Error Ratio 0.4628 (2.3086)
03-02 12:17 INFO     Epoch: [0][7200/11389]	Time 0.161 (0.165)	Data 0.000 (0.000)	Loss 0.0833 (0.1258)	Error Ratio 0.6935 (2.3057)
03-02 12:17 INFO     Epoch: [0][7220/11389]	Time 0.171 (0.165)	Data 0.000 (0.000)	Loss 0.0868 (0.1258)	Error Ratio 1.1514 (2.3030)
03-02 12:17 INFO     Epoch: [0][7240/11389]	Time 0.156 (0.165)	Data 0.000 (0.000)	Loss 0.1000 (0.1257)	Error Ratio 0.7960 (2.2995)
03-02 12:18 INFO     Epoch: [0][7260/11389]	Time 0.159 (0.165)	Data 0.000 (0.000)	Loss 0.1004 (0.1258)	Error Ratio 0.6419 (2.2994)
03-02 12:18 INFO     Epoch: [0][7280/11389]	Time 0.178 (0.165)	Data 0.000 (0.000)	Loss 0.0971 (0.1258)	Error Ratio 0.3604 (2.2991)
03-02 12:18 INFO     Epoch: [0][7300/11389]	Time 0.164 (0.165)	Data 0.000 (0.000)	Loss 0.2209 (0.1257)	Error Ratio 1.0373 (2.2958)
03-02 12:18 INFO     Epoch: [0][7320/11389]	Time 0.158 (0.165)	Data 0.000 (0.000)	Loss 0.1091 (0.1257)	Error Ratio 0.7548 (2.2947)
03-02 12:18 INFO     Epoch: [0][7340/11389]	Time 0.149 (0.165)	Data 0.000 (0.000)	Loss 0.0872 (0.1257)	Error Ratio 0.7458 (2.2970)
03-02 12:18 INFO     Epoch: [0][7360/11389]	Time 0.144 (0.165)	Data 0.000 (0.000)	Loss 0.1276 (0.1256)	Error Ratio 1.6112 (2.2966)
03-02 12:18 INFO     Epoch: [0][7380/11389]	Time 0.155 (0.165)	Data 0.000 (0.000)	Loss 0.1888 (0.1256)	Error Ratio 1.3742 (2.2945)
03-02 12:18 INFO     Epoch: [0][7400/11389]	Time 0.178 (0.165)	Data 0.000 (0.000)	Loss 0.1212 (0.1255)	Error Ratio 2.5830 (2.2956)
03-02 12:18 INFO     Epoch: [0][7420/11389]	Time 0.162 (0.165)	Data 0.000 (0.000)	Loss 0.0676 (0.1255)	Error Ratio 0.7675 (2.2935)
03-02 12:18 INFO     Epoch: [0][7440/11389]	Time 0.154 (0.165)	Data 0.000 (0.000)	Loss 0.1124 (0.1254)	Error Ratio 3.4299 (2.2938)
03-02 12:18 INFO     Epoch: [0][7460/11389]	Time 0.178 (0.165)	Data 0.000 (0.000)	Loss 0.1256 (0.1254)	Error Ratio 0.8677 (2.2955)
03-02 12:18 INFO     Epoch: [0][7480/11389]	Time 0.157 (0.165)	Data 0.000 (0.000)	Loss 0.0868 (0.1254)	Error Ratio 1.1376 (2.2954)
03-02 12:18 INFO     Epoch: [0][7500/11389]	Time 0.165 (0.165)	Data 0.000 (0.000)	Loss 0.0989 (0.1254)	Error Ratio 1.5501 (2.2921)
03-02 12:18 INFO     Epoch: [0][7520/11389]	Time 0.154 (0.165)	Data 0.000 (0.000)	Loss 0.1085 (0.1254)	Error Ratio 1.4657 (2.2904)
03-02 12:18 INFO     Epoch: [0][7540/11389]	Time 0.164 (0.165)	Data 0.000 (0.000)	Loss 0.1468 (0.1253)	Error Ratio 0.7352 (2.2875)
03-02 12:18 INFO     Epoch: [0][7560/11389]	Time 0.185 (0.165)	Data 0.000 (0.000)	Loss 0.0909 (0.1253)	Error Ratio 1.4554 (2.2846)
03-02 12:18 INFO     Epoch: [0][7580/11389]	Time 0.162 (0.165)	Data 0.000 (0.000)	Loss 0.0751 (0.1252)	Error Ratio 1.2442 (2.2897)
03-02 12:18 INFO     Epoch: [0][7600/11389]	Time 0.163 (0.165)	Data 0.000 (0.000)	Loss 0.1516 (0.1251)	Error Ratio 0.6288 (2.2895)
03-02 12:18 INFO     Epoch: [0][7620/11389]	Time 0.197 (0.165)	Data 0.000 (0.000)	Loss 0.0802 (0.1251)	Error Ratio 0.3818 (2.2935)
03-02 12:19 INFO     Epoch: [0][7640/11389]	Time 0.164 (0.165)	Data 0.000 (0.000)	Loss 0.0773 (0.1251)	Error Ratio 1.1947 (2.2900)
03-02 12:19 INFO     Epoch: [0][7660/11389]	Time 0.178 (0.165)	Data 0.000 (0.000)	Loss 0.2258 (0.1251)	Error Ratio 0.4363 (2.2865)
03-02 12:19 INFO     Epoch: [0][7680/11389]	Time 0.178 (0.165)	Data 0.000 (0.000)	Loss 0.0813 (0.1252)	Error Ratio 0.9291 (2.2889)
03-02 12:19 INFO     Epoch: [0][7700/11389]	Time 0.157 (0.165)	Data 0.000 (0.000)	Loss 0.1434 (0.1252)	Error Ratio 0.5710 (2.2881)
03-02 12:19 INFO     Epoch: [0][7720/11389]	Time 0.164 (0.165)	Data 0.000 (0.000)	Loss 0.1154 (0.1251)	Error Ratio 1.3474 (2.3004)
03-02 12:19 INFO     Epoch: [0][7740/11389]	Time 0.164 (0.165)	Data 0.000 (0.000)	Loss 0.1096 (0.1252)	Error Ratio 0.6765 (2.3081)
03-02 12:19 INFO     Epoch: [0][7760/11389]	Time 0.145 (0.165)	Data 0.000 (0.000)	Loss 0.0778 (0.1251)	Error Ratio 0.7105 (2.3051)
03-02 12:19 INFO     Epoch: [0][7780/11389]	Time 0.150 (0.165)	Data 0.000 (0.000)	Loss 0.1699 (0.1252)	Error Ratio 0.5422 (2.3153)
03-02 12:19 INFO     Epoch: [0][7800/11389]	Time 0.151 (0.165)	Data 0.000 (0.000)	Loss 0.0779 (0.1253)	Error Ratio 0.4124 (2.3173)
03-02 12:19 INFO     Epoch: [0][7820/11389]	Time 0.151 (0.165)	Data 0.000 (0.000)	Loss 0.1253 (0.1253)	Error Ratio 0.7989 (2.3138)
03-02 12:19 INFO     Epoch: [0][7840/11389]	Time 0.155 (0.165)	Data 0.000 (0.000)	Loss 0.1165 (0.1253)	Error Ratio 0.4502 (2.3111)
03-02 12:19 INFO     Epoch: [0][7860/11389]	Time 0.155 (0.165)	Data 0.000 (0.000)	Loss 0.0755 (0.1253)	Error Ratio 2.0167 (2.3153)
03-02 12:19 INFO     Epoch: [0][7880/11389]	Time 0.143 (0.165)	Data 0.000 (0.000)	Loss 0.1321 (0.1252)	Error Ratio 0.8727 (2.3123)
03-02 12:19 INFO     Epoch: [0][7900/11389]	Time 0.149 (0.165)	Data 0.000 (0.000)	Loss 0.0816 (0.1252)	Error Ratio 1.5751 (2.3090)
03-02 12:19 INFO     Epoch: [0][7920/11389]	Time 0.153 (0.165)	Data 0.000 (0.000)	Loss 0.1276 (0.1252)	Error Ratio 1.6583 (2.3061)
03-02 12:19 INFO     Epoch: [0][7940/11389]	Time 0.193 (0.165)	Data 0.000 (0.000)	Loss 0.1126 (0.1252)	Error Ratio 2.2890 (2.3048)
03-02 12:19 INFO     Epoch: [0][7960/11389]	Time 0.164 (0.165)	Data 0.000 (0.000)	Loss 0.0641 (0.1251)	Error Ratio 0.9472 (2.3015)
03-02 12:19 INFO     Epoch: [0][7980/11389]	Time 0.151 (0.165)	Data 0.000 (0.000)	Loss 0.1069 (0.1251)	Error Ratio 0.5010 (2.2977)
03-02 12:20 INFO     Epoch: [0][8000/11389]	Time 0.190 (0.165)	Data 0.000 (0.000)	Loss 0.1839 (0.1252)	Error Ratio 0.7562 (2.2960)
03-02 12:20 INFO     Epoch: [0][8020/11389]	Time 0.159 (0.165)	Data 0.000 (0.000)	Loss 0.1856 (0.1252)	Error Ratio 0.5831 (2.2934)
03-02 12:20 INFO     Epoch: [0][8040/11389]	Time 0.144 (0.165)	Data 0.000 (0.000)	Loss 0.1092 (0.1252)	Error Ratio 1.1305 (2.2927)
03-02 12:20 INFO     Epoch: [0][8060/11389]	Time 0.165 (0.165)	Data 0.000 (0.000)	Loss 0.0655 (0.1251)	Error Ratio 0.7285 (2.2918)
03-02 12:20 INFO     Epoch: [0][8080/11389]	Time 0.163 (0.165)	Data 0.000 (0.000)	Loss 0.1360 (0.1251)	Error Ratio 1.3508 (2.2999)
03-02 12:20 INFO     Epoch: [0][8100/11389]	Time 0.163 (0.165)	Data 0.000 (0.000)	Loss 0.0785 (0.1251)	Error Ratio 1.1954 (2.2983)
03-02 12:20 INFO     Epoch: [0][8120/11389]	Time 0.158 (0.165)	Data 0.000 (0.000)	Loss 0.1058 (0.1251)	Error Ratio 0.8251 (2.2986)
03-02 12:20 INFO     Epoch: [0][8140/11389]	Time 0.163 (0.165)	Data 0.000 (0.000)	Loss 0.1062 (0.1251)	Error Ratio 0.8694 (2.2975)
03-02 12:20 INFO     Epoch: [0][8160/11389]	Time 0.156 (0.165)	Data 0.000 (0.000)	Loss 0.0789 (0.1251)	Error Ratio 0.8589 (2.2981)
03-02 12:20 INFO     Epoch: [0][8180/11389]	Time 0.178 (0.165)	Data 0.000 (0.000)	Loss 0.0742 (0.1251)	Error Ratio 0.2975 (2.2978)
03-02 12:20 INFO     Epoch: [0][8200/11389]	Time 0.179 (0.165)	Data 0.000 (0.000)	Loss 0.1610 (0.1251)	Error Ratio 2.0507 (2.2973)
03-02 12:20 INFO     Epoch: [0][8220/11389]	Time 0.162 (0.165)	Data 0.000 (0.000)	Loss 0.1067 (0.1251)	Error Ratio 0.8367 (2.3012)
03-02 12:20 INFO     Epoch: [0][8240/11389]	Time 0.163 (0.165)	Data 0.000 (0.000)	Loss 0.2501 (0.1251)	Error Ratio 1.1843 (2.2988)
03-02 12:20 INFO     Epoch: [0][8260/11389]	Time 0.161 (0.165)	Data 0.000 (0.000)	Loss 0.0822 (0.1251)	Error Ratio 0.7381 (2.2952)
03-02 12:20 INFO     Epoch: [0][8280/11389]	Time 0.145 (0.165)	Data 0.000 (0.000)	Loss 0.1247 (0.1251)	Error Ratio 0.7676 (2.2970)
03-02 12:20 INFO     Epoch: [0][8300/11389]	Time 0.165 (0.165)	Data 0.000 (0.000)	Loss 0.1035 (0.1251)	Error Ratio 1.0808 (2.2986)
03-02 12:20 INFO     Epoch: [0][8320/11389]	Time 0.144 (0.165)	Data 0.000 (0.000)	Loss 0.2334 (0.1252)	Error Ratio 1.6556 (2.2962)
03-02 12:20 INFO     Epoch: [0][8340/11389]	Time 0.163 (0.165)	Data 0.000 (0.000)	Loss 0.1993 (0.1252)	Error Ratio 1.5685 (2.2940)
03-02 12:21 INFO     Epoch: [0][8360/11389]	Time 0.184 (0.165)	Data 0.000 (0.000)	Loss 0.2770 (0.1252)	Error Ratio 2.2355 (2.2912)
03-02 12:21 INFO     Epoch: [0][8380/11389]	Time 0.166 (0.165)	Data 0.000 (0.000)	Loss 0.0642 (0.1252)	Error Ratio 0.9869 (2.2886)
03-02 12:21 INFO     Epoch: [0][8400/11389]	Time 0.192 (0.165)	Data 0.000 (0.000)	Loss 0.1235 (0.1252)	Error Ratio 0.5138 (2.2870)
03-02 12:21 INFO     Epoch: [0][8420/11389]	Time 0.157 (0.165)	Data 0.000 (0.000)	Loss 0.1126 (0.1251)	Error Ratio 0.4525 (2.2839)
03-02 12:21 INFO     Epoch: [0][8440/11389]	Time 0.154 (0.165)	Data 0.000 (0.000)	Loss 0.0683 (0.1251)	Error Ratio 0.6336 (2.2815)
03-02 12:21 INFO     Epoch: [0][8460/11389]	Time 0.158 (0.165)	Data 0.000 (0.000)	Loss 0.1104 (0.1250)	Error Ratio 0.6357 (2.2780)
03-02 12:21 INFO     Epoch: [0][8480/11389]	Time 0.151 (0.165)	Data 0.000 (0.000)	Loss 0.1083 (0.1250)	Error Ratio 0.9733 (2.2844)
03-02 12:21 INFO     Epoch: [0][8500/11389]	Time 0.180 (0.165)	Data 0.000 (0.000)	Loss 0.0751 (0.1250)	Error Ratio 0.7893 (2.2821)
03-02 12:21 INFO     Epoch: [0][8520/11389]	Time 0.138 (0.165)	Data 0.000 (0.000)	Loss 0.0949 (0.1250)	Error Ratio 0.6495 (2.2802)
03-02 12:21 INFO     Epoch: [0][8540/11389]	Time 0.136 (0.165)	Data 0.000 (0.000)	Loss 0.1088 (0.1250)	Error Ratio 1.4738 (2.2777)
03-02 12:21 INFO     Epoch: [0][8560/11389]	Time 0.219 (0.165)	Data 0.001 (0.000)	Loss 0.3194 (0.1250)	Error Ratio 1.4969 (2.2751)
03-02 12:21 INFO     Epoch: [0][8580/11389]	Time 0.165 (0.165)	Data 0.000 (0.000)	Loss 0.0724 (0.1250)	Error Ratio 0.7999 (2.2734)
03-02 12:21 INFO     Epoch: [0][8600/11389]	Time 0.144 (0.165)	Data 0.000 (0.000)	Loss 0.0951 (0.1250)	Error Ratio 0.4735 (2.2757)
03-02 12:21 INFO     Epoch: [0][8620/11389]	Time 0.204 (0.165)	Data 0.000 (0.000)	Loss 0.0899 (0.1249)	Error Ratio 0.4534 (2.2747)
03-02 12:21 INFO     Epoch: [0][8640/11389]	Time 0.158 (0.165)	Data 0.000 (0.000)	Loss 0.1499 (0.1249)	Error Ratio 1.9703 (2.2797)
03-02 12:21 INFO     Epoch: [0][8660/11389]	Time 0.173 (0.165)	Data 0.000 (0.000)	Loss 0.1029 (0.1249)	Error Ratio 0.9466 (2.2845)
03-02 12:21 INFO     Epoch: [0][8680/11389]	Time 0.195 (0.165)	Data 0.001 (0.000)	Loss 0.1516 (0.1249)	Error Ratio 18.3896 (2.3166)
03-02 12:21 INFO     Epoch: [0][8700/11389]	Time 0.150 (0.165)	Data 0.000 (0.000)	Loss 0.1430 (0.1249)	Error Ratio 0.6413 (2.3144)
03-02 12:22 INFO     Epoch: [0][8720/11389]	Time 0.157 (0.165)	Data 0.000 (0.000)	Loss 0.0656 (0.1249)	Error Ratio 0.6418 (2.3115)
03-02 12:22 INFO     Epoch: [0][8740/11389]	Time 0.223 (0.165)	Data 0.000 (0.000)	Loss 0.0839 (0.1249)	Error Ratio 1.9046 (2.3088)
03-02 12:22 INFO     Epoch: [0][8760/11389]	Time 0.166 (0.165)	Data 0.000 (0.000)	Loss 0.0937 (0.1249)	Error Ratio 1.4965 (2.3079)
03-02 12:22 INFO     Epoch: [0][8780/11389]	Time 0.164 (0.165)	Data 0.000 (0.000)	Loss 0.0905 (0.1249)	Error Ratio 1.4049 (2.3085)
03-02 12:22 INFO     Epoch: [0][8800/11389]	Time 0.194 (0.165)	Data 0.000 (0.000)	Loss 0.0963 (0.1249)	Error Ratio 3.8490 (2.3064)
03-02 12:22 INFO     Epoch: [0][8820/11389]	Time 0.151 (0.165)	Data 0.000 (0.000)	Loss 0.1227 (0.1248)	Error Ratio 2.3021 (2.3036)
03-02 12:22 INFO     Epoch: [0][8840/11389]	Time 0.153 (0.165)	Data 0.000 (0.000)	Loss 0.0779 (0.1248)	Error Ratio 0.9895 (2.3362)
03-02 12:22 INFO     Epoch: [0][8860/11389]	Time 0.170 (0.165)	Data 0.000 (0.000)	Loss 0.1777 (0.1248)	Error Ratio 1.8146 (2.3331)
03-02 12:22 INFO     Epoch: [0][8880/11389]	Time 0.176 (0.165)	Data 0.000 (0.000)	Loss 0.1154 (0.1250)	Error Ratio 0.8941 (2.3387)
03-02 12:22 INFO     Epoch: [0][8900/11389]	Time 0.206 (0.165)	Data 0.000 (0.000)	Loss 0.1320 (0.1250)	Error Ratio 0.8963 (2.3380)
03-02 12:22 INFO     Epoch: [0][8920/11389]	Time 0.157 (0.165)	Data 0.000 (0.000)	Loss 0.1240 (0.1250)	Error Ratio 1.8929 (2.3361)
03-02 12:22 INFO     Epoch: [0][8940/11389]	Time 0.163 (0.165)	Data 0.000 (0.000)	Loss 0.0709 (0.1250)	Error Ratio 1.0831 (2.3341)
03-02 12:22 INFO     Epoch: [0][8960/11389]	Time 0.138 (0.165)	Data 0.000 (0.000)	Loss 0.1922 (0.1250)	Error Ratio 1.5667 (2.3332)
03-02 12:22 INFO     Epoch: [0][8980/11389]	Time 0.210 (0.165)	Data 0.000 (0.000)	Loss 0.1708 (0.1249)	Error Ratio 0.5338 (2.3319)
03-02 12:22 INFO     Epoch: [0][9000/11389]	Time 0.150 (0.165)	Data 0.000 (0.000)	Loss 0.0921 (0.1249)	Error Ratio 0.7616 (2.3298)
03-02 12:22 INFO     Epoch: [0][9020/11389]	Time 0.167 (0.165)	Data 0.000 (0.000)	Loss 0.1104 (0.1249)	Error Ratio 1.7120 (2.3311)
03-02 12:22 INFO     Epoch: [0][9040/11389]	Time 0.179 (0.165)	Data 0.000 (0.000)	Loss 0.0953 (0.1249)	Error Ratio 1.6117 (2.3291)
03-02 12:22 INFO     Epoch: [0][9060/11389]	Time 0.156 (0.165)	Data 0.000 (0.000)	Loss 0.0813 (0.1248)	Error Ratio 1.5578 (2.3294)
03-02 12:23 INFO     Epoch: [0][9080/11389]	Time 0.171 (0.165)	Data 0.000 (0.000)	Loss 0.0662 (0.1248)	Error Ratio 0.4219 (2.3407)
03-02 12:23 INFO     Epoch: [0][9100/11389]	Time 0.178 (0.165)	Data 0.000 (0.000)	Loss 0.1101 (0.1249)	Error Ratio 0.7427 (2.3384)
03-02 12:23 INFO     Epoch: [0][9120/11389]	Time 0.165 (0.165)	Data 0.000 (0.000)	Loss 0.0892 (0.1248)	Error Ratio 0.9404 (2.3384)
03-02 12:23 INFO     Epoch: [0][9140/11389]	Time 0.174 (0.165)	Data 0.000 (0.000)	Loss 0.1139 (0.1250)	Error Ratio 0.6793 (2.3411)
03-02 12:23 INFO     Epoch: [0][9160/11389]	Time 0.156 (0.165)	Data 0.000 (0.000)	Loss 0.1068 (0.1250)	Error Ratio 1.3588 (2.3424)
03-02 12:23 INFO     Epoch: [0][9180/11389]	Time 0.151 (0.165)	Data 0.000 (0.000)	Loss 0.1399 (0.1250)	Error Ratio 1.0370 (2.3407)
03-02 12:23 INFO     Epoch: [0][9200/11389]	Time 0.149 (0.165)	Data 0.000 (0.000)	Loss 0.0786 (0.1254)	Error Ratio 1.0928 (2.3377)
03-02 12:23 INFO     Epoch: [0][9220/11389]	Time 0.162 (0.165)	Data 0.000 (0.000)	Loss 0.0952 (0.1255)	Error Ratio 0.8773 (2.3390)
03-02 12:23 INFO     Epoch: [0][9240/11389]	Time 0.176 (0.165)	Data 0.000 (0.000)	Loss 0.1043 (0.1255)	Error Ratio 0.6445 (2.3365)
03-02 12:23 INFO     Epoch: [0][9260/11389]	Time 0.153 (0.165)	Data 0.000 (0.000)	Loss 0.1011 (0.1255)	Error Ratio 0.6275 (2.3334)
03-02 12:23 INFO     Epoch: [0][9280/11389]	Time 0.159 (0.165)	Data 0.000 (0.000)	Loss 0.4983 (0.1256)	Error Ratio 1.1869 (2.3309)
03-02 12:23 INFO     Epoch: [0][9300/11389]	Time 0.151 (0.165)	Data 0.000 (0.000)	Loss 0.1201 (0.1257)	Error Ratio 1.7401 (2.3293)
03-02 12:23 INFO     Epoch: [0][9320/11389]	Time 0.163 (0.165)	Data 0.000 (0.000)	Loss 0.1534 (0.1257)	Error Ratio 0.7921 (2.3264)
03-02 12:23 INFO     Epoch: [0][9340/11389]	Time 0.177 (0.165)	Data 0.000 (0.000)	Loss 0.1362 (0.1257)	Error Ratio 0.6791 (2.3237)
03-02 12:23 INFO     Epoch: [0][9360/11389]	Time 0.156 (0.165)	Data 0.000 (0.000)	Loss 0.1260 (0.1257)	Error Ratio 0.8668 (2.3207)
03-02 12:23 INFO     Epoch: [0][9380/11389]	Time 0.152 (0.165)	Data 0.000 (0.000)	Loss 0.1103 (0.1256)	Error Ratio 0.8935 (2.3186)
03-02 12:23 INFO     Epoch: [0][9400/11389]	Time 0.157 (0.165)	Data 0.000 (0.000)	Loss 0.1550 (0.1256)	Error Ratio 0.7736 (2.3190)
03-02 12:23 INFO     Epoch: [0][9420/11389]	Time 0.164 (0.165)	Data 0.000 (0.000)	Loss 0.0751 (0.1256)	Error Ratio 0.8594 (2.3172)
03-02 12:23 INFO     Epoch: [0][9440/11389]	Time 0.154 (0.165)	Data 0.000 (0.000)	Loss 0.0695 (0.1256)	Error Ratio 0.6836 (2.3160)
03-02 12:24 INFO     Epoch: [0][9460/11389]	Time 0.150 (0.165)	Data 0.000 (0.000)	Loss 0.0965 (0.1256)	Error Ratio 0.8992 (2.3134)
03-02 12:24 INFO     Epoch: [0][9480/11389]	Time 0.191 (0.165)	Data 0.000 (0.000)	Loss 0.2916 (0.1256)	Error Ratio 0.7900 (2.3126)
03-02 12:24 INFO     Epoch: [0][9500/11389]	Time 0.178 (0.165)	Data 0.000 (0.000)	Loss 0.0992 (0.1256)	Error Ratio 0.6784 (2.3104)
03-02 12:24 INFO     Epoch: [0][9520/11389]	Time 0.194 (0.165)	Data 0.000 (0.000)	Loss 0.1453 (0.1256)	Error Ratio 1.0175 (2.3074)
03-02 12:24 INFO     Epoch: [0][9540/11389]	Time 0.164 (0.165)	Data 0.000 (0.000)	Loss 0.0862 (0.1255)	Error Ratio 0.6124 (2.3093)
03-02 12:24 INFO     Epoch: [0][9560/11389]	Time 0.143 (0.165)	Data 0.000 (0.000)	Loss 0.1413 (0.1255)	Error Ratio 0.7432 (2.3084)
03-02 12:24 INFO     Epoch: [0][9580/11389]	Time 0.165 (0.165)	Data 0.000 (0.000)	Loss 0.1219 (0.1255)	Error Ratio 3.6856 (2.3060)
03-02 12:24 INFO     Epoch: [0][9600/11389]	Time 0.164 (0.165)	Data 0.000 (0.000)	Loss 0.0949 (0.1256)	Error Ratio 0.8746 (2.3051)
03-02 12:24 INFO     Epoch: [0][9620/11389]	Time 0.199 (0.165)	Data 0.000 (0.000)	Loss 0.1318 (0.1256)	Error Ratio 1.1278 (2.3031)
03-02 12:24 INFO     Epoch: [0][9640/11389]	Time 0.179 (0.165)	Data 0.000 (0.000)	Loss 0.1176 (0.1256)	Error Ratio 1.1119 (2.3030)
03-02 12:24 INFO     Epoch: [0][9660/11389]	Time 0.152 (0.165)	Data 0.000 (0.000)	Loss 0.1041 (0.1256)	Error Ratio 0.4207 (2.3006)
03-02 12:24 INFO     Epoch: [0][9680/11389]	Time 0.150 (0.165)	Data 0.000 (0.000)	Loss 0.1294 (0.1256)	Error Ratio 0.7193 (2.2978)
03-02 12:24 INFO     Epoch: [0][9700/11389]	Time 0.165 (0.165)	Data 0.000 (0.000)	Loss 0.0772 (0.1256)	Error Ratio 1.9689 (2.2961)
03-02 12:24 INFO     Epoch: [0][9720/11389]	Time 0.178 (0.165)	Data 0.000 (0.000)	Loss 0.0605 (0.1256)	Error Ratio 0.4449 (2.2938)
03-02 12:24 INFO     Epoch: [0][9740/11389]	Time 0.194 (0.165)	Data 0.000 (0.000)	Loss 0.1055 (0.1256)	Error Ratio 610.8152 (2.3552)
03-02 12:24 INFO     Epoch: [0][9760/11389]	Time 0.150 (0.165)	Data 0.000 (0.000)	Loss 0.1051 (0.1256)	Error Ratio 0.7458 (2.3528)
03-02 12:24 INFO     Epoch: [0][9780/11389]	Time 0.164 (0.165)	Data 0.000 (0.000)	Loss 0.0766 (0.1255)	Error Ratio 0.9506 (2.3975)
03-02 12:24 INFO     Epoch: [0][9800/11389]	Time 0.140 (0.165)	Data 0.000 (0.000)	Loss 0.1056 (0.1255)	Error Ratio 3.6973 (2.3969)
03-02 12:25 INFO     Epoch: [0][9820/11389]	Time 0.151 (0.165)	Data 0.000 (0.000)	Loss 0.0717 (0.1255)	Error Ratio 1.7007 (2.3963)
03-02 12:25 INFO     Epoch: [0][9840/11389]	Time 0.156 (0.165)	Data 0.000 (0.000)	Loss 0.1121 (0.1255)	Error Ratio 2.2301 (2.3953)
03-02 12:25 INFO     Epoch: [0][9860/11389]	Time 0.155 (0.165)	Data 0.000 (0.000)	Loss 0.0721 (0.1255)	Error Ratio 0.4216 (2.3928)
03-02 12:25 INFO     Epoch: [0][9880/11389]	Time 0.171 (0.165)	Data 0.000 (0.000)	Loss 0.1319 (0.1255)	Error Ratio 0.6025 (2.3896)
03-02 12:25 INFO     Epoch: [0][9900/11389]	Time 0.156 (0.165)	Data 0.000 (0.000)	Loss 0.1070 (0.1255)	Error Ratio 1.6054 (2.3869)
03-02 12:25 INFO     Epoch: [0][9920/11389]	Time 0.163 (0.165)	Data 0.000 (0.000)	Loss 0.1553 (0.1255)	Error Ratio 1.4668 (2.3865)
03-02 12:25 INFO     Epoch: [0][9940/11389]	Time 0.153 (0.165)	Data 0.000 (0.000)	Loss 0.0650 (0.1255)	Error Ratio 1.3289 (2.3881)
03-02 12:25 INFO     Epoch: [0][9960/11389]	Time 0.167 (0.165)	Data 0.000 (0.000)	Loss 0.0624 (0.1255)	Error Ratio 2.3922 (2.3853)
03-02 12:25 INFO     Epoch: [0][9980/11389]	Time 0.166 (0.165)	Data 0.000 (0.000)	Loss 0.0687 (0.1255)	Error Ratio 48.6621 (2.3871)
03-02 12:25 INFO     Epoch: [0][10000/11389]	Time 0.178 (0.165)	Data 0.000 (0.000)	Loss 0.0608 (0.1254)	Error Ratio 0.5292 (2.3877)
03-02 12:25 INFO     Epoch: [0][10020/11389]	Time 0.194 (0.165)	Data 0.000 (0.000)	Loss 0.0870 (0.1254)	Error Ratio 0.9455 (2.3847)
03-02 12:25 INFO     Epoch: [0][10040/11389]	Time 0.178 (0.165)	Data 0.000 (0.000)	Loss 0.0851 (0.1255)	Error Ratio 0.5366 (2.3821)
03-02 12:25 INFO     Epoch: [0][10060/11389]	Time 0.144 (0.165)	Data 0.000 (0.000)	Loss 0.1235 (0.1255)	Error Ratio 0.7745 (2.3823)
03-02 12:25 INFO     Epoch: [0][10080/11389]	Time 0.144 (0.165)	Data 0.000 (0.000)	Loss 0.1149 (0.1254)	Error Ratio 10.4202 (2.3817)
03-02 12:25 INFO     Epoch: [0][10100/11389]	Time 0.171 (0.165)	Data 0.000 (0.000)	Loss 0.0738 (0.1254)	Error Ratio 4.4136 (2.3804)
03-02 12:25 INFO     Epoch: [0][10120/11389]	Time 0.163 (0.165)	Data 0.000 (0.000)	Loss 0.1034 (0.1254)	Error Ratio 2.7524 (2.3783)
03-02 12:25 INFO     Epoch: [0][10140/11389]	Time 0.163 (0.165)	Data 0.000 (0.000)	Loss 0.1293 (0.1253)	Error Ratio 0.8543 (2.3762)
03-02 12:25 INFO     Epoch: [0][10160/11389]	Time 0.191 (0.165)	Data 0.000 (0.000)	Loss 0.1095 (0.1253)	Error Ratio 0.8562 (2.3785)
03-02 12:26 INFO     Epoch: [0][10180/11389]	Time 0.157 (0.165)	Data 0.000 (0.000)	Loss 0.0655 (0.1252)	Error Ratio 1.6738 (2.3756)
03-02 12:26 INFO     Epoch: [0][10200/11389]	Time 0.144 (0.165)	Data 0.000 (0.000)	Loss 0.0751 (0.1252)	Error Ratio 0.4695 (2.3728)
03-02 12:26 INFO     Epoch: [0][10220/11389]	Time 0.157 (0.165)	Data 0.000 (0.000)	Loss 0.0961 (0.1252)	Error Ratio 1.2647 (2.3714)
03-02 12:26 INFO     Epoch: [0][10240/11389]	Time 0.195 (0.165)	Data 0.000 (0.000)	Loss 0.1361 (0.1252)	Error Ratio 0.7497 (2.3687)
03-02 12:26 INFO     Epoch: [0][10260/11389]	Time 0.158 (0.165)	Data 0.000 (0.000)	Loss 0.0912 (0.1252)	Error Ratio 0.6802 (2.3659)
03-02 12:26 INFO     Epoch: [0][10280/11389]	Time 0.162 (0.165)	Data 0.000 (0.000)	Loss 0.8925 (0.1252)	Error Ratio 1.4556 (2.3669)
03-02 12:26 INFO     Epoch: [0][10300/11389]	Time 0.163 (0.165)	Data 0.000 (0.000)	Loss 0.1031 (0.1252)	Error Ratio 0.6761 (2.3656)
03-02 12:26 INFO     Epoch: [0][10320/11389]	Time 0.158 (0.165)	Data 0.000 (0.000)	Loss 0.0894 (0.1252)	Error Ratio 0.7654 (2.3668)
03-02 12:26 INFO     Epoch: [0][10340/11389]	Time 0.165 (0.165)	Data 0.000 (0.000)	Loss 0.1134 (0.1252)	Error Ratio 1.2114 (2.3672)
03-02 12:26 INFO     Epoch: [0][10360/11389]	Time 0.157 (0.165)	Data 0.000 (0.000)	Loss 0.0936 (0.1252)	Error Ratio 0.5453 (2.3663)
03-02 12:26 INFO     Epoch: [0][10380/11389]	Time 0.156 (0.165)	Data 0.000 (0.000)	Loss 0.1202 (0.1252)	Error Ratio 0.8687 (2.3634)
03-02 12:26 INFO     Epoch: [0][10400/11389]	Time 0.163 (0.165)	Data 0.000 (0.000)	Loss 0.0892 (0.1252)	Error Ratio 0.6533 (2.3610)
03-02 12:26 INFO     Epoch: [0][10420/11389]	Time 0.150 (0.165)	Data 0.000 (0.000)	Loss 0.0754 (0.1252)	Error Ratio 85.8326 (2.3678)
03-02 12:26 INFO     Epoch: [0][10440/11389]	Time 0.163 (0.165)	Data 0.000 (0.000)	Loss 0.1345 (0.1252)	Error Ratio 1.6721 (2.3683)
03-02 12:26 INFO     Epoch: [0][10460/11389]	Time 0.160 (0.165)	Data 0.000 (0.000)	Loss 0.1146 (0.1253)	Error Ratio 0.7882 (2.3668)
03-02 12:26 INFO     Epoch: [0][10480/11389]	Time 0.164 (0.165)	Data 0.000 (0.000)	Loss 0.0957 (0.1252)	Error Ratio 1.2905 (2.3676)
03-02 12:26 INFO     Epoch: [0][10500/11389]	Time 0.163 (0.165)	Data 0.000 (0.000)	Loss 0.0791 (0.1253)	Error Ratio 0.4923 (2.3649)
03-02 12:26 INFO     Epoch: [0][10520/11389]	Time 0.179 (0.165)	Data 0.000 (0.000)	Loss 0.1180 (0.1252)	Error Ratio 0.7360 (2.3639)
03-02 12:27 INFO     Epoch: [0][10540/11389]	Time 0.157 (0.165)	Data 0.000 (0.000)	Loss 0.0528 (0.1252)	Error Ratio 0.4618 (2.3615)
03-02 12:27 INFO     Epoch: [0][10560/11389]	Time 0.178 (0.165)	Data 0.000 (0.000)	Loss 0.1374 (0.1253)	Error Ratio 2.7479 (2.3590)
03-02 12:27 INFO     Epoch: [0][10580/11389]	Time 0.163 (0.165)	Data 0.000 (0.000)	Loss 0.1358 (0.1252)	Error Ratio 1.7203 (2.3584)
03-02 12:27 INFO     Epoch: [0][10600/11389]	Time 0.164 (0.165)	Data 0.000 (0.000)	Loss 0.1215 (0.1252)	Error Ratio 0.9564 (2.3558)
03-02 12:27 INFO     Epoch: [0][10620/11389]	Time 0.192 (0.165)	Data 0.000 (0.000)	Loss 0.1046 (0.1252)	Error Ratio 0.5741 (2.3531)
03-02 12:27 INFO     Epoch: [0][10640/11389]	Time 0.150 (0.165)	Data 0.000 (0.000)	Loss 0.0888 (0.1252)	Error Ratio 13.8016 (2.3529)
03-02 12:27 INFO     Epoch: [0][10660/11389]	Time 0.165 (0.165)	Data 0.000 (0.000)	Loss 0.0865 (0.1252)	Error Ratio 1.3661 (2.3558)
03-02 12:27 INFO     Epoch: [0][10680/11389]	Time 0.200 (0.165)	Data 0.000 (0.000)	Loss 0.0823 (0.1252)	Error Ratio 0.5545 (2.3541)
03-02 12:27 INFO     Epoch: [0][10700/11389]	Time 0.150 (0.165)	Data 0.000 (0.000)	Loss 0.0741 (0.1252)	Error Ratio 0.6399 (2.3511)
03-02 12:27 INFO     Epoch: [0][10720/11389]	Time 0.164 (0.165)	Data 0.000 (0.000)	Loss 0.0956 (0.1251)	Error Ratio 7.7171 (2.3520)
03-02 12:27 INFO     Epoch: [0][10740/11389]	Time 0.249 (0.165)	Data 0.000 (0.000)	Loss 0.1322 (0.1252)	Error Ratio 0.5659 (2.3503)
03-02 12:27 INFO     Epoch: [0][10760/11389]	Time 0.163 (0.165)	Data 0.000 (0.000)	Loss 0.1232 (0.1252)	Error Ratio 1.4301 (2.3528)
03-02 12:27 INFO     Epoch: [0][10780/11389]	Time 0.162 (0.165)	Data 0.000 (0.000)	Loss 0.0836 (0.1252)	Error Ratio 1.7636 (2.3532)
03-02 12:27 INFO     Epoch: [0][10800/11389]	Time 0.165 (0.165)	Data 0.000 (0.000)	Loss 0.1463 (0.1252)	Error Ratio 0.8903 (2.3542)
03-02 12:27 INFO     Epoch: [0][10820/11389]	Time 0.149 (0.165)	Data 0.000 (0.000)	Loss 0.1078 (0.1252)	Error Ratio 0.5916 (2.3517)
03-02 12:27 INFO     Epoch: [0][10840/11389]	Time 0.163 (0.165)	Data 0.000 (0.000)	Loss 0.0701 (0.1251)	Error Ratio 0.3830 (2.3522)
03-02 12:27 INFO     Epoch: [0][10860/11389]	Time 0.163 (0.165)	Data 0.000 (0.000)	Loss 0.0956 (0.1252)	Error Ratio 0.4860 (2.3524)
03-02 12:27 INFO     Epoch: [0][10880/11389]	Time 0.156 (0.165)	Data 0.000 (0.000)	Loss 0.0964 (0.1252)	Error Ratio 0.6840 (2.3527)
03-02 12:28 INFO     Epoch: [0][10900/11389]	Time 0.163 (0.165)	Data 0.000 (0.000)	Loss 0.0637 (0.1251)	Error Ratio 0.4484 (2.3589)
03-02 12:28 INFO     Epoch: [0][10920/11389]	Time 0.150 (0.165)	Data 0.000 (0.000)	Loss 0.1104 (0.1251)	Error Ratio 0.8711 (2.3569)
03-02 12:28 INFO     Epoch: [0][10940/11389]	Time 0.158 (0.165)	Data 0.000 (0.000)	Loss 0.0825 (0.1251)	Error Ratio 0.5052 (2.3565)
03-02 12:28 INFO     Epoch: [0][10960/11389]	Time 0.162 (0.165)	Data 0.000 (0.000)	Loss 0.1445 (0.1251)	Error Ratio 2.2682 (2.3589)
03-02 12:28 INFO     Epoch: [0][10980/11389]	Time 0.179 (0.165)	Data 0.000 (0.000)	Loss 0.0979 (0.1251)	Error Ratio 21.6159 (2.3581)
03-02 12:28 INFO     Epoch: [0][11000/11389]	Time 0.166 (0.165)	Data 0.000 (0.000)	Loss 0.0805 (0.1251)	Error Ratio 1.1235 (2.3634)
03-02 12:28 INFO     Epoch: [0][11020/11389]	Time 0.168 (0.165)	Data 0.000 (0.000)	Loss 0.0812 (0.1250)	Error Ratio 10.4124 (2.3682)
03-02 12:28 INFO     Epoch: [0][11040/11389]	Time 0.149 (0.165)	Data 0.000 (0.000)	Loss 0.1362 (0.1250)	Error Ratio 1.1227 (2.3674)
03-02 12:28 INFO     Epoch: [0][11060/11389]	Time 0.192 (0.165)	Data 0.000 (0.000)	Loss 0.0806 (0.1250)	Error Ratio 6.2609 (2.3870)
03-02 12:28 INFO     Epoch: [0][11080/11389]	Time 0.151 (0.165)	Data 0.000 (0.000)	Loss 0.1323 (0.1249)	Error Ratio 0.8932 (2.3859)
03-02 12:28 INFO     Epoch: [0][11100/11389]	Time 0.160 (0.165)	Data 0.000 (0.000)	Loss 0.1075 (0.1249)	Error Ratio 0.5838 (2.3834)
03-02 12:28 INFO     Epoch: [0][11120/11389]	Time 0.165 (0.165)	Data 0.000 (0.000)	Loss 0.1973 (0.1249)	Error Ratio 0.8410 (2.3806)
03-02 12:28 INFO     Epoch: [0][11140/11389]	Time 0.177 (0.165)	Data 0.000 (0.000)	Loss 0.1187 (0.1249)	Error Ratio 0.7175 (2.3785)
03-02 12:28 INFO     Epoch: [0][11160/11389]	Time 0.176 (0.165)	Data 0.000 (0.000)	Loss 0.1321 (0.1248)	Error Ratio 2.4062 (2.3791)
03-02 12:28 INFO     Epoch: [0][11180/11389]	Time 0.164 (0.165)	Data 0.000 (0.000)	Loss 0.0892 (0.1248)	Error Ratio 0.5817 (2.3828)
03-02 12:28 INFO     Epoch: [0][11200/11389]	Time 0.160 (0.165)	Data 0.000 (0.000)	Loss 0.0831 (0.1248)	Error Ratio 2.6073 (2.3808)
03-02 12:28 INFO     Epoch: [0][11220/11389]	Time 0.143 (0.165)	Data 0.000 (0.000)	Loss 0.1164 (0.1248)	Error Ratio 0.5950 (2.3784)
03-02 12:28 INFO     Epoch: [0][11240/11389]	Time 0.163 (0.165)	Data 0.000 (0.000)	Loss 0.1046 (0.1248)	Error Ratio 0.6755 (2.3766)
03-02 12:28 INFO     Epoch: [0][11260/11389]	Time 0.178 (0.165)	Data 0.000 (0.000)	Loss 0.0569 (0.1248)	Error Ratio 0.7156 (2.3764)
03-02 12:29 INFO     Epoch: [0][11280/11389]	Time 0.144 (0.165)	Data 0.000 (0.000)	Loss 0.1141 (0.1247)	Error Ratio 0.7332 (2.3749)
03-02 12:29 INFO     Epoch: [0][11300/11389]	Time 0.156 (0.165)	Data 0.000 (0.000)	Loss 0.0853 (0.1247)	Error Ratio 0.9981 (2.3725)
03-02 12:29 INFO     Epoch: [0][11320/11389]	Time 0.157 (0.165)	Data 0.000 (0.000)	Loss 0.0937 (0.1247)	Error Ratio 0.9651 (2.3714)
03-02 12:29 INFO     Epoch: [0][11340/11389]	Time 0.179 (0.165)	Data 0.000 (0.000)	Loss 0.0825 (0.1246)	Error Ratio 0.5090 (2.3692)
03-02 12:29 INFO     Epoch: [0][11360/11389]	Time 0.163 (0.165)	Data 0.000 (0.000)	Loss 0.1764 (0.1246)	Error Ratio 1.7751 (2.3691)
03-02 12:29 INFO     Epoch: [0][11380/11389]	Time 0.147 (0.165)	Data 0.000 (0.000)	Loss 0.0883 (0.1246)	Error Ratio 0.9953 (2.3701)
03-02 12:29 INFO     Epoch: [0] Avg Error Ratio 2.369; Average Loss 0.125; Avg Time x Batch 0.165
03-02 12:29 INFO     Test: [20/1000]	Time 0.071 (0.093)	Loss 0.0694 (0.1186)	Error Ratio 0.4643 (1.3639)
03-02 12:29 INFO     Test: [40/1000]	Time 0.062 (0.080)	Loss 0.1392 (0.1208)	Error Ratio 0.5012 (2.4951)
03-02 12:29 INFO     Test: [60/1000]	Time 0.071 (0.076)	Loss 0.1034 (0.1270)	Error Ratio 1.0868 (2.4511)
03-02 12:29 INFO     Test: [80/1000]	Time 0.069 (0.074)	Loss 0.1364 (0.1219)	Error Ratio 0.4792 (2.0724)
03-02 12:29 INFO     Test: [100/1000]	Time 0.066 (0.072)	Loss 0.0954 (0.1231)	Error Ratio 0.9504 (1.9744)
03-02 12:29 INFO     Test: [120/1000]	Time 0.065 (0.071)	Loss 0.1363 (0.1207)	Error Ratio 0.7273 (2.0033)
03-02 12:29 INFO     Test: [140/1000]	Time 0.073 (0.071)	Loss 0.0821 (0.1203)	Error Ratio 0.7908 (2.1596)
03-02 12:29 INFO     Test: [160/1000]	Time 0.060 (0.070)	Loss 0.0678 (0.1203)	Error Ratio 0.4541 (2.1370)
03-02 12:29 INFO     Test: [180/1000]	Time 0.066 (0.070)	Loss 0.0774 (0.1173)	Error Ratio 1.4705 (2.1726)
03-02 12:29 INFO     Test: [200/1000]	Time 0.071 (0.070)	Loss 0.1390 (0.1172)	Error Ratio 1.2693 (2.0899)
03-02 12:29 INFO     Test: [220/1000]	Time 0.070 (0.070)	Loss 0.0901 (0.1181)	Error Ratio 1.0575 (2.3123)
03-02 12:29 INFO     Test: [240/1000]	Time 0.063 (0.069)	Loss 0.1199 (0.1199)	Error Ratio 0.9837 (2.2012)
03-02 12:29 INFO     Test: [260/1000]	Time 0.065 (0.069)	Loss 0.0578 (0.1214)	Error Ratio 1.3073 (2.1807)
03-02 12:29 INFO     Test: [280/1000]	Time 0.068 (0.069)	Loss 0.1564 (0.1211)	Error Ratio 1.1819 (2.2030)
03-02 12:29 INFO     Test: [300/1000]	Time 0.071 (0.069)	Loss 0.1291 (0.1218)	Error Ratio 0.8106 (2.1194)
03-02 12:29 INFO     Test: [320/1000]	Time 0.072 (0.069)	Loss 0.0900 (0.1208)	Error Ratio 0.3783 (2.0852)
03-02 12:29 INFO     Test: [340/1000]	Time 0.079 (0.068)	Loss 0.0934 (0.1203)	Error Ratio 0.5730 (2.0467)
03-02 12:29 INFO     Test: [360/1000]	Time 0.059 (0.068)	Loss 0.0809 (0.1198)	Error Ratio 0.8137 (2.6454)
03-02 12:29 INFO     Test: [380/1000]	Time 0.066 (0.068)	Loss 0.0872 (0.1193)	Error Ratio 1.5012 (2.5626)
03-02 12:29 INFO     Test: [400/1000]	Time 0.063 (0.068)	Loss 0.0937 (0.1193)	Error Ratio 0.7568 (2.4857)
03-02 12:29 INFO     Test: [420/1000]	Time 0.077 (0.068)	Loss 0.1057 (0.1191)	Error Ratio 0.5718 (2.4648)
03-02 12:29 INFO     Test: [440/1000]	Time 0.071 (0.068)	Loss 0.0778 (0.1198)	Error Ratio 0.6490 (2.5158)
03-02 12:29 INFO     Test: [460/1000]	Time 0.066 (0.068)	Loss 0.1580 (0.1195)	Error Ratio 1.2465 (2.4689)
03-02 12:29 INFO     Test: [480/1000]	Time 0.060 (0.068)	Loss 0.0783 (0.1185)	Error Ratio 0.6330 (2.4203)
03-02 12:29 INFO     Test: [500/1000]	Time 0.060 (0.068)	Loss 0.0810 (0.1187)	Error Ratio 1.5042 (2.3776)
03-02 12:29 INFO     Test: [520/1000]	Time 0.055 (0.068)	Loss 0.3495 (0.1185)	Error Ratio 1.1131 (2.3529)
03-02 12:29 INFO     Test: [540/1000]	Time 0.066 (0.068)	Loss 0.0994 (0.1176)	Error Ratio 13.5875 (2.3329)
03-02 12:29 INFO     Test: [560/1000]	Time 0.062 (0.068)	Loss 0.0702 (0.1180)	Error Ratio 0.5104 (2.5150)
03-02 12:29 INFO     Test: [580/1000]	Time 0.070 (0.068)	Loss 0.1390 (0.1175)	Error Ratio 0.5134 (2.4607)
03-02 12:30 INFO     Test: [600/1000]	Time 0.072 (0.068)	Loss 0.0731 (0.1180)	Error Ratio 1.2047 (2.4455)
03-02 12:30 INFO     Test: [620/1000]	Time 0.065 (0.068)	Loss 0.3243 (0.1179)	Error Ratio 0.4898 (2.4034)
03-02 12:30 INFO     Test: [640/1000]	Time 0.057 (0.068)	Loss 0.1598 (0.1178)	Error Ratio 1.8778 (4.1502)
03-02 12:30 INFO     Test: [660/1000]	Time 0.064 (0.068)	Loss 0.0717 (0.1175)	Error Ratio 0.5724 (4.0560)
03-02 12:30 INFO     Test: [680/1000]	Time 0.061 (0.068)	Loss 0.2078 (0.1178)	Error Ratio 0.8533 (3.9828)
03-02 12:30 INFO     Test: [700/1000]	Time 0.064 (0.068)	Loss 0.1532 (0.1175)	Error Ratio 29.5348 (3.9889)
03-02 12:30 INFO     Test: [720/1000]	Time 0.065 (0.068)	Loss 0.0936 (0.1172)	Error Ratio 0.6290 (3.9285)
03-02 12:30 INFO     Test: [740/1000]	Time 0.066 (0.068)	Loss 0.0841 (0.1176)	Error Ratio 0.5217 (3.8572)
03-02 12:30 INFO     Test: [760/1000]	Time 0.060 (0.068)	Loss 0.1501 (0.1174)	Error Ratio 0.6675 (3.7938)
03-02 12:30 INFO     Test: [780/1000]	Time 0.065 (0.068)	Loss 0.1049 (0.1174)	Error Ratio 0.7264 (3.7690)
03-02 12:30 INFO     Test: [800/1000]	Time 0.060 (0.068)	Loss 0.0897 (0.1171)	Error Ratio 31.1523 (3.7512)
03-02 12:30 INFO     Test: [820/1000]	Time 0.065 (0.068)	Loss 0.0871 (0.1172)	Error Ratio 0.4342 (3.6995)
03-02 12:30 INFO     Test: [840/1000]	Time 0.063 (0.068)	Loss 0.1757 (0.1171)	Error Ratio 0.6749 (3.6344)
03-02 12:30 INFO     Test: [860/1000]	Time 0.060 (0.068)	Loss 0.0750 (0.1171)	Error Ratio 1.1274 (3.5821)
03-02 12:30 INFO     Test: [880/1000]	Time 0.071 (0.068)	Loss 0.0674 (0.1173)	Error Ratio 0.6086 (3.5578)
03-02 12:30 INFO     Test: [900/1000]	Time 0.064 (0.068)	Loss 0.0857 (0.1173)	Error Ratio 0.4837 (3.5169)
03-02 12:30 INFO     Test: [920/1000]	Time 0.065 (0.068)	Loss 0.1167 (0.1175)	Error Ratio 0.6454 (3.4607)
03-02 12:30 INFO     Test: [940/1000]	Time 0.059 (0.068)	Loss 0.0630 (0.1174)	Error Ratio 0.3990 (3.4334)
03-02 12:30 INFO     Test: [960/1000]	Time 0.062 (0.068)	Loss 0.1229 (0.1172)	Error Ratio 0.4134 (3.4156)
03-02 12:30 INFO     Test: [980/1000]	Time 0.059 (0.067)	Loss 0.0787 (0.1168)	Error Ratio 0.7045 (3.3687)
03-02 12:30 INFO      * Average Error Ratio 3.340; Average Loss 0.116
03-02 12:30 INFO     Epoch: [1][20/11389]	Time 0.150 (0.192)	Data 0.000 (0.026)	Loss 0.0789 (0.1122)	Error Ratio 0.8748 (1.4510)
03-02 12:30 INFO     Epoch: [1][40/11389]	Time 0.176 (0.181)	Data 0.000 (0.013)	Loss 0.0978 (0.1053)	Error Ratio 0.4678 (1.3392)
03-02 12:30 INFO     Epoch: [1][60/11389]	Time 0.162 (0.174)	Data 0.000 (0.009)	Loss 0.0918 (0.1152)	Error Ratio 0.8564 (1.2459)
03-02 12:30 INFO     Epoch: [1][80/11389]	Time 0.163 (0.171)	Data 0.000 (0.007)	Loss 0.1204 (0.1119)	Error Ratio 0.6136 (1.4059)
03-02 12:30 INFO     Starting Profiler!: Forward
03-02 12:49 INFO     Stopping Profiler!: Forward
03-02 12:49 INFO     All profiling complete and --stop-after-profiling was given! Exiting
