==14514== NVPROF is profiling process 14514, command: python main.py --dataset qm9 --datasetPath ./data/qm9/dsgdb9nsd/ --epochs 2 --model MPNNv2 --log-interval 20 --profile-epoch-list 1 --profile-batch-list 100 --batch-size 10 --prefetch 10 --stop-after-profiling --prof-forward --logPath ./log/2019_03_02__11
==14514== Profiling application: python main.py --dataset qm9 --datasetPath ./data/qm9/dsgdb9nsd/ --epochs 2 --model MPNNv2 --log-interval 20 --profile-epoch-list 1 --profile-batch-list 100 --batch-size 10 --prefetch 10 --stop-after-profiling --prof-forward --logPath ./log/2019_03_02__11
==14514== Profiling result:
            Type  Time(%)      Time     Calls       Avg       Min       Max  Name
 GPU activities:   42.79%  1.8287ms       418  4.3740us  2.6560us  11.200us  sgemm_32x32x32_NT_vec
                   15.72%  672.07us       556  1.2080us     960ns  7.0080us  void kernelPointwiseApply2<CopyOp<float, float>, float, float, unsigned int, int=1, int=2>(OffsetInfo<float, float, float>, OffsetInfo<CopyOp<float, float>, float, unsigned int>, float, float)
                   11.74%  501.79us       417  1.2030us     928ns  1.8880us  void kernelPointwiseApply2<TensorMaxValueOp<float>, float, float, unsigned int, int=1, int=1>(OffsetInfo<TensorMaxValueOp<float>, float, unsigned int>, OffsetInfo<float, float, int=1>, float, float)
                   10.40%  444.71us       138  3.2220us  2.9120us  8.3200us  sgemm_32x32x32_NT
                    4.84%  206.72us       207     998ns     928ns  1.3120us  void kernelPointwiseApply2<CopyOp<float, float>, float, float, unsigned int, int=2, int=1>(OffsetInfo<float, float, float>, OffsetInfo<CopyOp<float, float>, float, unsigned int>, float, float)
                    3.89%  166.43us       138  1.2060us     992ns  1.6000us  void kernelPointwiseApply2<CopyOp<float, float>, float, float, unsigned int, int=2, int=2>(OffsetInfo<float, float, float>, OffsetInfo<CopyOp<float, float>, float, unsigned int>, float, float)
                    3.75%  160.38us        70  2.2910us  2.1120us  2.9760us  void kernelReduceNoncontigDim_shared<float, unsigned int, float, thrust::identity<float>, ReduceAdd<float>, thrust::identity<float>, int=1, int=2>(TensorInfo<float, unsigned int>, TensorInfo<float, unsigned int>, unsigned int, unsigned int, unsigned int, float, float, thrust::identity<float>, float, float volatile *, int*)
                    3.37%  144.10us        69  2.0880us  2.0160us  3.4240us  void kernelPointwiseApply2<CopyOp<float, float>, float, float, unsigned int, int=2, int=-1>(OffsetInfo<float, float, float>, OffsetInfo<CopyOp<float, float>, float, unsigned int>, float, float)
                    3.26%  139.42us        69  2.0200us  1.8880us  2.8800us  void kernelPointwiseApply3<TensorMulOp<float>, float, float, float, unsigned int, int=1, int=-1, int=1>(OffsetInfo<TensorMulOp<float>, float, unsigned int>, OffsetInfo<float, float, int=1>, OffsetInfo<float, float, int=-1>, float, float)
                    0.13%  5.5360us         3  1.8450us  1.3120us  2.1120us  [CUDA memcpy HtoD]
                    0.10%  4.1280us         3  1.3760us  1.2800us  1.5040us  [CUDA memcpy DtoD]
      API calls:   97.90%  1.03232s      2082  495.83us  4.7390us  1.01664s  cudaLaunch
                    1.27%  13.435ms     21963     611ns     527ns  274.91us  cudaGetDevice
                    0.57%  5.9611ms      9510     626ns     545ns  10.943us  cudaSetDevice
                    0.16%  1.7398ms     13891     125ns      70ns  273.10us  cudaSetupArgument
                    0.03%  364.92us      2082     175ns     102ns  2.9700us  cudaConfigureCall
                    0.03%  263.66us      1668     158ns     107ns  9.2990us  cudaGetLastError
                    0.02%  246.09us        72  3.4170us  3.0760us  7.8710us  cudaStreamSynchronize
                    0.01%  124.80us        75  1.6640us     540ns  24.031us  cudaMemcpyAsync
==14514== Generated result file: /home/adam/school/research/gnn/gnn-research/mpnn/profile/2019_03_02__11_26_22/train-timeline.14514.nvprof
