==16253== NVPROF is profiling process 16253, command: python train.py --dataset reddit --epochs 1 --prof-forward
==16253== Profiling application: python train.py --dataset reddit --epochs 1 --prof-forward
==16253== Profiling result:
            Type  Time(%)      Time     Calls       Avg       Min       Max  Name
 GPU activities:   71.51%  799.04ms         2  399.52ms  396.21ms  402.83ms  void kernelTransformReduceInnermostDimIndex<long, long, MaxValuePair<long, long>>(long*, long*, long*, unsigned int, unsigned int, thrust::pair<long, long>, long)
                    9.33%  104.24ms        28  3.7230ms  3.6836ms  3.7748ms  void thrust::cuda_cub::core::_kernel_agent<thrust::cuda_cub::__merge_sort::MergeAgent<thrust::device_ptr<long>, thrust::device_ptr<long>, long, ThrustLTOp<long>, thrust::detail::integral_constant<bool, bool=1>>, bool, thrust::device_ptr<long>, thrust::device_ptr<long>, long, long*, long*, ThrustLTOp<long>, long*, long>(thrust::device_ptr<long>, thrust::device_ptr<long>, long, long, ThrustLTOp<long>, bool, bool=1, thrust::detail::integral_constant<bool, bool=1>, thrust::cuda_cub::__merge_sort::MergeAgent<thrust::device_ptr<long>, thrust::device_ptr<long>, long, ThrustLTOp<long>, thrust::detail::integral_constant<bool, bool=1>>)
                    5.73%  63.988ms         2  31.994ms  31.432ms  32.556ms  void at::native::apply::coalesceValuesKernel<float, float>(long*, at::native::apply::coalesceValuesKernel<float, float>, float*, float, long, long, long)
                    2.59%  28.940ms         1  28.940ms  28.940ms  28.940ms  void csrMmt_hyb_core<float, int=3, int=5>(float, float, float const *, float const *, float const *, int const *, int const *, float const *, float*, int, int, int, int, int, int, bool)
                    1.74%  19.471ms         2  9.7354ms  9.4540ms  10.017ms  void thrust::cuda_cub::core::_kernel_agent<thrust::cuda_cub::__merge_sort::BlockSortAgent<thrust::device_ptr<long>, thrust::device_ptr<long>, long, ThrustLTOp<long>, thrust::detail::integral_constant<bool, bool=1>, thrust::detail::integral_constant<bool, bool=0>>, bool, thrust::device_ptr<long>, thrust::device_ptr<long>, long, long*, long*, ThrustLTOp<long>>(thrust::device_ptr<long>, thrust::device_ptr<long>, long, long, ThrustLTOp<long>, bool, bool=1)
                    1.65%  18.384ms         1  18.384ms  18.384ms  18.384ms  void csrMmt_hyb_core<float, int=5, int=3>(float, float, float const *, float const *, float const *, int const *, int const *, float const *, float*, int, int, int, int, int, int, bool)
                    1.47%  16.396ms         6  2.7327ms  2.7193ms  2.7470ms  void kernelPointwiseApply2<TensorCAddOp<long>, long, long, unsigned int, int=1, int=1>(OffsetInfo<TensorCAddOp<long>, long, unsigned int>, OffsetInfo<long, long, int=1>, long, long)
                    1.13%  12.635ms         1  12.635ms  12.635ms  12.635ms  void csrMmt_hyb_core<float, int=4, int=4>(float, float, float const *, float const *, float const *, int const *, int const *, float const *, float*, int, int, int, int, int, int, bool)
                    0.69%  7.7332ms         5  1.5466ms  151.84us  1.9294ms  [CUDA memcpy DtoD]
                    0.68%  7.5658ms         2  3.7829ms  3.7721ms  3.7937ms  void thrust::cuda_cub::core::_kernel_agent<thrust::cuda_cub::__unique_by_key::UniqueByKeyAgent<thrust::device_ptr<long>, thrust::device_ptr<long>, thrust::device_ptr<long>, thrust::device_ptr<long>, thrust::equal_to<long>, int, int*>, thrust::device_ptr<long>, thrust::device_ptr<long>, thrust::device_ptr<long>, thrust::device_ptr<long>, thrust::equal_to<long>, int*, int, thrust::cuda_cub::cub::ScanTileState<int, bool=1>, unsigned long>(thrust::device_ptr<long>, thrust::device_ptr<long>, thrust::device_ptr<long>, thrust::device_ptr<long>, long, thrust::equal_to<long>, int, int*, thrust::cuda_cub::__unique_by_key::UniqueByKeyAgent<thrust::device_ptr<long>, thrust::device_ptr<long>, thrust::device_ptr<long>, thrust::device_ptr<long>, thrust::equal_to<long>, int, int*>)
                    0.68%  7.5448ms         4  1.8862ms  1.8727ms  1.9108ms  void kernelPointwiseApply1<TensorDivConstantOp<long>, long, unsigned int, int=1>(OffsetInfo<TensorDivConstantOp<long>, long, unsigned int>, long, long)
                    0.49%  5.5022ms         2  2.7511ms  2.7398ms  2.7624ms  void kernelPointwiseApply2<TensorAddOp<long>, long, long, unsigned int, int=1, int=1>(OffsetInfo<TensorAddOp<long>, long, unsigned int>, OffsetInfo<long, long, int=1>, long, long)
                    0.49%  5.4455ms         4  1.3614ms  1.3511ms  1.3702ms  void kernelPointwiseApply2<CopyOp<int, long>, int, long, unsigned int, int=1, int=1>(OffsetInfo<long, int, long>, OffsetInfo<CopyOp<int, long>, int, unsigned int>, int, int)
                    0.41%  4.5904ms        28  163.94us  68.417us  242.66us  void thrust::cuda_cub::core::_kernel_agent<thrust::cuda_cub::__merge_sort::PartitionAgent<thrust::device_ptr<long>, long, ThrustLTOp<long>>, bool, thrust::device_ptr<long>, long*, long, unsigned long, long*, ThrustLTOp<long>, long, int>(thrust::device_ptr<long>, long, long, ThrustLTOp<long>, thrust::cuda_cub::__merge_sort::PartitionAgent<thrust::device_ptr<long>, long, ThrustLTOp<long>>, bool, thrust::device_ptr<long>, long*, long)
                    0.32%  3.5459ms         4  886.49us  850.89us  960.90us  void thrust::cuda_cub::core::_kernel_agent<thrust::cuda_cub::__parallel_for::ParallelForAgent<thrust::cuda_cub::__transform::unary_transform_f<thrust::counting_iterator<long, thrust::use_default, thrust::use_default, thrust::use_default>, thrust::device_ptr<long>, thrust::cuda_cub::__transform::no_stencil_tag, thrust::identity<long>, thrust::cuda_cub::__transform::always_true_predicate>, long>, thrust::cuda_cub::__transform::unary_transform_f<thrust::counting_iterator<long, thrust::use_default, thrust::use_default, thrust::use_default>, thrust::device_ptr<long>, thrust::cuda_cub::__transform::no_stencil_tag, thrust::identity<long>, thrust::cuda_cub::__transform::always_true_predicate>, long>(thrust::use_default, thrust::use_default)
                    0.31%  3.5080ms         2  1.7540ms  558.53us  2.9495ms  sgemm_32x32x32_NN
                    0.26%  2.8728ms         4  718.21us  155.17us  1.6650ms  void kernelPointwiseApply2<CopyOp<float, float>, float, float, unsigned int, int=1, int=2>(OffsetInfo<float, float, float>, OffsetInfo<CopyOp<float, float>, float, unsigned int>, float, float)
                    0.16%  1.8040ms         2  902.01us  886.47us  917.54us  void kernelPointwiseApply1<TensorFillOp<long>, long, unsigned int, int=1>(OffsetInfo<TensorFillOp<long>, long, unsigned int>, long, long)
                    0.11%  1.2037ms         1  1.2037ms  1.2037ms  1.2037ms  void at::native::_GLOBAL__N__54_tmpxft_0000343e_00000000_10_SoftMax_compute_70_cpp1_ii_826a4626::cunn_SoftMaxForward<int=2, float, float, at::native::_GLOBAL__N__54_tmpxft_0000343e_00000000_10_SoftMax_compute_70_cpp1_ii_826a4626::LogSoftMaxForwardEpilogue>(float*, float, int)
                    0.09%  1.0113ms         2  505.67us  503.75us  507.59us  void convert_CooToCsr_kernel<int=0>(int const *, int, int, int*)
                    0.08%  944.81us         2  472.40us  149.67us  795.14us  void kernelPointwiseApply3<TensorAddOp<float>, float, float, float, unsigned int, int=1, int=1, int=2>(OffsetInfo<TensorAddOp<float>, float, unsigned int>, OffsetInfo<float, float, int=1>, OffsetInfo<float, float, int=1>, float, float)
                    0.02%  270.11us         1  270.11us  270.11us  270.11us  generate_bernoulli(curandStateMtgp32*, int, float*, double)
                    0.02%  217.95us         1  217.95us  217.95us  217.95us  void kernelPointwiseApply2<TensorMulOp<float>, float, float, unsigned int, int=1, int=1>(OffsetInfo<TensorMulOp<float>, float, unsigned int>, OffsetInfo<float, float, int=1>, float, float)
                    0.01%  149.67us         1  149.67us  149.67us  149.67us  void kernelPointwiseApply1<TensorDivConstantOp<float>, float, unsigned int, int=1>(OffsetInfo<TensorDivConstantOp<float>, float, unsigned int>, float, float)
                    0.01%  149.09us         1  149.09us  149.09us  149.09us  void kernelPointwiseApply2<TensorMaxValueOp<float>, float, float, unsigned int, int=1, int=1>(OffsetInfo<TensorMaxValueOp<float>, float, unsigned int>, OffsetInfo<float, float, int=1>, float, float)
                    0.01%  134.59us         9  14.954us     576ns  127.14us  [CUDA memcpy HtoD]
                    0.00%  5.4720us         2  2.7360us  1.9520us  3.5200us  void thrust::cuda_cub::core::_kernel_agent<thrust::cuda_cub::__unique_by_key::InitAgent<thrust::cuda_cub::cub::ScanTileState<int, bool=1>, int*, int>, thrust::cuda_cub::cub::ScanTileState<int, bool=1>, unsigned long, int*>(bool=1, thrust::cuda_cub::cub::ScanTileState<int, bool=1>, int*)
                    0.00%  4.9600us         4  1.2400us     928ns  1.5680us  [CUDA memcpy DtoH]
                    0.00%  2.3680us         4     592ns     448ns     960ns  [CUDA memset]
      API calls:   47.19%  886.40ms         9  98.489ms  10.901us  445.69ms  cudaMemcpyAsync
                   44.35%  833.12ms       106  7.8596ms  5.0750us  832.16ms  cudaLaunch
                    7.87%  147.86ms         8  18.483ms  1.6460us  71.934ms  cudaStreamSynchronize
                    0.39%  7.3901ms         9  821.13us  4.9910us  7.2755ms  cudaMemcpy
                    0.12%  2.2082ms        12  184.01us  14.144us  395.83us  cudaMalloc
                    0.02%  429.04us       572     750ns     530ns  10.835us  cudaGetDevice
                    0.02%  366.10us       106  3.4530us     118ns  193.09us  cudaConfigureCall
                    0.01%  268.13us       770     348ns      74ns  153.26us  cudaSetupArgument
                    0.01%  193.69us       241     803ns     546ns  4.7770us  cudaSetDevice
                    0.01%  102.62us        14  7.3300us  5.3980us  10.766us  cudaFuncGetAttributes
                    0.00%  60.856us         4  15.214us  11.363us  18.681us  cudaMemsetAsync
                    0.00%  29.878us        43     694ns     529ns  1.1630us  cudaDeviceGetAttribute
                    0.00%  22.278us        16  1.3920us     974ns  5.7170us  cudaEventCreateWithFlags
                    0.00%  15.888us       132     120ns      75ns     297ns  cudaPeekAtLastError
                    0.00%  13.497us        70     192ns      80ns  1.0430us  cudaGetLastError
                    0.00%  4.6360us         2  2.3180us  1.7700us  2.8660us  cudaFree
==16253== Generated result file: /home/adam/school/research/gnn/gnn-research/pygcn/pygcn/profile/2019_03_10__15_46_08/train-timeline.16253.nvprof
