03-02 21:41 INFO     TESTING
03-02 21:41 INFO     Prepare files
03-02 21:41 INFO     Define model
03-02 21:41 INFO     	Statistics
03-02 21:42 INFO     	Create model
03-02 21:42 INFO     Check cuda
03-02 21:42 INFO     	* Cuda
03-02 21:42 INFO     Optimizer
03-02 21:42 INFO     Logger
03-02 21:42 INFO     => loading best model './checkpoint/qm9/mpnn/model_best.pth'
03-02 21:42 INFO     => loaded best model './checkpoint/qm9/mpnn/model_best.pth' (epoch 2)
03-02 21:42 INFO     Epoch: [0][20/11389]	Time 0.051 (0.080)	Data 0.010 (0.032)	Loss 0.1429 (0.1063)	Error Ratio 0.8506 (1.4652)
03-02 21:42 INFO     Epoch: [0][40/11389]	Time 0.053 (0.069)	Data 0.009 (0.021)	Loss 0.3444 (0.1163)	Error Ratio 1.5477 (1.6400)
03-02 21:42 INFO     Epoch: [0][60/11389]	Time 0.063 (0.064)	Data 0.010 (0.017)	Loss 0.1067 (0.1094)	Error Ratio 11.0699 (1.5471)
03-02 21:42 INFO     Epoch: [0][80/11389]	Time 0.055 (0.061)	Data 0.011 (0.015)	Loss 0.1039 (0.1084)	Error Ratio 0.7217 (1.4530)
03-02 21:42 INFO     Epoch: [0][100/11389]	Time 0.054 (0.059)	Data 0.013 (0.014)	Loss 0.0893 (0.1069)	Error Ratio 1.3955 (3.3335)
03-02 21:42 INFO     Epoch: [0][120/11389]	Time 0.070 (0.059)	Data 0.010 (0.014)	Loss 0.2718 (0.1101)	Error Ratio 0.7322 (3.2085)
03-02 21:42 INFO     Epoch: [0][140/11389]	Time 0.052 (0.058)	Data 0.012 (0.013)	Loss 0.0832 (0.1073)	Error Ratio 0.9381 (2.9004)
03-02 21:42 INFO     Epoch: [0][160/11389]	Time 0.054 (0.058)	Data 0.014 (0.013)	Loss 0.1179 (0.1075)	Error Ratio 0.4011 (2.7787)
03-02 21:42 INFO     Epoch: [0][180/11389]	Time 0.055 (0.057)	Data 0.007 (0.012)	Loss 0.1189 (0.1072)	Error Ratio 0.7672 (2.5718)
03-02 21:42 INFO     Epoch: [0][200/11389]	Time 0.056 (0.057)	Data 0.014 (0.012)	Loss 0.1045 (0.1057)	Error Ratio 0.9545 (2.4099)
03-02 21:42 INFO     Epoch: [0][220/11389]	Time 0.062 (0.057)	Data 0.014 (0.012)	Loss 0.1824 (0.1068)	Error Ratio 0.8057 (2.5599)
03-02 21:42 INFO     Epoch: [0][240/11389]	Time 0.050 (0.057)	Data 0.007 (0.012)	Loss 0.0775 (0.1058)	Error Ratio 0.5788 (2.5085)
03-02 21:42 INFO     Epoch: [0][260/11389]	Time 0.048 (0.057)	Data 0.007 (0.012)	Loss 0.1477 (0.1067)	Error Ratio 0.9892 (2.4287)
03-02 21:42 INFO     Epoch: [0][280/11389]	Time 0.056 (0.057)	Data 0.014 (0.012)	Loss 0.1143 (0.1054)	Error Ratio 0.9187 (2.3293)
03-02 21:42 INFO     Epoch: [0][300/11389]	Time 0.057 (0.056)	Data 0.010 (0.012)	Loss 0.1173 (0.1052)	Error Ratio 2.4553 (2.3521)
03-02 21:42 INFO     Epoch: [0][320/11389]	Time 0.051 (0.056)	Data 0.010 (0.011)	Loss 0.0933 (0.1066)	Error Ratio 0.7404 (2.2704)
03-02 21:42 INFO     Epoch: [0][340/11389]	Time 0.050 (0.056)	Data 0.010 (0.011)	Loss 0.1416 (0.1071)	Error Ratio 0.9311 (2.2449)
03-02 21:42 INFO     Epoch: [0][360/11389]	Time 0.060 (0.056)	Data 0.009 (0.011)	Loss 0.0724 (0.1065)	Error Ratio 6.1178 (2.1829)
03-02 21:42 INFO     Epoch: [0][380/11389]	Time 0.050 (0.056)	Data 0.010 (0.011)	Loss 0.1178 (0.1061)	Error Ratio 1.6625 (2.1447)
03-02 21:42 INFO     Epoch: [0][400/11389]	Time 0.057 (0.056)	Data 0.012 (0.011)	Loss 0.1108 (0.1053)	Error Ratio 0.4676 (2.2036)
03-02 21:42 INFO     Epoch: [0][420/11389]	Time 0.054 (0.056)	Data 0.014 (0.011)	Loss 0.0927 (0.1048)	Error Ratio 0.4527 (2.1395)
03-02 21:42 INFO     Epoch: [0][440/11389]	Time 0.047 (0.056)	Data 0.008 (0.011)	Loss 0.0785 (0.1045)	Error Ratio 1.4480 (2.1684)
03-02 21:42 INFO     Epoch: [0][460/11389]	Time 0.062 (0.056)	Data 0.011 (0.011)	Loss 0.1180 (0.1068)	Error Ratio 0.6096 (2.1702)
03-02 21:42 INFO     Epoch: [0][480/11389]	Time 0.065 (0.056)	Data 0.012 (0.011)	Loss 0.1318 (0.1077)	Error Ratio 2.2651 (2.1387)
03-02 21:42 INFO     Epoch: [0][500/11389]	Time 0.063 (0.056)	Data 0.009 (0.011)	Loss 0.0663 (0.1083)	Error Ratio 0.6573 (2.1250)
03-02 21:42 INFO     Epoch: [0][520/11389]	Time 0.052 (0.056)	Data 0.010 (0.011)	Loss 0.0903 (0.1076)	Error Ratio 0.5894 (2.0770)
03-02 21:42 INFO     Epoch: [0][540/11389]	Time 0.060 (0.056)	Data 0.009 (0.011)	Loss 0.0822 (0.1072)	Error Ratio 1.1249 (2.0596)
03-02 21:42 INFO     Epoch: [0][560/11389]	Time 0.047 (0.056)	Data 0.008 (0.011)	Loss 0.0839 (0.1074)	Error Ratio 11.8097 (2.0362)
03-02 21:42 INFO     Epoch: [0][580/11389]	Time 0.056 (0.056)	Data 0.010 (0.011)	Loss 0.0956 (0.1072)	Error Ratio 0.9337 (1.9984)
03-02 21:42 INFO     Epoch: [0][600/11389]	Time 0.073 (0.056)	Data 0.012 (0.011)	Loss 0.1139 (0.1069)	Error Ratio 1.1027 (1.9587)
03-02 21:42 INFO     Epoch: [0][620/11389]	Time 0.050 (0.056)	Data 0.011 (0.011)	Loss 0.0654 (0.1067)	Error Ratio 0.5465 (1.9208)
03-02 21:42 INFO     Epoch: [0][640/11389]	Time 0.061 (0.056)	Data 0.011 (0.011)	Loss 0.1577 (0.1071)	Error Ratio 0.3421 (1.9063)
03-02 21:42 INFO     Epoch: [0][660/11389]	Time 0.052 (0.056)	Data 0.011 (0.011)	Loss 0.0893 (0.1069)	Error Ratio 0.4100 (1.9715)
03-02 21:42 INFO     Epoch: [0][680/11389]	Time 0.055 (0.056)	Data 0.012 (0.011)	Loss 0.1173 (0.1065)	Error Ratio 1.3119 (2.0168)
03-02 21:42 INFO     Epoch: [0][700/11389]	Time 0.048 (0.056)	Data 0.007 (0.011)	Loss 0.0937 (0.1066)	Error Ratio 1.6355 (2.0137)
03-02 21:42 INFO     Epoch: [0][720/11389]	Time 0.049 (0.056)	Data 0.009 (0.011)	Loss 0.0662 (0.1066)	Error Ratio 5.7413 (2.0033)
03-02 21:42 INFO     Epoch: [0][740/11389]	Time 0.054 (0.056)	Data 0.011 (0.011)	Loss 0.1380 (0.1062)	Error Ratio 20.3742 (2.0679)
03-02 21:42 INFO     Epoch: [0][760/11389]	Time 0.056 (0.056)	Data 0.010 (0.011)	Loss 0.0732 (0.1058)	Error Ratio 1.3022 (2.0890)
03-02 21:42 INFO     Epoch: [0][780/11389]	Time 0.051 (0.056)	Data 0.012 (0.011)	Loss 0.2024 (0.1060)	Error Ratio 23.9134 (2.0916)
03-02 21:42 INFO     Epoch: [0][800/11389]	Time 0.051 (0.056)	Data 0.009 (0.011)	Loss 0.1238 (0.1060)	Error Ratio 1.4041 (2.0635)
03-02 21:42 INFO     Epoch: [0][820/11389]	Time 0.059 (0.056)	Data 0.014 (0.011)	Loss 0.0594 (0.1061)	Error Ratio 0.5752 (2.0348)
03-02 21:42 INFO     Epoch: [0][840/11389]	Time 0.052 (0.056)	Data 0.009 (0.011)	Loss 0.1177 (0.1066)	Error Ratio 0.4222 (2.0282)
03-02 21:42 INFO     Epoch: [0][860/11389]	Time 0.049 (0.056)	Data 0.009 (0.011)	Loss 0.0867 (0.1063)	Error Ratio 0.5951 (2.0821)
03-02 21:42 INFO     Epoch: [0][880/11389]	Time 0.055 (0.056)	Data 0.008 (0.011)	Loss 0.1338 (0.1064)	Error Ratio 0.8552 (2.0535)
03-02 21:42 INFO     Epoch: [0][900/11389]	Time 0.047 (0.056)	Data 0.007 (0.011)	Loss 0.0641 (0.1066)	Error Ratio 0.6344 (2.0404)
03-02 21:43 INFO     Epoch: [0][920/11389]	Time 0.052 (0.056)	Data 0.011 (0.011)	Loss 0.0900 (0.1062)	Error Ratio 0.8069 (2.0201)
03-02 21:43 INFO     Epoch: [0][940/11389]	Time 0.056 (0.056)	Data 0.009 (0.011)	Loss 0.1233 (0.1060)	Error Ratio 0.5749 (1.9943)
03-02 21:43 INFO     Epoch: [0][960/11389]	Time 0.054 (0.056)	Data 0.010 (0.011)	Loss 0.0623 (0.1062)	Error Ratio 0.7366 (1.9717)
03-02 21:43 INFO     Epoch: [0][980/11389]	Time 0.060 (0.056)	Data 0.016 (0.011)	Loss 0.0801 (0.1062)	Error Ratio 3.8349 (1.9800)
03-02 21:43 INFO     Epoch: [0][1000/11389]	Time 0.060 (0.056)	Data 0.010 (0.011)	Loss 0.1106 (0.1061)	Error Ratio 2.6991 (1.9612)
03-02 21:43 INFO     Epoch: [0][1020/11389]	Time 0.051 (0.056)	Data 0.008 (0.011)	Loss 0.1139 (0.1067)	Error Ratio 0.5991 (1.9440)
03-02 21:43 INFO     Epoch: [0][1040/11389]	Time 0.062 (0.056)	Data 0.009 (0.011)	Loss 0.0491 (0.1067)	Error Ratio 0.5663 (1.9186)
03-02 21:43 INFO     Epoch: [0][1060/11389]	Time 0.043 (0.056)	Data 0.004 (0.011)	Loss 0.4011 (0.1069)	Error Ratio 1.6212 (2.1667)
03-02 21:43 INFO     Epoch: [0][1080/11389]	Time 0.051 (0.056)	Data 0.008 (0.011)	Loss 0.1043 (0.1069)	Error Ratio 1.5391 (2.1399)
03-02 21:43 INFO     Epoch: [0][1100/11389]	Time 0.051 (0.056)	Data 0.009 (0.011)	Loss 0.1318 (0.1071)	Error Ratio 0.5781 (2.1183)
03-02 21:43 INFO     Epoch: [0][1120/11389]	Time 0.066 (0.056)	Data 0.011 (0.011)	Loss 0.0870 (0.1080)	Error Ratio 0.6530 (2.1144)
03-02 21:43 INFO     Epoch: [0][1140/11389]	Time 0.052 (0.056)	Data 0.012 (0.011)	Loss 0.1070 (0.1078)	Error Ratio 0.4823 (2.1496)
03-02 21:43 INFO     Epoch: [0][1160/11389]	Time 0.059 (0.056)	Data 0.010 (0.011)	Loss 0.0551 (0.1079)	Error Ratio 0.6010 (2.1319)
03-02 21:43 INFO     Epoch: [0][1180/11389]	Time 0.053 (0.056)	Data 0.014 (0.011)	Loss 0.1221 (0.1078)	Error Ratio 0.3702 (2.1133)
03-02 21:43 INFO     Epoch: [0][1200/11389]	Time 0.046 (0.056)	Data 0.007 (0.011)	Loss 0.0510 (0.1078)	Error Ratio 0.5621 (2.1043)
03-02 21:43 INFO     Epoch: [0][1220/11389]	Time 0.053 (0.056)	Data 0.011 (0.011)	Loss 0.1037 (0.1079)	Error Ratio 0.5797 (2.0975)
03-02 21:43 INFO     Epoch: [0][1240/11389]	Time 0.050 (0.056)	Data 0.008 (0.011)	Loss 0.1809 (0.1099)	Error Ratio 0.5772 (2.0902)
03-02 21:43 INFO     Epoch: [0][1260/11389]	Time 0.054 (0.056)	Data 0.013 (0.011)	Loss 0.0966 (0.1100)	Error Ratio 0.5139 (2.0727)
03-02 21:43 INFO     Epoch: [0][1280/11389]	Time 0.054 (0.056)	Data 0.011 (0.011)	Loss 0.0780 (0.1099)	Error Ratio 0.5686 (2.0661)
03-02 21:43 INFO     Epoch: [0][1300/11389]	Time 0.058 (0.056)	Data 0.010 (0.011)	Loss 0.0865 (0.1098)	Error Ratio 0.6672 (2.0730)
03-02 21:43 INFO     Epoch: [0][1320/11389]	Time 0.055 (0.056)	Data 0.011 (0.011)	Loss 0.1138 (0.1096)	Error Ratio 0.6002 (2.0713)
03-02 21:43 INFO     Epoch: [0][1340/11389]	Time 0.055 (0.056)	Data 0.008 (0.011)	Loss 0.0869 (0.1096)	Error Ratio 2.2057 (2.0762)
03-02 21:43 INFO     Epoch: [0][1360/11389]	Time 0.050 (0.056)	Data 0.009 (0.011)	Loss 0.0606 (0.1100)	Error Ratio 1.0462 (2.0599)
03-02 21:43 INFO     Epoch: [0][1380/11389]	Time 0.065 (0.056)	Data 0.009 (0.011)	Loss 0.0842 (0.1102)	Error Ratio 1.3594 (2.0433)
03-02 21:43 INFO     Epoch: [0][1400/11389]	Time 0.049 (0.056)	Data 0.006 (0.011)	Loss 0.0836 (0.1102)	Error Ratio 0.8685 (2.0255)
03-02 21:43 INFO     Epoch: [0][1420/11389]	Time 0.046 (0.056)	Data 0.009 (0.011)	Loss 0.1669 (0.1101)	Error Ratio 1.1859 (2.0268)
03-02 21:43 INFO     Epoch: [0][1440/11389]	Time 0.054 (0.055)	Data 0.012 (0.011)	Loss 0.0891 (0.1101)	Error Ratio 0.9764 (2.0207)
03-02 21:43 INFO     Epoch: [0][1460/11389]	Time 0.065 (0.055)	Data 0.013 (0.011)	Loss 0.1440 (0.1100)	Error Ratio 0.4710 (2.0022)
03-02 21:43 INFO     Epoch: [0][1480/11389]	Time 0.076 (0.055)	Data 0.014 (0.011)	Loss 0.1064 (0.1098)	Error Ratio 0.7937 (1.9872)
03-02 21:43 INFO     Epoch: [0][1500/11389]	Time 0.044 (0.055)	Data 0.006 (0.011)	Loss 0.1528 (0.1098)	Error Ratio 0.5396 (2.0094)
03-02 21:43 INFO     Epoch: [0][1520/11389]	Time 0.056 (0.055)	Data 0.014 (0.011)	Loss 0.1988 (0.1099)	Error Ratio 0.7457 (1.9963)
03-02 21:43 INFO     Epoch: [0][1540/11389]	Time 0.057 (0.055)	Data 0.012 (0.011)	Loss 0.0823 (0.1103)	Error Ratio 0.4476 (1.9879)
03-02 21:43 INFO     Epoch: [0][1560/11389]	Time 0.048 (0.055)	Data 0.007 (0.011)	Loss 0.0649 (0.1101)	Error Ratio 3.3473 (1.9766)
03-02 21:43 INFO     Epoch: [0][1580/11389]	Time 0.050 (0.055)	Data 0.009 (0.011)	Loss 0.0741 (0.1101)	Error Ratio 0.6722 (1.9710)
03-02 21:43 INFO     Epoch: [0][1600/11389]	Time 0.060 (0.055)	Data 0.009 (0.011)	Loss 0.0877 (0.1110)	Error Ratio 0.6231 (1.9791)
03-02 21:43 INFO     Epoch: [0][1620/11389]	Time 0.053 (0.055)	Data 0.011 (0.011)	Loss 0.0421 (0.1112)	Error Ratio 0.4547 (1.9674)
03-02 21:43 INFO     Epoch: [0][1640/11389]	Time 0.055 (0.055)	Data 0.014 (0.011)	Loss 0.0621 (0.1112)	Error Ratio 0.8469 (1.9558)
03-02 21:43 INFO     Epoch: [0][1660/11389]	Time 0.070 (0.055)	Data 0.004 (0.011)	Loss 0.1590 (0.1110)	Error Ratio 1.6846 (1.9468)
03-02 21:43 INFO     Epoch: [0][1680/11389]	Time 0.052 (0.055)	Data 0.009 (0.011)	Loss 0.0927 (0.1112)	Error Ratio 0.7491 (1.9357)
03-02 21:43 INFO     Epoch: [0][1700/11389]	Time 0.052 (0.055)	Data 0.010 (0.011)	Loss 0.0842 (0.1111)	Error Ratio 2.0747 (1.9252)
03-02 21:43 INFO     Epoch: [0][1720/11389]	Time 0.049 (0.055)	Data 0.010 (0.011)	Loss 0.0697 (0.1113)	Error Ratio 0.9894 (1.9148)
03-02 21:43 INFO     Epoch: [0][1740/11389]	Time 0.064 (0.055)	Data 0.011 (0.011)	Loss 0.1095 (0.1114)	Error Ratio 1.2417 (1.9035)
03-02 21:43 INFO     Epoch: [0][1760/11389]	Time 0.049 (0.055)	Data 0.007 (0.011)	Loss 0.1004 (0.1112)	Error Ratio 4.0373 (1.9118)
03-02 21:43 INFO     Epoch: [0][1780/11389]	Time 0.068 (0.055)	Data 0.012 (0.011)	Loss 0.1405 (0.1113)	Error Ratio 2.1699 (1.9004)
03-02 21:43 INFO     Epoch: [0][1800/11389]	Time 0.047 (0.055)	Data 0.008 (0.011)	Loss 0.0685 (0.1112)	Error Ratio 0.4879 (1.8867)
03-02 21:43 INFO     Epoch: [0][1820/11389]	Time 0.047 (0.055)	Data 0.007 (0.011)	Loss 0.0713 (0.1110)	Error Ratio 1.0361 (1.9274)
03-02 21:43 INFO     Epoch: [0][1840/11389]	Time 0.052 (0.055)	Data 0.009 (0.011)	Loss 0.0935 (0.1109)	Error Ratio 0.9268 (1.9340)
03-02 21:43 INFO     Epoch: [0][1860/11389]	Time 0.055 (0.055)	Data 0.009 (0.011)	Loss 0.1336 (0.1113)	Error Ratio 1.1433 (1.9239)
03-02 21:43 INFO     Epoch: [0][1880/11389]	Time 0.047 (0.055)	Data 0.009 (0.011)	Loss 0.1008 (0.1113)	Error Ratio 0.4031 (1.9143)
03-02 21:43 INFO     Epoch: [0][1900/11389]	Time 0.057 (0.055)	Data 0.009 (0.011)	Loss 0.1062 (0.1118)	Error Ratio 0.6076 (1.9079)
03-02 21:43 INFO     Epoch: [0][1920/11389]	Time 0.058 (0.055)	Data 0.009 (0.011)	Loss 0.0856 (0.1117)	Error Ratio 0.5218 (1.9017)
03-02 21:43 INFO     Epoch: [0][1940/11389]	Time 0.057 (0.055)	Data 0.011 (0.011)	Loss 0.0686 (0.1117)	Error Ratio 2.1970 (1.8926)
03-02 21:43 INFO     Epoch: [0][1960/11389]	Time 0.052 (0.055)	Data 0.011 (0.011)	Loss 0.1393 (0.1116)	Error Ratio 1.1702 (1.8947)
03-02 21:43 INFO     Epoch: [0][1980/11389]	Time 0.063 (0.055)	Data 0.011 (0.011)	Loss 0.0894 (0.1116)	Error Ratio 0.4726 (1.8831)
03-02 21:44 INFO     Epoch: [0][2000/11389]	Time 0.049 (0.055)	Data 0.008 (0.010)	Loss 0.0737 (0.1115)	Error Ratio 0.8116 (1.8813)
03-02 21:44 INFO     Epoch: [0][2020/11389]	Time 0.055 (0.055)	Data 0.010 (0.010)	Loss 0.0987 (0.1116)	Error Ratio 0.6357 (1.8793)
03-02 21:44 INFO     Epoch: [0][2040/11389]	Time 0.066 (0.055)	Data 0.010 (0.010)	Loss 0.0644 (0.1115)	Error Ratio 0.5516 (1.8714)
03-02 21:44 INFO     Epoch: [0][2060/11389]	Time 0.055 (0.055)	Data 0.011 (0.010)	Loss 0.1384 (0.1114)	Error Ratio 0.5138 (1.9008)
03-02 21:44 INFO     Epoch: [0][2080/11389]	Time 0.058 (0.055)	Data 0.017 (0.010)	Loss 0.0616 (0.1114)	Error Ratio 0.6177 (1.8922)
03-02 21:44 INFO     Epoch: [0][2100/11389]	Time 0.053 (0.055)	Data 0.008 (0.010)	Loss 0.1053 (0.1114)	Error Ratio 0.5953 (1.8833)
03-02 21:44 INFO     Epoch: [0][2120/11389]	Time 0.047 (0.055)	Data 0.008 (0.010)	Loss 0.0660 (0.1113)	Error Ratio 0.5566 (1.8743)
03-02 21:44 INFO     Epoch: [0][2140/11389]	Time 0.048 (0.055)	Data 0.009 (0.011)	Loss 0.0807 (0.1112)	Error Ratio 0.4135 (1.8753)
03-02 21:44 INFO     Epoch: [0][2160/11389]	Time 0.059 (0.055)	Data 0.009 (0.010)	Loss 0.1701 (0.1113)	Error Ratio 0.7284 (1.8682)
03-02 21:44 INFO     Epoch: [0][2180/11389]	Time 0.053 (0.055)	Data 0.010 (0.010)	Loss 0.1685 (0.1113)	Error Ratio 0.7471 (1.8623)
03-02 21:44 INFO     Epoch: [0][2200/11389]	Time 0.066 (0.055)	Data 0.005 (0.010)	Loss 0.1258 (0.1116)	Error Ratio 4.8834 (1.8574)
03-02 21:44 INFO     Epoch: [0][2220/11389]	Time 0.048 (0.055)	Data 0.008 (0.010)	Loss 0.1168 (0.1116)	Error Ratio 0.4464 (1.8478)
03-02 21:44 INFO     Epoch: [0][2240/11389]	Time 0.055 (0.055)	Data 0.013 (0.010)	Loss 0.0712 (0.1115)	Error Ratio 0.5471 (1.8418)
03-02 21:44 INFO     Epoch: [0][2260/11389]	Time 0.051 (0.055)	Data 0.009 (0.010)	Loss 0.0766 (0.1116)	Error Ratio 0.4661 (1.8705)
03-02 21:44 INFO     Epoch: [0][2280/11389]	Time 0.052 (0.055)	Data 0.014 (0.010)	Loss 0.2391 (0.1117)	Error Ratio 0.6957 (1.8613)
03-02 21:44 INFO     Epoch: [0][2300/11389]	Time 0.059 (0.055)	Data 0.014 (0.010)	Loss 0.1416 (0.1116)	Error Ratio 0.8821 (1.9072)
03-02 21:44 INFO     Epoch: [0][2320/11389]	Time 0.056 (0.055)	Data 0.007 (0.010)	Loss 0.0660 (0.1115)	Error Ratio 0.8090 (2.1282)
03-02 21:44 INFO     Epoch: [0][2340/11389]	Time 0.054 (0.055)	Data 0.013 (0.010)	Loss 0.1700 (0.1118)	Error Ratio 0.6483 (2.1372)
03-02 21:44 INFO     Epoch: [0][2360/11389]	Time 0.048 (0.055)	Data 0.007 (0.010)	Loss 0.3047 (0.1118)	Error Ratio 0.7107 (2.1314)
03-02 21:44 INFO     Epoch: [0][2380/11389]	Time 0.069 (0.055)	Data 0.005 (0.010)	Loss 0.0817 (0.1118)	Error Ratio 0.7714 (2.1248)
03-02 21:44 INFO     Epoch: [0][2400/11389]	Time 0.055 (0.055)	Data 0.009 (0.010)	Loss 0.0973 (0.1118)	Error Ratio 0.4499 (2.1164)
03-02 21:44 INFO     Epoch: [0][2420/11389]	Time 0.060 (0.055)	Data 0.011 (0.010)	Loss 0.0956 (0.1118)	Error Ratio 4.8250 (2.1344)
03-02 21:44 INFO     Epoch: [0][2440/11389]	Time 0.065 (0.055)	Data 0.010 (0.010)	Loss 0.0943 (0.1121)	Error Ratio 1.8109 (2.1261)
03-02 21:44 INFO     Epoch: [0][2460/11389]	Time 0.059 (0.055)	Data 0.012 (0.010)	Loss 0.0990 (0.1121)	Error Ratio 0.3792 (2.1359)
03-02 21:44 INFO     Epoch: [0][2480/11389]	Time 0.057 (0.055)	Data 0.008 (0.010)	Loss 0.0965 (0.1120)	Error Ratio 0.4185 (2.1252)
03-02 21:44 INFO     Epoch: [0][2500/11389]	Time 0.056 (0.055)	Data 0.014 (0.010)	Loss 0.0982 (0.1120)	Error Ratio 0.7048 (2.1560)
03-02 21:44 INFO     Epoch: [0][2520/11389]	Time 0.062 (0.055)	Data 0.011 (0.010)	Loss 0.0986 (0.1121)	Error Ratio 0.6033 (2.1491)
03-02 21:44 INFO     Epoch: [0][2540/11389]	Time 0.064 (0.055)	Data 0.009 (0.010)	Loss 0.1339 (0.1121)	Error Ratio 1.3972 (2.1393)
03-02 21:44 INFO     Epoch: [0][2560/11389]	Time 0.050 (0.055)	Data 0.010 (0.010)	Loss 0.1264 (0.1122)	Error Ratio 2.5092 (2.1485)
03-02 21:44 INFO     Epoch: [0][2580/11389]	Time 0.057 (0.055)	Data 0.007 (0.010)	Loss 0.0942 (0.1122)	Error Ratio 0.3528 (2.1437)
03-02 21:44 INFO     Epoch: [0][2600/11389]	Time 0.049 (0.055)	Data 0.009 (0.010)	Loss 0.0929 (0.1121)	Error Ratio 1.0292 (2.1418)
03-02 21:44 INFO     Epoch: [0][2620/11389]	Time 0.048 (0.055)	Data 0.009 (0.010)	Loss 0.0745 (0.1121)	Error Ratio 0.4116 (2.1401)
03-02 21:44 INFO     Epoch: [0][2640/11389]	Time 0.046 (0.055)	Data 0.008 (0.010)	Loss 0.1207 (0.1120)	Error Ratio 4.8761 (2.1311)
03-02 21:44 INFO     Epoch: [0][2660/11389]	Time 0.051 (0.055)	Data 0.012 (0.010)	Loss 0.1404 (0.1120)	Error Ratio 1.5101 (2.1457)
03-02 21:44 INFO     Epoch: [0][2680/11389]	Time 0.057 (0.055)	Data 0.012 (0.010)	Loss 0.1042 (0.1121)	Error Ratio 0.5038 (2.1399)
03-02 21:44 INFO     Epoch: [0][2700/11389]	Time 0.048 (0.055)	Data 0.009 (0.010)	Loss 0.0808 (0.1124)	Error Ratio 0.5168 (2.1396)
03-02 21:44 INFO     Epoch: [0][2720/11389]	Time 0.059 (0.055)	Data 0.017 (0.010)	Loss 0.1139 (0.1130)	Error Ratio 0.9924 (2.1894)
03-02 21:44 INFO     Epoch: [0][2740/11389]	Time 0.051 (0.055)	Data 0.011 (0.010)	Loss 0.1097 (0.1129)	Error Ratio 0.5410 (2.1827)
03-02 21:44 INFO     Epoch: [0][2760/11389]	Time 0.056 (0.055)	Data 0.012 (0.010)	Loss 0.0681 (0.1128)	Error Ratio 1.8873 (2.1809)
03-02 21:44 INFO     Epoch: [0][2780/11389]	Time 0.053 (0.055)	Data 0.015 (0.010)	Loss 0.1341 (0.1130)	Error Ratio 1.1148 (2.1735)
03-02 21:44 INFO     Epoch: [0][2800/11389]	Time 0.054 (0.055)	Data 0.012 (0.010)	Loss 0.1614 (0.1131)	Error Ratio 1.8229 (2.1665)
03-02 21:44 INFO     Epoch: [0][2820/11389]	Time 0.046 (0.055)	Data 0.008 (0.010)	Loss 0.1386 (0.1133)	Error Ratio 0.9419 (2.1698)
03-02 21:44 INFO     Epoch: [0][2840/11389]	Time 0.048 (0.055)	Data 0.009 (0.010)	Loss 0.0855 (0.1133)	Error Ratio 0.4239 (2.1630)
03-02 21:44 INFO     Epoch: [0][2860/11389]	Time 0.055 (0.055)	Data 0.014 (0.010)	Loss 0.1152 (0.1131)	Error Ratio 0.7198 (2.1532)
03-02 21:44 INFO     Epoch: [0][2880/11389]	Time 0.051 (0.055)	Data 0.011 (0.010)	Loss 0.1010 (0.1131)	Error Ratio 0.5224 (2.1555)
03-02 21:44 INFO     Epoch: [0][2900/11389]	Time 0.054 (0.055)	Data 0.009 (0.010)	Loss 0.0790 (0.1133)	Error Ratio 1.4608 (2.1498)
03-02 21:44 INFO     Epoch: [0][2920/11389]	Time 0.059 (0.055)	Data 0.009 (0.010)	Loss 0.0795 (0.1132)	Error Ratio 0.3619 (2.1423)
03-02 21:44 INFO     Epoch: [0][2940/11389]	Time 0.052 (0.055)	Data 0.007 (0.010)	Loss 0.0945 (0.1133)	Error Ratio 0.7645 (2.1407)
03-02 21:44 INFO     Epoch: [0][2960/11389]	Time 0.056 (0.055)	Data 0.013 (0.010)	Loss 0.0695 (0.1133)	Error Ratio 1.1530 (2.1334)
03-02 21:44 INFO     Epoch: [0][2980/11389]	Time 0.053 (0.055)	Data 0.007 (0.010)	Loss 0.1008 (0.1132)	Error Ratio 0.9777 (2.1258)
03-02 21:44 INFO     Epoch: [0][3000/11389]	Time 0.055 (0.055)	Data 0.011 (0.010)	Loss 0.0931 (0.1132)	Error Ratio 1.9045 (2.1171)
03-02 21:44 INFO     Epoch: [0][3020/11389]	Time 0.047 (0.055)	Data 0.008 (0.010)	Loss 0.0977 (0.1132)	Error Ratio 1.0808 (2.1101)
03-02 21:44 INFO     Epoch: [0][3040/11389]	Time 0.054 (0.055)	Data 0.012 (0.010)	Loss 0.0382 (0.1131)	Error Ratio 0.4806 (2.1090)
03-02 21:44 INFO     Epoch: [0][3060/11389]	Time 0.050 (0.055)	Data 0.010 (0.010)	Loss 0.0973 (0.1130)	Error Ratio 6.8269 (2.1129)
03-02 21:45 INFO     Epoch: [0][3080/11389]	Time 0.055 (0.055)	Data 0.008 (0.010)	Loss 0.3380 (0.1131)	Error Ratio 1.0104 (2.1057)
03-02 21:45 INFO     Epoch: [0][3100/11389]	Time 0.059 (0.055)	Data 0.015 (0.010)	Loss 0.0754 (0.1130)	Error Ratio 1.3129 (2.1048)
03-02 21:45 INFO     Epoch: [0][3120/11389]	Time 0.059 (0.055)	Data 0.009 (0.010)	Loss 0.1505 (0.1131)	Error Ratio 0.6325 (2.1027)
03-02 21:45 INFO     Epoch: [0][3140/11389]	Time 0.053 (0.055)	Data 0.012 (0.010)	Loss 0.1074 (0.1131)	Error Ratio 0.7086 (2.0946)
03-02 21:45 INFO     Epoch: [0][3160/11389]	Time 0.053 (0.055)	Data 0.014 (0.010)	Loss 0.0909 (0.1131)	Error Ratio 0.7114 (2.0953)
03-02 21:45 INFO     Epoch: [0][3180/11389]	Time 0.064 (0.055)	Data 0.012 (0.010)	Loss 0.0909 (0.1134)	Error Ratio 0.4146 (2.0964)
03-02 21:45 INFO     Epoch: [0][3200/11389]	Time 0.061 (0.055)	Data 0.014 (0.010)	Loss 0.0643 (0.1133)	Error Ratio 1.8736 (2.0887)
03-02 21:45 INFO     Epoch: [0][3220/11389]	Time 0.064 (0.055)	Data 0.017 (0.010)	Loss 0.1434 (0.1132)	Error Ratio 2.1589 (2.0815)
03-02 21:45 INFO     Epoch: [0][3240/11389]	Time 0.055 (0.055)	Data 0.012 (0.010)	Loss 0.0757 (0.1132)	Error Ratio 0.9470 (2.0899)
03-02 21:45 INFO     Epoch: [0][3260/11389]	Time 0.044 (0.055)	Data 0.006 (0.010)	Loss 0.1207 (0.1131)	Error Ratio 0.8770 (2.0848)
03-02 21:45 INFO     Epoch: [0][3280/11389]	Time 0.052 (0.055)	Data 0.009 (0.010)	Loss 0.0747 (0.1131)	Error Ratio 1.5260 (2.0785)
03-02 21:45 INFO     Epoch: [0][3300/11389]	Time 0.055 (0.055)	Data 0.011 (0.010)	Loss 0.0941 (0.1131)	Error Ratio 0.9174 (2.0718)
03-02 21:45 INFO     Epoch: [0][3320/11389]	Time 0.059 (0.055)	Data 0.007 (0.010)	Loss 0.1002 (0.1131)	Error Ratio 0.5350 (2.0645)
03-02 21:45 INFO     Epoch: [0][3340/11389]	Time 0.056 (0.055)	Data 0.014 (0.010)	Loss 0.0749 (0.1130)	Error Ratio 0.7202 (2.0567)
03-02 21:45 INFO     Epoch: [0][3360/11389]	Time 0.057 (0.055)	Data 0.007 (0.010)	Loss 0.1094 (0.1132)	Error Ratio 4.3852 (2.0531)
03-02 21:45 INFO     Epoch: [0][3380/11389]	Time 0.057 (0.055)	Data 0.010 (0.010)	Loss 0.0932 (0.1132)	Error Ratio 0.7770 (2.0472)
03-02 21:45 INFO     Epoch: [0][3400/11389]	Time 0.057 (0.055)	Data 0.014 (0.010)	Loss 0.0676 (0.1132)	Error Ratio 1.9265 (2.0415)
03-02 21:45 INFO     Epoch: [0][3420/11389]	Time 0.053 (0.055)	Data 0.009 (0.010)	Loss 0.0779 (0.1132)	Error Ratio 0.8126 (2.0411)
03-02 21:45 INFO     Epoch: [0][3440/11389]	Time 0.053 (0.055)	Data 0.010 (0.010)	Loss 0.1592 (0.1132)	Error Ratio 1.0371 (2.0549)
03-02 21:45 INFO     Epoch: [0][3460/11389]	Time 0.050 (0.055)	Data 0.013 (0.010)	Loss 0.1150 (0.1131)	Error Ratio 0.6906 (2.0483)
03-02 21:45 INFO     Epoch: [0][3480/11389]	Time 0.053 (0.055)	Data 0.011 (0.010)	Loss 0.1029 (0.1132)	Error Ratio 13.6892 (2.0721)
03-02 21:45 INFO     Epoch: [0][3500/11389]	Time 0.052 (0.055)	Data 0.011 (0.010)	Loss 0.0736 (0.1131)	Error Ratio 0.6146 (2.0641)
03-02 21:45 INFO     Epoch: [0][3520/11389]	Time 0.049 (0.055)	Data 0.009 (0.010)	Loss 0.1200 (0.1131)	Error Ratio 2.1656 (2.0585)
03-02 21:45 INFO     Epoch: [0][3540/11389]	Time 0.070 (0.055)	Data 0.010 (0.010)	Loss 0.0897 (0.1130)	Error Ratio 0.7273 (2.0523)
03-02 21:45 INFO     Epoch: [0][3560/11389]	Time 0.053 (0.055)	Data 0.010 (0.010)	Loss 0.0600 (0.1129)	Error Ratio 0.8589 (2.0461)
03-02 21:45 INFO     Epoch: [0][3580/11389]	Time 0.058 (0.055)	Data 0.010 (0.010)	Loss 0.1188 (0.1129)	Error Ratio 0.6165 (2.0430)
03-02 21:45 INFO     Epoch: [0][3600/11389]	Time 0.061 (0.055)	Data 0.009 (0.010)	Loss 0.0638 (0.1128)	Error Ratio 0.5560 (2.0682)
03-02 21:45 INFO     Epoch: [0][3620/11389]	Time 0.049 (0.055)	Data 0.010 (0.010)	Loss 0.1045 (0.1129)	Error Ratio 14.1812 (2.0660)
03-02 21:45 INFO     Epoch: [0][3640/11389]	Time 0.055 (0.055)	Data 0.009 (0.010)	Loss 0.0874 (0.1130)	Error Ratio 4.6269 (2.0960)
03-02 21:45 INFO     Epoch: [0][3660/11389]	Time 0.067 (0.055)	Data 0.008 (0.010)	Loss 0.0728 (0.1129)	Error Ratio 0.6413 (2.0888)
03-02 21:45 INFO     Epoch: [0][3680/11389]	Time 0.047 (0.055)	Data 0.009 (0.010)	Loss 0.1961 (0.1130)	Error Ratio 1.4641 (2.0843)
03-02 21:45 INFO     Epoch: [0][3700/11389]	Time 0.055 (0.055)	Data 0.010 (0.010)	Loss 0.0850 (0.1129)	Error Ratio 0.7888 (2.0831)
03-02 21:45 INFO     Epoch: [0][3720/11389]	Time 0.063 (0.055)	Data 0.014 (0.010)	Loss 0.0781 (0.1129)	Error Ratio 0.5691 (2.0781)
03-02 21:45 INFO     Epoch: [0][3740/11389]	Time 0.049 (0.055)	Data 0.010 (0.010)	Loss 0.1240 (0.1127)	Error Ratio 0.9996 (2.0727)
03-02 21:45 INFO     Epoch: [0][3760/11389]	Time 0.069 (0.055)	Data 0.008 (0.010)	Loss 0.2245 (0.1127)	Error Ratio 1.0923 (2.0713)
03-02 21:45 INFO     Epoch: [0][3780/11389]	Time 0.059 (0.055)	Data 0.010 (0.010)	Loss 0.0674 (0.1126)	Error Ratio 1.5586 (2.0803)
03-02 21:45 INFO     Epoch: [0][3800/11389]	Time 0.055 (0.055)	Data 0.014 (0.010)	Loss 0.0923 (0.1125)	Error Ratio 1.2141 (2.0778)
03-02 21:45 INFO     Epoch: [0][3820/11389]	Time 0.057 (0.055)	Data 0.011 (0.010)	Loss 0.1017 (0.1125)	Error Ratio 15.2982 (2.0932)
03-02 21:45 INFO     Epoch: [0][3840/11389]	Time 0.048 (0.055)	Data 0.008 (0.010)	Loss 0.0899 (0.1124)	Error Ratio 11.0171 (2.0938)
03-02 21:45 INFO     Epoch: [0][3860/11389]	Time 0.054 (0.055)	Data 0.007 (0.010)	Loss 0.0508 (0.1124)	Error Ratio 1.1311 (2.0892)
03-02 21:45 INFO     Epoch: [0][3880/11389]	Time 0.053 (0.055)	Data 0.010 (0.010)	Loss 0.1218 (0.1123)	Error Ratio 1.0628 (2.0837)
03-02 21:45 INFO     Epoch: [0][3900/11389]	Time 0.052 (0.055)	Data 0.014 (0.010)	Loss 0.1253 (0.1123)	Error Ratio 0.8063 (2.0800)
03-02 21:45 INFO     Epoch: [0][3920/11389]	Time 0.046 (0.055)	Data 0.008 (0.010)	Loss 0.1093 (0.1122)	Error Ratio 0.7026 (2.0809)
03-02 21:45 INFO     Epoch: [0][3940/11389]	Time 0.049 (0.055)	Data 0.009 (0.010)	Loss 0.0982 (0.1121)	Error Ratio 0.7121 (2.0813)
03-02 21:45 INFO     Epoch: [0][3960/11389]	Time 0.067 (0.055)	Data 0.010 (0.010)	Loss 0.1490 (0.1121)	Error Ratio 0.3479 (2.0778)
03-02 21:45 INFO     Epoch: [0][3980/11389]	Time 0.047 (0.055)	Data 0.007 (0.010)	Loss 0.1263 (0.1120)	Error Ratio 0.7281 (2.0722)
03-02 21:45 INFO     Epoch: [0][4000/11389]	Time 0.061 (0.055)	Data 0.012 (0.010)	Loss 0.0872 (0.1120)	Error Ratio 0.9330 (2.0709)
03-02 21:45 INFO     Epoch: [0][4020/11389]	Time 0.048 (0.055)	Data 0.009 (0.010)	Loss 0.1511 (0.1119)	Error Ratio 0.8221 (2.0635)
03-02 21:45 INFO     Epoch: [0][4040/11389]	Time 0.049 (0.055)	Data 0.009 (0.010)	Loss 0.1083 (0.1120)	Error Ratio 0.9833 (2.0599)
03-02 21:45 INFO     Epoch: [0][4060/11389]	Time 0.048 (0.055)	Data 0.005 (0.010)	Loss 0.0861 (0.1121)	Error Ratio 0.8160 (2.0615)
03-02 21:45 INFO     Epoch: [0][4080/11389]	Time 0.052 (0.055)	Data 0.012 (0.010)	Loss 0.1899 (0.1121)	Error Ratio 0.4273 (2.0558)
03-02 21:45 INFO     Epoch: [0][4100/11389]	Time 0.065 (0.055)	Data 0.006 (0.010)	Loss 0.1261 (0.1122)	Error Ratio 3.0301 (2.0507)
03-02 21:45 INFO     Epoch: [0][4120/11389]	Time 0.059 (0.055)	Data 0.014 (0.010)	Loss 0.0809 (0.1122)	Error Ratio 0.6228 (2.0444)
03-02 21:45 INFO     Epoch: [0][4140/11389]	Time 0.051 (0.055)	Data 0.005 (0.010)	Loss 0.0977 (0.1122)	Error Ratio 0.6740 (2.0412)
03-02 21:46 INFO     Epoch: [0][4160/11389]	Time 0.055 (0.055)	Data 0.008 (0.010)	Loss 0.0712 (0.1122)	Error Ratio 0.6743 (2.0352)
03-02 21:46 INFO     Epoch: [0][4180/11389]	Time 0.063 (0.055)	Data 0.015 (0.010)	Loss 0.1106 (0.1122)	Error Ratio 1.4079 (2.0301)
03-02 21:46 INFO     Epoch: [0][4200/11389]	Time 0.058 (0.055)	Data 0.007 (0.010)	Loss 0.3353 (0.1124)	Error Ratio 0.4857 (2.0251)
03-02 21:46 INFO     Epoch: [0][4220/11389]	Time 0.053 (0.055)	Data 0.009 (0.010)	Loss 0.1431 (0.1123)	Error Ratio 0.4745 (2.0277)
03-02 21:46 INFO     Epoch: [0][4240/11389]	Time 0.057 (0.055)	Data 0.009 (0.010)	Loss 0.0930 (0.1123)	Error Ratio 1.5167 (2.0224)
03-02 21:46 INFO     Epoch: [0][4260/11389]	Time 0.060 (0.055)	Data 0.010 (0.010)	Loss 0.0827 (0.1122)	Error Ratio 3.1831 (2.0173)
03-02 21:46 INFO     Epoch: [0][4280/11389]	Time 0.051 (0.055)	Data 0.011 (0.010)	Loss 0.4937 (0.1123)	Error Ratio 0.8468 (2.0194)
03-02 21:46 INFO     Epoch: [0][4300/11389]	Time 0.058 (0.055)	Data 0.009 (0.010)	Loss 0.1872 (0.1123)	Error Ratio 0.4817 (2.0146)
03-02 21:46 INFO     Epoch: [0][4320/11389]	Time 0.061 (0.055)	Data 0.011 (0.010)	Loss 0.0880 (0.1122)	Error Ratio 4.8189 (2.0130)
03-02 21:46 INFO     Epoch: [0][4340/11389]	Time 0.058 (0.055)	Data 0.010 (0.010)	Loss 0.0693 (0.1122)	Error Ratio 1.1979 (2.0105)
03-02 21:46 INFO     Epoch: [0][4360/11389]	Time 0.067 (0.055)	Data 0.011 (0.010)	Loss 0.0738 (0.1121)	Error Ratio 3.0223 (2.0164)
03-02 21:46 INFO     Epoch: [0][4380/11389]	Time 0.051 (0.055)	Data 0.011 (0.010)	Loss 0.0900 (0.1120)	Error Ratio 0.5866 (2.0780)
03-02 21:46 INFO     Epoch: [0][4400/11389]	Time 0.053 (0.055)	Data 0.008 (0.010)	Loss 0.0894 (0.1120)	Error Ratio 0.6396 (2.0736)
03-02 21:46 INFO     Epoch: [0][4420/11389]	Time 0.063 (0.055)	Data 0.009 (0.010)	Loss 0.0679 (0.1119)	Error Ratio 18.8279 (2.0787)
03-02 21:46 INFO     Epoch: [0][4440/11389]	Time 0.063 (0.055)	Data 0.012 (0.010)	Loss 0.1174 (0.1124)	Error Ratio 1.4005 (2.0888)
03-02 21:46 INFO     Epoch: [0][4460/11389]	Time 0.053 (0.055)	Data 0.011 (0.010)	Loss 0.0814 (0.1124)	Error Ratio 4.4091 (2.1001)
03-02 21:46 INFO     Epoch: [0][4480/11389]	Time 0.048 (0.055)	Data 0.009 (0.010)	Loss 0.1165 (0.1124)	Error Ratio 0.7377 (2.0948)
03-02 21:46 INFO     Epoch: [0][4500/11389]	Time 0.049 (0.055)	Data 0.008 (0.010)	Loss 0.0853 (0.1123)	Error Ratio 0.5339 (2.0929)
03-02 21:46 INFO     Epoch: [0][4520/11389]	Time 0.060 (0.055)	Data 0.012 (0.010)	Loss 0.0869 (0.1123)	Error Ratio 0.4667 (2.0886)
03-02 21:46 INFO     Epoch: [0][4540/11389]	Time 0.061 (0.055)	Data 0.009 (0.010)	Loss 0.0944 (0.1122)	Error Ratio 0.7174 (2.0931)
03-02 21:46 INFO     Epoch: [0][4560/11389]	Time 0.052 (0.055)	Data 0.009 (0.010)	Loss 0.2855 (0.1122)	Error Ratio 1.0431 (2.0883)
03-02 21:46 INFO     Epoch: [0][4580/11389]	Time 0.052 (0.055)	Data 0.011 (0.010)	Loss 0.1406 (0.1121)	Error Ratio 0.4288 (2.0840)
03-02 21:46 INFO     Epoch: [0][4600/11389]	Time 0.062 (0.055)	Data 0.009 (0.010)	Loss 0.0876 (0.1121)	Error Ratio 0.5632 (2.0834)
03-02 21:46 INFO     Epoch: [0][4620/11389]	Time 0.054 (0.055)	Data 0.010 (0.010)	Loss 0.1238 (0.1122)	Error Ratio 0.6555 (2.0794)
03-02 21:46 INFO     Epoch: [0][4640/11389]	Time 0.055 (0.055)	Data 0.010 (0.010)	Loss 0.1160 (0.1122)	Error Ratio 0.5824 (2.0801)
03-02 21:46 INFO     Epoch: [0][4660/11389]	Time 0.049 (0.055)	Data 0.009 (0.010)	Loss 0.6116 (0.1124)	Error Ratio 0.3973 (2.0756)
03-02 21:46 INFO     Epoch: [0][4680/11389]	Time 0.052 (0.055)	Data 0.009 (0.010)	Loss 0.0531 (0.1124)	Error Ratio 0.8221 (2.0707)
03-02 21:46 INFO     Epoch: [0][4700/11389]	Time 0.057 (0.055)	Data 0.014 (0.010)	Loss 0.0733 (0.1124)	Error Ratio 15.7603 (2.0695)
03-02 21:46 INFO     Epoch: [0][4720/11389]	Time 0.055 (0.055)	Data 0.014 (0.010)	Loss 0.0784 (0.1124)	Error Ratio 1.7035 (2.0658)
03-02 21:46 INFO     Epoch: [0][4740/11389]	Time 0.049 (0.055)	Data 0.009 (0.010)	Loss 0.0692 (0.1124)	Error Ratio 3.2339 (2.0623)
03-02 21:46 INFO     Epoch: [0][4760/11389]	Time 0.056 (0.055)	Data 0.009 (0.010)	Loss 0.0846 (0.1124)	Error Ratio 0.8349 (2.0572)
03-02 21:46 INFO     Epoch: [0][4780/11389]	Time 0.059 (0.055)	Data 0.010 (0.010)	Loss 0.1618 (0.1124)	Error Ratio 0.4764 (2.0519)
03-02 21:46 INFO     Epoch: [0][4800/11389]	Time 0.054 (0.055)	Data 0.010 (0.010)	Loss 0.1045 (0.1123)	Error Ratio 0.6046 (2.0463)
03-02 21:46 INFO     Epoch: [0][4820/11389]	Time 0.065 (0.055)	Data 0.005 (0.010)	Loss 0.1974 (0.1123)	Error Ratio 2.1121 (2.0416)
03-02 21:46 INFO     Epoch: [0][4840/11389]	Time 0.057 (0.055)	Data 0.014 (0.010)	Loss 0.1110 (0.1125)	Error Ratio 0.4062 (2.0377)
03-02 21:46 INFO     Epoch: [0][4860/11389]	Time 0.054 (0.055)	Data 0.007 (0.010)	Loss 0.1009 (0.1124)	Error Ratio 0.5456 (2.0357)
03-02 21:46 INFO     Epoch: [0][4880/11389]	Time 0.070 (0.055)	Data 0.013 (0.010)	Loss 0.1125 (0.1124)	Error Ratio 1.2265 (2.0317)
03-02 21:46 INFO     Epoch: [0][4900/11389]	Time 0.054 (0.055)	Data 0.009 (0.010)	Loss 0.1371 (0.1123)	Error Ratio 0.5368 (2.0398)
03-02 21:46 INFO     Epoch: [0][4920/11389]	Time 0.049 (0.055)	Data 0.008 (0.010)	Loss 0.0615 (0.1124)	Error Ratio 0.6259 (2.0414)
03-02 21:46 INFO     Epoch: [0][4940/11389]	Time 0.048 (0.055)	Data 0.006 (0.010)	Loss 0.0658 (0.1124)	Error Ratio 44.2756 (2.0466)
03-02 21:46 INFO     Epoch: [0][4960/11389]	Time 0.049 (0.055)	Data 0.007 (0.010)	Loss 0.0900 (0.1123)	Error Ratio 0.4585 (2.0415)
03-02 21:46 INFO     Epoch: [0][4980/11389]	Time 0.060 (0.055)	Data 0.011 (0.010)	Loss 0.0994 (0.1123)	Error Ratio 0.7402 (2.0373)
03-02 21:46 INFO     Epoch: [0][5000/11389]	Time 0.056 (0.055)	Data 0.010 (0.010)	Loss 0.1194 (0.1123)	Error Ratio 0.6552 (2.0326)
03-02 21:46 INFO     Epoch: [0][5020/11389]	Time 0.058 (0.055)	Data 0.017 (0.010)	Loss 0.1165 (0.1123)	Error Ratio 1.0563 (2.0429)
03-02 21:46 INFO     Epoch: [0][5040/11389]	Time 0.051 (0.055)	Data 0.012 (0.010)	Loss 0.1645 (0.1123)	Error Ratio 0.7001 (2.0386)
03-02 21:46 INFO     Epoch: [0][5060/11389]	Time 0.070 (0.055)	Data 0.017 (0.010)	Loss 0.0979 (0.1125)	Error Ratio 0.6785 (2.0397)
03-02 21:46 INFO     Epoch: [0][5080/11389]	Time 0.052 (0.055)	Data 0.008 (0.010)	Loss 0.0637 (0.1125)	Error Ratio 0.4847 (2.0400)
03-02 21:46 INFO     Epoch: [0][5100/11389]	Time 0.054 (0.055)	Data 0.011 (0.010)	Loss 0.0880 (0.1126)	Error Ratio 0.8702 (2.0368)
03-02 21:46 INFO     Epoch: [0][5120/11389]	Time 0.051 (0.055)	Data 0.011 (0.010)	Loss 0.0688 (0.1125)	Error Ratio 1.7873 (2.0323)
03-02 21:46 INFO     Epoch: [0][5140/11389]	Time 0.051 (0.055)	Data 0.012 (0.010)	Loss 0.1388 (0.1124)	Error Ratio 0.7539 (2.0275)
03-02 21:46 INFO     Epoch: [0][5160/11389]	Time 0.050 (0.055)	Data 0.010 (0.010)	Loss 0.1193 (0.1124)	Error Ratio 1.0246 (2.0257)
03-02 21:46 INFO     Epoch: [0][5180/11389]	Time 0.049 (0.055)	Data 0.010 (0.010)	Loss 0.1367 (0.1124)	Error Ratio 1.7457 (2.0218)
03-02 21:46 INFO     Epoch: [0][5200/11389]	Time 0.067 (0.055)	Data 0.008 (0.010)	Loss 0.0921 (0.1124)	Error Ratio 0.6439 (2.0177)
03-02 21:46 INFO     Epoch: [0][5220/11389]	Time 0.054 (0.055)	Data 0.011 (0.010)	Loss 0.0982 (0.1124)	Error Ratio 1.0767 (2.0144)
03-02 21:46 INFO     Epoch: [0][5240/11389]	Time 0.047 (0.055)	Data 0.007 (0.010)	Loss 0.0784 (0.1123)	Error Ratio 0.9168 (2.0116)
03-02 21:47 INFO     Epoch: [0][5260/11389]	Time 0.061 (0.055)	Data 0.011 (0.010)	Loss 0.0862 (0.1123)	Error Ratio 0.7978 (2.0134)
03-02 21:47 INFO     Epoch: [0][5280/11389]	Time 0.051 (0.055)	Data 0.014 (0.010)	Loss 0.0895 (0.1123)	Error Ratio 0.7285 (2.0097)
03-02 21:47 INFO     Epoch: [0][5300/11389]	Time 0.050 (0.055)	Data 0.005 (0.010)	Loss 0.3292 (0.1124)	Error Ratio 0.8163 (2.0058)
03-02 21:47 INFO     Epoch: [0][5320/11389]	Time 0.069 (0.055)	Data 0.010 (0.010)	Loss 0.1228 (0.1125)	Error Ratio 0.9417 (2.0020)
03-02 21:47 INFO     Epoch: [0][5340/11389]	Time 0.047 (0.055)	Data 0.007 (0.010)	Loss 0.1198 (0.1126)	Error Ratio 0.7607 (2.0110)
03-02 21:47 INFO     Epoch: [0][5360/11389]	Time 0.051 (0.055)	Data 0.009 (0.010)	Loss 0.0749 (0.1126)	Error Ratio 1.3391 (2.0071)
03-02 21:47 INFO     Epoch: [0][5380/11389]	Time 0.066 (0.055)	Data 0.009 (0.010)	Loss 0.1154 (0.1125)	Error Ratio 1.4069 (2.0113)
03-02 21:47 INFO     Epoch: [0][5400/11389]	Time 0.052 (0.055)	Data 0.014 (0.010)	Loss 0.1348 (0.1126)	Error Ratio 0.5701 (2.0270)
03-02 21:47 INFO     Epoch: [0][5420/11389]	Time 0.049 (0.055)	Data 0.009 (0.010)	Loss 0.0601 (0.1126)	Error Ratio 1.3788 (2.0270)
03-02 21:47 INFO     Epoch: [0][5440/11389]	Time 0.064 (0.055)	Data 0.011 (0.010)	Loss 0.0934 (0.1126)	Error Ratio 0.9950 (2.0327)
03-02 21:47 INFO     Epoch: [0][5460/11389]	Time 0.058 (0.055)	Data 0.013 (0.010)	Loss 0.0898 (0.1125)	Error Ratio 0.5340 (2.0283)
03-02 21:47 INFO     Epoch: [0][5480/11389]	Time 0.050 (0.055)	Data 0.014 (0.010)	Loss 0.3435 (0.1127)	Error Ratio 56.0803 (2.0360)
03-02 21:47 INFO     Epoch: [0][5500/11389]	Time 0.052 (0.055)	Data 0.010 (0.010)	Loss 0.0642 (0.1127)	Error Ratio 0.8904 (2.0330)
03-02 21:47 INFO     Epoch: [0][5520/11389]	Time 0.063 (0.055)	Data 0.014 (0.010)	Loss 0.0746 (0.1127)	Error Ratio 0.9436 (2.0323)
03-02 21:47 INFO     Epoch: [0][5540/11389]	Time 0.056 (0.055)	Data 0.007 (0.010)	Loss 0.1030 (0.1129)	Error Ratio 0.6577 (2.0287)
03-02 21:47 INFO     Epoch: [0][5560/11389]	Time 0.051 (0.055)	Data 0.010 (0.010)	Loss 0.0582 (0.1129)	Error Ratio 0.5457 (2.0283)
03-02 21:47 INFO     Epoch: [0][5580/11389]	Time 0.052 (0.055)	Data 0.011 (0.010)	Loss 0.0798 (0.1129)	Error Ratio 0.6131 (2.0290)
03-02 21:47 INFO     Epoch: [0][5600/11389]	Time 0.063 (0.055)	Data 0.014 (0.010)	Loss 0.0427 (0.1132)	Error Ratio 0.3000 (2.0253)
03-02 21:47 INFO     Epoch: [0][5620/11389]	Time 0.061 (0.055)	Data 0.010 (0.010)	Loss 0.0795 (0.1131)	Error Ratio 0.7116 (2.0211)
03-02 21:47 INFO     Epoch: [0][5640/11389]	Time 0.058 (0.055)	Data 0.009 (0.010)	Loss 0.1035 (0.1131)	Error Ratio 0.9642 (2.0195)
03-02 21:47 INFO     Epoch: [0][5660/11389]	Time 0.056 (0.055)	Data 0.007 (0.010)	Loss 0.0825 (0.1133)	Error Ratio 1.1605 (2.6724)
03-02 21:47 INFO     Epoch: [0][5680/11389]	Time 0.056 (0.055)	Data 0.014 (0.010)	Loss 0.1134 (0.1132)	Error Ratio 0.9602 (2.6793)
03-02 21:47 INFO     Epoch: [0][5700/11389]	Time 0.050 (0.055)	Data 0.009 (0.010)	Loss 0.0936 (0.1132)	Error Ratio 1604.3837 (2.9617)
03-02 21:47 INFO     Epoch: [0][5720/11389]	Time 0.055 (0.055)	Data 0.016 (0.010)	Loss 0.0668 (0.1132)	Error Ratio 0.4680 (2.9535)
03-02 21:47 INFO     Epoch: [0][5740/11389]	Time 0.051 (0.055)	Data 0.009 (0.010)	Loss 0.0865 (0.1133)	Error Ratio 0.9625 (2.9484)
03-02 21:47 INFO     Epoch: [0][5760/11389]	Time 0.058 (0.055)	Data 0.007 (0.010)	Loss 0.1076 (0.1134)	Error Ratio 0.9001 (2.9420)
03-02 21:47 INFO     Epoch: [0][5780/11389]	Time 0.058 (0.055)	Data 0.008 (0.010)	Loss 0.1208 (0.1134)	Error Ratio 0.8859 (2.9350)
03-02 21:47 INFO     Epoch: [0][5800/11389]	Time 0.057 (0.055)	Data 0.008 (0.010)	Loss 0.0767 (0.1134)	Error Ratio 0.6475 (2.9281)
03-02 21:47 INFO     Epoch: [0][5820/11389]	Time 0.063 (0.055)	Data 0.007 (0.010)	Loss 0.0885 (0.1134)	Error Ratio 0.8301 (2.9212)
03-02 21:47 INFO     Epoch: [0][5840/11389]	Time 0.056 (0.055)	Data 0.009 (0.010)	Loss 0.0937 (0.1133)	Error Ratio 0.7818 (2.9138)
03-02 21:47 INFO     Epoch: [0][5860/11389]	Time 0.050 (0.055)	Data 0.008 (0.010)	Loss 0.0864 (0.1133)	Error Ratio 0.6129 (2.9094)
03-02 21:47 INFO     Epoch: [0][5880/11389]	Time 0.053 (0.055)	Data 0.012 (0.010)	Loss 0.0817 (0.1133)	Error Ratio 0.4386 (2.9205)
03-02 21:47 INFO     Epoch: [0][5900/11389]	Time 0.051 (0.055)	Data 0.012 (0.010)	Loss 0.1406 (0.1133)	Error Ratio 40.5036 (2.9201)
03-02 21:47 INFO     Epoch: [0][5920/11389]	Time 0.051 (0.055)	Data 0.010 (0.010)	Loss 0.1135 (0.1132)	Error Ratio 0.3736 (2.9136)
03-02 21:47 INFO     Epoch: [0][5940/11389]	Time 0.051 (0.055)	Data 0.011 (0.010)	Loss 0.0912 (0.1132)	Error Ratio 0.4623 (2.9079)
03-02 21:47 INFO     Epoch: [0][5960/11389]	Time 0.056 (0.055)	Data 0.011 (0.010)	Loss 0.1558 (0.1132)	Error Ratio 0.5042 (2.9018)
03-02 21:47 INFO     Epoch: [0][5980/11389]	Time 0.057 (0.055)	Data 0.009 (0.010)	Loss 0.0993 (0.1131)	Error Ratio 1.0774 (2.9036)
03-02 21:47 INFO     Epoch: [0][6000/11389]	Time 0.046 (0.055)	Data 0.006 (0.010)	Loss 0.0986 (0.1131)	Error Ratio 1.1425 (2.8973)
03-02 21:47 INFO     Epoch: [0][6020/11389]	Time 0.055 (0.055)	Data 0.014 (0.010)	Loss 0.1121 (0.1132)	Error Ratio 1.1354 (2.8917)
03-02 21:47 INFO     Epoch: [0][6040/11389]	Time 0.053 (0.055)	Data 0.009 (0.010)	Loss 0.0740 (0.1131)	Error Ratio 14.1742 (2.8932)
03-02 21:47 INFO     Epoch: [0][6060/11389]	Time 0.053 (0.055)	Data 0.012 (0.010)	Loss 0.0836 (0.1131)	Error Ratio 0.4296 (2.8878)
03-02 21:47 INFO     Epoch: [0][6080/11389]	Time 0.046 (0.055)	Data 0.007 (0.010)	Loss 0.0901 (0.1131)	Error Ratio 10.7362 (2.8882)
03-02 21:47 INFO     Epoch: [0][6100/11389]	Time 0.049 (0.055)	Data 0.012 (0.010)	Loss 0.0712 (0.1131)	Error Ratio 0.8040 (2.8862)
03-02 21:47 INFO     Epoch: [0][6120/11389]	Time 0.057 (0.055)	Data 0.014 (0.010)	Loss 0.0935 (0.1130)	Error Ratio 0.8717 (2.8810)
03-02 21:47 INFO     Epoch: [0][6140/11389]	Time 0.049 (0.055)	Data 0.008 (0.010)	Loss 0.1473 (0.1131)	Error Ratio 0.7296 (2.8862)
03-02 21:47 INFO     Epoch: [0][6160/11389]	Time 0.054 (0.055)	Data 0.012 (0.010)	Loss 0.0982 (0.1131)	Error Ratio 0.9098 (2.8803)
03-02 21:47 INFO     Epoch: [0][6180/11389]	Time 0.048 (0.055)	Data 0.011 (0.010)	Loss 0.1880 (0.1130)	Error Ratio 2.3962 (2.8761)
03-02 21:47 INFO     Epoch: [0][6200/11389]	Time 0.056 (0.055)	Data 0.011 (0.010)	Loss 0.1106 (0.1130)	Error Ratio 1.1716 (2.8695)
03-02 21:47 INFO     Epoch: [0][6220/11389]	Time 0.056 (0.055)	Data 0.011 (0.010)	Loss 0.0707 (0.1130)	Error Ratio 1.7053 (2.8628)
03-02 21:47 INFO     Epoch: [0][6240/11389]	Time 0.050 (0.055)	Data 0.009 (0.010)	Loss 0.0662 (0.1130)	Error Ratio 12.0851 (2.8631)
03-02 21:47 INFO     Epoch: [0][6260/11389]	Time 0.064 (0.055)	Data 0.007 (0.010)	Loss 0.0849 (0.1130)	Error Ratio 1.0987 (2.8584)
03-02 21:47 INFO     Epoch: [0][6280/11389]	Time 0.052 (0.055)	Data 0.006 (0.010)	Loss 0.1028 (0.1130)	Error Ratio 15.9541 (2.8583)
03-02 21:47 INFO     Epoch: [0][6300/11389]	Time 0.055 (0.055)	Data 0.012 (0.010)	Loss 0.1602 (0.1129)	Error Ratio 0.7774 (2.8564)
03-02 21:47 INFO     Epoch: [0][6320/11389]	Time 0.059 (0.055)	Data 0.012 (0.010)	Loss 0.0735 (0.1128)	Error Ratio 13.7584 (2.8558)
03-02 21:48 INFO     Epoch: [0][6340/11389]	Time 0.052 (0.055)	Data 0.013 (0.010)	Loss 0.2982 (0.1128)	Error Ratio 1.0815 (2.8491)
03-02 21:48 INFO     Epoch: [0][6360/11389]	Time 0.049 (0.055)	Data 0.009 (0.010)	Loss 0.0895 (0.1128)	Error Ratio 0.5167 (2.8460)
03-02 21:48 INFO     Epoch: [0][6380/11389]	Time 0.062 (0.055)	Data 0.011 (0.010)	Loss 0.0484 (0.1128)	Error Ratio 0.8748 (2.8404)
03-02 21:48 INFO     Epoch: [0][6400/11389]	Time 0.060 (0.055)	Data 0.010 (0.010)	Loss 0.1051 (0.1127)	Error Ratio 0.6218 (2.8350)
03-02 21:48 INFO     Epoch: [0][6420/11389]	Time 0.050 (0.055)	Data 0.010 (0.010)	Loss 0.1012 (0.1128)	Error Ratio 0.7828 (2.8300)
03-02 21:48 INFO     Epoch: [0][6440/11389]	Time 0.059 (0.055)	Data 0.010 (0.010)	Loss 0.0477 (0.1128)	Error Ratio 0.3038 (2.8248)
03-02 21:48 INFO     Epoch: [0][6460/11389]	Time 0.063 (0.055)	Data 0.011 (0.010)	Loss 0.1157 (0.1127)	Error Ratio 0.7247 (2.8204)
03-02 21:48 INFO     Epoch: [0][6480/11389]	Time 0.049 (0.055)	Data 0.007 (0.010)	Loss 0.1128 (0.1127)	Error Ratio 0.6560 (2.8147)
03-02 21:48 INFO     Epoch: [0][6500/11389]	Time 0.063 (0.055)	Data 0.014 (0.010)	Loss 0.1242 (0.1126)	Error Ratio 0.6824 (2.8192)
03-02 21:48 INFO     Epoch: [0][6520/11389]	Time 0.048 (0.055)	Data 0.007 (0.010)	Loss 0.1026 (0.1126)	Error Ratio 0.5318 (2.8139)
03-02 21:48 INFO     Epoch: [0][6540/11389]	Time 0.056 (0.055)	Data 0.012 (0.010)	Loss 0.1614 (0.1126)	Error Ratio 0.4817 (2.8083)
03-02 21:48 INFO     Epoch: [0][6560/11389]	Time 0.063 (0.055)	Data 0.011 (0.010)	Loss 0.0862 (0.1127)	Error Ratio 0.5179 (2.8124)
03-02 21:48 INFO     Epoch: [0][6580/11389]	Time 0.062 (0.055)	Data 0.011 (0.010)	Loss 0.1232 (0.1127)	Error Ratio 1.9855 (2.8097)
03-02 21:48 INFO     Epoch: [0][6600/11389]	Time 0.051 (0.055)	Data 0.007 (0.010)	Loss 0.0747 (0.1126)	Error Ratio 0.6657 (2.8049)
03-02 21:48 INFO     Epoch: [0][6620/11389]	Time 0.056 (0.055)	Data 0.012 (0.010)	Loss 0.2381 (0.1132)	Error Ratio 3.2070 (2.8002)
03-02 21:48 INFO     Epoch: [0][6640/11389]	Time 0.051 (0.055)	Data 0.010 (0.010)	Loss 0.0914 (0.1131)	Error Ratio 0.6127 (2.7944)
03-02 21:48 INFO     Epoch: [0][6660/11389]	Time 0.062 (0.055)	Data 0.014 (0.010)	Loss 0.1063 (0.1131)	Error Ratio 0.5713 (2.7884)
03-02 21:48 INFO     Epoch: [0][6680/11389]	Time 0.065 (0.055)	Data 0.014 (0.010)	Loss 0.1043 (0.1131)	Error Ratio 0.8306 (2.7908)
03-02 21:48 INFO     Epoch: [0][6700/11389]	Time 0.061 (0.055)	Data 0.009 (0.010)	Loss 0.0717 (0.1131)	Error Ratio 0.6283 (2.7873)
03-02 21:48 INFO     Epoch: [0][6720/11389]	Time 0.050 (0.055)	Data 0.008 (0.010)	Loss 0.1281 (0.1132)	Error Ratio 0.4870 (2.7828)
03-02 21:48 INFO     Epoch: [0][6740/11389]	Time 0.064 (0.055)	Data 0.008 (0.010)	Loss 0.0829 (0.1133)	Error Ratio 0.8002 (2.7804)
03-02 21:48 INFO     Epoch: [0][6760/11389]	Time 0.057 (0.055)	Data 0.012 (0.010)	Loss 0.0785 (0.1132)	Error Ratio 0.6913 (2.7741)
03-02 21:48 INFO     Epoch: [0][6780/11389]	Time 0.055 (0.055)	Data 0.007 (0.010)	Loss 0.1632 (0.1132)	Error Ratio 0.5952 (2.7869)
03-02 21:48 INFO     Epoch: [0][6800/11389]	Time 0.055 (0.055)	Data 0.014 (0.010)	Loss 0.1036 (0.1133)	Error Ratio 0.7360 (2.7824)
03-02 21:48 INFO     Epoch: [0][6820/11389]	Time 0.062 (0.055)	Data 0.009 (0.010)	Loss 0.1507 (0.1134)	Error Ratio 0.9971 (2.7774)
03-02 21:48 INFO     Epoch: [0][6840/11389]	Time 0.055 (0.055)	Data 0.007 (0.010)	Loss 0.2296 (0.1134)	Error Ratio 0.6339 (2.7767)
03-02 21:48 INFO     Epoch: [0][6860/11389]	Time 0.051 (0.055)	Data 0.010 (0.010)	Loss 0.5383 (0.1135)	Error Ratio 0.3847 (2.7831)
03-02 21:48 INFO     Epoch: [0][6880/11389]	Time 0.050 (0.055)	Data 0.010 (0.010)	Loss 0.1504 (0.1135)	Error Ratio 0.8921 (2.7783)
03-02 21:48 INFO     Epoch: [0][6900/11389]	Time 0.057 (0.055)	Data 0.010 (0.010)	Loss 0.1642 (0.1135)	Error Ratio 3.8397 (2.7732)
03-02 21:48 INFO     Epoch: [0][6920/11389]	Time 0.051 (0.055)	Data 0.011 (0.010)	Loss 0.0585 (0.1135)	Error Ratio 2.4618 (2.7697)
03-02 21:48 INFO     Epoch: [0][6940/11389]	Time 0.070 (0.055)	Data 0.014 (0.010)	Loss 0.1105 (0.1135)	Error Ratio 1.6578 (2.7651)
03-02 21:48 INFO     Epoch: [0][6960/11389]	Time 0.058 (0.055)	Data 0.010 (0.010)	Loss 0.0901 (0.1135)	Error Ratio 0.7568 (2.7611)
03-02 21:48 INFO     Epoch: [0][6980/11389]	Time 0.048 (0.055)	Data 0.008 (0.010)	Loss 0.0927 (0.1134)	Error Ratio 0.7451 (2.7568)
03-02 21:48 INFO     Epoch: [0][7000/11389]	Time 0.066 (0.055)	Data 0.009 (0.010)	Loss 0.0892 (0.1134)	Error Ratio 0.5879 (2.7582)
03-02 21:48 INFO     Epoch: [0][7020/11389]	Time 0.058 (0.055)	Data 0.011 (0.010)	Loss 0.0783 (0.1134)	Error Ratio 0.5474 (2.7542)
03-02 21:48 INFO     Epoch: [0][7040/11389]	Time 0.051 (0.055)	Data 0.012 (0.010)	Loss 0.0972 (0.1134)	Error Ratio 0.5309 (2.7491)
03-02 21:48 INFO     Epoch: [0][7060/11389]	Time 0.071 (0.055)	Data 0.008 (0.010)	Loss 0.1577 (0.1133)	Error Ratio 0.7658 (2.7453)
03-02 21:48 INFO     Epoch: [0][7080/11389]	Time 0.055 (0.055)	Data 0.014 (0.010)	Loss 0.1430 (0.1133)	Error Ratio 1.8197 (2.7445)
03-02 21:48 INFO     Epoch: [0][7100/11389]	Time 0.047 (0.055)	Data 0.009 (0.010)	Loss 0.1145 (0.1133)	Error Ratio 1.1617 (2.7401)
03-02 21:48 INFO     Epoch: [0][7120/11389]	Time 0.063 (0.055)	Data 0.009 (0.010)	Loss 0.1082 (0.1132)	Error Ratio 0.7605 (2.7409)
03-02 21:48 INFO     Epoch: [0][7140/11389]	Time 0.049 (0.055)	Data 0.008 (0.010)	Loss 0.1073 (0.1132)	Error Ratio 0.4354 (2.7364)
03-02 21:48 INFO     Epoch: [0][7160/11389]	Time 0.052 (0.055)	Data 0.010 (0.010)	Loss 0.0763 (0.1131)	Error Ratio 0.5382 (2.7314)
03-02 21:48 INFO     Epoch: [0][7180/11389]	Time 0.050 (0.055)	Data 0.007 (0.010)	Loss 0.0936 (0.1132)	Error Ratio 0.4363 (2.7298)
03-02 21:48 INFO     Epoch: [0][7200/11389]	Time 0.050 (0.055)	Data 0.009 (0.010)	Loss 0.0942 (0.1132)	Error Ratio 1.3906 (2.7265)
03-02 21:48 INFO     Epoch: [0][7220/11389]	Time 0.054 (0.055)	Data 0.008 (0.010)	Loss 0.1468 (0.1131)	Error Ratio 1.9788 (2.7394)
03-02 21:48 INFO     Epoch: [0][7240/11389]	Time 0.053 (0.055)	Data 0.012 (0.010)	Loss 0.1164 (0.1131)	Error Ratio 1.8692 (2.7453)
03-02 21:48 INFO     Epoch: [0][7260/11389]	Time 0.050 (0.055)	Data 0.009 (0.010)	Loss 0.0906 (0.1131)	Error Ratio 1.4171 (2.7430)
03-02 21:48 INFO     Epoch: [0][7280/11389]	Time 0.061 (0.055)	Data 0.009 (0.010)	Loss 0.0557 (0.1131)	Error Ratio 0.9444 (2.7439)
03-02 21:48 INFO     Epoch: [0][7300/11389]	Time 0.066 (0.055)	Data 0.009 (0.010)	Loss 0.0925 (0.1131)	Error Ratio 0.4400 (2.7386)
03-02 21:48 INFO     Epoch: [0][7320/11389]	Time 0.054 (0.055)	Data 0.011 (0.010)	Loss 0.1079 (0.1130)	Error Ratio 0.5517 (2.7334)
03-02 21:48 INFO     Epoch: [0][7340/11389]	Time 0.065 (0.055)	Data 0.014 (0.010)	Loss 0.1330 (0.1130)	Error Ratio 0.6201 (2.7434)
03-02 21:48 INFO     Epoch: [0][7360/11389]	Time 0.048 (0.055)	Data 0.008 (0.010)	Loss 0.1603 (0.1131)	Error Ratio 0.5847 (2.7386)
03-02 21:48 INFO     Epoch: [0][7380/11389]	Time 0.051 (0.055)	Data 0.010 (0.010)	Loss 0.0426 (0.1131)	Error Ratio 0.4817 (2.7344)
03-02 21:48 INFO     Epoch: [0][7400/11389]	Time 0.053 (0.055)	Data 0.012 (0.010)	Loss 0.0579 (0.1131)	Error Ratio 0.9195 (2.7305)
03-02 21:49 INFO     Epoch: [0][7420/11389]	Time 0.051 (0.055)	Data 0.010 (0.010)	Loss 0.0527 (0.1131)	Error Ratio 0.9528 (2.7280)
03-02 21:49 INFO     Epoch: [0][7440/11389]	Time 0.069 (0.055)	Data 0.014 (0.010)	Loss 0.1449 (0.1130)	Error Ratio 0.5103 (2.7226)
03-02 21:49 INFO     Epoch: [0][7460/11389]	Time 0.050 (0.055)	Data 0.009 (0.010)	Loss 0.0751 (0.1130)	Error Ratio 0.7038 (2.7213)
03-02 21:49 INFO     Epoch: [0][7480/11389]	Time 0.049 (0.055)	Data 0.012 (0.010)	Loss 0.1942 (0.1130)	Error Ratio 0.6308 (2.7164)
03-02 21:49 INFO     Epoch: [0][7500/11389]	Time 0.047 (0.055)	Data 0.009 (0.010)	Loss 0.1300 (0.1130)	Error Ratio 0.5098 (2.7120)
03-02 21:49 INFO     Epoch: [0][7520/11389]	Time 0.045 (0.055)	Data 0.007 (0.010)	Loss 0.0839 (0.1132)	Error Ratio 3.3004 (2.7121)
03-02 21:49 INFO     Epoch: [0][7540/11389]	Time 0.077 (0.055)	Data 0.011 (0.010)	Loss 0.0624 (0.1131)	Error Ratio 5.9100 (2.7228)
03-02 21:49 INFO     Epoch: [0][7560/11389]	Time 0.053 (0.055)	Data 0.007 (0.010)	Loss 0.1436 (0.1131)	Error Ratio 0.9652 (2.7192)
03-02 21:49 INFO     Epoch: [0][7580/11389]	Time 0.053 (0.055)	Data 0.008 (0.010)	Loss 0.0693 (0.1131)	Error Ratio 0.3223 (2.7153)
03-02 21:49 INFO     Epoch: [0][7600/11389]	Time 0.064 (0.055)	Data 0.017 (0.010)	Loss 0.1058 (0.1131)	Error Ratio 0.4482 (2.7156)
03-02 21:49 INFO     Epoch: [0][7620/11389]	Time 0.049 (0.055)	Data 0.010 (0.010)	Loss 0.0733 (0.1131)	Error Ratio 2.4631 (2.7163)
03-02 21:49 INFO     Epoch: [0][7640/11389]	Time 0.049 (0.055)	Data 0.009 (0.010)	Loss 0.0642 (0.1131)	Error Ratio 0.7534 (2.7188)
03-02 21:49 INFO     Epoch: [0][7660/11389]	Time 0.060 (0.055)	Data 0.009 (0.010)	Loss 0.0836 (0.1130)	Error Ratio 0.4501 (2.7154)
03-02 21:49 INFO     Epoch: [0][7680/11389]	Time 0.050 (0.055)	Data 0.010 (0.010)	Loss 0.0734 (0.1130)	Error Ratio 1.3646 (2.7132)
03-02 21:49 INFO     Epoch: [0][7700/11389]	Time 0.050 (0.055)	Data 0.009 (0.010)	Loss 0.0538 (0.1130)	Error Ratio 0.4338 (2.7146)
03-02 21:49 INFO     Epoch: [0][7720/11389]	Time 0.053 (0.055)	Data 0.014 (0.010)	Loss 0.0919 (0.1129)	Error Ratio 0.6854 (2.7099)
03-02 21:49 INFO     Epoch: [0][7740/11389]	Time 0.063 (0.055)	Data 0.013 (0.010)	Loss 0.0846 (0.1130)	Error Ratio 1.2078 (2.7115)
03-02 21:49 INFO     Epoch: [0][7760/11389]	Time 0.054 (0.055)	Data 0.010 (0.010)	Loss 0.0847 (0.1131)	Error Ratio 3.9221 (2.7075)
03-02 21:49 INFO     Epoch: [0][7780/11389]	Time 0.060 (0.055)	Data 0.012 (0.010)	Loss 0.1410 (0.1130)	Error Ratio 0.6742 (2.7026)
03-02 21:49 INFO     Epoch: [0][7800/11389]	Time 0.067 (0.055)	Data 0.013 (0.010)	Loss 0.1092 (0.1131)	Error Ratio 1.4351 (2.6984)
03-02 21:49 INFO     Epoch: [0][7820/11389]	Time 0.053 (0.055)	Data 0.011 (0.010)	Loss 0.1201 (0.1130)	Error Ratio 0.5865 (2.6938)
03-02 21:49 INFO     Epoch: [0][7840/11389]	Time 0.053 (0.055)	Data 0.011 (0.010)	Loss 0.0599 (0.1130)	Error Ratio 0.9396 (2.6900)
03-02 21:49 INFO     Epoch: [0][7860/11389]	Time 0.052 (0.055)	Data 0.012 (0.010)	Loss 0.1594 (0.1130)	Error Ratio 0.4090 (2.6869)
03-02 21:49 INFO     Epoch: [0][7880/11389]	Time 0.055 (0.055)	Data 0.014 (0.010)	Loss 0.0572 (0.1130)	Error Ratio 1.5985 (2.6821)
03-02 21:49 INFO     Epoch: [0][7900/11389]	Time 0.062 (0.055)	Data 0.016 (0.010)	Loss 0.1713 (0.1129)	Error Ratio 0.6103 (2.6823)
03-02 21:49 INFO     Epoch: [0][7920/11389]	Time 0.050 (0.055)	Data 0.009 (0.010)	Loss 0.0712 (0.1129)	Error Ratio 1.6811 (2.6785)
03-02 21:49 INFO     Epoch: [0][7940/11389]	Time 0.050 (0.055)	Data 0.010 (0.010)	Loss 0.1362 (0.1129)	Error Ratio 0.6588 (2.6796)
03-02 21:49 INFO     Epoch: [0][7960/11389]	Time 0.060 (0.055)	Data 0.011 (0.010)	Loss 0.1854 (0.1129)	Error Ratio 1.1829 (2.6749)
03-02 21:49 INFO     Epoch: [0][7980/11389]	Time 0.050 (0.055)	Data 0.009 (0.010)	Loss 0.1595 (0.1130)	Error Ratio 0.7196 (2.6702)
03-02 21:49 INFO     Epoch: [0][8000/11389]	Time 0.055 (0.055)	Data 0.012 (0.010)	Loss 0.0750 (0.1130)	Error Ratio 1.3359 (2.6664)
03-02 21:49 INFO     Epoch: [0][8020/11389]	Time 0.050 (0.055)	Data 0.010 (0.010)	Loss 0.0745 (0.1129)	Error Ratio 1.9665 (2.6616)
03-02 21:49 INFO     Epoch: [0][8040/11389]	Time 0.053 (0.055)	Data 0.010 (0.010)	Loss 0.0834 (0.1130)	Error Ratio 0.5083 (2.6570)
03-02 21:49 INFO     Epoch: [0][8060/11389]	Time 0.052 (0.055)	Data 0.012 (0.010)	Loss 0.0701 (0.1130)	Error Ratio 0.7099 (2.6525)
03-02 21:49 INFO     Epoch: [0][8080/11389]	Time 0.050 (0.055)	Data 0.007 (0.010)	Loss 0.1297 (0.1130)	Error Ratio 2.1010 (2.6509)
03-02 21:49 INFO     Epoch: [0][8100/11389]	Time 0.058 (0.055)	Data 0.012 (0.010)	Loss 0.0847 (0.1130)	Error Ratio 1.1228 (2.6475)
03-02 21:49 INFO     Epoch: [0][8120/11389]	Time 0.057 (0.055)	Data 0.012 (0.010)	Loss 0.1037 (0.1129)	Error Ratio 1.9083 (2.6478)
03-02 21:49 INFO     Epoch: [0][8140/11389]	Time 0.066 (0.055)	Data 0.011 (0.010)	Loss 0.1340 (0.1129)	Error Ratio 2.2792 (2.6441)
03-02 21:49 INFO     Epoch: [0][8160/11389]	Time 0.053 (0.055)	Data 0.011 (0.010)	Loss 0.1095 (0.1128)	Error Ratio 1.8781 (2.6478)
03-02 21:49 INFO     Epoch: [0][8180/11389]	Time 0.058 (0.055)	Data 0.009 (0.010)	Loss 0.0872 (0.1128)	Error Ratio 0.6708 (2.6437)
03-02 21:49 INFO     Epoch: [0][8200/11389]	Time 0.052 (0.055)	Data 0.007 (0.010)	Loss 0.1242 (0.1128)	Error Ratio 0.7650 (2.6409)
03-02 21:49 INFO     Epoch: [0][8220/11389]	Time 0.053 (0.055)	Data 0.009 (0.010)	Loss 0.0881 (0.1129)	Error Ratio 0.6733 (2.6462)
03-02 21:49 INFO     Epoch: [0][8240/11389]	Time 0.051 (0.055)	Data 0.007 (0.010)	Loss 0.0626 (0.1128)	Error Ratio 0.3822 (2.6606)
03-02 21:49 INFO     Epoch: [0][8260/11389]	Time 0.048 (0.055)	Data 0.012 (0.010)	Loss 0.1219 (0.1128)	Error Ratio 1.4734 (2.6598)
03-02 21:49 INFO     Epoch: [0][8280/11389]	Time 0.048 (0.055)	Data 0.007 (0.010)	Loss 0.0877 (0.1128)	Error Ratio 1.3022 (2.6554)
03-02 21:49 INFO     Epoch: [0][8300/11389]	Time 0.053 (0.055)	Data 0.010 (0.010)	Loss 0.0667 (0.1128)	Error Ratio 0.6053 (2.6512)
03-02 21:49 INFO     Epoch: [0][8320/11389]	Time 0.056 (0.055)	Data 0.009 (0.010)	Loss 0.0750 (0.1128)	Error Ratio 1.0748 (2.6531)
03-02 21:49 INFO     Epoch: [0][8340/11389]	Time 0.055 (0.055)	Data 0.015 (0.010)	Loss 0.0855 (0.1128)	Error Ratio 6.9273 (2.6511)
03-02 21:49 INFO     Epoch: [0][8360/11389]	Time 0.058 (0.055)	Data 0.017 (0.010)	Loss 0.0811 (0.1128)	Error Ratio 1.0780 (2.6535)
03-02 21:49 INFO     Epoch: [0][8380/11389]	Time 0.056 (0.055)	Data 0.010 (0.010)	Loss 0.1034 (0.1127)	Error Ratio 0.7715 (2.6494)
03-02 21:49 INFO     Epoch: [0][8400/11389]	Time 0.052 (0.055)	Data 0.010 (0.010)	Loss 0.2814 (0.1127)	Error Ratio 75.3198 (2.6545)
03-02 21:49 INFO     Epoch: [0][8420/11389]	Time 0.057 (0.055)	Data 0.008 (0.010)	Loss 0.0653 (0.1127)	Error Ratio 1.3108 (2.6548)
03-02 21:49 INFO     Epoch: [0][8440/11389]	Time 0.056 (0.055)	Data 0.016 (0.010)	Loss 0.0510 (0.1127)	Error Ratio 0.6037 (2.6523)
03-02 21:49 INFO     Epoch: [0][8460/11389]	Time 0.058 (0.055)	Data 0.015 (0.010)	Loss 0.0645 (0.1127)	Error Ratio 1.6574 (2.6487)
03-02 21:49 INFO     Epoch: [0][8480/11389]	Time 0.049 (0.055)	Data 0.008 (0.010)	Loss 0.1223 (0.1127)	Error Ratio 0.5443 (2.6457)
03-02 21:49 INFO     Epoch: [0][8500/11389]	Time 0.051 (0.055)	Data 0.007 (0.010)	Loss 0.0915 (0.1127)	Error Ratio 1.1299 (2.6599)
03-02 21:50 INFO     Epoch: [0][8520/11389]	Time 0.056 (0.055)	Data 0.007 (0.010)	Loss 0.1532 (0.1127)	Error Ratio 0.8566 (2.6557)
03-02 21:50 INFO     Epoch: [0][8540/11389]	Time 0.065 (0.055)	Data 0.007 (0.010)	Loss 0.0719 (0.1127)	Error Ratio 0.7815 (2.6624)
03-02 21:50 INFO     Epoch: [0][8560/11389]	Time 0.063 (0.055)	Data 0.011 (0.010)	Loss 0.1199 (0.1128)	Error Ratio 0.5455 (2.6656)
03-02 21:50 INFO     Epoch: [0][8580/11389]	Time 0.058 (0.055)	Data 0.014 (0.010)	Loss 0.0820 (0.1128)	Error Ratio 0.8688 (2.6623)
03-02 21:50 INFO     Epoch: [0][8600/11389]	Time 0.052 (0.055)	Data 0.008 (0.010)	Loss 0.0854 (0.1129)	Error Ratio 3.3998 (2.6654)
03-02 21:50 INFO     Epoch: [0][8620/11389]	Time 0.054 (0.055)	Data 0.012 (0.010)	Loss 0.1451 (0.1129)	Error Ratio 0.4723 (2.6615)
03-02 21:50 INFO     Epoch: [0][8640/11389]	Time 0.051 (0.055)	Data 0.008 (0.010)	Loss 0.1301 (0.1128)	Error Ratio 0.9077 (2.6632)
03-02 21:50 INFO     Epoch: [0][8660/11389]	Time 0.061 (0.055)	Data 0.011 (0.010)	Loss 0.0805 (0.1128)	Error Ratio 0.4350 (2.6590)
03-02 21:50 INFO     Epoch: [0][8680/11389]	Time 0.049 (0.055)	Data 0.008 (0.010)	Loss 0.0852 (0.1128)	Error Ratio 0.8072 (2.6555)
03-02 21:50 INFO     Epoch: [0][8700/11389]	Time 0.055 (0.055)	Data 0.007 (0.010)	Loss 0.0854 (0.1128)	Error Ratio 1.2711 (2.6531)
03-02 21:50 INFO     Epoch: [0][8720/11389]	Time 0.064 (0.055)	Data 0.007 (0.010)	Loss 0.0791 (0.1128)	Error Ratio 2.7064 (2.6507)
03-02 21:50 INFO     Epoch: [0][8740/11389]	Time 0.060 (0.055)	Data 0.009 (0.010)	Loss 0.0702 (0.1128)	Error Ratio 0.2823 (2.6482)
03-02 21:50 INFO     Epoch: [0][8760/11389]	Time 0.047 (0.055)	Data 0.009 (0.010)	Loss 0.0927 (0.1128)	Error Ratio 0.5719 (2.6501)
03-02 21:50 INFO     Epoch: [0][8780/11389]	Time 0.055 (0.055)	Data 0.007 (0.010)	Loss 0.0884 (0.1128)	Error Ratio 0.5923 (2.6491)
03-02 21:50 INFO     Epoch: [0][8800/11389]	Time 0.057 (0.055)	Data 0.009 (0.010)	Loss 0.1557 (0.1128)	Error Ratio 0.7961 (2.6454)
03-02 21:50 INFO     Epoch: [0][8820/11389]	Time 0.050 (0.055)	Data 0.010 (0.010)	Loss 0.1750 (0.1128)	Error Ratio 0.6433 (2.6416)
03-02 21:50 INFO     Epoch: [0][8840/11389]	Time 0.050 (0.055)	Data 0.009 (0.010)	Loss 0.0807 (0.1128)	Error Ratio 0.4116 (2.6383)
03-02 21:50 INFO     Epoch: [0][8860/11389]	Time 0.051 (0.055)	Data 0.010 (0.010)	Loss 0.1205 (0.1128)	Error Ratio 0.8300 (2.6368)
03-02 21:50 INFO     Epoch: [0][8880/11389]	Time 0.056 (0.055)	Data 0.008 (0.010)	Loss 0.1569 (0.1129)	Error Ratio 0.8858 (2.6333)
03-02 21:50 INFO     Epoch: [0][8900/11389]	Time 0.049 (0.055)	Data 0.009 (0.010)	Loss 0.0729 (0.1129)	Error Ratio 0.3955 (2.6307)
03-02 21:50 INFO     Epoch: [0][8920/11389]	Time 0.048 (0.055)	Data 0.007 (0.010)	Loss 0.1112 (0.1129)	Error Ratio 2.9893 (2.6291)
03-02 21:50 INFO     Epoch: [0][8940/11389]	Time 0.061 (0.055)	Data 0.010 (0.010)	Loss 0.1648 (0.1129)	Error Ratio 0.5976 (2.6253)
03-02 21:50 INFO     Epoch: [0][8960/11389]	Time 0.050 (0.055)	Data 0.010 (0.010)	Loss 0.0930 (0.1129)	Error Ratio 0.5404 (2.6214)
03-02 21:50 INFO     Epoch: [0][8980/11389]	Time 0.063 (0.055)	Data 0.014 (0.010)	Loss 0.1129 (0.1129)	Error Ratio 0.9434 (2.6187)
03-02 21:50 INFO     Epoch: [0][9000/11389]	Time 0.066 (0.055)	Data 0.006 (0.010)	Loss 0.1006 (0.1129)	Error Ratio 0.3300 (2.6239)
03-02 21:50 INFO     Epoch: [0][9020/11389]	Time 0.058 (0.055)	Data 0.017 (0.010)	Loss 0.1219 (0.1129)	Error Ratio 0.7490 (2.6214)
03-02 21:50 INFO     Epoch: [0][9040/11389]	Time 0.054 (0.055)	Data 0.006 (0.010)	Loss 0.0892 (0.1128)	Error Ratio 32.7668 (2.6222)
03-02 21:50 INFO     Epoch: [0][9060/11389]	Time 0.065 (0.055)	Data 0.007 (0.010)	Loss 0.1556 (0.1128)	Error Ratio 0.4595 (2.6241)
03-02 21:50 INFO     Epoch: [0][9080/11389]	Time 0.051 (0.055)	Data 0.003 (0.010)	Loss 0.1241 (0.1127)	Error Ratio 0.4905 (2.6247)
03-02 21:50 INFO     Epoch: [0][9100/11389]	Time 0.065 (0.055)	Data 0.011 (0.010)	Loss 0.0796 (0.1127)	Error Ratio 2.5518 (2.6217)
03-02 21:50 INFO     Epoch: [0][9120/11389]	Time 0.048 (0.055)	Data 0.009 (0.010)	Loss 0.0804 (0.1127)	Error Ratio 0.6212 (2.6181)
03-02 21:50 INFO     Epoch: [0][9140/11389]	Time 0.058 (0.055)	Data 0.010 (0.010)	Loss 0.1404 (0.1127)	Error Ratio 0.6347 (2.6152)
03-02 21:50 INFO     Epoch: [0][9160/11389]	Time 0.050 (0.055)	Data 0.012 (0.010)	Loss 0.1041 (0.1127)	Error Ratio 6.8290 (2.6143)
03-02 21:50 INFO     Epoch: [0][9180/11389]	Time 0.053 (0.055)	Data 0.011 (0.010)	Loss 0.0728 (0.1127)	Error Ratio 0.8420 (2.8005)
03-02 21:50 INFO     Epoch: [0][9200/11389]	Time 0.050 (0.055)	Data 0.007 (0.010)	Loss 0.1438 (0.1126)	Error Ratio 0.6761 (2.7973)
03-02 21:50 INFO     Epoch: [0][9220/11389]	Time 0.058 (0.055)	Data 0.011 (0.010)	Loss 0.1249 (0.1126)	Error Ratio 0.6906 (2.7949)
03-02 21:50 INFO     Epoch: [0][9240/11389]	Time 0.051 (0.055)	Data 0.006 (0.010)	Loss 0.1039 (0.1126)	Error Ratio 47.3900 (2.8009)
03-02 21:50 INFO     Epoch: [0][9260/11389]	Time 0.060 (0.055)	Data 0.012 (0.010)	Loss 0.1128 (0.1126)	Error Ratio 0.6984 (2.8012)
03-02 21:50 INFO     Epoch: [0][9280/11389]	Time 0.052 (0.055)	Data 0.009 (0.010)	Loss 0.1823 (0.1126)	Error Ratio 0.6553 (2.8005)
03-02 21:50 INFO     Epoch: [0][9300/11389]	Time 0.049 (0.055)	Data 0.012 (0.010)	Loss 0.2552 (0.1126)	Error Ratio 0.4016 (2.7983)
03-02 21:50 INFO     Epoch: [0][9320/11389]	Time 0.056 (0.055)	Data 0.014 (0.010)	Loss 0.0737 (0.1126)	Error Ratio 1.1882 (2.7979)
03-02 21:50 INFO     Epoch: [0][9340/11389]	Time 0.046 (0.055)	Data 0.009 (0.010)	Loss 0.1387 (0.1126)	Error Ratio 2.5086 (2.7967)
03-02 21:50 INFO     Epoch: [0][9360/11389]	Time 0.051 (0.055)	Data 0.008 (0.010)	Loss 0.2009 (0.1126)	Error Ratio 11.4833 (2.7963)
03-02 21:50 INFO     Epoch: [0][9380/11389]	Time 0.066 (0.055)	Data 0.007 (0.010)	Loss 0.1041 (0.1127)	Error Ratio 0.8776 (2.7925)
03-02 21:50 INFO     Epoch: [0][9400/11389]	Time 0.063 (0.055)	Data 0.012 (0.010)	Loss 0.1199 (0.1127)	Error Ratio 0.5221 (2.7888)
03-02 21:50 INFO     Epoch: [0][9420/11389]	Time 0.051 (0.055)	Data 0.009 (0.010)	Loss 0.0737 (0.1127)	Error Ratio 0.6214 (2.7920)
03-02 21:50 INFO     Epoch: [0][9440/11389]	Time 0.052 (0.055)	Data 0.012 (0.010)	Loss 0.1722 (0.1127)	Error Ratio 0.6587 (2.7888)
03-02 21:50 INFO     Epoch: [0][9460/11389]	Time 0.063 (0.055)	Data 0.010 (0.010)	Loss 0.0778 (0.1127)	Error Ratio 0.7605 (2.7845)
03-02 21:50 INFO     Epoch: [0][9480/11389]	Time 0.065 (0.055)	Data 0.011 (0.010)	Loss 0.0914 (0.1127)	Error Ratio 0.8712 (2.7837)
03-02 21:50 INFO     Epoch: [0][9500/11389]	Time 0.054 (0.055)	Data 0.007 (0.010)	Loss 0.1005 (0.1126)	Error Ratio 0.5837 (2.7812)
03-02 21:50 INFO     Epoch: [0][9520/11389]	Time 0.052 (0.055)	Data 0.013 (0.010)	Loss 0.0773 (0.1126)	Error Ratio 0.9966 (2.7809)
03-02 21:50 INFO     Epoch: [0][9540/11389]	Time 0.050 (0.055)	Data 0.009 (0.010)	Loss 0.1152 (0.1126)	Error Ratio 1.0625 (2.7869)
03-02 21:50 INFO     Epoch: [0][9560/11389]	Time 0.058 (0.055)	Data 0.007 (0.010)	Loss 0.2415 (0.1126)	Error Ratio 2.0562 (2.7850)
03-02 21:50 INFO     Epoch: [0][9580/11389]	Time 0.054 (0.055)	Data 0.010 (0.010)	Loss 0.1196 (0.1126)	Error Ratio 1.7184 (2.7818)
03-02 21:51 INFO     Epoch: [0][9600/11389]	Time 0.053 (0.055)	Data 0.009 (0.010)	Loss 0.1292 (0.1126)	Error Ratio 10.8511 (2.7788)
03-02 21:51 INFO     Epoch: [0][9620/11389]	Time 0.063 (0.055)	Data 0.012 (0.010)	Loss 0.0839 (0.1125)	Error Ratio 1.8515 (2.7758)
03-02 21:51 INFO     Epoch: [0][9640/11389]	Time 0.049 (0.055)	Data 0.007 (0.010)	Loss 0.0752 (0.1125)	Error Ratio 1.4607 (2.7746)
03-02 21:51 INFO     Epoch: [0][9660/11389]	Time 0.062 (0.055)	Data 0.012 (0.010)	Loss 0.0815 (0.1126)	Error Ratio 0.9631 (2.7720)
03-02 21:51 INFO     Epoch: [0][9680/11389]	Time 0.054 (0.055)	Data 0.008 (0.010)	Loss 0.0837 (0.1125)	Error Ratio 0.5674 (2.7723)
03-02 21:51 INFO     Epoch: [0][9700/11389]	Time 0.052 (0.055)	Data 0.011 (0.010)	Loss 0.0855 (0.1125)	Error Ratio 0.4701 (2.7696)
03-02 21:51 INFO     Epoch: [0][9720/11389]	Time 0.048 (0.055)	Data 0.008 (0.010)	Loss 0.0663 (0.1125)	Error Ratio 0.5419 (2.7658)
03-02 21:51 INFO     Epoch: [0][9740/11389]	Time 0.049 (0.055)	Data 0.009 (0.010)	Loss 0.0918 (0.1125)	Error Ratio 0.5161 (2.7627)
03-02 21:51 INFO     Epoch: [0][9760/11389]	Time 0.050 (0.055)	Data 0.010 (0.010)	Loss 0.0827 (0.1125)	Error Ratio 0.7894 (2.7648)
03-02 21:51 INFO     Epoch: [0][9780/11389]	Time 0.059 (0.055)	Data 0.010 (0.010)	Loss 0.0858 (0.1125)	Error Ratio 8.1163 (2.7616)
03-02 21:51 INFO     Epoch: [0][9800/11389]	Time 0.056 (0.055)	Data 0.010 (0.010)	Loss 0.1399 (0.1126)	Error Ratio 0.5576 (2.7587)
03-02 21:51 INFO     Epoch: [0][9820/11389]	Time 0.051 (0.055)	Data 0.009 (0.010)	Loss 0.0779 (0.1126)	Error Ratio 0.6420 (2.7547)
03-02 21:51 INFO     Epoch: [0][9840/11389]	Time 0.047 (0.055)	Data 0.007 (0.010)	Loss 0.0864 (0.1125)	Error Ratio 1.1665 (2.7508)
03-02 21:51 INFO     Epoch: [0][9860/11389]	Time 0.055 (0.055)	Data 0.009 (0.010)	Loss 0.0539 (0.1126)	Error Ratio 0.5885 (2.7471)
03-02 21:51 INFO     Epoch: [0][9880/11389]	Time 0.053 (0.055)	Data 0.010 (0.010)	Loss 0.0760 (0.1126)	Error Ratio 0.5769 (2.7440)
03-02 21:51 INFO     Epoch: [0][9900/11389]	Time 0.061 (0.055)	Data 0.005 (0.010)	Loss 0.0902 (0.1127)	Error Ratio 0.9449 (2.7399)
03-02 21:51 INFO     Epoch: [0][9920/11389]	Time 0.053 (0.055)	Data 0.011 (0.010)	Loss 0.0604 (0.1126)	Error Ratio 0.6621 (2.7362)
03-02 21:51 INFO     Epoch: [0][9940/11389]	Time 0.047 (0.055)	Data 0.008 (0.010)	Loss 0.1090 (0.1127)	Error Ratio 1.0311 (2.7356)
03-02 21:51 INFO     Epoch: [0][9960/11389]	Time 0.048 (0.055)	Data 0.008 (0.010)	Loss 0.1334 (0.1127)	Error Ratio 0.5873 (2.7335)
03-02 21:51 INFO     Epoch: [0][9980/11389]	Time 0.051 (0.055)	Data 0.011 (0.010)	Loss 0.0814 (0.1127)	Error Ratio 1.4069 (2.7302)
03-02 21:51 INFO     Epoch: [0][10000/11389]	Time 0.053 (0.055)	Data 0.010 (0.010)	Loss 0.0952 (0.1127)	Error Ratio 3.7128 (2.7265)
03-02 21:51 INFO     Epoch: [0][10020/11389]	Time 0.051 (0.055)	Data 0.012 (0.010)	Loss 0.0856 (0.1127)	Error Ratio 0.8137 (2.7313)
03-02 21:51 INFO     Epoch: [0][10040/11389]	Time 0.052 (0.055)	Data 0.010 (0.010)	Loss 0.0853 (0.1127)	Error Ratio 0.4841 (2.7283)
03-02 21:51 INFO     Epoch: [0][10060/11389]	Time 0.065 (0.055)	Data 0.010 (0.010)	Loss 0.0836 (0.1127)	Error Ratio 0.5257 (2.7246)
03-02 21:51 INFO     Epoch: [0][10080/11389]	Time 0.063 (0.055)	Data 0.010 (0.010)	Loss 0.0870 (0.1127)	Error Ratio 2.4194 (2.7215)
03-02 21:51 INFO     Epoch: [0][10100/11389]	Time 0.049 (0.055)	Data 0.008 (0.010)	Loss 0.1105 (0.1129)	Error Ratio 0.5845 (2.7180)
03-02 21:51 INFO     Epoch: [0][10120/11389]	Time 0.054 (0.055)	Data 0.010 (0.010)	Loss 0.0671 (0.1129)	Error Ratio 0.5550 (2.7144)
03-02 21:51 INFO     Epoch: [0][10140/11389]	Time 0.061 (0.055)	Data 0.014 (0.010)	Loss 0.1141 (0.1130)	Error Ratio 1.4350 (2.7106)
03-02 21:51 INFO     Epoch: [0][10160/11389]	Time 0.065 (0.055)	Data 0.013 (0.010)	Loss 0.1003 (0.1130)	Error Ratio 0.4827 (2.7092)
03-02 21:51 INFO     Epoch: [0][10180/11389]	Time 0.057 (0.055)	Data 0.009 (0.010)	Loss 0.0959 (0.1130)	Error Ratio 1.6270 (2.7079)
03-02 21:51 INFO     Epoch: [0][10200/11389]	Time 0.050 (0.055)	Data 0.009 (0.010)	Loss 0.0612 (0.1130)	Error Ratio 1.4302 (2.7045)
03-02 21:51 INFO     Epoch: [0][10220/11389]	Time 0.048 (0.055)	Data 0.010 (0.010)	Loss 0.1232 (0.1130)	Error Ratio 1.3701 (2.7057)
03-02 21:51 INFO     Epoch: [0][10240/11389]	Time 0.050 (0.055)	Data 0.007 (0.010)	Loss 0.1078 (0.1130)	Error Ratio 0.4090 (2.7069)
03-02 21:51 INFO     Epoch: [0][10260/11389]	Time 0.068 (0.055)	Data 0.008 (0.010)	Loss 0.0572 (0.1130)	Error Ratio 0.8088 (2.7033)
03-02 21:51 INFO     Epoch: [0][10280/11389]	Time 0.059 (0.055)	Data 0.009 (0.010)	Loss 0.1216 (0.1130)	Error Ratio 0.8465 (2.7024)
03-02 21:51 INFO     Epoch: [0][10300/11389]	Time 0.057 (0.055)	Data 0.014 (0.010)	Loss 0.0989 (0.1130)	Error Ratio 3.1075 (2.6990)
03-02 21:51 INFO     Epoch: [0][10320/11389]	Time 0.067 (0.055)	Data 0.008 (0.010)	Loss 0.0541 (0.1129)	Error Ratio 0.5968 (2.6974)
03-02 21:51 INFO     Epoch: [0][10340/11389]	Time 0.052 (0.055)	Data 0.012 (0.010)	Loss 0.1320 (0.1130)	Error Ratio 0.8633 (2.6937)
03-02 21:51 INFO     Epoch: [0][10360/11389]	Time 0.055 (0.055)	Data 0.007 (0.010)	Loss 0.1213 (0.1129)	Error Ratio 1.4137 (2.6923)
03-02 21:51 INFO     Epoch: [0][10380/11389]	Time 0.049 (0.055)	Data 0.009 (0.010)	Loss 0.1281 (0.1129)	Error Ratio 0.7217 (2.6889)
03-02 21:51 INFO     Epoch: [0][10400/11389]	Time 0.053 (0.055)	Data 0.009 (0.010)	Loss 0.2339 (0.1130)	Error Ratio 11.4691 (2.6873)
03-02 21:51 INFO     Epoch: [0][10420/11389]	Time 0.054 (0.055)	Data 0.012 (0.010)	Loss 0.0683 (0.1129)	Error Ratio 0.9438 (2.6857)
03-02 21:51 INFO     Epoch: [0][10440/11389]	Time 0.077 (0.055)	Data 0.013 (0.010)	Loss 0.1477 (0.1129)	Error Ratio 4.1197 (2.6836)
03-02 21:51 INFO     Epoch: [0][10460/11389]	Time 0.060 (0.055)	Data 0.007 (0.010)	Loss 0.0764 (0.1129)	Error Ratio 1.3406 (2.6806)
03-02 21:51 INFO     Epoch: [0][10480/11389]	Time 0.051 (0.055)	Data 0.009 (0.010)	Loss 1.0108 (0.1130)	Error Ratio 2.3110 (2.6797)
03-02 21:51 INFO     Epoch: [0][10500/11389]	Time 0.052 (0.055)	Data 0.009 (0.010)	Loss 0.1193 (0.1130)	Error Ratio 0.6749 (2.6780)
03-02 21:51 INFO     Epoch: [0][10520/11389]	Time 0.052 (0.055)	Data 0.014 (0.010)	Loss 0.0611 (0.1130)	Error Ratio 0.8935 (2.6862)
03-02 21:51 INFO     Epoch: [0][10540/11389]	Time 0.053 (0.055)	Data 0.014 (0.010)	Loss 0.0806 (0.1130)	Error Ratio 0.7861 (2.6832)
03-02 21:51 INFO     Epoch: [0][10560/11389]	Time 0.056 (0.055)	Data 0.009 (0.010)	Loss 0.0961 (0.1129)	Error Ratio 0.7479 (2.6800)
03-02 21:51 INFO     Epoch: [0][10580/11389]	Time 0.061 (0.055)	Data 0.010 (0.010)	Loss 0.0822 (0.1129)	Error Ratio 0.7317 (2.6797)
03-02 21:51 INFO     Epoch: [0][10600/11389]	Time 0.060 (0.055)	Data 0.011 (0.010)	Loss 0.0672 (0.1129)	Error Ratio 9.7086 (2.6811)
03-02 21:51 INFO     Epoch: [0][10620/11389]	Time 0.060 (0.055)	Data 0.005 (0.010)	Loss 0.1109 (0.1129)	Error Ratio 0.7890 (2.6813)
03-02 21:51 INFO     Epoch: [0][10640/11389]	Time 0.066 (0.055)	Data 0.009 (0.010)	Loss 0.0538 (0.1130)	Error Ratio 0.6299 (2.6778)
03-02 21:51 INFO     Epoch: [0][10660/11389]	Time 0.065 (0.055)	Data 0.014 (0.010)	Loss 0.1365 (0.1129)	Error Ratio 2.1232 (2.6745)
03-02 21:52 INFO     Epoch: [0][10680/11389]	Time 0.055 (0.055)	Data 0.010 (0.010)	Loss 0.0795 (0.1130)	Error Ratio 0.6326 (2.6722)
03-02 21:52 INFO     Epoch: [0][10700/11389]	Time 0.048 (0.055)	Data 0.007 (0.010)	Loss 0.0834 (0.1130)	Error Ratio 0.5696 (2.6694)
03-02 21:52 INFO     Epoch: [0][10720/11389]	Time 0.048 (0.055)	Data 0.007 (0.010)	Loss 0.2049 (0.1130)	Error Ratio 0.4458 (2.6728)
03-02 21:52 INFO     Epoch: [0][10740/11389]	Time 0.050 (0.055)	Data 0.010 (0.010)	Loss 0.1024 (0.1129)	Error Ratio 0.9021 (2.6693)
03-02 21:52 INFO     Epoch: [0][10760/11389]	Time 0.062 (0.055)	Data 0.012 (0.010)	Loss 0.0626 (0.1129)	Error Ratio 1.0842 (2.6674)
03-02 21:52 INFO     Epoch: [0][10780/11389]	Time 0.058 (0.055)	Data 0.014 (0.010)	Loss 0.0670 (0.1129)	Error Ratio 0.7003 (2.6647)
03-02 21:52 INFO     Epoch: [0][10800/11389]	Time 0.061 (0.055)	Data 0.012 (0.010)	Loss 0.0645 (0.1130)	Error Ratio 0.4246 (2.6627)
03-02 21:52 INFO     Epoch: [0][10820/11389]	Time 0.053 (0.055)	Data 0.007 (0.010)	Loss 0.0559 (0.1130)	Error Ratio 0.6338 (2.6612)
03-02 21:52 INFO     Epoch: [0][10840/11389]	Time 0.049 (0.055)	Data 0.011 (0.010)	Loss 0.1014 (0.1130)	Error Ratio 1.0483 (2.6578)
03-02 21:52 INFO     Epoch: [0][10860/11389]	Time 0.059 (0.055)	Data 0.012 (0.010)	Loss 0.1324 (0.1130)	Error Ratio 0.5816 (2.6587)
03-02 21:52 INFO     Epoch: [0][10880/11389]	Time 0.049 (0.055)	Data 0.009 (0.010)	Loss 0.0758 (0.1130)	Error Ratio 0.5411 (2.6555)
03-02 21:52 INFO     Epoch: [0][10900/11389]	Time 0.049 (0.055)	Data 0.010 (0.010)	Loss 0.1337 (0.1130)	Error Ratio 10.0285 (2.6531)
03-02 21:52 INFO     Epoch: [0][10920/11389]	Time 0.053 (0.055)	Data 0.012 (0.010)	Loss 0.0845 (0.1129)	Error Ratio 0.8202 (2.6513)
03-02 21:52 INFO     Epoch: [0][10940/11389]	Time 0.060 (0.055)	Data 0.014 (0.010)	Loss 0.0627 (0.1129)	Error Ratio 0.5583 (2.6481)
03-02 21:52 INFO     Epoch: [0][10960/11389]	Time 0.047 (0.055)	Data 0.008 (0.010)	Loss 0.0729 (0.1129)	Error Ratio 0.5266 (2.6492)
03-02 21:52 INFO     Epoch: [0][10980/11389]	Time 0.059 (0.055)	Data 0.007 (0.010)	Loss 0.0762 (0.1129)	Error Ratio 0.5079 (2.6459)
03-02 21:52 INFO     Epoch: [0][11000/11389]	Time 0.049 (0.055)	Data 0.010 (0.010)	Loss 0.0913 (0.1128)	Error Ratio 0.6919 (2.6431)
03-02 21:52 INFO     Epoch: [0][11020/11389]	Time 0.052 (0.055)	Data 0.012 (0.010)	Loss 0.0896 (0.1128)	Error Ratio 0.5219 (2.6396)
03-02 21:52 INFO     Epoch: [0][11040/11389]	Time 0.052 (0.055)	Data 0.008 (0.010)	Loss 0.1138 (0.1128)	Error Ratio 0.7325 (2.6369)
03-02 21:52 INFO     Epoch: [0][11060/11389]	Time 0.053 (0.055)	Data 0.014 (0.010)	Loss 0.1183 (0.1128)	Error Ratio 0.6403 (2.6337)
03-02 21:52 INFO     Epoch: [0][11080/11389]	Time 0.062 (0.055)	Data 0.007 (0.010)	Loss 0.1613 (0.1128)	Error Ratio 1.0864 (2.6308)
03-02 21:52 INFO     Epoch: [0][11100/11389]	Time 0.065 (0.055)	Data 0.014 (0.010)	Loss 0.2380 (0.1129)	Error Ratio 0.6735 (2.6285)
03-02 21:52 INFO     Epoch: [0][11120/11389]	Time 0.057 (0.055)	Data 0.009 (0.010)	Loss 0.0878 (0.1129)	Error Ratio 1.2886 (2.6264)
03-02 21:52 INFO     Epoch: [0][11140/11389]	Time 0.057 (0.055)	Data 0.012 (0.010)	Loss 0.1141 (0.1129)	Error Ratio 2.6101 (2.6271)
03-02 21:52 INFO     Epoch: [0][11160/11389]	Time 0.051 (0.055)	Data 0.009 (0.010)	Loss 0.0584 (0.1128)	Error Ratio 5.1968 (2.6240)
03-02 21:52 INFO     Epoch: [0][11180/11389]	Time 0.056 (0.055)	Data 0.009 (0.010)	Loss 0.1024 (0.1128)	Error Ratio 0.5870 (2.6224)
03-02 21:52 INFO     Epoch: [0][11200/11389]	Time 0.051 (0.055)	Data 0.009 (0.010)	Loss 0.5317 (0.1128)	Error Ratio 1.1414 (2.6203)
03-02 21:52 INFO     Epoch: [0][11220/11389]	Time 0.051 (0.055)	Data 0.011 (0.010)	Loss 0.1091 (0.1128)	Error Ratio 4.8276 (2.6182)
03-02 21:52 INFO     Epoch: [0][11240/11389]	Time 0.050 (0.055)	Data 0.010 (0.010)	Loss 0.0854 (0.1128)	Error Ratio 1.2874 (2.6303)
03-02 21:52 INFO     Epoch: [0][11260/11389]	Time 0.054 (0.055)	Data 0.014 (0.010)	Loss 0.1097 (0.1128)	Error Ratio 0.6229 (2.6270)
03-02 21:52 INFO     Epoch: [0][11280/11389]	Time 0.055 (0.055)	Data 0.014 (0.010)	Loss 0.0856 (0.1128)	Error Ratio 1.5402 (2.6243)
03-02 21:52 INFO     Epoch: [0][11300/11389]	Time 0.048 (0.055)	Data 0.010 (0.010)	Loss 0.1082 (0.1128)	Error Ratio 0.6197 (2.6243)
03-02 21:52 INFO     Epoch: [0][11320/11389]	Time 0.058 (0.055)	Data 0.012 (0.010)	Loss 0.1272 (0.1129)	Error Ratio 0.5008 (2.6249)
03-02 21:52 INFO     Epoch: [0][11340/11389]	Time 0.050 (0.055)	Data 0.009 (0.010)	Loss 0.0916 (0.1129)	Error Ratio 1.8117 (2.6219)
03-02 21:52 INFO     Epoch: [0][11360/11389]	Time 0.052 (0.055)	Data 0.011 (0.010)	Loss 0.0653 (0.1129)	Error Ratio 0.5703 (2.6193)
03-02 21:52 INFO     Epoch: [0][11380/11389]	Time 0.053 (0.055)	Data 0.014 (0.010)	Loss 0.0815 (0.1129)	Error Ratio 8.0793 (2.6171)
03-02 21:52 INFO     Epoch: [0] Avg Error Ratio 2.627; Average Loss 0.113; Avg Time x Batch 0.055
03-02 21:52 INFO     Test: [20/1000]	Time 0.028 (0.054)	Loss 0.0720 (0.1047)	Error Ratio 0.5284 (2.3095)
03-02 21:52 INFO     Test: [40/1000]	Time 0.027 (0.040)	Loss 0.1051 (0.1056)	Error Ratio 0.6178 (2.7990)
03-02 21:52 INFO     Test: [60/1000]	Time 0.024 (0.036)	Loss 0.0581 (0.1180)	Error Ratio 0.7991 (2.4654)
03-02 21:52 INFO     Test: [80/1000]	Time 0.028 (0.033)	Loss 0.1647 (0.1196)	Error Ratio 0.4714 (2.0663)
03-02 21:52 INFO     Test: [100/1000]	Time 0.028 (0.032)	Loss 0.0681 (0.1174)	Error Ratio 0.6285 (2.1096)
03-02 21:52 INFO     Test: [120/1000]	Time 0.028 (0.031)	Loss 0.1231 (0.1131)	Error Ratio 0.5909 (1.9098)
03-02 21:52 INFO     Test: [140/1000]	Time 0.026 (0.031)	Loss 0.0575 (0.1103)	Error Ratio 0.6514 (1.8817)
03-02 21:52 INFO     Test: [160/1000]	Time 0.027 (0.030)	Loss 0.0490 (0.1113)	Error Ratio 0.5049 (1.9579)
03-02 21:52 INFO     Test: [180/1000]	Time 0.021 (0.030)	Loss 0.0928 (0.1090)	Error Ratio 0.9491 (1.9375)
03-02 21:52 INFO     Test: [200/1000]	Time 0.030 (0.029)	Loss 0.0774 (0.1082)	Error Ratio 0.7800 (1.8769)
03-02 21:52 INFO     Test: [220/1000]	Time 0.030 (0.029)	Loss 0.0887 (0.1090)	Error Ratio 1.6637 (2.0566)
03-02 21:52 INFO     Test: [240/1000]	Time 0.027 (0.029)	Loss 0.0964 (0.1106)	Error Ratio 0.6516 (1.9579)
03-02 21:52 INFO     Test: [260/1000]	Time 0.022 (0.028)	Loss 0.0606 (0.1114)	Error Ratio 0.7397 (1.9921)
03-02 21:52 INFO     Test: [280/1000]	Time 0.029 (0.028)	Loss 0.1886 (0.1121)	Error Ratio 1.3535 (2.0290)
03-02 21:52 INFO     Test: [300/1000]	Time 0.030 (0.028)	Loss 0.0733 (0.1124)	Error Ratio 0.7788 (1.9459)
03-02 21:52 INFO     Test: [320/1000]	Time 0.030 (0.028)	Loss 0.0746 (0.1118)	Error Ratio 0.4237 (1.9268)
03-02 21:52 INFO     Test: [340/1000]	Time 0.026 (0.028)	Loss 0.0771 (0.1112)	Error Ratio 0.5650 (1.9198)
03-02 21:52 INFO     Test: [360/1000]	Time 0.026 (0.028)	Loss 0.0677 (0.1108)	Error Ratio 0.9899 (2.3983)
03-02 21:52 INFO     Test: [380/1000]	Time 0.029 (0.028)	Loss 0.1026 (0.1101)	Error Ratio 1.3550 (2.3197)
03-02 21:52 INFO     Test: [400/1000]	Time 0.027 (0.028)	Loss 0.0539 (0.1100)	Error Ratio 0.6660 (2.2488)
03-02 21:52 INFO     Test: [420/1000]	Time 0.028 (0.028)	Loss 0.0778 (0.1143)	Error Ratio 0.4432 (2.2254)
03-02 21:52 INFO     Test: [440/1000]	Time 0.030 (0.028)	Loss 0.0888 (0.1141)	Error Ratio 0.7332 (2.2881)
03-02 21:52 INFO     Test: [460/1000]	Time 0.025 (0.027)	Loss 0.1008 (0.1135)	Error Ratio 0.7521 (2.2352)
03-02 21:52 INFO     Test: [480/1000]	Time 0.025 (0.028)	Loss 0.0519 (0.1125)	Error Ratio 0.5018 (2.1818)
03-02 21:52 INFO     Test: [500/1000]	Time 0.026 (0.028)	Loss 0.0705 (0.1126)	Error Ratio 1.1843 (2.1438)
03-02 21:52 INFO     Test: [520/1000]	Time 0.024 (0.027)	Loss 0.6035 (0.1125)	Error Ratio 2.4621 (2.1126)
03-02 21:52 INFO     Test: [540/1000]	Time 0.021 (0.027)	Loss 0.0935 (0.1118)	Error Ratio 3.0710 (2.1503)
03-02 21:52 INFO     Test: [560/1000]	Time 0.031 (0.027)	Loss 0.0785 (0.1119)	Error Ratio 0.6209 (2.3918)
03-02 21:52 INFO     Test: [580/1000]	Time 0.024 (0.027)	Loss 0.1117 (0.1114)	Error Ratio 0.4436 (2.3539)
03-02 21:52 INFO     Test: [600/1000]	Time 0.020 (0.027)	Loss 0.0905 (0.1115)	Error Ratio 0.7213 (2.3078)
03-02 21:52 INFO     Test: [620/1000]	Time 0.021 (0.027)	Loss 0.1545 (0.1111)	Error Ratio 0.5263 (2.2573)
03-02 21:52 INFO     Test: [640/1000]	Time 0.019 (0.027)	Loss 0.1770 (0.1108)	Error Ratio 1.7010 (2.5627)
03-02 21:52 INFO     Test: [660/1000]	Time 0.034 (0.027)	Loss 0.0597 (0.1104)	Error Ratio 0.6683 (2.5201)
03-02 21:52 INFO     Test: [680/1000]	Time 0.026 (0.027)	Loss 0.1405 (0.1104)	Error Ratio 1.4462 (2.4846)
03-02 21:52 INFO     Test: [700/1000]	Time 0.021 (0.027)	Loss 0.1530 (0.1103)	Error Ratio 33.5456 (2.4978)
03-02 21:52 INFO     Test: [720/1000]	Time 0.027 (0.027)	Loss 0.0565 (0.1100)	Error Ratio 0.3867 (2.4746)
03-02 21:52 INFO     Test: [740/1000]	Time 0.021 (0.027)	Loss 0.0605 (0.1105)	Error Ratio 0.4412 (2.4511)
03-02 21:52 INFO     Test: [760/1000]	Time 0.026 (0.027)	Loss 0.1744 (0.1103)	Error Ratio 0.5664 (2.4378)
03-02 21:53 INFO     Test: [780/1000]	Time 0.023 (0.027)	Loss 0.0700 (0.1102)	Error Ratio 0.4456 (2.4148)
03-02 21:53 INFO     Test: [800/1000]	Time 0.026 (0.027)	Loss 0.0407 (0.1099)	Error Ratio 17.2110 (2.4033)
03-02 21:53 INFO     Test: [820/1000]	Time 0.028 (0.027)	Loss 0.0923 (0.1109)	Error Ratio 0.3482 (2.4348)
03-02 21:53 INFO     Test: [840/1000]	Time 0.028 (0.027)	Loss 0.1295 (0.1108)	Error Ratio 0.5856 (2.4224)
03-02 21:53 INFO     Test: [860/1000]	Time 0.026 (0.027)	Loss 0.0825 (0.1105)	Error Ratio 0.9586 (2.3895)
03-02 21:53 INFO     Test: [880/1000]	Time 0.030 (0.027)	Loss 0.0688 (0.1104)	Error Ratio 0.4783 (2.3968)
03-02 21:53 INFO     Test: [900/1000]	Time 0.026 (0.027)	Loss 0.1201 (0.1111)	Error Ratio 0.4393 (2.3874)
03-02 21:53 INFO     Test: [920/1000]	Time 0.028 (0.027)	Loss 0.0603 (0.1120)	Error Ratio 0.5167 (2.3544)
03-02 21:53 INFO     Test: [940/1000]	Time 0.026 (0.027)	Loss 0.1038 (0.1120)	Error Ratio 0.6403 (2.3362)
03-02 21:53 INFO     Test: [960/1000]	Time 0.027 (0.027)	Loss 0.0760 (0.1127)	Error Ratio 0.3229 (2.3189)
03-02 21:53 INFO     Test: [980/1000]	Time 0.026 (0.027)	Loss 0.0396 (0.1123)	Error Ratio 0.4268 (2.2893)
03-02 21:53 INFO      * Average Error Ratio 2.335; Average Loss 0.112
03-02 21:53 INFO     Epoch: [1][20/11389]	Time 0.047 (0.081)	Data 0.007 (0.032)	Loss 0.0829 (0.1020)	Error Ratio 0.4758 (0.7360)
03-02 21:53 INFO     Epoch: [1][40/11389]	Time 0.045 (0.068)	Data 0.005 (0.021)	Loss 0.0583 (0.0951)	Error Ratio 0.5414 (0.6981)
03-02 21:53 INFO     Epoch: [1][60/11389]	Time 0.055 (0.064)	Data 0.008 (0.017)	Loss 3.4191 (0.1480)	Error Ratio 1.0418 (1.3976)
03-02 21:53 INFO     Epoch: [1][80/11389]	Time 0.052 (0.062)	Data 0.010 (0.016)	Loss 0.0797 (0.1368)	Error Ratio 0.5619 (1.4972)
03-02 21:53 INFO     Starting Profiler!: Backprop
03-02 21:53 INFO     Stopping Profiler: Backprop!
03-02 21:53 INFO     All profiling complete and --stop-after-profiling was given! Exiting
