03-02 21:53 INFO     TESTING
03-02 21:53 INFO     Prepare files
03-02 21:53 INFO     Define model
03-02 21:53 INFO     	Statistics
03-02 21:53 INFO     	Create model
03-02 21:53 INFO     Check cuda
03-02 21:53 INFO     	* Cuda
03-02 21:53 INFO     Optimizer
03-02 21:53 INFO     Logger
03-02 21:53 INFO     => loading best model './checkpoint/qm9/mpnn/model_best.pth'
03-02 21:53 INFO     => loaded best model './checkpoint/qm9/mpnn/model_best.pth' (epoch 1)
03-02 21:53 INFO     Epoch: [0][20/11389]	Time 0.051 (0.083)	Data 0.011 (0.034)	Loss 0.1221 (0.1065)	Error Ratio 0.4199 (2.6460)
03-02 21:53 INFO     Epoch: [0][40/11389]	Time 0.053 (0.069)	Data 0.011 (0.022)	Loss 0.0580 (0.1078)	Error Ratio 1.3634 (2.1379)
03-02 21:53 INFO     Epoch: [0][60/11389]	Time 0.049 (0.065)	Data 0.009 (0.018)	Loss 0.0882 (0.1092)	Error Ratio 0.6538 (1.8216)
03-02 21:53 INFO     Epoch: [0][80/11389]	Time 0.049 (0.063)	Data 0.009 (0.016)	Loss 0.1551 (0.1173)	Error Ratio 1.2964 (1.6400)
03-02 21:53 INFO     Epoch: [0][100/11389]	Time 0.060 (0.062)	Data 0.009 (0.015)	Loss 0.0591 (0.1177)	Error Ratio 0.5826 (1.6463)
03-02 21:53 INFO     Epoch: [0][120/11389]	Time 0.052 (0.061)	Data 0.012 (0.014)	Loss 0.0495 (0.1152)	Error Ratio 1.8864 (1.5572)
03-02 21:53 INFO     Epoch: [0][140/11389]	Time 0.056 (0.060)	Data 0.009 (0.013)	Loss 0.1250 (0.1117)	Error Ratio 0.3367 (1.8565)
03-02 21:53 INFO     Epoch: [0][160/11389]	Time 0.050 (0.059)	Data 0.008 (0.013)	Loss 0.1033 (0.1195)	Error Ratio 0.9057 (1.7505)
03-02 21:53 INFO     Epoch: [0][180/11389]	Time 0.054 (0.059)	Data 0.008 (0.013)	Loss 0.1469 (0.1193)	Error Ratio 1.3305 (1.6682)
03-02 21:53 INFO     Epoch: [0][200/11389]	Time 0.056 (0.059)	Data 0.009 (0.012)	Loss 0.1038 (0.1200)	Error Ratio 0.6061 (1.5861)
03-02 21:53 INFO     Epoch: [0][220/11389]	Time 0.066 (0.059)	Data 0.014 (0.012)	Loss 0.1550 (0.1186)	Error Ratio 1.1615 (1.7767)
03-02 21:53 INFO     Epoch: [0][240/11389]	Time 0.062 (0.059)	Data 0.011 (0.012)	Loss 0.1034 (0.1178)	Error Ratio 0.3925 (1.7987)
03-02 21:53 INFO     Epoch: [0][260/11389]	Time 0.050 (0.059)	Data 0.010 (0.012)	Loss 0.1105 (0.1167)	Error Ratio 1.1841 (1.7855)
03-02 21:53 INFO     Epoch: [0][280/11389]	Time 0.055 (0.058)	Data 0.011 (0.012)	Loss 0.4281 (0.1174)	Error Ratio 1.0301 (1.7224)
03-02 21:53 INFO     Epoch: [0][300/11389]	Time 0.047 (0.058)	Data 0.006 (0.011)	Loss 0.1690 (0.1181)	Error Ratio 0.7327 (1.8102)
03-02 21:53 INFO     Epoch: [0][320/11389]	Time 0.078 (0.058)	Data 0.006 (0.011)	Loss 0.1070 (0.1173)	Error Ratio 0.7813 (1.8458)
03-02 21:53 INFO     Epoch: [0][340/11389]	Time 0.061 (0.058)	Data 0.010 (0.011)	Loss 0.1008 (0.1156)	Error Ratio 0.6920 (1.9770)
03-02 21:53 INFO     Epoch: [0][360/11389]	Time 0.051 (0.058)	Data 0.006 (0.011)	Loss 0.0790 (0.1141)	Error Ratio 0.7228 (1.9242)
03-02 21:54 INFO     Epoch: [0][380/11389]	Time 0.053 (0.058)	Data 0.008 (0.011)	Loss 0.0820 (0.1139)	Error Ratio 5.0447 (1.8771)
03-02 21:54 INFO     Epoch: [0][400/11389]	Time 0.050 (0.058)	Data 0.006 (0.011)	Loss 0.0602 (0.1135)	Error Ratio 1.3026 (1.8299)
03-02 21:54 INFO     Epoch: [0][420/11389]	Time 0.052 (0.058)	Data 0.011 (0.011)	Loss 0.0890 (0.1126)	Error Ratio 0.7279 (1.7823)
03-02 21:54 INFO     Epoch: [0][440/11389]	Time 0.057 (0.058)	Data 0.010 (0.011)	Loss 0.0553 (0.1120)	Error Ratio 0.9926 (1.7524)
03-02 21:54 INFO     Epoch: [0][460/11389]	Time 0.059 (0.058)	Data 0.010 (0.011)	Loss 0.0857 (0.1110)	Error Ratio 1.0604 (1.7074)
03-02 21:54 INFO     Epoch: [0][480/11389]	Time 0.060 (0.058)	Data 0.009 (0.011)	Loss 0.1382 (0.1106)	Error Ratio 1.0237 (1.6685)
03-02 21:54 INFO     Epoch: [0][500/11389]	Time 0.050 (0.058)	Data 0.010 (0.011)	Loss 0.0902 (0.1105)	Error Ratio 1.4912 (1.6364)
03-02 21:54 INFO     Epoch: [0][520/11389]	Time 0.049 (0.058)	Data 0.008 (0.011)	Loss 0.0619 (0.1102)	Error Ratio 0.4668 (1.6157)
03-02 21:54 INFO     Epoch: [0][540/11389]	Time 0.050 (0.057)	Data 0.009 (0.011)	Loss 0.0554 (0.1099)	Error Ratio 1.1958 (1.6401)
03-02 21:54 INFO     Epoch: [0][560/11389]	Time 0.051 (0.057)	Data 0.009 (0.011)	Loss 0.1318 (0.1097)	Error Ratio 0.7141 (1.6466)
03-02 21:54 INFO     Epoch: [0][580/11389]	Time 0.063 (0.057)	Data 0.009 (0.011)	Loss 0.2317 (0.1094)	Error Ratio 0.3412 (1.6729)
03-02 21:54 INFO     Epoch: [0][600/11389]	Time 0.051 (0.057)	Data 0.011 (0.011)	Loss 0.1580 (0.1092)	Error Ratio 0.9048 (1.7810)
03-02 21:54 INFO     Epoch: [0][620/11389]	Time 0.064 (0.057)	Data 0.015 (0.011)	Loss 0.0826 (0.1093)	Error Ratio 0.6287 (1.7496)
03-02 21:54 INFO     Epoch: [0][640/11389]	Time 0.053 (0.057)	Data 0.010 (0.011)	Loss 0.0865 (0.1093)	Error Ratio 0.4577 (1.7378)
03-02 21:54 INFO     Epoch: [0][660/11389]	Time 0.053 (0.057)	Data 0.008 (0.011)	Loss 0.0884 (0.1096)	Error Ratio 0.5871 (1.8134)
03-02 21:54 INFO     Epoch: [0][680/11389]	Time 0.051 (0.057)	Data 0.008 (0.011)	Loss 0.0723 (0.1116)	Error Ratio 1.8332 (1.7898)
03-02 21:54 INFO     Epoch: [0][700/11389]	Time 0.059 (0.057)	Data 0.008 (0.011)	Loss 0.0858 (0.1120)	Error Ratio 0.4716 (2.1378)
03-02 21:54 INFO     Epoch: [0][720/11389]	Time 0.057 (0.057)	Data 0.006 (0.011)	Loss 0.0823 (0.1117)	Error Ratio 0.7836 (2.1361)
03-02 21:54 INFO     Epoch: [0][740/11389]	Time 0.064 (0.057)	Data 0.008 (0.011)	Loss 0.1349 (0.1117)	Error Ratio 0.8157 (2.1012)
03-02 21:54 INFO     Epoch: [0][760/11389]	Time 0.062 (0.057)	Data 0.009 (0.011)	Loss 0.1033 (0.1117)	Error Ratio 0.9641 (2.0693)
03-02 21:54 INFO     Epoch: [0][780/11389]	Time 0.064 (0.057)	Data 0.011 (0.011)	Loss 0.1140 (0.1120)	Error Ratio 0.8359 (2.0432)
03-02 21:54 INFO     Epoch: [0][800/11389]	Time 0.063 (0.057)	Data 0.011 (0.010)	Loss 0.0922 (0.1117)	Error Ratio 0.5760 (2.0576)
03-02 21:54 INFO     Epoch: [0][820/11389]	Time 0.051 (0.057)	Data 0.010 (0.010)	Loss 0.1139 (0.1118)	Error Ratio 0.8356 (2.0263)
03-02 21:54 INFO     Epoch: [0][840/11389]	Time 0.056 (0.057)	Data 0.012 (0.010)	Loss 0.1323 (0.1118)	Error Ratio 1.4832 (2.0114)
03-02 21:54 INFO     Epoch: [0][860/11389]	Time 0.074 (0.057)	Data 0.020 (0.010)	Loss 0.1251 (0.1122)	Error Ratio 0.4476 (2.0314)
03-02 21:54 INFO     Epoch: [0][880/11389]	Time 0.067 (0.057)	Data 0.014 (0.010)	Loss 0.0690 (0.1128)	Error Ratio 0.5133 (2.0560)
03-02 21:54 INFO     Epoch: [0][900/11389]	Time 0.064 (0.057)	Data 0.015 (0.011)	Loss 0.0922 (0.1131)	Error Ratio 0.6240 (2.0487)
03-02 21:54 INFO     Epoch: [0][920/11389]	Time 0.070 (0.057)	Data 0.009 (0.010)	Loss 0.0784 (0.1127)	Error Ratio 0.6011 (2.0361)
03-02 21:54 INFO     Epoch: [0][940/11389]	Time 0.072 (0.057)	Data 0.011 (0.010)	Loss 0.0655 (0.1125)	Error Ratio 0.7701 (2.0115)
03-02 21:54 INFO     Epoch: [0][960/11389]	Time 0.051 (0.057)	Data 0.008 (0.010)	Loss 0.0628 (0.1124)	Error Ratio 0.5587 (1.9851)
03-02 21:54 INFO     Epoch: [0][980/11389]	Time 0.058 (0.057)	Data 0.010 (0.010)	Loss 0.0566 (0.1125)	Error Ratio 1.5753 (1.9804)
03-02 21:54 INFO     Epoch: [0][1000/11389]	Time 0.055 (0.057)	Data 0.011 (0.010)	Loss 0.0506 (0.1122)	Error Ratio 1.0524 (1.9799)
03-02 21:54 INFO     Epoch: [0][1020/11389]	Time 0.051 (0.057)	Data 0.009 (0.010)	Loss 0.1174 (0.1128)	Error Ratio 0.7816 (1.9604)
03-02 21:54 INFO     Epoch: [0][1040/11389]	Time 0.054 (0.057)	Data 0.010 (0.010)	Loss 0.0783 (0.1127)	Error Ratio 0.5994 (1.9714)
03-02 21:54 INFO     Epoch: [0][1060/11389]	Time 0.052 (0.057)	Data 0.010 (0.010)	Loss 0.0399 (0.1124)	Error Ratio 0.4172 (1.9511)
03-02 21:54 INFO     Epoch: [0][1080/11389]	Time 0.061 (0.057)	Data 0.011 (0.010)	Loss 0.2397 (0.1151)	Error Ratio 0.6269 (1.9317)
03-02 21:54 INFO     Epoch: [0][1100/11389]	Time 0.063 (0.057)	Data 0.009 (0.010)	Loss 0.1918 (0.1150)	Error Ratio 3.3351 (2.0602)
03-02 21:54 INFO     Epoch: [0][1120/11389]	Time 0.070 (0.057)	Data 0.007 (0.010)	Loss 0.0993 (0.1147)	Error Ratio 0.6964 (2.0363)
03-02 21:54 INFO     Epoch: [0][1140/11389]	Time 0.070 (0.057)	Data 0.010 (0.010)	Loss 0.1529 (0.1146)	Error Ratio 0.8996 (2.0157)
03-02 21:54 INFO     Epoch: [0][1160/11389]	Time 0.056 (0.057)	Data 0.010 (0.010)	Loss 0.0815 (0.1148)	Error Ratio 1.7104 (1.9969)
03-02 21:54 INFO     Epoch: [0][1180/11389]	Time 0.056 (0.057)	Data 0.014 (0.010)	Loss 0.2521 (0.1148)	Error Ratio 1.0286 (1.9782)
03-02 21:54 INFO     Epoch: [0][1200/11389]	Time 0.050 (0.057)	Data 0.009 (0.010)	Loss 0.1624 (0.1152)	Error Ratio 0.6482 (1.9669)
03-02 21:54 INFO     Epoch: [0][1220/11389]	Time 0.059 (0.057)	Data 0.017 (0.010)	Loss 0.1380 (0.1149)	Error Ratio 0.8095 (1.9495)
03-02 21:54 INFO     Epoch: [0][1240/11389]	Time 0.050 (0.057)	Data 0.009 (0.010)	Loss 0.0575 (0.1146)	Error Ratio 1.1197 (1.9320)
03-02 21:54 INFO     Epoch: [0][1260/11389]	Time 0.055 (0.057)	Data 0.007 (0.010)	Loss 0.0527 (0.1147)	Error Ratio 1.2095 (1.9229)
03-02 21:54 INFO     Epoch: [0][1280/11389]	Time 0.057 (0.057)	Data 0.009 (0.010)	Loss 0.1297 (0.1146)	Error Ratio 0.6014 (1.9152)
03-02 21:54 INFO     Epoch: [0][1300/11389]	Time 0.051 (0.057)	Data 0.009 (0.010)	Loss 0.0703 (0.1145)	Error Ratio 0.4555 (1.9473)
03-02 21:54 INFO     Epoch: [0][1320/11389]	Time 0.050 (0.057)	Data 0.009 (0.010)	Loss 0.1087 (0.1145)	Error Ratio 0.4318 (1.9738)
03-02 21:54 INFO     Epoch: [0][1340/11389]	Time 0.054 (0.057)	Data 0.011 (0.010)	Loss 0.0972 (0.1145)	Error Ratio 0.5044 (1.9563)
03-02 21:54 INFO     Epoch: [0][1360/11389]	Time 0.049 (0.057)	Data 0.007 (0.010)	Loss 0.1287 (0.1146)	Error Ratio 0.9195 (1.9436)
03-02 21:54 INFO     Epoch: [0][1380/11389]	Time 0.056 (0.057)	Data 0.014 (0.010)	Loss 0.0830 (0.1143)	Error Ratio 1.6367 (1.9355)
03-02 21:54 INFO     Epoch: [0][1400/11389]	Time 0.048 (0.057)	Data 0.009 (0.010)	Loss 0.1289 (0.1142)	Error Ratio 1.0226 (1.9280)
03-02 21:54 INFO     Epoch: [0][1420/11389]	Time 0.057 (0.057)	Data 0.012 (0.010)	Loss 0.0487 (0.1139)	Error Ratio 0.3883 (1.9163)
03-02 21:54 INFO     Epoch: [0][1440/11389]	Time 0.052 (0.057)	Data 0.011 (0.010)	Loss 0.1077 (0.1143)	Error Ratio 0.9434 (1.9041)
03-02 21:55 INFO     Epoch: [0][1460/11389]	Time 0.057 (0.057)	Data 0.007 (0.010)	Loss 0.1124 (0.1141)	Error Ratio 5.1750 (1.8949)
03-02 21:55 INFO     Epoch: [0][1480/11389]	Time 0.047 (0.057)	Data 0.006 (0.010)	Loss 0.0937 (0.1137)	Error Ratio 0.2685 (1.8791)
03-02 21:55 INFO     Epoch: [0][1500/11389]	Time 0.053 (0.057)	Data 0.011 (0.010)	Loss 0.1785 (0.1134)	Error Ratio 0.4136 (1.8675)
03-02 21:55 INFO     Epoch: [0][1520/11389]	Time 0.057 (0.057)	Data 0.010 (0.010)	Loss 0.1439 (0.1133)	Error Ratio 0.7377 (1.8527)
03-02 21:55 INFO     Epoch: [0][1540/11389]	Time 0.061 (0.057)	Data 0.013 (0.010)	Loss 0.1821 (0.1133)	Error Ratio 0.6798 (1.8426)
03-02 21:55 INFO     Epoch: [0][1560/11389]	Time 0.053 (0.057)	Data 0.010 (0.010)	Loss 0.1223 (0.1132)	Error Ratio 0.6040 (1.8614)
03-02 21:55 INFO     Epoch: [0][1580/11389]	Time 0.055 (0.057)	Data 0.011 (0.010)	Loss 0.0932 (0.1131)	Error Ratio 0.6907 (1.8468)
03-02 21:55 INFO     Epoch: [0][1600/11389]	Time 0.063 (0.057)	Data 0.011 (0.010)	Loss 0.1150 (0.1133)	Error Ratio 0.9080 (1.8334)
03-02 21:55 INFO     Epoch: [0][1620/11389]	Time 0.055 (0.056)	Data 0.009 (0.010)	Loss 0.3278 (0.1134)	Error Ratio 1.6574 (1.8204)
03-02 21:55 INFO     Epoch: [0][1640/11389]	Time 0.054 (0.056)	Data 0.005 (0.010)	Loss 0.1648 (0.1134)	Error Ratio 0.9071 (1.8718)
03-02 21:55 INFO     Epoch: [0][1660/11389]	Time 0.060 (0.057)	Data 0.010 (0.010)	Loss 0.0884 (0.1133)	Error Ratio 0.9124 (1.8633)
03-02 21:55 INFO     Epoch: [0][1680/11389]	Time 0.068 (0.057)	Data 0.014 (0.010)	Loss 0.0702 (0.1132)	Error Ratio 0.6032 (1.8521)
03-02 21:55 INFO     Epoch: [0][1700/11389]	Time 0.062 (0.057)	Data 0.010 (0.010)	Loss 0.0739 (0.1129)	Error Ratio 1.2458 (1.8471)
03-02 21:55 INFO     Epoch: [0][1720/11389]	Time 0.052 (0.057)	Data 0.008 (0.010)	Loss 0.1052 (0.1127)	Error Ratio 0.8503 (1.8521)
03-02 21:55 INFO     Epoch: [0][1740/11389]	Time 0.065 (0.057)	Data 0.010 (0.010)	Loss 0.0757 (0.1127)	Error Ratio 0.3758 (1.8394)
03-02 21:55 INFO     Epoch: [0][1760/11389]	Time 0.064 (0.057)	Data 0.009 (0.010)	Loss 0.1040 (0.1129)	Error Ratio 0.7534 (1.8310)
03-02 21:55 INFO     Epoch: [0][1780/11389]	Time 0.062 (0.057)	Data 0.010 (0.010)	Loss 0.0995 (0.1127)	Error Ratio 0.5477 (1.8213)
03-02 21:55 INFO     Epoch: [0][1800/11389]	Time 0.051 (0.056)	Data 0.010 (0.010)	Loss 0.0904 (0.1127)	Error Ratio 0.9532 (1.8093)
03-02 21:55 INFO     Epoch: [0][1820/11389]	Time 0.062 (0.056)	Data 0.009 (0.010)	Loss 0.1369 (0.1125)	Error Ratio 0.5165 (1.7976)
03-02 21:55 INFO     Epoch: [0][1840/11389]	Time 0.060 (0.057)	Data 0.009 (0.010)	Loss 0.0718 (0.1123)	Error Ratio 0.3739 (1.7862)
03-02 21:55 INFO     Epoch: [0][1860/11389]	Time 0.059 (0.056)	Data 0.014 (0.010)	Loss 0.0783 (0.1123)	Error Ratio 0.4003 (1.7993)
03-02 21:55 INFO     Epoch: [0][1880/11389]	Time 0.050 (0.056)	Data 0.009 (0.010)	Loss 0.0595 (0.1122)	Error Ratio 0.6206 (1.7900)
03-02 21:55 INFO     Epoch: [0][1900/11389]	Time 0.049 (0.056)	Data 0.008 (0.010)	Loss 0.0742 (0.1120)	Error Ratio 0.5075 (1.7837)
03-02 21:55 INFO     Epoch: [0][1920/11389]	Time 0.051 (0.056)	Data 0.009 (0.010)	Loss 0.0556 (0.1119)	Error Ratio 1.1995 (1.7776)
03-02 21:55 INFO     Epoch: [0][1940/11389]	Time 0.053 (0.056)	Data 0.011 (0.010)	Loss 0.0913 (0.1118)	Error Ratio 0.8135 (1.7706)
03-02 21:55 INFO     Epoch: [0][1960/11389]	Time 0.049 (0.056)	Data 0.009 (0.010)	Loss 0.0416 (0.1117)	Error Ratio 0.3690 (1.7632)
03-02 21:55 INFO     Epoch: [0][1980/11389]	Time 0.056 (0.056)	Data 0.014 (0.010)	Loss 0.1300 (0.1117)	Error Ratio 0.9471 (1.7704)
03-02 21:55 INFO     Epoch: [0][2000/11389]	Time 0.058 (0.056)	Data 0.014 (0.010)	Loss 0.0541 (0.1116)	Error Ratio 1.2889 (1.7768)
03-02 21:55 INFO     Epoch: [0][2020/11389]	Time 0.062 (0.056)	Data 0.011 (0.010)	Loss 0.1754 (0.1115)	Error Ratio 0.3898 (1.7823)
03-02 21:55 INFO     Epoch: [0][2040/11389]	Time 0.052 (0.056)	Data 0.008 (0.010)	Loss 0.0964 (0.1113)	Error Ratio 0.4136 (1.7722)
03-02 21:55 INFO     Epoch: [0][2060/11389]	Time 0.071 (0.056)	Data 0.020 (0.010)	Loss 0.1090 (0.1114)	Error Ratio 0.8774 (1.7636)
03-02 21:55 INFO     Epoch: [0][2080/11389]	Time 0.055 (0.056)	Data 0.014 (0.010)	Loss 0.0976 (0.1113)	Error Ratio 0.5897 (1.7561)
03-02 21:55 INFO     Epoch: [0][2100/11389]	Time 0.050 (0.056)	Data 0.008 (0.010)	Loss 0.0938 (0.1112)	Error Ratio 0.7475 (1.7469)
03-02 21:55 INFO     Epoch: [0][2120/11389]	Time 0.051 (0.056)	Data 0.011 (0.010)	Loss 0.0865 (0.1111)	Error Ratio 0.4612 (1.7406)
03-02 21:55 INFO     Epoch: [0][2140/11389]	Time 0.055 (0.056)	Data 0.012 (0.010)	Loss 0.1190 (0.1110)	Error Ratio 0.4369 (1.7539)
03-02 21:55 INFO     Epoch: [0][2160/11389]	Time 0.053 (0.056)	Data 0.011 (0.010)	Loss 0.0805 (0.1110)	Error Ratio 1.2164 (1.7584)
03-02 21:55 INFO     Epoch: [0][2180/11389]	Time 0.058 (0.056)	Data 0.007 (0.010)	Loss 0.0893 (0.1114)	Error Ratio 0.9703 (1.7503)
03-02 21:55 INFO     Epoch: [0][2200/11389]	Time 0.045 (0.056)	Data 0.006 (0.010)	Loss 0.0898 (0.1113)	Error Ratio 0.4571 (1.7615)
03-02 21:55 INFO     Epoch: [0][2220/11389]	Time 0.049 (0.056)	Data 0.007 (0.010)	Loss 0.0842 (0.1115)	Error Ratio 0.8556 (1.7659)
03-02 21:55 INFO     Epoch: [0][2240/11389]	Time 0.055 (0.056)	Data 0.013 (0.010)	Loss 0.1378 (0.1114)	Error Ratio 1.3639 (1.7733)
03-02 21:55 INFO     Epoch: [0][2260/11389]	Time 0.064 (0.056)	Data 0.005 (0.010)	Loss 0.1242 (0.1116)	Error Ratio 2.9732 (1.7765)
03-02 21:55 INFO     Epoch: [0][2280/11389]	Time 0.074 (0.056)	Data 0.011 (0.010)	Loss 0.0633 (0.1116)	Error Ratio 0.3083 (1.7671)
03-02 21:55 INFO     Epoch: [0][2300/11389]	Time 0.047 (0.056)	Data 0.006 (0.010)	Loss 0.0868 (0.1115)	Error Ratio 1.5292 (1.7675)
03-02 21:55 INFO     Epoch: [0][2320/11389]	Time 0.056 (0.056)	Data 0.011 (0.010)	Loss 0.0687 (0.1113)	Error Ratio 0.6587 (1.8109)
03-02 21:55 INFO     Epoch: [0][2340/11389]	Time 0.051 (0.056)	Data 0.008 (0.010)	Loss 0.0869 (0.1111)	Error Ratio 0.5195 (1.8033)
03-02 21:55 INFO     Epoch: [0][2360/11389]	Time 0.067 (0.056)	Data 0.008 (0.010)	Loss 0.1577 (0.1111)	Error Ratio 0.5873 (1.8133)
03-02 21:55 INFO     Epoch: [0][2380/11389]	Time 0.052 (0.056)	Data 0.010 (0.010)	Loss 0.1045 (0.1109)	Error Ratio 0.8580 (1.8174)
03-02 21:55 INFO     Epoch: [0][2400/11389]	Time 0.061 (0.056)	Data 0.011 (0.010)	Loss 0.0438 (0.1107)	Error Ratio 0.5239 (1.8465)
03-02 21:55 INFO     Epoch: [0][2420/11389]	Time 0.054 (0.056)	Data 0.011 (0.010)	Loss 0.0731 (0.1107)	Error Ratio 0.5478 (1.8380)
03-02 21:55 INFO     Epoch: [0][2440/11389]	Time 0.057 (0.056)	Data 0.012 (0.010)	Loss 0.1094 (0.1106)	Error Ratio 0.6681 (1.8425)
03-02 21:55 INFO     Epoch: [0][2460/11389]	Time 0.058 (0.056)	Data 0.009 (0.010)	Loss 0.1159 (0.1107)	Error Ratio 0.5375 (1.8412)
03-02 21:55 INFO     Epoch: [0][2480/11389]	Time 0.055 (0.056)	Data 0.011 (0.010)	Loss 0.0609 (0.1106)	Error Ratio 1.0051 (1.8434)
03-02 21:55 INFO     Epoch: [0][2500/11389]	Time 0.058 (0.056)	Data 0.011 (0.010)	Loss 0.0941 (0.1105)	Error Ratio 0.4139 (1.8362)
03-02 21:56 INFO     Epoch: [0][2520/11389]	Time 0.068 (0.056)	Data 0.008 (0.010)	Loss 0.0838 (0.1105)	Error Ratio 0.4716 (1.8567)
03-02 21:56 INFO     Epoch: [0][2540/11389]	Time 0.059 (0.056)	Data 0.011 (0.010)	Loss 0.0971 (0.1104)	Error Ratio 1.7734 (1.8523)
03-02 21:56 INFO     Epoch: [0][2560/11389]	Time 0.046 (0.056)	Data 0.006 (0.010)	Loss 0.0582 (0.1107)	Error Ratio 0.6756 (1.8494)
03-02 21:56 INFO     Epoch: [0][2580/11389]	Time 0.060 (0.056)	Data 0.011 (0.010)	Loss 0.1219 (0.1107)	Error Ratio 0.3072 (1.8467)
03-02 21:56 INFO     Epoch: [0][2600/11389]	Time 0.057 (0.056)	Data 0.008 (0.010)	Loss 0.1370 (0.1107)	Error Ratio 1.1331 (1.8535)
03-02 21:56 INFO     Epoch: [0][2620/11389]	Time 0.047 (0.056)	Data 0.007 (0.010)	Loss 0.1200 (0.1110)	Error Ratio 0.4616 (1.8550)
03-02 21:56 INFO     Epoch: [0][2640/11389]	Time 0.060 (0.056)	Data 0.010 (0.010)	Loss 0.0576 (0.1109)	Error Ratio 39.6671 (1.8692)
03-02 21:56 INFO     Epoch: [0][2660/11389]	Time 0.050 (0.056)	Data 0.010 (0.010)	Loss 0.0945 (0.1111)	Error Ratio 1.1725 (1.8702)
03-02 21:56 INFO     Epoch: [0][2680/11389]	Time 0.057 (0.056)	Data 0.006 (0.010)	Loss 0.1610 (0.1110)	Error Ratio 0.4080 (1.8660)
03-02 21:56 INFO     Epoch: [0][2700/11389]	Time 0.051 (0.056)	Data 0.010 (0.010)	Loss 0.0897 (0.1111)	Error Ratio 0.7644 (1.8586)
03-02 21:56 INFO     Epoch: [0][2720/11389]	Time 0.055 (0.056)	Data 0.009 (0.010)	Loss 0.0766 (0.1115)	Error Ratio 0.7861 (1.8633)
03-02 21:56 INFO     Epoch: [0][2740/11389]	Time 0.052 (0.056)	Data 0.008 (0.010)	Loss 0.0730 (0.1115)	Error Ratio 0.5800 (1.8561)
03-02 21:56 INFO     Epoch: [0][2760/11389]	Time 0.062 (0.056)	Data 0.011 (0.010)	Loss 0.0831 (0.1116)	Error Ratio 0.7922 (1.8489)
03-02 21:56 INFO     Epoch: [0][2780/11389]	Time 0.054 (0.056)	Data 0.011 (0.010)	Loss 0.1104 (0.1116)	Error Ratio 0.6691 (1.8460)
03-02 21:56 INFO     Epoch: [0][2800/11389]	Time 0.054 (0.056)	Data 0.011 (0.010)	Loss 0.0514 (0.1117)	Error Ratio 0.6288 (1.8405)
03-02 21:56 INFO     Epoch: [0][2820/11389]	Time 0.054 (0.056)	Data 0.011 (0.010)	Loss 0.1109 (0.1116)	Error Ratio 0.8530 (1.8343)
03-02 21:56 INFO     Epoch: [0][2840/11389]	Time 0.065 (0.056)	Data 0.017 (0.010)	Loss 0.0810 (0.1119)	Error Ratio 1.6440 (1.8273)
03-02 21:56 INFO     Epoch: [0][2860/11389]	Time 0.053 (0.056)	Data 0.013 (0.010)	Loss 0.0870 (0.1118)	Error Ratio 1.0012 (1.8313)
03-02 21:56 INFO     Epoch: [0][2880/11389]	Time 0.053 (0.056)	Data 0.011 (0.010)	Loss 0.0657 (0.1117)	Error Ratio 0.6515 (1.8245)
03-02 21:56 INFO     Epoch: [0][2900/11389]	Time 0.049 (0.056)	Data 0.010 (0.010)	Loss 0.0928 (0.1118)	Error Ratio 0.5745 (1.8189)
03-02 21:56 INFO     Epoch: [0][2920/11389]	Time 0.062 (0.056)	Data 0.011 (0.010)	Loss 0.0791 (0.1119)	Error Ratio 1.1134 (1.8219)
03-02 21:56 INFO     Epoch: [0][2940/11389]	Time 0.063 (0.056)	Data 0.011 (0.010)	Loss 0.1032 (0.1118)	Error Ratio 0.3848 (1.8143)
03-02 21:56 INFO     Epoch: [0][2960/11389]	Time 0.057 (0.056)	Data 0.006 (0.010)	Loss 0.0531 (0.1117)	Error Ratio 1.4342 (1.8081)
03-02 21:56 INFO     Epoch: [0][2980/11389]	Time 0.065 (0.056)	Data 0.012 (0.010)	Loss 0.0772 (0.1116)	Error Ratio 0.4476 (1.8217)
03-02 21:56 INFO     Epoch: [0][3000/11389]	Time 0.053 (0.056)	Data 0.010 (0.010)	Loss 0.0951 (0.1116)	Error Ratio 2.3122 (1.8164)
03-02 21:56 INFO     Epoch: [0][3020/11389]	Time 0.067 (0.056)	Data 0.011 (0.010)	Loss 0.1263 (0.1116)	Error Ratio 0.6325 (1.8107)
03-02 21:56 INFO     Epoch: [0][3040/11389]	Time 0.061 (0.056)	Data 0.010 (0.010)	Loss 0.0547 (0.1115)	Error Ratio 0.3272 (1.8161)
03-02 21:56 INFO     Epoch: [0][3060/11389]	Time 0.050 (0.056)	Data 0.009 (0.010)	Loss 0.0911 (0.1114)	Error Ratio 0.6396 (1.8140)
03-02 21:56 INFO     Epoch: [0][3080/11389]	Time 0.052 (0.056)	Data 0.010 (0.010)	Loss 0.0848 (0.1114)	Error Ratio 0.4882 (1.8084)
03-02 21:56 INFO     Epoch: [0][3100/11389]	Time 0.055 (0.056)	Data 0.011 (0.010)	Loss 0.0674 (0.1113)	Error Ratio 1.4055 (1.8612)
03-02 21:56 INFO     Epoch: [0][3120/11389]	Time 0.049 (0.056)	Data 0.008 (0.010)	Loss 0.1008 (0.1112)	Error Ratio 0.6644 (1.8610)
03-02 21:56 INFO     Epoch: [0][3140/11389]	Time 0.052 (0.056)	Data 0.005 (0.010)	Loss 0.1069 (0.1111)	Error Ratio 0.4393 (1.8575)
03-02 21:56 INFO     Epoch: [0][3160/11389]	Time 0.054 (0.056)	Data 0.009 (0.010)	Loss 0.0816 (0.1109)	Error Ratio 0.5397 (1.8530)
03-02 21:56 INFO     Epoch: [0][3180/11389]	Time 0.066 (0.056)	Data 0.008 (0.010)	Loss 0.0801 (0.1109)	Error Ratio 0.4445 (1.8467)
03-02 21:56 INFO     Epoch: [0][3200/11389]	Time 0.049 (0.056)	Data 0.009 (0.010)	Loss 0.1261 (0.1109)	Error Ratio 0.6556 (1.8402)
03-02 21:56 INFO     Epoch: [0][3220/11389]	Time 0.051 (0.056)	Data 0.011 (0.010)	Loss 0.0467 (0.1108)	Error Ratio 0.5623 (1.8497)
03-02 21:56 INFO     Epoch: [0][3240/11389]	Time 0.049 (0.056)	Data 0.009 (0.010)	Loss 0.0922 (0.1108)	Error Ratio 0.5863 (1.8532)
03-02 21:56 INFO     Epoch: [0][3260/11389]	Time 0.050 (0.056)	Data 0.006 (0.010)	Loss 0.1164 (0.1107)	Error Ratio 1.0700 (1.8534)
03-02 21:56 INFO     Epoch: [0][3280/11389]	Time 0.060 (0.056)	Data 0.014 (0.010)	Loss 0.1494 (0.1107)	Error Ratio 1.4428 (1.8487)
03-02 21:56 INFO     Epoch: [0][3300/11389]	Time 0.060 (0.056)	Data 0.011 (0.010)	Loss 0.1035 (0.1107)	Error Ratio 1.1807 (1.8482)
03-02 21:56 INFO     Epoch: [0][3320/11389]	Time 0.052 (0.056)	Data 0.011 (0.010)	Loss 0.0990 (0.1106)	Error Ratio 0.7484 (1.8434)
03-02 21:56 INFO     Epoch: [0][3340/11389]	Time 0.048 (0.056)	Data 0.007 (0.010)	Loss 0.0955 (0.1107)	Error Ratio 0.6296 (1.8689)
03-02 21:56 INFO     Epoch: [0][3360/11389]	Time 0.060 (0.056)	Data 0.009 (0.010)	Loss 0.1190 (0.1107)	Error Ratio 5.6563 (1.8689)
03-02 21:56 INFO     Epoch: [0][3380/11389]	Time 0.054 (0.056)	Data 0.013 (0.010)	Loss 0.1070 (0.1106)	Error Ratio 0.8292 (1.8625)
03-02 21:56 INFO     Epoch: [0][3400/11389]	Time 0.055 (0.056)	Data 0.011 (0.010)	Loss 0.1402 (0.1106)	Error Ratio 164.1229 (1.9052)
03-02 21:56 INFO     Epoch: [0][3420/11389]	Time 0.051 (0.056)	Data 0.008 (0.010)	Loss 0.0932 (0.1107)	Error Ratio 0.5199 (1.9011)
03-02 21:56 INFO     Epoch: [0][3440/11389]	Time 0.049 (0.056)	Data 0.008 (0.010)	Loss 0.1020 (0.1108)	Error Ratio 2.5517 (1.8970)
03-02 21:56 INFO     Epoch: [0][3460/11389]	Time 0.046 (0.056)	Data 0.007 (0.010)	Loss 0.0650 (0.1110)	Error Ratio 4.3151 (1.9013)
03-02 21:56 INFO     Epoch: [0][3480/11389]	Time 0.047 (0.056)	Data 0.007 (0.010)	Loss 0.0769 (0.1111)	Error Ratio 0.4534 (1.8971)
03-02 21:56 INFO     Epoch: [0][3500/11389]	Time 0.069 (0.056)	Data 0.011 (0.010)	Loss 0.0739 (0.1111)	Error Ratio 1.3705 (1.8919)
03-02 21:56 INFO     Epoch: [0][3520/11389]	Time 0.066 (0.056)	Data 0.007 (0.010)	Loss 0.0975 (0.1110)	Error Ratio 2.9428 (1.8861)
03-02 21:56 INFO     Epoch: [0][3540/11389]	Time 0.054 (0.056)	Data 0.008 (0.010)	Loss 0.0856 (0.1110)	Error Ratio 1.7930 (1.8817)
03-02 21:56 INFO     Epoch: [0][3560/11389]	Time 0.050 (0.056)	Data 0.007 (0.010)	Loss 0.0727 (0.1113)	Error Ratio 0.4772 (1.8843)
03-02 21:57 INFO     Epoch: [0][3580/11389]	Time 0.050 (0.056)	Data 0.009 (0.010)	Loss 0.0600 (0.1112)	Error Ratio 0.6723 (1.8796)
03-02 21:57 INFO     Epoch: [0][3600/11389]	Time 0.070 (0.056)	Data 0.009 (0.010)	Loss 0.0740 (0.1112)	Error Ratio 1.3601 (1.8741)
03-02 21:57 INFO     Epoch: [0][3620/11389]	Time 0.051 (0.056)	Data 0.010 (0.010)	Loss 0.0950 (0.1111)	Error Ratio 0.6541 (1.8710)
03-02 21:57 INFO     Epoch: [0][3640/11389]	Time 0.050 (0.056)	Data 0.010 (0.010)	Loss 0.0629 (0.1110)	Error Ratio 0.8339 (1.8761)
03-02 21:57 INFO     Epoch: [0][3660/11389]	Time 0.057 (0.056)	Data 0.011 (0.010)	Loss 0.0833 (0.1110)	Error Ratio 0.9506 (1.8747)
03-02 21:57 INFO     Epoch: [0][3680/11389]	Time 0.066 (0.056)	Data 0.009 (0.010)	Loss 0.0483 (0.1108)	Error Ratio 1.0905 (1.8693)
03-02 21:57 INFO     Epoch: [0][3700/11389]	Time 0.052 (0.056)	Data 0.009 (0.010)	Loss 0.0833 (0.1108)	Error Ratio 0.4389 (1.8706)
03-02 21:57 INFO     Epoch: [0][3720/11389]	Time 0.063 (0.056)	Data 0.012 (0.010)	Loss 0.1291 (0.1110)	Error Ratio 0.5858 (1.8687)
03-02 21:57 INFO     Epoch: [0][3740/11389]	Time 0.061 (0.056)	Data 0.012 (0.010)	Loss 0.0608 (0.1109)	Error Ratio 2.7589 (1.8658)
03-02 21:57 INFO     Epoch: [0][3760/11389]	Time 0.048 (0.056)	Data 0.007 (0.010)	Loss 0.1082 (0.1110)	Error Ratio 0.8748 (1.8681)
03-02 21:57 INFO     Epoch: [0][3780/11389]	Time 0.049 (0.056)	Data 0.006 (0.010)	Loss 0.0513 (0.1112)	Error Ratio 0.5483 (1.8787)
03-02 21:57 INFO     Epoch: [0][3800/11389]	Time 0.056 (0.056)	Data 0.009 (0.010)	Loss 0.0988 (0.1111)	Error Ratio 0.6822 (1.8852)
03-02 21:57 INFO     Epoch: [0][3820/11389]	Time 0.055 (0.056)	Data 0.007 (0.010)	Loss 0.1180 (0.1110)	Error Ratio 0.8462 (1.8801)
03-02 21:57 INFO     Epoch: [0][3840/11389]	Time 0.052 (0.056)	Data 0.010 (0.010)	Loss 0.1103 (0.1110)	Error Ratio 4.2312 (1.8750)
03-02 21:57 INFO     Epoch: [0][3860/11389]	Time 0.060 (0.056)	Data 0.007 (0.010)	Loss 0.1400 (0.1109)	Error Ratio 1.5482 (1.8727)
03-02 21:57 INFO     Epoch: [0][3880/11389]	Time 0.056 (0.056)	Data 0.009 (0.010)	Loss 0.1830 (0.1108)	Error Ratio 1.7784 (2.4052)
03-02 21:57 INFO     Epoch: [0][3900/11389]	Time 0.049 (0.056)	Data 0.010 (0.010)	Loss 0.3851 (0.1109)	Error Ratio 2.5055 (2.4052)
03-02 21:57 INFO     Epoch: [0][3920/11389]	Time 0.063 (0.056)	Data 0.009 (0.010)	Loss 0.0951 (0.1108)	Error Ratio 0.3973 (2.3997)
03-02 21:57 INFO     Epoch: [0][3940/11389]	Time 0.049 (0.056)	Data 0.009 (0.010)	Loss 0.0784 (0.1109)	Error Ratio 0.8631 (2.3922)
03-02 21:57 INFO     Epoch: [0][3960/11389]	Time 0.052 (0.056)	Data 0.007 (0.010)	Loss 0.0838 (0.1109)	Error Ratio 0.5287 (2.3899)
03-02 21:57 INFO     Epoch: [0][3980/11389]	Time 0.058 (0.056)	Data 0.014 (0.010)	Loss 0.1975 (0.1109)	Error Ratio 1.4923 (2.3926)
03-02 21:57 INFO     Epoch: [0][4000/11389]	Time 0.055 (0.056)	Data 0.015 (0.010)	Loss 0.1482 (0.1110)	Error Ratio 1.7430 (2.3859)
03-02 21:57 INFO     Epoch: [0][4020/11389]	Time 0.058 (0.056)	Data 0.014 (0.010)	Loss 0.1086 (0.1109)	Error Ratio 0.9407 (2.3859)
03-02 21:57 INFO     Epoch: [0][4040/11389]	Time 0.053 (0.056)	Data 0.009 (0.010)	Loss 0.1267 (0.1109)	Error Ratio 5.7769 (2.3855)
03-02 21:57 INFO     Epoch: [0][4060/11389]	Time 0.059 (0.056)	Data 0.008 (0.010)	Loss 0.0770 (0.1111)	Error Ratio 0.6347 (2.3929)
03-02 21:57 INFO     Epoch: [0][4080/11389]	Time 0.053 (0.056)	Data 0.008 (0.010)	Loss 0.1136 (0.1111)	Error Ratio 1.0286 (2.4023)
03-02 21:57 INFO     Epoch: [0][4100/11389]	Time 0.062 (0.056)	Data 0.011 (0.010)	Loss 0.1891 (0.1111)	Error Ratio 19.2600 (2.4031)
03-02 21:57 INFO     Epoch: [0][4120/11389]	Time 0.052 (0.056)	Data 0.009 (0.010)	Loss 0.1468 (0.1111)	Error Ratio 0.7734 (2.4033)
03-02 21:57 INFO     Epoch: [0][4140/11389]	Time 0.054 (0.056)	Data 0.009 (0.010)	Loss 0.1443 (0.1110)	Error Ratio 1.6357 (2.3992)
03-02 21:57 INFO     Epoch: [0][4160/11389]	Time 0.055 (0.056)	Data 0.014 (0.010)	Loss 0.0736 (0.1109)	Error Ratio 0.9240 (2.3931)
03-02 21:57 INFO     Epoch: [0][4180/11389]	Time 0.052 (0.056)	Data 0.010 (0.010)	Loss 0.0917 (0.1110)	Error Ratio 2.0866 (2.4162)
03-02 21:57 INFO     Epoch: [0][4200/11389]	Time 0.054 (0.056)	Data 0.011 (0.010)	Loss 0.0830 (0.1109)	Error Ratio 1.0644 (2.4118)
03-02 21:57 INFO     Epoch: [0][4220/11389]	Time 0.072 (0.056)	Data 0.012 (0.010)	Loss 0.1118 (0.1109)	Error Ratio 0.7626 (2.4060)
03-02 21:57 INFO     Epoch: [0][4240/11389]	Time 0.054 (0.056)	Data 0.012 (0.010)	Loss 0.0887 (0.1111)	Error Ratio 3.2053 (2.3989)
03-02 21:57 INFO     Epoch: [0][4260/11389]	Time 0.051 (0.056)	Data 0.010 (0.010)	Loss 0.0824 (0.1110)	Error Ratio 0.8312 (2.3949)
03-02 21:57 INFO     Epoch: [0][4280/11389]	Time 0.060 (0.056)	Data 0.011 (0.010)	Loss 0.1066 (0.1110)	Error Ratio 0.6831 (2.3917)
03-02 21:57 INFO     Epoch: [0][4300/11389]	Time 0.054 (0.056)	Data 0.011 (0.010)	Loss 0.1004 (0.1110)	Error Ratio 0.4783 (2.3864)
03-02 21:57 INFO     Epoch: [0][4320/11389]	Time 0.074 (0.056)	Data 0.011 (0.010)	Loss 0.1029 (0.1109)	Error Ratio 0.9461 (2.3809)
03-02 21:57 INFO     Epoch: [0][4340/11389]	Time 0.056 (0.056)	Data 0.011 (0.010)	Loss 0.1756 (0.1109)	Error Ratio 0.9850 (2.3736)
03-02 21:57 INFO     Epoch: [0][4360/11389]	Time 0.063 (0.056)	Data 0.015 (0.010)	Loss 0.0734 (0.1108)	Error Ratio 0.6253 (2.3671)
03-02 21:57 INFO     Epoch: [0][4380/11389]	Time 0.067 (0.056)	Data 0.010 (0.010)	Loss 0.2740 (0.1108)	Error Ratio 0.4850 (2.3657)
03-02 21:57 INFO     Epoch: [0][4400/11389]	Time 0.053 (0.056)	Data 0.011 (0.010)	Loss 0.1043 (0.1108)	Error Ratio 1.3785 (2.3602)
03-02 21:57 INFO     Epoch: [0][4420/11389]	Time 0.058 (0.056)	Data 0.005 (0.010)	Loss 0.0944 (0.1108)	Error Ratio 0.5280 (2.3529)
03-02 21:57 INFO     Epoch: [0][4440/11389]	Time 0.053 (0.056)	Data 0.011 (0.010)	Loss 0.1076 (0.1107)	Error Ratio 0.6159 (2.3459)
03-02 21:57 INFO     Epoch: [0][4460/11389]	Time 0.047 (0.056)	Data 0.006 (0.010)	Loss 0.0736 (0.1106)	Error Ratio 0.7042 (2.3423)
03-02 21:57 INFO     Epoch: [0][4480/11389]	Time 0.061 (0.056)	Data 0.009 (0.010)	Loss 0.0854 (0.1106)	Error Ratio 0.6967 (2.3383)
03-02 21:57 INFO     Epoch: [0][4500/11389]	Time 0.055 (0.056)	Data 0.009 (0.010)	Loss 0.0826 (0.1105)	Error Ratio 0.3971 (2.3330)
03-02 21:57 INFO     Epoch: [0][4520/11389]	Time 0.060 (0.056)	Data 0.011 (0.010)	Loss 0.0889 (0.1105)	Error Ratio 0.7310 (2.3338)
03-02 21:57 INFO     Epoch: [0][4540/11389]	Time 0.058 (0.056)	Data 0.011 (0.010)	Loss 0.4130 (0.1106)	Error Ratio 1.2039 (2.3410)
03-02 21:57 INFO     Epoch: [0][4560/11389]	Time 0.051 (0.056)	Data 0.009 (0.010)	Loss 0.0711 (0.1105)	Error Ratio 0.7551 (2.3366)
03-02 21:57 INFO     Epoch: [0][4580/11389]	Time 0.070 (0.056)	Data 0.011 (0.010)	Loss 0.0919 (0.1105)	Error Ratio 3.5288 (2.3401)
03-02 21:57 INFO     Epoch: [0][4600/11389]	Time 0.052 (0.056)	Data 0.011 (0.010)	Loss 0.0668 (0.1104)	Error Ratio 0.7088 (2.3521)
03-02 21:57 INFO     Epoch: [0][4620/11389]	Time 0.053 (0.056)	Data 0.009 (0.010)	Loss 0.0551 (0.1104)	Error Ratio 0.4305 (2.3460)
03-02 21:57 INFO     Epoch: [0][4640/11389]	Time 0.066 (0.056)	Data 0.011 (0.010)	Loss 0.1049 (0.1103)	Error Ratio 0.4864 (2.3395)
03-02 21:58 INFO     Epoch: [0][4660/11389]	Time 0.051 (0.056)	Data 0.010 (0.010)	Loss 0.1733 (0.1103)	Error Ratio 6.0491 (2.3403)
03-02 21:58 INFO     Epoch: [0][4680/11389]	Time 0.055 (0.056)	Data 0.007 (0.010)	Loss 0.1008 (0.1103)	Error Ratio 3.5944 (2.3387)
03-02 21:58 INFO     Epoch: [0][4700/11389]	Time 0.059 (0.056)	Data 0.009 (0.010)	Loss 0.1163 (0.1102)	Error Ratio 1.0530 (2.3340)
03-02 21:58 INFO     Epoch: [0][4720/11389]	Time 0.054 (0.056)	Data 0.013 (0.010)	Loss 0.0669 (0.1102)	Error Ratio 0.5016 (2.3346)
03-02 21:58 INFO     Epoch: [0][4740/11389]	Time 0.053 (0.056)	Data 0.011 (0.010)	Loss 0.0744 (0.1102)	Error Ratio 0.7175 (2.3351)
03-02 21:58 INFO     Epoch: [0][4760/11389]	Time 0.070 (0.056)	Data 0.006 (0.010)	Loss 0.1280 (0.1102)	Error Ratio 0.3969 (2.3307)
03-02 21:58 INFO     Epoch: [0][4780/11389]	Time 0.053 (0.056)	Data 0.010 (0.010)	Loss 0.0499 (0.1101)	Error Ratio 1.0045 (2.3595)
03-02 21:58 INFO     Epoch: [0][4800/11389]	Time 0.059 (0.056)	Data 0.010 (0.010)	Loss 0.0557 (0.1100)	Error Ratio 29.3262 (2.3583)
03-02 21:58 INFO     Epoch: [0][4820/11389]	Time 0.051 (0.056)	Data 0.010 (0.010)	Loss 0.1064 (0.1100)	Error Ratio 0.4767 (2.3523)
03-02 21:58 INFO     Epoch: [0][4840/11389]	Time 0.050 (0.056)	Data 0.008 (0.010)	Loss 0.1202 (0.1100)	Error Ratio 2.4520 (2.3473)
03-02 21:58 INFO     Epoch: [0][4860/11389]	Time 0.052 (0.056)	Data 0.010 (0.010)	Loss 0.0826 (0.1100)	Error Ratio 0.7360 (2.3437)
03-02 21:58 INFO     Epoch: [0][4880/11389]	Time 0.049 (0.056)	Data 0.009 (0.010)	Loss 0.0706 (0.1101)	Error Ratio 0.8489 (2.6116)
03-02 21:58 INFO     Epoch: [0][4900/11389]	Time 0.064 (0.056)	Data 0.013 (0.010)	Loss 0.0645 (0.1101)	Error Ratio 1.2017 (2.6047)
03-02 21:58 INFO     Epoch: [0][4920/11389]	Time 0.069 (0.056)	Data 0.014 (0.010)	Loss 0.1540 (0.1102)	Error Ratio 18.9648 (2.6028)
03-02 21:58 INFO     Epoch: [0][4940/11389]	Time 0.081 (0.056)	Data 0.011 (0.010)	Loss 0.1294 (0.1102)	Error Ratio 0.7707 (2.5959)
03-02 21:58 INFO     Epoch: [0][4960/11389]	Time 0.047 (0.056)	Data 0.005 (0.010)	Loss 0.0986 (0.1101)	Error Ratio 0.7108 (2.5890)
03-02 21:58 INFO     Epoch: [0][4980/11389]	Time 0.050 (0.056)	Data 0.008 (0.010)	Loss 0.0669 (0.1100)	Error Ratio 0.5091 (2.5842)
03-02 21:58 INFO     Epoch: [0][5000/11389]	Time 0.048 (0.056)	Data 0.008 (0.010)	Loss 0.1398 (0.1100)	Error Ratio 0.5841 (2.5811)
03-02 21:58 INFO     Epoch: [0][5020/11389]	Time 0.053 (0.056)	Data 0.009 (0.010)	Loss 0.0768 (0.1100)	Error Ratio 0.6238 (2.5891)
03-02 21:58 INFO     Epoch: [0][5040/11389]	Time 0.052 (0.056)	Data 0.011 (0.010)	Loss 0.0832 (0.1100)	Error Ratio 0.8488 (2.5819)
03-02 21:58 INFO     Epoch: [0][5060/11389]	Time 0.056 (0.056)	Data 0.014 (0.010)	Loss 0.0907 (0.1101)	Error Ratio 0.6210 (2.6141)
03-02 21:58 INFO     Epoch: [0][5080/11389]	Time 0.058 (0.056)	Data 0.010 (0.010)	Loss 0.0750 (0.1100)	Error Ratio 0.8528 (2.6067)
03-02 21:58 INFO     Epoch: [0][5100/11389]	Time 0.053 (0.056)	Data 0.009 (0.010)	Loss 0.0766 (0.1099)	Error Ratio 14.4796 (2.6028)
03-02 21:58 INFO     Epoch: [0][5120/11389]	Time 0.071 (0.056)	Data 0.007 (0.010)	Loss 0.0834 (0.1099)	Error Ratio 0.6773 (2.5959)
03-02 21:58 INFO     Epoch: [0][5140/11389]	Time 0.055 (0.056)	Data 0.011 (0.010)	Loss 0.1251 (0.1098)	Error Ratio 0.9562 (2.5889)
03-02 21:58 INFO     Epoch: [0][5160/11389]	Time 0.055 (0.056)	Data 0.011 (0.010)	Loss 0.0927 (0.1099)	Error Ratio 0.7450 (2.5888)
03-02 21:58 INFO     Epoch: [0][5180/11389]	Time 0.058 (0.056)	Data 0.017 (0.010)	Loss 0.0817 (0.1099)	Error Ratio 0.4641 (2.5845)
03-02 21:58 INFO     Epoch: [0][5200/11389]	Time 0.050 (0.056)	Data 0.009 (0.010)	Loss 0.1152 (0.1098)	Error Ratio 1.1957 (2.5926)
03-02 21:58 INFO     Epoch: [0][5220/11389]	Time 0.063 (0.056)	Data 0.013 (0.010)	Loss 0.1010 (0.1098)	Error Ratio 1.0696 (2.5870)
03-02 21:58 INFO     Epoch: [0][5240/11389]	Time 0.062 (0.056)	Data 0.010 (0.010)	Loss 0.0904 (0.1098)	Error Ratio 0.6801 (2.5804)
03-02 21:58 INFO     Epoch: [0][5260/11389]	Time 0.047 (0.056)	Data 0.006 (0.010)	Loss 0.0815 (0.1098)	Error Ratio 0.6803 (2.5749)
03-02 21:58 INFO     Epoch: [0][5280/11389]	Time 0.067 (0.056)	Data 0.007 (0.010)	Loss 0.1286 (0.1098)	Error Ratio 0.5770 (2.5689)
03-02 21:58 INFO     Epoch: [0][5300/11389]	Time 0.049 (0.056)	Data 0.009 (0.010)	Loss 0.0552 (0.1098)	Error Ratio 0.8636 (2.5643)
03-02 21:58 INFO     Epoch: [0][5320/11389]	Time 0.055 (0.056)	Data 0.011 (0.010)	Loss 0.1554 (0.1098)	Error Ratio 0.8280 (2.5599)
03-02 21:58 INFO     Epoch: [0][5340/11389]	Time 0.054 (0.056)	Data 0.010 (0.010)	Loss 0.1029 (0.1097)	Error Ratio 1.6161 (2.5536)
03-02 21:58 INFO     Epoch: [0][5360/11389]	Time 0.052 (0.056)	Data 0.011 (0.010)	Loss 0.0533 (0.1096)	Error Ratio 0.6993 (2.5594)
03-02 21:58 INFO     Epoch: [0][5380/11389]	Time 0.054 (0.056)	Data 0.007 (0.010)	Loss 0.1300 (0.1097)	Error Ratio 0.9656 (2.5536)
03-02 21:58 INFO     Epoch: [0][5400/11389]	Time 0.052 (0.056)	Data 0.011 (0.010)	Loss 0.0992 (0.1096)	Error Ratio 1.7234 (2.5605)
03-02 21:58 INFO     Epoch: [0][5420/11389]	Time 0.057 (0.056)	Data 0.011 (0.010)	Loss 0.0824 (0.1097)	Error Ratio 0.5717 (2.5549)
03-02 21:58 INFO     Epoch: [0][5440/11389]	Time 0.057 (0.056)	Data 0.009 (0.010)	Loss 0.0739 (0.1096)	Error Ratio 0.5864 (2.5488)
03-02 21:58 INFO     Epoch: [0][5460/11389]	Time 0.063 (0.056)	Data 0.011 (0.010)	Loss 0.0844 (0.1096)	Error Ratio 0.7425 (2.5426)
03-02 21:58 INFO     Epoch: [0][5480/11389]	Time 0.064 (0.056)	Data 0.011 (0.010)	Loss 0.0825 (0.1095)	Error Ratio 0.7115 (2.5373)
03-02 21:58 INFO     Epoch: [0][5500/11389]	Time 0.054 (0.056)	Data 0.008 (0.010)	Loss 0.1028 (0.1095)	Error Ratio 0.7618 (2.5320)
03-02 21:58 INFO     Epoch: [0][5520/11389]	Time 0.052 (0.056)	Data 0.011 (0.010)	Loss 0.1212 (0.1094)	Error Ratio 0.6492 (2.5256)
03-02 21:58 INFO     Epoch: [0][5540/11389]	Time 0.050 (0.056)	Data 0.010 (0.010)	Loss 0.0968 (0.1094)	Error Ratio 0.7090 (2.5360)
03-02 21:58 INFO     Epoch: [0][5560/11389]	Time 0.058 (0.056)	Data 0.009 (0.010)	Loss 0.1014 (0.1094)	Error Ratio 5.1614 (2.5312)
03-02 21:58 INFO     Epoch: [0][5580/11389]	Time 0.057 (0.056)	Data 0.009 (0.010)	Loss 0.0742 (0.1094)	Error Ratio 0.6044 (2.5253)
03-02 21:58 INFO     Epoch: [0][5600/11389]	Time 0.058 (0.056)	Data 0.007 (0.010)	Loss 0.0682 (0.1094)	Error Ratio 0.6026 (2.5309)
03-02 21:58 INFO     Epoch: [0][5620/11389]	Time 0.051 (0.056)	Data 0.010 (0.010)	Loss 0.1479 (0.1093)	Error Ratio 0.6924 (2.5259)
03-02 21:58 INFO     Epoch: [0][5640/11389]	Time 0.057 (0.056)	Data 0.008 (0.010)	Loss 0.1302 (0.1092)	Error Ratio 0.4941 (2.5262)
03-02 21:58 INFO     Epoch: [0][5660/11389]	Time 0.052 (0.056)	Data 0.011 (0.010)	Loss 0.0973 (0.1092)	Error Ratio 0.4763 (2.5267)
03-02 21:58 INFO     Epoch: [0][5680/11389]	Time 0.070 (0.056)	Data 0.008 (0.010)	Loss 0.1553 (0.1092)	Error Ratio 0.5428 (2.5213)
03-02 21:58 INFO     Epoch: [0][5700/11389]	Time 0.065 (0.056)	Data 0.014 (0.010)	Loss 0.0856 (0.1092)	Error Ratio 0.5925 (2.5271)
03-02 21:59 INFO     Epoch: [0][5720/11389]	Time 0.058 (0.056)	Data 0.007 (0.010)	Loss 0.1009 (0.1092)	Error Ratio 1.9491 (2.5321)
03-02 21:59 INFO     Epoch: [0][5740/11389]	Time 0.056 (0.056)	Data 0.014 (0.010)	Loss 0.1634 (0.1092)	Error Ratio 0.9982 (2.5280)
03-02 21:59 INFO     Epoch: [0][5760/11389]	Time 0.054 (0.056)	Data 0.014 (0.010)	Loss 0.1181 (0.1092)	Error Ratio 0.5014 (2.5336)
03-02 21:59 INFO     Epoch: [0][5780/11389]	Time 0.055 (0.056)	Data 0.014 (0.010)	Loss 0.0657 (0.1091)	Error Ratio 6.3609 (2.5315)
03-02 21:59 INFO     Epoch: [0][5800/11389]	Time 0.050 (0.056)	Data 0.009 (0.010)	Loss 0.1082 (0.1090)	Error Ratio 0.6542 (2.5273)
03-02 21:59 INFO     Epoch: [0][5820/11389]	Time 0.047 (0.056)	Data 0.007 (0.010)	Loss 0.0720 (0.1091)	Error Ratio 0.6137 (2.5215)
03-02 21:59 INFO     Epoch: [0][5840/11389]	Time 0.053 (0.056)	Data 0.011 (0.010)	Loss 0.0789 (0.1091)	Error Ratio 0.6462 (2.5298)
03-02 21:59 INFO     Epoch: [0][5860/11389]	Time 0.052 (0.056)	Data 0.007 (0.010)	Loss 0.0760 (0.1091)	Error Ratio 3.2472 (2.5255)
03-02 21:59 INFO     Epoch: [0][5880/11389]	Time 0.054 (0.056)	Data 0.015 (0.010)	Loss 0.0986 (0.1092)	Error Ratio 0.5863 (2.5208)
03-02 21:59 INFO     Epoch: [0][5900/11389]	Time 0.066 (0.056)	Data 0.010 (0.010)	Loss 0.0997 (0.1091)	Error Ratio 0.6636 (2.5164)
03-02 21:59 INFO     Epoch: [0][5920/11389]	Time 0.052 (0.056)	Data 0.010 (0.010)	Loss 0.1234 (0.1091)	Error Ratio 0.3529 (2.5106)
03-02 21:59 INFO     Epoch: [0][5940/11389]	Time 0.066 (0.056)	Data 0.011 (0.010)	Loss 0.1439 (0.1091)	Error Ratio 0.7615 (2.5089)
03-02 21:59 INFO     Epoch: [0][5960/11389]	Time 0.053 (0.056)	Data 0.010 (0.010)	Loss 0.0878 (0.1092)	Error Ratio 1.0262 (2.5053)
03-02 21:59 INFO     Epoch: [0][5980/11389]	Time 0.050 (0.056)	Data 0.006 (0.010)	Loss 0.1257 (0.1093)	Error Ratio 0.6327 (2.4999)
03-02 21:59 INFO     Epoch: [0][6000/11389]	Time 0.059 (0.056)	Data 0.007 (0.010)	Loss 0.0813 (0.1093)	Error Ratio 1.0431 (2.4970)
03-02 21:59 INFO     Epoch: [0][6020/11389]	Time 0.057 (0.056)	Data 0.014 (0.010)	Loss 0.1140 (0.1092)	Error Ratio 1.7424 (2.4933)
03-02 21:59 INFO     Epoch: [0][6040/11389]	Time 0.065 (0.056)	Data 0.014 (0.010)	Loss 0.0692 (0.1092)	Error Ratio 0.7387 (2.4929)
03-02 21:59 INFO     Epoch: [0][6060/11389]	Time 0.057 (0.056)	Data 0.010 (0.010)	Loss 0.1644 (0.1092)	Error Ratio 1.5250 (2.5108)
03-02 21:59 INFO     Epoch: [0][6080/11389]	Time 0.054 (0.056)	Data 0.011 (0.010)	Loss 0.1157 (0.1092)	Error Ratio 0.5708 (2.5055)
03-02 21:59 INFO     Epoch: [0][6100/11389]	Time 0.054 (0.056)	Data 0.010 (0.010)	Loss 0.0807 (0.1092)	Error Ratio 0.4277 (2.5008)
03-02 21:59 INFO     Epoch: [0][6120/11389]	Time 0.057 (0.056)	Data 0.011 (0.010)	Loss 0.1146 (0.1093)	Error Ratio 0.8912 (2.5028)
03-02 21:59 INFO     Epoch: [0][6140/11389]	Time 0.056 (0.056)	Data 0.007 (0.010)	Loss 0.0524 (0.1092)	Error Ratio 0.3450 (2.4996)
03-02 21:59 INFO     Epoch: [0][6160/11389]	Time 0.061 (0.056)	Data 0.010 (0.010)	Loss 0.1184 (0.1092)	Error Ratio 1.6436 (2.4972)
03-02 21:59 INFO     Epoch: [0][6180/11389]	Time 0.070 (0.056)	Data 0.002 (0.010)	Loss 0.0938 (0.1092)	Error Ratio 0.7675 (2.4947)
03-02 21:59 INFO     Epoch: [0][6200/11389]	Time 0.050 (0.056)	Data 0.008 (0.010)	Loss 0.1091 (0.1092)	Error Ratio 0.3643 (2.4923)
03-02 21:59 INFO     Epoch: [0][6220/11389]	Time 0.047 (0.056)	Data 0.006 (0.010)	Loss 0.1097 (0.1093)	Error Ratio 2.3081 (2.4908)
03-02 21:59 INFO     Epoch: [0][6240/11389]	Time 0.054 (0.056)	Data 0.014 (0.010)	Loss 0.0548 (0.1093)	Error Ratio 0.3497 (2.4864)
03-02 21:59 INFO     Epoch: [0][6260/11389]	Time 0.058 (0.056)	Data 0.014 (0.010)	Loss 0.0644 (0.1093)	Error Ratio 0.3595 (2.4822)
03-02 21:59 INFO     Epoch: [0][6280/11389]	Time 0.064 (0.056)	Data 0.009 (0.010)	Loss 0.1318 (0.1093)	Error Ratio 0.6087 (2.4813)
03-02 21:59 INFO     Epoch: [0][6300/11389]	Time 0.056 (0.056)	Data 0.011 (0.010)	Loss 0.0541 (0.1093)	Error Ratio 0.4161 (2.4761)
03-02 21:59 INFO     Epoch: [0][6320/11389]	Time 0.053 (0.056)	Data 0.014 (0.010)	Loss 0.1390 (0.1092)	Error Ratio 0.7188 (2.4723)
03-02 21:59 INFO     Epoch: [0][6340/11389]	Time 0.054 (0.056)	Data 0.015 (0.010)	Loss 0.1309 (0.1093)	Error Ratio 6.3344 (2.4714)
03-02 21:59 INFO     Epoch: [0][6360/11389]	Time 0.078 (0.056)	Data 0.011 (0.010)	Loss 0.0881 (0.1092)	Error Ratio 1.3053 (2.4699)
03-02 21:59 INFO     Epoch: [0][6380/11389]	Time 0.063 (0.056)	Data 0.014 (0.010)	Loss 0.1081 (0.1092)	Error Ratio 0.4595 (2.4644)
03-02 21:59 INFO     Epoch: [0][6400/11389]	Time 0.063 (0.056)	Data 0.012 (0.010)	Loss 0.0691 (0.1092)	Error Ratio 0.6948 (2.4592)
03-02 21:59 INFO     Epoch: [0][6420/11389]	Time 0.056 (0.056)	Data 0.011 (0.010)	Loss 0.0666 (0.1092)	Error Ratio 1.2631 (2.4547)
03-02 21:59 INFO     Epoch: [0][6440/11389]	Time 0.050 (0.056)	Data 0.011 (0.010)	Loss 0.2464 (0.1092)	Error Ratio 0.8993 (2.4530)
03-02 21:59 INFO     Epoch: [0][6460/11389]	Time 0.063 (0.056)	Data 0.009 (0.010)	Loss 0.0523 (0.1095)	Error Ratio 0.5644 (2.4509)
03-02 21:59 INFO     Epoch: [0][6480/11389]	Time 0.048 (0.056)	Data 0.006 (0.010)	Loss 0.0758 (0.1095)	Error Ratio 0.8995 (2.4989)
03-02 21:59 INFO     Epoch: [0][6500/11389]	Time 0.051 (0.056)	Data 0.009 (0.010)	Loss 0.1179 (0.1094)	Error Ratio 0.7513 (2.5125)
03-02 21:59 INFO     Epoch: [0][6520/11389]	Time 0.059 (0.056)	Data 0.014 (0.010)	Loss 0.1178 (0.1094)	Error Ratio 0.7131 (2.5126)
03-02 21:59 INFO     Epoch: [0][6540/11389]	Time 0.059 (0.056)	Data 0.008 (0.010)	Loss 0.1551 (0.1094)	Error Ratio 0.9128 (2.5079)
03-02 21:59 INFO     Epoch: [0][6560/11389]	Time 0.051 (0.056)	Data 0.008 (0.010)	Loss 0.1425 (0.1094)	Error Ratio 0.6863 (2.5041)
03-02 21:59 INFO     Epoch: [0][6580/11389]	Time 0.048 (0.056)	Data 0.008 (0.010)	Loss 0.0809 (0.1093)	Error Ratio 0.3821 (2.5053)
03-02 21:59 INFO     Epoch: [0][6600/11389]	Time 0.063 (0.056)	Data 0.011 (0.010)	Loss 0.1111 (0.1094)	Error Ratio 1.3829 (2.5133)
03-02 21:59 INFO     Epoch: [0][6620/11389]	Time 0.052 (0.056)	Data 0.010 (0.010)	Loss 0.1415 (0.1094)	Error Ratio 0.9259 (2.5113)
03-02 21:59 INFO     Epoch: [0][6640/11389]	Time 0.053 (0.056)	Data 0.009 (0.010)	Loss 0.0946 (0.1094)	Error Ratio 0.5395 (2.5068)
03-02 21:59 INFO     Epoch: [0][6660/11389]	Time 0.051 (0.056)	Data 0.009 (0.010)	Loss 0.0903 (0.1094)	Error Ratio 0.7439 (2.5028)
03-02 21:59 INFO     Epoch: [0][6680/11389]	Time 0.056 (0.056)	Data 0.012 (0.010)	Loss 0.0871 (0.1094)	Error Ratio 0.7818 (2.4977)
03-02 21:59 INFO     Epoch: [0][6700/11389]	Time 0.056 (0.056)	Data 0.004 (0.010)	Loss 0.1534 (0.1096)	Error Ratio 0.6060 (2.4999)
03-02 21:59 INFO     Epoch: [0][6720/11389]	Time 0.055 (0.056)	Data 0.011 (0.010)	Loss 0.1791 (0.1096)	Error Ratio 1.1765 (2.4948)
03-02 21:59 INFO     Epoch: [0][6740/11389]	Time 0.052 (0.056)	Data 0.010 (0.010)	Loss 0.1123 (0.1096)	Error Ratio 4.3627 (2.5024)
03-02 21:59 INFO     Epoch: [0][6760/11389]	Time 0.061 (0.056)	Data 0.011 (0.010)	Loss 0.1093 (0.1096)	Error Ratio 0.5254 (2.5053)
03-02 22:00 INFO     Epoch: [0][6780/11389]	Time 0.056 (0.056)	Data 0.007 (0.010)	Loss 0.1227 (0.1095)	Error Ratio 0.5321 (2.5034)
03-02 22:00 INFO     Epoch: [0][6800/11389]	Time 0.054 (0.056)	Data 0.010 (0.010)	Loss 0.1414 (0.1095)	Error Ratio 0.6409 (2.4986)
03-02 22:00 INFO     Epoch: [0][6820/11389]	Time 0.049 (0.056)	Data 0.009 (0.010)	Loss 0.1317 (0.1095)	Error Ratio 0.6713 (2.4976)
03-02 22:00 INFO     Epoch: [0][6840/11389]	Time 0.057 (0.056)	Data 0.011 (0.010)	Loss 0.0807 (0.1096)	Error Ratio 0.7178 (2.4926)
03-02 22:00 INFO     Epoch: [0][6860/11389]	Time 0.057 (0.056)	Data 0.014 (0.010)	Loss 0.1000 (0.1096)	Error Ratio 0.5259 (2.4988)
03-02 22:00 INFO     Epoch: [0][6880/11389]	Time 0.062 (0.056)	Data 0.009 (0.010)	Loss 0.0664 (0.1096)	Error Ratio 0.5697 (2.5006)
03-02 22:00 INFO     Epoch: [0][6900/11389]	Time 0.054 (0.056)	Data 0.011 (0.010)	Loss 0.1078 (0.1097)	Error Ratio 2.2072 (2.4972)
03-02 22:00 INFO     Epoch: [0][6920/11389]	Time 0.059 (0.056)	Data 0.011 (0.010)	Loss 0.0601 (0.1096)	Error Ratio 1.1364 (2.4930)
03-02 22:00 INFO     Epoch: [0][6940/11389]	Time 0.052 (0.056)	Data 0.009 (0.010)	Loss 0.0886 (0.1096)	Error Ratio 0.3966 (2.4920)
03-02 22:00 INFO     Epoch: [0][6960/11389]	Time 0.054 (0.056)	Data 0.011 (0.010)	Loss 0.3954 (0.1096)	Error Ratio 3.8668 (2.4936)
03-02 22:00 INFO     Epoch: [0][6980/11389]	Time 0.053 (0.056)	Data 0.011 (0.010)	Loss 0.0661 (0.1096)	Error Ratio 1.0280 (2.4945)
03-02 22:00 INFO     Epoch: [0][7000/11389]	Time 0.054 (0.056)	Data 0.009 (0.010)	Loss 0.0826 (0.1096)	Error Ratio 0.8921 (2.4917)
03-02 22:00 INFO     Epoch: [0][7020/11389]	Time 0.054 (0.056)	Data 0.007 (0.010)	Loss 0.0914 (0.1095)	Error Ratio 0.5318 (2.4887)
03-02 22:00 INFO     Epoch: [0][7040/11389]	Time 0.052 (0.056)	Data 0.010 (0.010)	Loss 0.0739 (0.1095)	Error Ratio 1.5889 (2.4847)
03-02 22:00 INFO     Epoch: [0][7060/11389]	Time 0.069 (0.056)	Data 0.009 (0.010)	Loss 0.0958 (0.1095)	Error Ratio 2.8458 (2.4814)
03-02 22:00 INFO     Epoch: [0][7080/11389]	Time 0.051 (0.056)	Data 0.010 (0.010)	Loss 0.0749 (0.1098)	Error Ratio 1.1748 (2.4876)
03-02 22:00 INFO     Epoch: [0][7100/11389]	Time 0.054 (0.056)	Data 0.012 (0.010)	Loss 0.0922 (0.1098)	Error Ratio 1.7722 (2.4841)
03-02 22:00 INFO     Epoch: [0][7120/11389]	Time 0.052 (0.056)	Data 0.012 (0.010)	Loss 0.0786 (0.1099)	Error Ratio 0.4912 (2.4853)
03-02 22:00 INFO     Epoch: [0][7140/11389]	Time 0.052 (0.056)	Data 0.012 (0.010)	Loss 0.1133 (0.1098)	Error Ratio 0.5888 (2.4815)
03-02 22:00 INFO     Epoch: [0][7160/11389]	Time 0.076 (0.056)	Data 0.009 (0.010)	Loss 0.1209 (0.1098)	Error Ratio 1.0280 (2.4810)
03-02 22:00 INFO     Epoch: [0][7180/11389]	Time 0.072 (0.056)	Data 0.012 (0.010)	Loss 0.0693 (0.1098)	Error Ratio 0.3820 (2.4828)
03-02 22:00 INFO     Epoch: [0][7200/11389]	Time 0.053 (0.056)	Data 0.011 (0.010)	Loss 0.0864 (0.1098)	Error Ratio 0.3800 (2.4785)
03-02 22:00 INFO     Epoch: [0][7220/11389]	Time 0.054 (0.056)	Data 0.009 (0.010)	Loss 0.0644 (0.1098)	Error Ratio 1.0018 (2.4887)
03-02 22:00 INFO     Epoch: [0][7240/11389]	Time 0.052 (0.056)	Data 0.009 (0.010)	Loss 0.0650 (0.1098)	Error Ratio 0.7835 (2.4874)
03-02 22:00 INFO     Epoch: [0][7260/11389]	Time 0.057 (0.056)	Data 0.010 (0.010)	Loss 0.2706 (0.1098)	Error Ratio 0.4929 (2.4826)
03-02 22:00 INFO     Epoch: [0][7280/11389]	Time 0.063 (0.056)	Data 0.009 (0.010)	Loss 0.1474 (0.1098)	Error Ratio 5.8621 (2.4940)
03-02 22:00 INFO     Epoch: [0][7300/11389]	Time 0.054 (0.056)	Data 0.010 (0.010)	Loss 0.1066 (0.1098)	Error Ratio 1.8335 (2.4994)
03-02 22:00 INFO     Epoch: [0][7320/11389]	Time 0.050 (0.056)	Data 0.008 (0.010)	Loss 0.0845 (0.1101)	Error Ratio 0.6040 (2.4965)
03-02 22:00 INFO     Epoch: [0][7340/11389]	Time 0.055 (0.056)	Data 0.011 (0.010)	Loss 0.0995 (0.1101)	Error Ratio 0.3783 (2.4922)
03-02 22:00 INFO     Epoch: [0][7360/11389]	Time 0.069 (0.056)	Data 0.009 (0.010)	Loss 0.1560 (0.1101)	Error Ratio 1.6092 (2.4903)
03-02 22:00 INFO     Epoch: [0][7380/11389]	Time 0.056 (0.056)	Data 0.012 (0.010)	Loss 0.0851 (0.1101)	Error Ratio 1.4494 (2.4902)
03-02 22:00 INFO     Epoch: [0][7400/11389]	Time 0.058 (0.056)	Data 0.008 (0.010)	Loss 0.0810 (0.1101)	Error Ratio 2.3032 (2.4882)
03-02 22:00 INFO     Epoch: [0][7420/11389]	Time 0.070 (0.056)	Data 0.014 (0.010)	Loss 0.0927 (0.1101)	Error Ratio 18.9542 (2.4879)
03-02 22:00 INFO     Epoch: [0][7440/11389]	Time 0.061 (0.056)	Data 0.010 (0.010)	Loss 0.1411 (0.1100)	Error Ratio 0.8165 (2.4892)
03-02 22:00 INFO     Epoch: [0][7460/11389]	Time 0.059 (0.056)	Data 0.008 (0.010)	Loss 0.1274 (0.1100)	Error Ratio 0.5504 (2.4855)
03-02 22:00 INFO     Epoch: [0][7480/11389]	Time 0.059 (0.056)	Data 0.011 (0.010)	Loss 0.0730 (0.1100)	Error Ratio 0.8663 (2.4912)
03-02 22:00 INFO     Epoch: [0][7500/11389]	Time 0.062 (0.056)	Data 0.009 (0.010)	Loss 0.0777 (0.1100)	Error Ratio 0.4634 (2.4945)
03-02 22:00 INFO     Epoch: [0][7520/11389]	Time 0.050 (0.056)	Data 0.010 (0.010)	Loss 0.0836 (0.1100)	Error Ratio 1.2585 (2.4901)
03-02 22:00 INFO     Epoch: [0][7540/11389]	Time 0.061 (0.056)	Data 0.011 (0.010)	Loss 0.0498 (0.1100)	Error Ratio 0.5055 (2.4854)
03-02 22:00 INFO     Epoch: [0][7560/11389]	Time 0.061 (0.056)	Data 0.009 (0.010)	Loss 0.1552 (0.1100)	Error Ratio 0.3769 (2.4817)
03-02 22:00 INFO     Epoch: [0][7580/11389]	Time 0.052 (0.056)	Data 0.010 (0.010)	Loss 0.1725 (0.1100)	Error Ratio 0.8166 (2.4873)
03-02 22:00 INFO     Epoch: [0][7600/11389]	Time 0.065 (0.056)	Data 0.007 (0.010)	Loss 0.0994 (0.1099)	Error Ratio 0.3435 (2.4886)
03-02 22:00 INFO     Epoch: [0][7620/11389]	Time 0.057 (0.056)	Data 0.009 (0.010)	Loss 0.1305 (0.1100)	Error Ratio 0.6001 (2.4860)
03-02 22:00 INFO     Epoch: [0][7640/11389]	Time 0.052 (0.056)	Data 0.009 (0.010)	Loss 0.1273 (0.1100)	Error Ratio 0.6077 (2.4816)
03-02 22:00 INFO     Epoch: [0][7660/11389]	Time 0.063 (0.056)	Data 0.009 (0.010)	Loss 0.1187 (0.1100)	Error Ratio 0.5665 (2.4777)
03-02 22:00 INFO     Epoch: [0][7680/11389]	Time 0.064 (0.056)	Data 0.011 (0.010)	Loss 0.0562 (0.1099)	Error Ratio 1.0191 (2.4829)
03-02 22:00 INFO     Epoch: [0][7700/11389]	Time 0.055 (0.056)	Data 0.011 (0.010)	Loss 0.1046 (0.1099)	Error Ratio 0.4609 (2.4860)
03-02 22:00 INFO     Epoch: [0][7720/11389]	Time 0.067 (0.056)	Data 0.011 (0.010)	Loss 0.5573 (0.1101)	Error Ratio 4.5158 (2.4819)
03-02 22:00 INFO     Epoch: [0][7740/11389]	Time 0.047 (0.056)	Data 0.008 (0.010)	Loss 0.1063 (0.1102)	Error Ratio 0.6325 (2.4778)
03-02 22:00 INFO     Epoch: [0][7760/11389]	Time 0.052 (0.056)	Data 0.011 (0.010)	Loss 0.0651 (0.1102)	Error Ratio 0.8103 (2.4747)
03-02 22:00 INFO     Epoch: [0][7780/11389]	Time 0.058 (0.056)	Data 0.010 (0.010)	Loss 0.1628 (0.1101)	Error Ratio 1.5010 (2.4737)
03-02 22:00 INFO     Epoch: [0][7800/11389]	Time 0.061 (0.056)	Data 0.009 (0.010)	Loss 0.0982 (0.1101)	Error Ratio 0.6099 (2.4724)
03-02 22:00 INFO     Epoch: [0][7820/11389]	Time 0.053 (0.056)	Data 0.010 (0.010)	Loss 0.0783 (0.1100)	Error Ratio 1.9040 (2.4692)
03-02 22:01 INFO     Epoch: [0][7840/11389]	Time 0.060 (0.056)	Data 0.007 (0.010)	Loss 0.0874 (0.1100)	Error Ratio 0.9370 (2.4689)
03-02 22:01 INFO     Epoch: [0][7860/11389]	Time 0.054 (0.056)	Data 0.009 (0.010)	Loss 0.1133 (0.1100)	Error Ratio 0.7787 (2.4649)
03-02 22:01 INFO     Epoch: [0][7880/11389]	Time 0.053 (0.056)	Data 0.011 (0.010)	Loss 0.0912 (0.1100)	Error Ratio 0.4730 (2.4727)
03-02 22:01 INFO     Epoch: [0][7900/11389]	Time 0.048 (0.056)	Data 0.008 (0.010)	Loss 0.0773 (0.1101)	Error Ratio 0.4018 (2.4685)
03-02 22:01 INFO     Epoch: [0][7920/11389]	Time 0.048 (0.056)	Data 0.008 (0.010)	Loss 0.1559 (0.1101)	Error Ratio 0.6277 (2.4642)
03-02 22:01 INFO     Epoch: [0][7940/11389]	Time 0.050 (0.056)	Data 0.010 (0.010)	Loss 0.0774 (0.1101)	Error Ratio 14.5352 (2.4658)
03-02 22:01 INFO     Epoch: [0][7960/11389]	Time 0.069 (0.056)	Data 0.006 (0.010)	Loss 0.1099 (0.1105)	Error Ratio 0.7163 (2.4686)
03-02 22:01 INFO     Epoch: [0][7980/11389]	Time 0.053 (0.056)	Data 0.006 (0.010)	Loss 0.0785 (0.1106)	Error Ratio 1.0900 (2.4652)
03-02 22:01 INFO     Epoch: [0][8000/11389]	Time 0.052 (0.056)	Data 0.007 (0.010)	Loss 0.1004 (0.1105)	Error Ratio 0.8920 (2.4619)
03-02 22:01 INFO     Epoch: [0][8020/11389]	Time 0.061 (0.056)	Data 0.008 (0.010)	Loss 0.0551 (0.1105)	Error Ratio 2.3428 (2.4590)
03-02 22:01 INFO     Epoch: [0][8040/11389]	Time 0.049 (0.056)	Data 0.010 (0.010)	Loss 0.1352 (0.1105)	Error Ratio 0.8118 (2.4569)
03-02 22:01 INFO     Epoch: [0][8060/11389]	Time 0.053 (0.056)	Data 0.010 (0.010)	Loss 0.0812 (0.1105)	Error Ratio 1.0807 (2.4543)
03-02 22:01 INFO     Epoch: [0][8080/11389]	Time 0.056 (0.056)	Data 0.009 (0.010)	Loss 0.0716 (0.1105)	Error Ratio 0.5131 (2.4505)
03-02 22:01 INFO     Epoch: [0][8100/11389]	Time 0.053 (0.056)	Data 0.011 (0.010)	Loss 0.0503 (0.1105)	Error Ratio 0.8336 (2.4525)
03-02 22:01 INFO     Epoch: [0][8120/11389]	Time 0.064 (0.056)	Data 0.017 (0.010)	Loss 0.1156 (0.1105)	Error Ratio 2.4838 (2.4486)
03-02 22:01 INFO     Epoch: [0][8140/11389]	Time 0.052 (0.056)	Data 0.010 (0.010)	Loss 0.0605 (0.1105)	Error Ratio 0.6891 (2.4447)
03-02 22:01 INFO     Epoch: [0][8160/11389]	Time 0.066 (0.056)	Data 0.011 (0.010)	Loss 0.0762 (0.1106)	Error Ratio 1.4916 (2.4434)
03-02 22:01 INFO     Epoch: [0][8180/11389]	Time 0.053 (0.056)	Data 0.011 (0.010)	Loss 0.1144 (0.1106)	Error Ratio 0.3863 (2.4415)
03-02 22:01 INFO     Epoch: [0][8200/11389]	Time 0.058 (0.056)	Data 0.011 (0.010)	Loss 0.1593 (0.1106)	Error Ratio 0.9680 (2.4383)
03-02 22:01 INFO     Epoch: [0][8220/11389]	Time 0.056 (0.056)	Data 0.012 (0.010)	Loss 0.1263 (0.1106)	Error Ratio 0.5667 (2.4407)
03-02 22:01 INFO     Epoch: [0][8240/11389]	Time 0.053 (0.056)	Data 0.011 (0.010)	Loss 0.1302 (0.1106)	Error Ratio 4.6863 (2.4379)
03-02 22:01 INFO     Epoch: [0][8260/11389]	Time 0.051 (0.056)	Data 0.011 (0.010)	Loss 0.1575 (0.1105)	Error Ratio 1.9583 (2.4360)
03-02 22:01 INFO     Epoch: [0][8280/11389]	Time 0.049 (0.056)	Data 0.008 (0.010)	Loss 0.1117 (0.1105)	Error Ratio 0.7473 (2.4325)
03-02 22:01 INFO     Epoch: [0][8300/11389]	Time 0.054 (0.056)	Data 0.007 (0.010)	Loss 0.1160 (0.1105)	Error Ratio 0.8954 (2.4428)
03-02 22:01 INFO     Epoch: [0][8320/11389]	Time 0.061 (0.056)	Data 0.011 (0.010)	Loss 0.0788 (0.1105)	Error Ratio 0.5486 (2.4498)
03-02 22:01 INFO     Epoch: [0][8340/11389]	Time 0.055 (0.056)	Data 0.011 (0.010)	Loss 0.1029 (0.1105)	Error Ratio 0.5638 (2.4465)
03-02 22:01 INFO     Epoch: [0][8360/11389]	Time 0.069 (0.056)	Data 0.008 (0.010)	Loss 0.0739 (0.1105)	Error Ratio 1.0455 (2.4428)
03-02 22:01 INFO     Epoch: [0][8380/11389]	Time 0.053 (0.056)	Data 0.011 (0.010)	Loss 0.0588 (0.1104)	Error Ratio 0.5941 (2.4386)
03-02 22:01 INFO     Epoch: [0][8400/11389]	Time 0.070 (0.056)	Data 0.009 (0.010)	Loss 0.0890 (0.1104)	Error Ratio 1.7786 (2.4362)
03-02 22:01 INFO     Epoch: [0][8420/11389]	Time 0.058 (0.056)	Data 0.011 (0.010)	Loss 0.4927 (0.1104)	Error Ratio 0.6608 (2.4334)
03-02 22:01 INFO     Epoch: [0][8440/11389]	Time 0.050 (0.056)	Data 0.011 (0.010)	Loss 0.1367 (0.1105)	Error Ratio 0.6560 (2.6182)
03-02 22:01 INFO     Epoch: [0][8460/11389]	Time 0.061 (0.056)	Data 0.016 (0.010)	Loss 0.0801 (0.1105)	Error Ratio 9.4464 (2.6227)
03-02 22:01 INFO     Epoch: [0][8480/11389]	Time 0.056 (0.056)	Data 0.011 (0.010)	Loss 0.0906 (0.1105)	Error Ratio 0.5682 (2.6185)
03-02 22:01 INFO     Epoch: [0][8500/11389]	Time 0.064 (0.056)	Data 0.014 (0.010)	Loss 0.0947 (0.1104)	Error Ratio 0.5737 (2.6205)
03-02 22:01 INFO     Epoch: [0][8520/11389]	Time 0.060 (0.056)	Data 0.010 (0.010)	Loss 0.0730 (0.1104)	Error Ratio 0.3998 (2.6166)
03-02 22:01 INFO     Epoch: [0][8540/11389]	Time 0.052 (0.056)	Data 0.010 (0.010)	Loss 0.0494 (0.1104)	Error Ratio 0.4634 (2.6143)
03-02 22:01 INFO     Epoch: [0][8560/11389]	Time 0.055 (0.056)	Data 0.006 (0.010)	Loss 0.0778 (0.1104)	Error Ratio 0.5827 (2.6112)
03-02 22:01 INFO     Epoch: [0][8580/11389]	Time 0.063 (0.056)	Data 0.010 (0.010)	Loss 0.0500 (0.1104)	Error Ratio 0.4501 (2.6074)
03-02 22:01 INFO     Epoch: [0][8600/11389]	Time 0.065 (0.056)	Data 0.014 (0.010)	Loss 0.2036 (0.1104)	Error Ratio 1.8215 (2.6036)
03-02 22:01 INFO     Epoch: [0][8620/11389]	Time 0.057 (0.056)	Data 0.013 (0.010)	Loss 0.0686 (0.1103)	Error Ratio 0.5791 (2.5997)
03-02 22:01 INFO     Epoch: [0][8640/11389]	Time 0.058 (0.056)	Data 0.009 (0.010)	Loss 0.1053 (0.1104)	Error Ratio 0.5319 (2.5987)
03-02 22:01 INFO     Epoch: [0][8660/11389]	Time 0.053 (0.056)	Data 0.014 (0.010)	Loss 0.0583 (0.1104)	Error Ratio 0.4530 (2.5962)
03-02 22:01 INFO     Epoch: [0][8680/11389]	Time 0.057 (0.056)	Data 0.012 (0.010)	Loss 0.0892 (0.1104)	Error Ratio 0.3699 (2.5940)
03-02 22:01 INFO     Epoch: [0][8700/11389]	Time 0.050 (0.056)	Data 0.008 (0.010)	Loss 0.0775 (0.1104)	Error Ratio 0.6471 (2.5901)
03-02 22:01 INFO     Epoch: [0][8720/11389]	Time 0.052 (0.056)	Data 0.009 (0.010)	Loss 0.0660 (0.1104)	Error Ratio 0.6519 (2.5866)
03-02 22:01 INFO     Epoch: [0][8740/11389]	Time 0.054 (0.056)	Data 0.013 (0.010)	Loss 0.0828 (0.1104)	Error Ratio 0.5447 (2.5833)
03-02 22:01 INFO     Epoch: [0][8760/11389]	Time 0.052 (0.056)	Data 0.011 (0.010)	Loss 0.0617 (0.1104)	Error Ratio 0.5029 (2.5802)
03-02 22:01 INFO     Epoch: [0][8780/11389]	Time 0.058 (0.056)	Data 0.008 (0.010)	Loss 0.0588 (0.1104)	Error Ratio 1.4902 (2.5771)
03-02 22:01 INFO     Epoch: [0][8800/11389]	Time 0.059 (0.056)	Data 0.010 (0.010)	Loss 0.1775 (0.1104)	Error Ratio 0.9168 (2.5764)
03-02 22:01 INFO     Epoch: [0][8820/11389]	Time 0.051 (0.056)	Data 0.011 (0.010)	Loss 0.0780 (0.1104)	Error Ratio 0.5054 (2.5725)
03-02 22:01 INFO     Epoch: [0][8840/11389]	Time 0.053 (0.056)	Data 0.011 (0.010)	Loss 0.0821 (0.1104)	Error Ratio 0.8034 (2.5685)
03-02 22:01 INFO     Epoch: [0][8860/11389]	Time 0.054 (0.056)	Data 0.014 (0.010)	Loss 0.1073 (0.1104)	Error Ratio 0.6293 (2.5695)
03-02 22:01 INFO     Epoch: [0][8880/11389]	Time 0.050 (0.056)	Data 0.006 (0.010)	Loss 0.1643 (0.1105)	Error Ratio 0.9818 (2.5667)
03-02 22:01 INFO     Epoch: [0][8900/11389]	Time 0.051 (0.056)	Data 0.010 (0.010)	Loss 0.1202 (0.1104)	Error Ratio 0.4839 (2.5657)
03-02 22:02 INFO     Epoch: [0][8920/11389]	Time 0.061 (0.056)	Data 0.010 (0.010)	Loss 0.0488 (0.1104)	Error Ratio 0.9113 (2.5631)
03-02 22:02 INFO     Epoch: [0][8940/11389]	Time 0.056 (0.056)	Data 0.011 (0.010)	Loss 0.0682 (0.1104)	Error Ratio 1.8358 (2.5611)
03-02 22:02 INFO     Epoch: [0][8960/11389]	Time 0.070 (0.056)	Data 0.010 (0.010)	Loss 0.1122 (0.1104)	Error Ratio 0.4049 (2.5612)
03-02 22:02 INFO     Epoch: [0][8980/11389]	Time 0.066 (0.056)	Data 0.006 (0.010)	Loss 0.0751 (0.1103)	Error Ratio 2.0489 (2.5571)
03-02 22:02 INFO     Epoch: [0][9000/11389]	Time 0.066 (0.056)	Data 0.011 (0.010)	Loss 0.1051 (0.1103)	Error Ratio 1.4543 (2.5544)
03-02 22:02 INFO     Epoch: [0][9020/11389]	Time 0.056 (0.056)	Data 0.014 (0.010)	Loss 0.0742 (0.1103)	Error Ratio 1.9540 (2.5509)
03-02 22:02 INFO     Epoch: [0][9040/11389]	Time 0.048 (0.056)	Data 0.006 (0.010)	Loss 0.1247 (0.1103)	Error Ratio 1.1060 (2.5470)
03-02 22:02 INFO     Epoch: [0][9060/11389]	Time 0.050 (0.056)	Data 0.007 (0.010)	Loss 0.0863 (0.1102)	Error Ratio 0.6606 (2.5436)
03-02 22:02 INFO     Epoch: [0][9080/11389]	Time 0.060 (0.056)	Data 0.011 (0.010)	Loss 0.1185 (0.1103)	Error Ratio 0.7816 (2.5423)
03-02 22:02 INFO     Epoch: [0][9100/11389]	Time 0.049 (0.056)	Data 0.007 (0.010)	Loss 0.1078 (0.1102)	Error Ratio 2.5416 (2.5390)
03-02 22:02 INFO     Epoch: [0][9120/11389]	Time 0.055 (0.056)	Data 0.014 (0.010)	Loss 0.0672 (0.1102)	Error Ratio 0.4562 (2.5383)
03-02 22:02 INFO     Epoch: [0][9140/11389]	Time 0.059 (0.056)	Data 0.009 (0.010)	Loss 0.0798 (0.1101)	Error Ratio 1.0568 (2.5363)
03-02 22:02 INFO     Epoch: [0][9160/11389]	Time 0.050 (0.056)	Data 0.009 (0.010)	Loss 0.0822 (0.1101)	Error Ratio 0.5450 (2.5344)
03-02 22:02 INFO     Epoch: [0][9180/11389]	Time 0.060 (0.056)	Data 0.015 (0.010)	Loss 0.0470 (0.1101)	Error Ratio 1.7664 (2.5315)
03-02 22:02 INFO     Epoch: [0][9200/11389]	Time 0.056 (0.056)	Data 0.011 (0.010)	Loss 0.0700 (0.1102)	Error Ratio 0.5839 (2.5280)
03-02 22:02 INFO     Epoch: [0][9220/11389]	Time 0.063 (0.056)	Data 0.014 (0.010)	Loss 0.0736 (0.1102)	Error Ratio 0.6223 (2.5255)
03-02 22:02 INFO     Epoch: [0][9240/11389]	Time 0.068 (0.056)	Data 0.008 (0.010)	Loss 0.0719 (0.1102)	Error Ratio 0.7547 (2.5219)
03-02 22:02 INFO     Epoch: [0][9260/11389]	Time 0.057 (0.056)	Data 0.009 (0.010)	Loss 0.2559 (0.1102)	Error Ratio 0.5391 (2.5182)
03-02 22:02 INFO     Epoch: [0][9280/11389]	Time 0.052 (0.056)	Data 0.010 (0.010)	Loss 0.1314 (0.1102)	Error Ratio 0.4375 (2.5201)
03-02 22:02 INFO     Epoch: [0][9300/11389]	Time 0.050 (0.056)	Data 0.007 (0.010)	Loss 0.0766 (0.1101)	Error Ratio 0.4831 (2.5179)
03-02 22:02 INFO     Epoch: [0][9320/11389]	Time 0.051 (0.056)	Data 0.011 (0.010)	Loss 0.1297 (0.1102)	Error Ratio 0.7478 (2.5167)
03-02 22:02 INFO     Epoch: [0][9340/11389]	Time 0.052 (0.056)	Data 0.012 (0.010)	Loss 0.0723 (0.1101)	Error Ratio 0.7997 (2.5154)
03-02 22:02 INFO     Epoch: [0][9360/11389]	Time 0.052 (0.056)	Data 0.008 (0.010)	Loss 0.0933 (0.1101)	Error Ratio 0.8379 (2.5152)
03-02 22:02 INFO     Epoch: [0][9380/11389]	Time 0.052 (0.056)	Data 0.009 (0.010)	Loss 0.0925 (0.1101)	Error Ratio 1.3562 (2.5133)
03-02 22:02 INFO     Epoch: [0][9400/11389]	Time 0.052 (0.056)	Data 0.007 (0.010)	Loss 0.0836 (0.1101)	Error Ratio 0.9047 (2.5132)
03-02 22:02 INFO     Epoch: [0][9420/11389]	Time 0.051 (0.056)	Data 0.009 (0.010)	Loss 0.2401 (0.1102)	Error Ratio 0.6691 (2.5113)
03-02 22:02 INFO     Epoch: [0][9440/11389]	Time 0.067 (0.056)	Data 0.011 (0.010)	Loss 0.1391 (0.1101)	Error Ratio 0.4544 (2.5075)
03-02 22:02 INFO     Epoch: [0][9460/11389]	Time 0.057 (0.056)	Data 0.009 (0.010)	Loss 0.2268 (0.1101)	Error Ratio 1.0295 (2.5075)
03-02 22:02 INFO     Epoch: [0][9480/11389]	Time 0.066 (0.056)	Data 0.013 (0.010)	Loss 0.1229 (0.1101)	Error Ratio 1.5089 (2.5046)
03-02 22:02 INFO     Epoch: [0][9500/11389]	Time 0.050 (0.056)	Data 0.009 (0.010)	Loss 0.0896 (0.1101)	Error Ratio 0.6481 (2.5021)
03-02 22:02 INFO     Epoch: [0][9520/11389]	Time 0.060 (0.056)	Data 0.011 (0.010)	Loss 0.0760 (0.1101)	Error Ratio 1.5468 (2.4994)
03-02 22:02 INFO     Epoch: [0][9540/11389]	Time 0.053 (0.056)	Data 0.011 (0.010)	Loss 0.0698 (0.1101)	Error Ratio 0.6173 (2.4988)
03-02 22:02 INFO     Epoch: [0][9560/11389]	Time 0.061 (0.056)	Data 0.009 (0.010)	Loss 0.0744 (0.1101)	Error Ratio 0.6799 (2.4960)
03-02 22:02 INFO     Epoch: [0][9580/11389]	Time 0.056 (0.056)	Data 0.014 (0.010)	Loss 0.0768 (0.1100)	Error Ratio 0.4921 (2.4928)
03-02 22:02 INFO     Epoch: [0][9600/11389]	Time 0.066 (0.056)	Data 0.011 (0.010)	Loss 0.1227 (0.1100)	Error Ratio 0.7300 (2.4948)
03-02 22:02 INFO     Epoch: [0][9620/11389]	Time 0.047 (0.056)	Data 0.007 (0.010)	Loss 0.0883 (0.1100)	Error Ratio 0.3644 (2.4922)
03-02 22:02 INFO     Epoch: [0][9640/11389]	Time 0.065 (0.056)	Data 0.007 (0.010)	Loss 0.1396 (0.1100)	Error Ratio 0.4921 (2.4890)
03-02 22:02 INFO     Epoch: [0][9660/11389]	Time 0.051 (0.056)	Data 0.012 (0.010)	Loss 0.1224 (0.1100)	Error Ratio 0.5511 (2.4861)
03-02 22:02 INFO     Epoch: [0][9680/11389]	Time 0.049 (0.056)	Data 0.008 (0.010)	Loss 0.0932 (0.1101)	Error Ratio 0.6073 (2.4828)
03-02 22:02 INFO     Epoch: [0][9700/11389]	Time 0.070 (0.056)	Data 0.010 (0.010)	Loss 0.1392 (0.1101)	Error Ratio 0.5832 (2.4799)
03-02 22:02 INFO     Epoch: [0][9720/11389]	Time 0.056 (0.056)	Data 0.009 (0.010)	Loss 0.0708 (0.1102)	Error Ratio 0.5126 (2.4770)
03-02 22:02 INFO     Epoch: [0][9740/11389]	Time 0.051 (0.056)	Data 0.009 (0.010)	Loss 0.0868 (0.1102)	Error Ratio 0.4579 (2.4762)
03-02 22:02 INFO     Epoch: [0][9760/11389]	Time 0.053 (0.056)	Data 0.010 (0.010)	Loss 0.1349 (0.1102)	Error Ratio 0.7614 (2.4768)
03-02 22:02 INFO     Epoch: [0][9780/11389]	Time 0.061 (0.056)	Data 0.011 (0.010)	Loss 0.0807 (0.1103)	Error Ratio 1.0170 (2.4744)
03-02 22:02 INFO     Epoch: [0][9800/11389]	Time 0.058 (0.056)	Data 0.009 (0.010)	Loss 0.1255 (0.1102)	Error Ratio 1.1341 (2.4720)
03-02 22:02 INFO     Epoch: [0][9820/11389]	Time 0.047 (0.056)	Data 0.006 (0.010)	Loss 0.0721 (0.1103)	Error Ratio 0.9281 (2.4696)
03-02 22:02 INFO     Epoch: [0][9840/11389]	Time 0.053 (0.056)	Data 0.011 (0.010)	Loss 0.0882 (0.1103)	Error Ratio 0.4022 (2.4700)
03-02 22:02 INFO     Epoch: [0][9860/11389]	Time 0.066 (0.056)	Data 0.011 (0.010)	Loss 0.0924 (0.1103)	Error Ratio 0.4111 (2.4666)
03-02 22:02 INFO     Epoch: [0][9880/11389]	Time 0.064 (0.056)	Data 0.011 (0.010)	Loss 0.0948 (0.1102)	Error Ratio 0.5961 (2.4635)
03-02 22:02 INFO     Epoch: [0][9900/11389]	Time 0.055 (0.056)	Data 0.010 (0.010)	Loss 0.0687 (0.1102)	Error Ratio 6.1085 (2.4616)
03-02 22:02 INFO     Epoch: [0][9920/11389]	Time 0.061 (0.056)	Data 0.007 (0.010)	Loss 0.1248 (0.1102)	Error Ratio 0.4631 (2.4584)
03-02 22:02 INFO     Epoch: [0][9940/11389]	Time 0.059 (0.056)	Data 0.014 (0.010)	Loss 0.1249 (0.1102)	Error Ratio 0.6908 (2.4571)
03-02 22:02 INFO     Epoch: [0][9960/11389]	Time 0.053 (0.056)	Data 0.011 (0.010)	Loss 0.0784 (0.1102)	Error Ratio 0.3971 (2.4556)
03-02 22:03 INFO     Epoch: [0][9980/11389]	Time 0.050 (0.056)	Data 0.008 (0.010)	Loss 0.1531 (0.1102)	Error Ratio 0.8366 (2.4528)
03-02 22:03 INFO     Epoch: [0][10000/11389]	Time 0.066 (0.056)	Data 0.010 (0.010)	Loss 0.0957 (0.1101)	Error Ratio 0.5076 (2.4557)
03-02 22:03 INFO     Epoch: [0][10020/11389]	Time 0.052 (0.056)	Data 0.013 (0.010)	Loss 0.0793 (0.1102)	Error Ratio 0.6461 (2.4545)
03-02 22:03 INFO     Epoch: [0][10040/11389]	Time 0.059 (0.056)	Data 0.011 (0.010)	Loss 0.0852 (0.1101)	Error Ratio 2.2263 (2.4515)
03-02 22:03 INFO     Epoch: [0][10060/11389]	Time 0.052 (0.056)	Data 0.010 (0.010)	Loss 0.0641 (0.1101)	Error Ratio 0.8330 (2.4494)
03-02 22:03 INFO     Epoch: [0][10080/11389]	Time 0.051 (0.056)	Data 0.008 (0.010)	Loss 0.0719 (0.1101)	Error Ratio 0.7930 (2.4538)
03-02 22:03 INFO     Epoch: [0][10100/11389]	Time 0.053 (0.056)	Data 0.013 (0.010)	Loss 0.0701 (0.1101)	Error Ratio 0.6110 (2.4505)
03-02 22:03 INFO     Epoch: [0][10120/11389]	Time 0.060 (0.056)	Data 0.017 (0.010)	Loss 0.1723 (0.1101)	Error Ratio 1.1977 (2.4471)
03-02 22:03 INFO     Epoch: [0][10140/11389]	Time 0.051 (0.056)	Data 0.010 (0.010)	Loss 0.0889 (0.1101)	Error Ratio 1.1878 (2.4466)
03-02 22:03 INFO     Epoch: [0][10160/11389]	Time 0.061 (0.056)	Data 0.009 (0.010)	Loss 0.0960 (0.1100)	Error Ratio 0.3625 (2.4438)
03-02 22:03 INFO     Epoch: [0][10180/11389]	Time 0.053 (0.056)	Data 0.011 (0.010)	Loss 0.1643 (0.1100)	Error Ratio 1.4157 (2.4468)
03-02 22:03 INFO     Epoch: [0][10200/11389]	Time 0.064 (0.056)	Data 0.011 (0.010)	Loss 0.0578 (0.1100)	Error Ratio 0.8837 (2.4438)
03-02 22:03 INFO     Epoch: [0][10220/11389]	Time 0.051 (0.056)	Data 0.009 (0.010)	Loss 0.0689 (0.1099)	Error Ratio 0.4476 (2.4469)
03-02 22:03 INFO     Epoch: [0][10240/11389]	Time 0.056 (0.056)	Data 0.013 (0.010)	Loss 0.0561 (0.1099)	Error Ratio 1.3107 (2.4442)
03-02 22:03 INFO     Epoch: [0][10260/11389]	Time 0.061 (0.056)	Data 0.009 (0.010)	Loss 0.1084 (0.1099)	Error Ratio 1.1113 (2.4411)
03-02 22:03 INFO     Epoch: [0][10280/11389]	Time 0.054 (0.056)	Data 0.014 (0.010)	Loss 0.0912 (0.1099)	Error Ratio 0.8034 (2.4396)
03-02 22:03 INFO     Epoch: [0][10300/11389]	Time 0.058 (0.056)	Data 0.014 (0.010)	Loss 0.0486 (0.1098)	Error Ratio 0.5637 (2.5115)
03-02 22:03 INFO     Epoch: [0][10320/11389]	Time 0.054 (0.056)	Data 0.011 (0.010)	Loss 0.0991 (0.1098)	Error Ratio 0.4848 (2.5080)
03-02 22:03 INFO     Epoch: [0][10340/11389]	Time 0.051 (0.056)	Data 0.009 (0.010)	Loss 0.1163 (0.1098)	Error Ratio 0.5545 (2.5160)
03-02 22:03 INFO     Epoch: [0][10360/11389]	Time 0.054 (0.056)	Data 0.008 (0.010)	Loss 0.1066 (0.1098)	Error Ratio 0.5578 (2.5134)
03-02 22:03 INFO     Epoch: [0][10380/11389]	Time 0.054 (0.056)	Data 0.012 (0.010)	Loss 0.1970 (0.1097)	Error Ratio 0.5285 (2.5102)
03-02 22:03 INFO     Epoch: [0][10400/11389]	Time 0.063 (0.056)	Data 0.007 (0.010)	Loss 0.0718 (0.1097)	Error Ratio 0.3367 (2.5071)
03-02 22:03 INFO     Epoch: [0][10420/11389]	Time 0.060 (0.056)	Data 0.009 (0.010)	Loss 0.1063 (0.1097)	Error Ratio 20.8738 (2.5059)
03-02 22:03 INFO     Epoch: [0][10440/11389]	Time 0.051 (0.056)	Data 0.009 (0.010)	Loss 0.0756 (0.1097)	Error Ratio 0.4580 (2.5026)
03-02 22:03 INFO     Epoch: [0][10460/11389]	Time 0.056 (0.056)	Data 0.014 (0.010)	Loss 0.0777 (0.1097)	Error Ratio 0.4376 (2.5008)
03-02 22:03 INFO     Epoch: [0][10480/11389]	Time 0.062 (0.056)	Data 0.010 (0.010)	Loss 0.1658 (0.1097)	Error Ratio 0.7663 (2.4978)
03-02 22:03 INFO     Epoch: [0][10500/11389]	Time 0.049 (0.056)	Data 0.007 (0.010)	Loss 0.0755 (0.1097)	Error Ratio 2.4860 (2.4950)
03-02 22:03 INFO     Epoch: [0][10520/11389]	Time 0.068 (0.056)	Data 0.010 (0.010)	Loss 0.0820 (0.1098)	Error Ratio 0.5316 (2.4915)
03-02 22:03 INFO     Epoch: [0][10540/11389]	Time 0.048 (0.056)	Data 0.009 (0.010)	Loss 0.1309 (0.1097)	Error Ratio 0.6746 (2.4885)
03-02 22:03 INFO     Epoch: [0][10560/11389]	Time 0.059 (0.056)	Data 0.008 (0.010)	Loss 0.1044 (0.1097)	Error Ratio 0.7005 (2.4884)
03-02 22:03 INFO     Epoch: [0][10580/11389]	Time 0.055 (0.056)	Data 0.014 (0.010)	Loss 0.0694 (0.1097)	Error Ratio 0.4225 (2.4866)
03-02 22:03 INFO     Epoch: [0][10600/11389]	Time 0.052 (0.056)	Data 0.011 (0.010)	Loss 0.2729 (0.1097)	Error Ratio 0.5184 (2.4836)
03-02 22:03 INFO     Epoch: [0][10620/11389]	Time 0.061 (0.056)	Data 0.009 (0.010)	Loss 0.0969 (0.1097)	Error Ratio 0.5858 (2.4848)
03-02 22:03 INFO     Epoch: [0][10640/11389]	Time 0.059 (0.056)	Data 0.011 (0.010)	Loss 0.0826 (0.1097)	Error Ratio 0.4901 (2.4819)
03-02 22:03 INFO     Epoch: [0][10660/11389]	Time 0.073 (0.056)	Data 0.014 (0.010)	Loss 0.0669 (0.1097)	Error Ratio 1.6053 (2.5144)
03-02 22:03 INFO     Epoch: [0][10680/11389]	Time 0.049 (0.056)	Data 0.006 (0.010)	Loss 0.0708 (0.1097)	Error Ratio 0.4678 (2.5129)
03-02 22:03 INFO     Epoch: [0][10700/11389]	Time 0.053 (0.056)	Data 0.011 (0.010)	Loss 0.0909 (0.1096)	Error Ratio 0.6567 (2.5100)
03-02 22:03 INFO     Epoch: [0][10720/11389]	Time 0.061 (0.056)	Data 0.010 (0.010)	Loss 0.0817 (0.1096)	Error Ratio 1.5193 (2.5073)
03-02 22:03 INFO     Epoch: [0][10740/11389]	Time 0.058 (0.056)	Data 0.011 (0.010)	Loss 0.0589 (0.1096)	Error Ratio 0.5998 (2.5143)
03-02 22:03 INFO     Epoch: [0][10760/11389]	Time 0.052 (0.056)	Data 0.010 (0.010)	Loss 0.0784 (0.1096)	Error Ratio 0.6496 (2.5112)
03-02 22:03 INFO     Epoch: [0][10780/11389]	Time 0.065 (0.056)	Data 0.011 (0.010)	Loss 0.2668 (0.1097)	Error Ratio 0.7177 (2.5113)
03-02 22:03 INFO     Epoch: [0][10800/11389]	Time 0.058 (0.056)	Data 0.009 (0.010)	Loss 0.0974 (0.1096)	Error Ratio 0.5200 (2.5081)
03-02 22:03 INFO     Epoch: [0][10820/11389]	Time 0.049 (0.056)	Data 0.007 (0.010)	Loss 0.0701 (0.1096)	Error Ratio 0.5409 (2.5064)
03-02 22:03 INFO     Epoch: [0][10840/11389]	Time 0.051 (0.056)	Data 0.010 (0.010)	Loss 0.0675 (0.1096)	Error Ratio 0.5869 (2.5055)
03-02 22:03 INFO     Epoch: [0][10860/11389]	Time 0.052 (0.056)	Data 0.010 (0.010)	Loss 0.0935 (0.1096)	Error Ratio 0.8073 (2.5027)
03-02 22:03 INFO     Epoch: [0][10880/11389]	Time 0.076 (0.056)	Data 0.009 (0.010)	Loss 0.0752 (0.1096)	Error Ratio 1.7584 (2.4996)
03-02 22:03 INFO     Epoch: [0][10900/11389]	Time 0.054 (0.056)	Data 0.012 (0.010)	Loss 0.0768 (0.1096)	Error Ratio 0.4987 (2.4980)
03-02 22:03 INFO     Epoch: [0][10920/11389]	Time 0.064 (0.056)	Data 0.014 (0.010)	Loss 0.1625 (0.1096)	Error Ratio 0.8328 (2.5028)
03-02 22:03 INFO     Epoch: [0][10940/11389]	Time 0.067 (0.056)	Data 0.008 (0.010)	Loss 0.1620 (0.1096)	Error Ratio 0.4476 (2.5004)
03-02 22:03 INFO     Epoch: [0][10960/11389]	Time 0.056 (0.056)	Data 0.014 (0.010)	Loss 0.0771 (0.1095)	Error Ratio 0.4691 (2.4976)
03-02 22:03 INFO     Epoch: [0][10980/11389]	Time 0.053 (0.056)	Data 0.008 (0.010)	Loss 0.0551 (0.1095)	Error Ratio 0.3673 (2.4943)
03-02 22:03 INFO     Epoch: [0][11000/11389]	Time 0.059 (0.056)	Data 0.015 (0.010)	Loss 0.1017 (0.1095)	Error Ratio 0.5132 (2.4949)
03-02 22:03 INFO     Epoch: [0][11020/11389]	Time 0.055 (0.056)	Data 0.014 (0.010)	Loss 0.1549 (0.1095)	Error Ratio 1.3415 (2.4949)
03-02 22:04 INFO     Epoch: [0][11040/11389]	Time 0.057 (0.056)	Data 0.009 (0.010)	Loss 0.0832 (0.1095)	Error Ratio 19.3487 (2.4945)
03-02 22:04 INFO     Epoch: [0][11060/11389]	Time 0.055 (0.056)	Data 0.013 (0.010)	Loss 0.0856 (0.1094)	Error Ratio 0.5884 (2.5029)
03-02 22:04 INFO     Epoch: [0][11080/11389]	Time 0.056 (0.056)	Data 0.007 (0.010)	Loss 0.1456 (0.1094)	Error Ratio 1.2522 (2.5028)
03-02 22:04 INFO     Epoch: [0][11100/11389]	Time 0.056 (0.056)	Data 0.014 (0.010)	Loss 0.0865 (0.1095)	Error Ratio 0.3437 (2.5008)
03-02 22:04 INFO     Epoch: [0][11120/11389]	Time 0.050 (0.056)	Data 0.006 (0.010)	Loss 0.1450 (0.1095)	Error Ratio 1.6068 (2.5056)
03-02 22:04 INFO     Epoch: [0][11140/11389]	Time 0.053 (0.056)	Data 0.009 (0.010)	Loss 0.2896 (0.1095)	Error Ratio 0.7025 (2.5057)
03-02 22:04 INFO     Epoch: [0][11160/11389]	Time 0.056 (0.056)	Data 0.011 (0.010)	Loss 0.1987 (0.1095)	Error Ratio 0.5038 (2.5029)
03-02 22:04 INFO     Epoch: [0][11180/11389]	Time 0.055 (0.056)	Data 0.008 (0.010)	Loss 0.1010 (0.1095)	Error Ratio 0.6232 (2.5017)
03-02 22:04 INFO     Epoch: [0][11200/11389]	Time 0.049 (0.056)	Data 0.009 (0.010)	Loss 0.1245 (0.1095)	Error Ratio 0.4344 (2.4998)
03-02 22:04 INFO     Epoch: [0][11220/11389]	Time 0.052 (0.056)	Data 0.008 (0.010)	Loss 0.1075 (0.1096)	Error Ratio 0.4876 (2.4972)
03-02 22:04 INFO     Epoch: [0][11240/11389]	Time 0.057 (0.056)	Data 0.010 (0.010)	Loss 0.0926 (0.1096)	Error Ratio 2.6556 (2.4944)
03-02 22:04 INFO     Epoch: [0][11260/11389]	Time 0.058 (0.056)	Data 0.011 (0.010)	Loss 0.0904 (0.1096)	Error Ratio 2.4578 (2.5006)
03-02 22:04 INFO     Epoch: [0][11280/11389]	Time 0.055 (0.056)	Data 0.011 (0.010)	Loss 0.0772 (0.1096)	Error Ratio 0.6460 (2.4985)
03-02 22:04 INFO     Epoch: [0][11300/11389]	Time 0.053 (0.056)	Data 0.010 (0.010)	Loss 0.0900 (0.1096)	Error Ratio 0.4640 (2.4967)
03-02 22:04 INFO     Epoch: [0][11320/11389]	Time 0.054 (0.056)	Data 0.013 (0.010)	Loss 0.0758 (0.1096)	Error Ratio 1.0798 (2.4962)
03-02 22:04 INFO     Epoch: [0][11340/11389]	Time 0.059 (0.056)	Data 0.008 (0.010)	Loss 0.1392 (0.1097)	Error Ratio 0.7218 (2.4936)
03-02 22:04 INFO     Epoch: [0][11360/11389]	Time 0.051 (0.056)	Data 0.009 (0.010)	Loss 0.1106 (0.1097)	Error Ratio 0.6798 (2.4914)
03-02 22:04 INFO     Epoch: [0][11380/11389]	Time 0.050 (0.056)	Data 0.010 (0.010)	Loss 0.0765 (0.1097)	Error Ratio 1.1961 (2.4897)
03-02 22:04 INFO     Epoch: [0] Avg Error Ratio 2.489; Average Loss 0.110; Avg Time x Batch 0.056
03-02 22:04 INFO     Test: [20/1000]	Time 0.024 (0.056)	Loss 0.0728 (0.1133)	Error Ratio 0.6410 (2.2036)
03-02 22:04 INFO     Test: [40/1000]	Time 0.024 (0.044)	Loss 0.1232 (0.1151)	Error Ratio 0.5588 (2.0195)
03-02 22:04 INFO     Test: [60/1000]	Time 0.030 (0.038)	Loss 0.0724 (0.1213)	Error Ratio 0.8486 (1.8365)
03-02 22:04 INFO     Test: [80/1000]	Time 0.030 (0.035)	Loss 0.1717 (0.1201)	Error Ratio 0.4519 (1.5377)
03-02 22:04 INFO     Test: [100/1000]	Time 0.028 (0.033)	Loss 0.0611 (0.1191)	Error Ratio 0.5833 (1.7769)
03-02 22:04 INFO     Test: [120/1000]	Time 0.027 (0.032)	Loss 0.1277 (0.1141)	Error Ratio 0.6444 (1.7594)
03-02 22:04 INFO     Test: [140/1000]	Time 0.027 (0.031)	Loss 0.0635 (0.1128)	Error Ratio 0.7850 (1.9196)
03-02 22:04 INFO     Test: [160/1000]	Time 0.027 (0.031)	Loss 0.0541 (0.1142)	Error Ratio 0.4587 (1.8195)
03-02 22:04 INFO     Test: [180/1000]	Time 0.028 (0.030)	Loss 0.1027 (0.1116)	Error Ratio 1.0416 (1.8374)
03-02 22:04 INFO     Test: [200/1000]	Time 0.029 (0.030)	Loss 0.0883 (0.1106)	Error Ratio 0.8151 (1.7678)
03-02 22:04 INFO     Test: [220/1000]	Time 0.033 (0.030)	Loss 0.1078 (0.1118)	Error Ratio 1.1784 (1.8787)
03-02 22:04 INFO     Test: [240/1000]	Time 0.027 (0.030)	Loss 0.1140 (0.1146)	Error Ratio 0.4451 (1.7876)
03-02 22:04 INFO     Test: [260/1000]	Time 0.028 (0.029)	Loss 0.0640 (0.1159)	Error Ratio 0.7403 (1.7704)
03-02 22:04 INFO     Test: [280/1000]	Time 0.028 (0.029)	Loss 0.1702 (0.1162)	Error Ratio 1.5917 (1.8567)
03-02 22:04 INFO     Test: [300/1000]	Time 0.028 (0.029)	Loss 0.0719 (0.1165)	Error Ratio 0.6652 (1.7827)
03-02 22:04 INFO     Test: [320/1000]	Time 0.030 (0.029)	Loss 0.0751 (0.1158)	Error Ratio 0.4113 (1.7797)
03-02 22:04 INFO     Test: [340/1000]	Time 0.028 (0.029)	Loss 0.0816 (0.1150)	Error Ratio 0.4499 (1.8084)
03-02 22:04 INFO     Test: [360/1000]	Time 0.020 (0.029)	Loss 0.0752 (0.1147)	Error Ratio 0.9794 (2.8952)
03-02 22:04 INFO     Test: [380/1000]	Time 0.022 (0.028)	Loss 0.0924 (0.1137)	Error Ratio 1.1404 (2.7911)
03-02 22:04 INFO     Test: [400/1000]	Time 0.026 (0.028)	Loss 0.0641 (0.1137)	Error Ratio 0.7024 (2.6865)
03-02 22:04 INFO     Test: [420/1000]	Time 0.029 (0.028)	Loss 0.0847 (0.1176)	Error Ratio 0.3783 (2.6498)
03-02 22:04 INFO     Test: [440/1000]	Time 0.030 (0.028)	Loss 0.0929 (0.1177)	Error Ratio 0.7184 (2.6418)
03-02 22:04 INFO     Test: [460/1000]	Time 0.028 (0.028)	Loss 0.1279 (0.1167)	Error Ratio 1.5748 (2.5704)
03-02 22:04 INFO     Test: [480/1000]	Time 0.026 (0.028)	Loss 0.0532 (0.1160)	Error Ratio 0.4422 (2.5044)
03-02 22:04 INFO     Test: [500/1000]	Time 0.021 (0.028)	Loss 0.1007 (0.1160)	Error Ratio 2.4602 (2.4456)
03-02 22:04 INFO     Test: [520/1000]	Time 0.025 (0.028)	Loss 0.6156 (0.1160)	Error Ratio 1.8134 (2.3928)
03-02 22:04 INFO     Test: [540/1000]	Time 0.023 (0.028)	Loss 0.0889 (0.1153)	Error Ratio 4.2234 (2.3806)
03-02 22:04 INFO     Test: [560/1000]	Time 0.027 (0.028)	Loss 0.0629 (0.1157)	Error Ratio 0.5729 (2.3820)
03-02 22:04 INFO     Test: [580/1000]	Time 0.031 (0.028)	Loss 0.0995 (0.1150)	Error Ratio 0.4976 (2.3394)
03-02 22:04 INFO     Test: [600/1000]	Time 0.028 (0.028)	Loss 0.0946 (0.1152)	Error Ratio 0.6599 (2.2923)
03-02 22:04 INFO     Test: [620/1000]	Time 0.023 (0.028)	Loss 0.1476 (0.1147)	Error Ratio 0.3333 (2.2422)
03-02 22:04 INFO     Test: [640/1000]	Time 0.023 (0.028)	Loss 0.1940 (0.1145)	Error Ratio 1.0506 (2.3073)
03-02 22:04 INFO     Test: [660/1000]	Time 0.027 (0.028)	Loss 0.0603 (0.1141)	Error Ratio 0.6255 (2.2689)
03-02 22:04 INFO     Test: [680/1000]	Time 0.020 (0.028)	Loss 0.1279 (0.1138)	Error Ratio 1.1927 (2.2324)
03-02 22:04 INFO     Test: [700/1000]	Time 0.028 (0.028)	Loss 0.1226 (0.1134)	Error Ratio 15.3359 (2.2491)
03-02 22:04 INFO     Test: [720/1000]	Time 0.022 (0.028)	Loss 0.0534 (0.1133)	Error Ratio 0.4395 (2.2274)
03-02 22:04 INFO     Test: [740/1000]	Time 0.029 (0.028)	Loss 0.0783 (0.1138)	Error Ratio 0.4955 (2.2064)
03-02 22:04 INFO     Test: [760/1000]	Time 0.027 (0.028)	Loss 0.1513 (0.1136)	Error Ratio 0.6008 (2.1844)
03-02 22:04 INFO     Test: [780/1000]	Time 0.035 (0.028)	Loss 0.0765 (0.1135)	Error Ratio 0.3327 (2.2084)
03-02 22:04 INFO     Test: [800/1000]	Time 0.026 (0.028)	Loss 0.0441 (0.1131)	Error Ratio 5.1561 (2.1870)
03-02 22:04 INFO     Test: [820/1000]	Time 0.028 (0.028)	Loss 0.1225 (0.1137)	Error Ratio 0.3929 (2.2552)
03-02 22:04 INFO     Test: [840/1000]	Time 0.021 (0.028)	Loss 0.1526 (0.1137)	Error Ratio 0.7190 (2.2402)
03-02 22:04 INFO     Test: [860/1000]	Time 0.021 (0.028)	Loss 0.0934 (0.1135)	Error Ratio 1.1171 (2.2117)
03-02 22:04 INFO     Test: [880/1000]	Time 0.031 (0.028)	Loss 0.0639 (0.1133)	Error Ratio 0.4459 (2.1855)
03-02 22:04 INFO     Test: [900/1000]	Time 0.028 (0.028)	Loss 0.0919 (0.1138)	Error Ratio 0.4172 (2.1810)
03-02 22:04 INFO     Test: [920/1000]	Time 0.029 (0.028)	Loss 0.0730 (0.1147)	Error Ratio 0.4391 (2.1513)
03-02 22:04 INFO     Test: [940/1000]	Time 0.020 (0.028)	Loss 0.1090 (0.1149)	Error Ratio 0.4941 (2.1677)
03-02 22:04 INFO     Test: [960/1000]	Time 0.031 (0.028)	Loss 0.0849 (0.1157)	Error Ratio 0.3438 (2.1635)
03-02 22:04 INFO     Test: [980/1000]	Time 0.027 (0.028)	Loss 0.0368 (0.1153)	Error Ratio 0.3666 (2.1355)
03-02 22:04 INFO      * Average Error Ratio 2.158; Average Loss 0.115
03-02 22:04 INFO     Epoch: [1][20/11389]	Time 0.062 (0.084)	Data 0.014 (0.032)	Loss 0.0781 (0.1036)	Error Ratio 0.6023 (0.9071)
03-02 22:04 INFO     Epoch: [1][40/11389]	Time 0.061 (0.071)	Data 0.008 (0.021)	Loss 0.1020 (0.1367)	Error Ratio 3.8772 (1.1929)
03-02 22:04 INFO     Epoch: [1][60/11389]	Time 0.068 (0.067)	Data 0.007 (0.017)	Loss 0.0675 (0.1280)	Error Ratio 0.8820 (2.0367)
03-02 22:04 INFO     Epoch: [1][80/11389]	Time 0.059 (0.064)	Data 0.009 (0.016)	Loss 0.0676 (0.1205)	Error Ratio 0.6381 (35.2121)
03-02 22:04 INFO     Starting Profiler!: Backprop
03-02 23:43 INFO     Stopping Profiler: Backprop!
03-02 23:43 INFO     All profiling complete and --stop-after-profiling was given! Exiting
