03-02 20:25 INFO     TESTING
03-02 20:25 INFO     Prepare files
03-02 20:25 INFO     Define model
03-02 20:25 INFO     	Statistics
03-02 20:26 INFO     	Create model
03-02 20:26 INFO     Check cuda
03-02 20:26 INFO     	* Cuda
03-02 20:26 INFO     Optimizer
03-02 20:26 INFO     Logger
03-02 20:26 INFO     => loading best model './checkpoint/qm9/mpnn/model_best.pth'
03-02 20:26 INFO     => loaded best model './checkpoint/qm9/mpnn/model_best.pth' (epoch 1)
03-02 20:26 INFO     Epoch: [0][20/11389]	Time 0.050 (0.086)	Data 0.009 (0.035)	Loss 0.2562 (0.2372)	Error Ratio 1.9443 (1.1578)
03-02 20:26 INFO     Epoch: [0][40/11389]	Time 0.066 (0.072)	Data 0.010 (0.023)	Loss 0.1448 (0.1947)	Error Ratio 2.2659 (1.1575)
03-02 20:26 INFO     Epoch: [0][60/11389]	Time 0.060 (0.066)	Data 0.008 (0.019)	Loss 0.1744 (0.1890)	Error Ratio 2.2393 (1.1594)
03-02 20:26 INFO     Epoch: [0][80/11389]	Time 0.049 (0.063)	Data 0.012 (0.017)	Loss 0.2554 (0.1860)	Error Ratio 0.5941 (1.1666)
03-02 20:26 INFO     Epoch: [0][100/11389]	Time 0.052 (0.062)	Data 0.012 (0.015)	Loss 0.0883 (0.1782)	Error Ratio 0.9549 (1.1849)
03-02 20:26 INFO     Epoch: [0][120/11389]	Time 0.048 (0.061)	Data 0.009 (0.014)	Loss 0.1372 (0.1853)	Error Ratio 1.0894 (1.2790)
03-02 20:26 INFO     Epoch: [0][140/11389]	Time 0.052 (0.060)	Data 0.010 (0.014)	Loss 0.2178 (0.1847)	Error Ratio 1.0219 (1.2789)
03-02 20:26 INFO     Epoch: [0][160/11389]	Time 0.050 (0.059)	Data 0.012 (0.013)	Loss 0.1271 (0.1811)	Error Ratio 0.6998 (1.2734)
03-02 20:26 INFO     Epoch: [0][180/11389]	Time 0.057 (0.058)	Data 0.007 (0.013)	Loss 0.1757 (0.1800)	Error Ratio 2.4826 (1.2979)
03-02 20:26 INFO     Epoch: [0][200/11389]	Time 0.053 (0.058)	Data 0.006 (0.013)	Loss 0.1244 (0.1770)	Error Ratio 0.8061 (1.5010)
03-02 20:26 INFO     Epoch: [0][220/11389]	Time 0.048 (0.058)	Data 0.008 (0.012)	Loss 0.1351 (0.1774)	Error Ratio 0.7106 (1.4746)
03-02 20:26 INFO     Epoch: [0][240/11389]	Time 0.060 (0.058)	Data 0.011 (0.012)	Loss 0.1543 (0.1763)	Error Ratio 0.9775 (1.6785)
03-02 20:26 INFO     Epoch: [0][260/11389]	Time 0.046 (0.057)	Data 0.007 (0.012)	Loss 0.1955 (0.1756)	Error Ratio 1.0421 (1.6939)
03-02 20:26 INFO     Epoch: [0][280/11389]	Time 0.059 (0.057)	Data 0.007 (0.012)	Loss 0.1619 (0.1762)	Error Ratio 0.5165 (1.6396)
03-02 20:26 INFO     Epoch: [0][300/11389]	Time 0.051 (0.057)	Data 0.010 (0.012)	Loss 0.1306 (0.1762)	Error Ratio 3.7888 (1.6569)
03-02 20:26 INFO     Epoch: [0][320/11389]	Time 0.068 (0.057)	Data 0.014 (0.012)	Loss 0.3069 (0.1779)	Error Ratio 2.4036 (1.8016)
03-02 20:26 INFO     Epoch: [0][340/11389]	Time 0.050 (0.057)	Data 0.012 (0.012)	Loss 0.1509 (0.1782)	Error Ratio 32.8180 (1.9149)
03-02 20:26 INFO     Epoch: [0][360/11389]	Time 0.052 (0.057)	Data 0.012 (0.012)	Loss 0.1383 (0.1775)	Error Ratio 0.9909 (3.2034)
03-02 20:26 INFO     Epoch: [0][380/11389]	Time 0.049 (0.057)	Data 0.008 (0.012)	Loss 0.1814 (0.1768)	Error Ratio 0.7311 (3.1766)
03-02 20:26 INFO     Epoch: [0][400/11389]	Time 0.063 (0.057)	Data 0.012 (0.012)	Loss 0.1622 (0.1767)	Error Ratio 0.5773 (3.1245)
03-02 20:26 INFO     Epoch: [0][420/11389]	Time 0.046 (0.056)	Data 0.008 (0.011)	Loss 0.1207 (0.1761)	Error Ratio 0.8132 (3.0689)
03-02 20:26 INFO     Epoch: [0][440/11389]	Time 0.052 (0.056)	Data 0.007 (0.011)	Loss 0.1324 (0.1758)	Error Ratio 1.1850 (2.9816)
03-02 20:26 INFO     Epoch: [0][460/11389]	Time 0.056 (0.056)	Data 0.006 (0.011)	Loss 0.1520 (0.1774)	Error Ratio 0.8772 (2.8897)
03-02 20:26 INFO     Epoch: [0][480/11389]	Time 0.064 (0.056)	Data 0.007 (0.011)	Loss 0.2746 (0.1767)	Error Ratio 0.9862 (2.8163)
03-02 20:26 INFO     Epoch: [0][500/11389]	Time 0.066 (0.056)	Data 0.010 (0.011)	Loss 0.1318 (0.1754)	Error Ratio 0.9569 (2.8073)
03-02 20:26 INFO     Epoch: [0][520/11389]	Time 0.062 (0.057)	Data 0.006 (0.011)	Loss 0.1087 (0.1741)	Error Ratio 0.7441 (2.8727)
03-02 20:26 INFO     Epoch: [0][540/11389]	Time 0.056 (0.057)	Data 0.009 (0.011)	Loss 0.1154 (0.1736)	Error Ratio 0.6425 (2.8335)
03-02 20:26 INFO     Epoch: [0][560/11389]	Time 0.054 (0.057)	Data 0.007 (0.011)	Loss 0.1169 (0.1733)	Error Ratio 0.5745 (2.7678)
03-02 20:26 INFO     Epoch: [0][580/11389]	Time 0.060 (0.057)	Data 0.009 (0.011)	Loss 0.1132 (0.1733)	Error Ratio 0.4672 (2.8097)
03-02 20:26 INFO     Epoch: [0][600/11389]	Time 0.048 (0.057)	Data 0.009 (0.011)	Loss 0.3597 (0.1737)	Error Ratio 1.5661 (2.7667)
03-02 20:26 INFO     Epoch: [0][620/11389]	Time 0.056 (0.057)	Data 0.013 (0.011)	Loss 0.2068 (0.1746)	Error Ratio 3.5537 (2.7398)
03-02 20:26 INFO     Epoch: [0][640/11389]	Time 0.055 (0.057)	Data 0.012 (0.011)	Loss 0.1662 (0.1744)	Error Ratio 2.4329 (2.7655)
03-02 20:26 INFO     Epoch: [0][660/11389]	Time 0.060 (0.057)	Data 0.014 (0.011)	Loss 0.2484 (0.1754)	Error Ratio 29.8040 (2.8787)
03-02 20:26 INFO     Epoch: [0][680/11389]	Time 0.061 (0.057)	Data 0.014 (0.011)	Loss 0.0710 (0.1764)	Error Ratio 0.9179 (2.8257)
03-02 20:26 INFO     Epoch: [0][700/11389]	Time 0.050 (0.057)	Data 0.009 (0.011)	Loss 0.2326 (0.1763)	Error Ratio 13.0710 (2.7883)
03-02 20:26 INFO     Epoch: [0][720/11389]	Time 0.062 (0.057)	Data 0.011 (0.011)	Loss 0.3515 (0.1762)	Error Ratio 0.6691 (2.7546)
03-02 20:26 INFO     Epoch: [0][740/11389]	Time 0.061 (0.057)	Data 0.009 (0.011)	Loss 0.1298 (0.1758)	Error Ratio 17.5658 (2.7484)
03-02 20:26 INFO     Epoch: [0][760/11389]	Time 0.063 (0.057)	Data 0.009 (0.011)	Loss 0.1910 (0.1762)	Error Ratio 1.1822 (2.7750)
03-02 20:26 INFO     Epoch: [0][780/11389]	Time 0.056 (0.056)	Data 0.007 (0.011)	Loss 0.1405 (0.1751)	Error Ratio 2.2658 (2.7301)
03-02 20:27 INFO     Epoch: [0][800/11389]	Time 0.068 (0.056)	Data 0.012 (0.011)	Loss 2.6339 (0.1784)	Error Ratio 8.8494 (2.6969)
03-02 20:27 INFO     Epoch: [0][820/11389]	Time 0.052 (0.056)	Data 0.011 (0.011)	Loss 0.1126 (0.1778)	Error Ratio 0.6087 (2.7221)
03-02 20:27 INFO     Epoch: [0][840/11389]	Time 0.065 (0.056)	Data 0.014 (0.011)	Loss 0.1406 (0.1787)	Error Ratio 0.5174 (2.7269)
03-02 20:27 INFO     Epoch: [0][860/11389]	Time 0.059 (0.056)	Data 0.014 (0.011)	Loss 0.0879 (0.1783)	Error Ratio 1.1007 (2.6898)
03-02 20:27 INFO     Epoch: [0][880/11389]	Time 0.057 (0.056)	Data 0.017 (0.011)	Loss 0.3425 (0.1789)	Error Ratio 3.6596 (2.6820)
03-02 20:27 INFO     Epoch: [0][900/11389]	Time 0.054 (0.056)	Data 0.014 (0.011)	Loss 0.1587 (0.1783)	Error Ratio 1.8880 (2.7492)
03-02 20:27 INFO     Epoch: [0][920/11389]	Time 0.057 (0.056)	Data 0.016 (0.011)	Loss 0.1848 (0.1785)	Error Ratio 0.4349 (2.7268)
03-02 20:27 INFO     Epoch: [0][940/11389]	Time 0.060 (0.056)	Data 0.011 (0.011)	Loss 0.1914 (0.1782)	Error Ratio 1.1282 (2.6918)
03-02 20:27 INFO     Epoch: [0][960/11389]	Time 0.048 (0.056)	Data 0.008 (0.011)	Loss 0.1636 (0.1777)	Error Ratio 2.4719 (2.6577)
03-02 20:27 INFO     Epoch: [0][980/11389]	Time 0.050 (0.056)	Data 0.009 (0.011)	Loss 0.1320 (0.1772)	Error Ratio 0.7002 (2.6526)
03-02 20:27 INFO     Epoch: [0][1000/11389]	Time 0.064 (0.056)	Data 0.011 (0.011)	Loss 0.1260 (0.1767)	Error Ratio 1.8491 (2.6699)
03-02 20:27 INFO     Epoch: [0][1020/11389]	Time 0.051 (0.056)	Data 0.011 (0.011)	Loss 0.2718 (0.1763)	Error Ratio 6.0168 (2.6779)
03-02 20:27 INFO     Epoch: [0][1040/11389]	Time 0.052 (0.056)	Data 0.012 (0.011)	Loss 0.1787 (0.1758)	Error Ratio 1.8879 (2.6453)
03-02 20:27 INFO     Epoch: [0][1060/11389]	Time 0.061 (0.056)	Data 0.012 (0.011)	Loss 0.1495 (0.1763)	Error Ratio 1.2964 (2.6236)
03-02 20:27 INFO     Epoch: [0][1080/11389]	Time 0.053 (0.056)	Data 0.012 (0.011)	Loss 0.1973 (0.1764)	Error Ratio 0.7824 (2.5944)
03-02 20:27 INFO     Epoch: [0][1100/11389]	Time 0.059 (0.056)	Data 0.012 (0.011)	Loss 0.2799 (0.1760)	Error Ratio 0.8203 (2.5791)
03-02 20:27 INFO     Epoch: [0][1120/11389]	Time 0.045 (0.056)	Data 0.005 (0.011)	Loss 0.1197 (0.1757)	Error Ratio 1.0668 (2.5558)
03-02 20:27 INFO     Epoch: [0][1140/11389]	Time 0.054 (0.056)	Data 0.012 (0.011)	Loss 0.2470 (0.1761)	Error Ratio 0.8229 (2.5681)
03-02 20:27 INFO     Epoch: [0][1160/11389]	Time 0.056 (0.056)	Data 0.010 (0.011)	Loss 0.1481 (0.1759)	Error Ratio 1.3961 (2.5430)
03-02 20:27 INFO     Epoch: [0][1180/11389]	Time 0.050 (0.056)	Data 0.008 (0.011)	Loss 0.1033 (0.1755)	Error Ratio 0.7935 (2.5472)
03-02 20:27 INFO     Epoch: [0][1200/11389]	Time 0.054 (0.056)	Data 0.012 (0.011)	Loss 0.1917 (0.1755)	Error Ratio 0.9603 (2.5930)
03-02 20:27 INFO     Epoch: [0][1220/11389]	Time 0.065 (0.056)	Data 0.012 (0.011)	Loss 0.4573 (0.1752)	Error Ratio 0.6697 (2.6155)
03-02 20:27 INFO     Epoch: [0][1240/11389]	Time 0.052 (0.056)	Data 0.011 (0.011)	Loss 0.1489 (0.1749)	Error Ratio 1.4381 (2.5911)
03-02 20:27 INFO     Epoch: [0][1260/11389]	Time 0.054 (0.056)	Data 0.014 (0.011)	Loss 0.2592 (0.1754)	Error Ratio 1.1137 (2.5704)
03-02 20:27 INFO     Epoch: [0][1280/11389]	Time 0.051 (0.056)	Data 0.012 (0.011)	Loss 0.3168 (0.1753)	Error Ratio 0.6494 (2.5711)
03-02 20:27 INFO     Epoch: [0][1300/11389]	Time 0.050 (0.056)	Data 0.007 (0.011)	Loss 0.1407 (0.1758)	Error Ratio 7.0262 (2.5911)
03-02 20:27 INFO     Epoch: [0][1320/11389]	Time 0.050 (0.056)	Data 0.009 (0.011)	Loss 0.4118 (0.1764)	Error Ratio 0.8295 (2.5819)
03-02 20:27 INFO     Epoch: [0][1340/11389]	Time 0.052 (0.056)	Data 0.012 (0.011)	Loss 0.3420 (0.1784)	Error Ratio 2.1975 (2.5620)
03-02 20:27 INFO     Epoch: [0][1360/11389]	Time 0.051 (0.056)	Data 0.009 (0.011)	Loss 0.4146 (0.1783)	Error Ratio 1.3478 (2.5438)
03-02 20:27 INFO     Epoch: [0][1380/11389]	Time 0.056 (0.056)	Data 0.014 (0.011)	Loss 0.2087 (0.1790)	Error Ratio 1.4759 (2.5530)
03-02 20:27 INFO     Epoch: [0][1400/11389]	Time 0.060 (0.056)	Data 0.012 (0.011)	Loss 0.1609 (0.1790)	Error Ratio 1.3387 (2.5508)
03-02 20:27 INFO     Epoch: [0][1420/11389]	Time 0.054 (0.056)	Data 0.010 (0.011)	Loss 0.1560 (0.1793)	Error Ratio 46.4993 (2.5670)
03-02 20:27 INFO     Epoch: [0][1440/11389]	Time 0.052 (0.056)	Data 0.013 (0.011)	Loss 0.1033 (0.1795)	Error Ratio 1.4590 (2.5605)
03-02 20:27 INFO     Epoch: [0][1460/11389]	Time 0.057 (0.056)	Data 0.017 (0.011)	Loss 0.1089 (0.1794)	Error Ratio 20.9160 (2.5961)
03-02 20:27 INFO     Epoch: [0][1480/11389]	Time 0.062 (0.056)	Data 0.010 (0.011)	Loss 0.1391 (0.1797)	Error Ratio 7.6632 (2.5803)
03-02 20:27 INFO     Epoch: [0][1500/11389]	Time 0.057 (0.056)	Data 0.011 (0.011)	Loss 0.1891 (0.1794)	Error Ratio 12.0198 (2.5721)
03-02 20:27 INFO     Epoch: [0][1520/11389]	Time 0.067 (0.056)	Data 0.011 (0.011)	Loss 0.1447 (0.1790)	Error Ratio 0.8124 (2.5517)
03-02 20:27 INFO     Epoch: [0][1540/11389]	Time 0.047 (0.056)	Data 0.010 (0.011)	Loss 0.1527 (0.1788)	Error Ratio 0.6416 (2.5565)
03-02 20:27 INFO     Epoch: [0][1560/11389]	Time 0.053 (0.056)	Data 0.009 (0.011)	Loss 0.0622 (0.1786)	Error Ratio 1.5302 (2.5433)
03-02 20:27 INFO     Epoch: [0][1580/11389]	Time 0.048 (0.056)	Data 0.009 (0.011)	Loss 0.1040 (0.1780)	Error Ratio 1.3712 (2.5274)
03-02 20:27 INFO     Epoch: [0][1600/11389]	Time 0.054 (0.056)	Data 0.009 (0.011)	Loss 0.1686 (0.1778)	Error Ratio 0.6686 (2.5094)
03-02 20:27 INFO     Epoch: [0][1620/11389]	Time 0.047 (0.056)	Data 0.006 (0.011)	Loss 0.1345 (0.1776)	Error Ratio 0.6414 (2.5146)
03-02 20:27 INFO     Epoch: [0][1640/11389]	Time 0.060 (0.056)	Data 0.011 (0.011)	Loss 0.1566 (0.1773)	Error Ratio 0.7870 (2.4966)
03-02 20:27 INFO     Epoch: [0][1660/11389]	Time 0.064 (0.056)	Data 0.012 (0.011)	Loss 0.2532 (0.1770)	Error Ratio 1.5097 (2.4931)
03-02 20:27 INFO     Epoch: [0][1680/11389]	Time 0.046 (0.056)	Data 0.007 (0.011)	Loss 0.0991 (0.1767)	Error Ratio 0.7062 (2.4805)
03-02 20:27 INFO     Epoch: [0][1700/11389]	Time 0.065 (0.056)	Data 0.014 (0.011)	Loss 0.1415 (0.1764)	Error Ratio 0.5153 (2.4771)
03-02 20:27 INFO     Epoch: [0][1720/11389]	Time 0.059 (0.056)	Data 0.009 (0.011)	Loss 0.1497 (0.1761)	Error Ratio 1.6218 (2.4617)
03-02 20:27 INFO     Epoch: [0][1740/11389]	Time 0.048 (0.056)	Data 0.009 (0.011)	Loss 0.1370 (0.1759)	Error Ratio 1.1738 (2.4458)
03-02 20:27 INFO     Epoch: [0][1760/11389]	Time 0.056 (0.056)	Data 0.012 (0.011)	Loss 0.0929 (0.1759)	Error Ratio 0.3672 (2.4367)
03-02 20:27 INFO     Epoch: [0][1780/11389]	Time 0.064 (0.056)	Data 0.012 (0.011)	Loss 0.2119 (0.1755)	Error Ratio 1.7005 (2.4543)
03-02 20:27 INFO     Epoch: [0][1800/11389]	Time 0.055 (0.056)	Data 0.014 (0.011)	Loss 0.1629 (0.1755)	Error Ratio 0.6632 (2.4447)
03-02 20:27 INFO     Epoch: [0][1820/11389]	Time 0.055 (0.056)	Data 0.014 (0.011)	Loss 0.1486 (0.1754)	Error Ratio 0.5518 (2.4316)
03-02 20:27 INFO     Epoch: [0][1840/11389]	Time 0.054 (0.056)	Data 0.014 (0.011)	Loss 0.1813 (0.1753)	Error Ratio 8.4377 (2.4312)
03-02 20:27 INFO     Epoch: [0][1860/11389]	Time 0.058 (0.056)	Data 0.010 (0.011)	Loss 0.2598 (0.1752)	Error Ratio 0.8152 (2.4233)
03-02 20:28 INFO     Epoch: [0][1880/11389]	Time 0.062 (0.056)	Data 0.012 (0.011)	Loss 0.1327 (0.1755)	Error Ratio 0.9519 (2.4088)
03-02 20:28 INFO     Epoch: [0][1900/11389]	Time 0.065 (0.056)	Data 0.011 (0.011)	Loss 0.1670 (0.1752)	Error Ratio 0.8008 (2.4000)
03-02 20:28 INFO     Epoch: [0][1920/11389]	Time 0.058 (0.056)	Data 0.009 (0.011)	Loss 0.1444 (0.1748)	Error Ratio 1.8108 (2.4297)
03-02 20:28 INFO     Epoch: [0][1940/11389]	Time 0.052 (0.056)	Data 0.010 (0.011)	Loss 0.1488 (0.1748)	Error Ratio 0.8926 (2.4492)
03-02 20:28 INFO     Epoch: [0][1960/11389]	Time 0.055 (0.056)	Data 0.011 (0.011)	Loss 0.1805 (0.1747)	Error Ratio 0.5201 (2.4369)
03-02 20:28 INFO     Epoch: [0][1980/11389]	Time 0.064 (0.056)	Data 0.010 (0.011)	Loss 0.1971 (0.1745)	Error Ratio 0.7332 (2.4444)
03-02 20:28 INFO     Epoch: [0][2000/11389]	Time 0.066 (0.056)	Data 0.016 (0.011)	Loss 0.1169 (0.1746)	Error Ratio 0.6630 (2.4320)
03-02 20:28 INFO     Epoch: [0][2020/11389]	Time 0.045 (0.056)	Data 0.006 (0.011)	Loss 0.1725 (0.1745)	Error Ratio 3.8249 (2.4267)
03-02 20:28 INFO     Epoch: [0][2040/11389]	Time 0.053 (0.056)	Data 0.010 (0.011)	Loss 0.1620 (0.1748)	Error Ratio 1.6687 (2.4222)
03-02 20:28 INFO     Epoch: [0][2060/11389]	Time 0.050 (0.056)	Data 0.010 (0.011)	Loss 0.1378 (0.1750)	Error Ratio 0.6669 (2.4076)
03-02 20:28 INFO     Epoch: [0][2080/11389]	Time 0.046 (0.056)	Data 0.008 (0.011)	Loss 0.1504 (0.1752)	Error Ratio 1.0891 (2.4186)
03-02 20:28 INFO     Epoch: [0][2100/11389]	Time 0.067 (0.056)	Data 0.012 (0.011)	Loss 0.1150 (0.1753)	Error Ratio 21.7662 (2.4171)
03-02 20:28 INFO     Epoch: [0][2120/11389]	Time 0.052 (0.056)	Data 0.009 (0.011)	Loss 0.2125 (0.1753)	Error Ratio 3.4972 (2.4211)
03-02 20:28 INFO     Epoch: [0][2140/11389]	Time 0.058 (0.056)	Data 0.009 (0.011)	Loss 0.1276 (0.1750)	Error Ratio 0.5390 (2.4248)
03-02 20:28 INFO     Epoch: [0][2160/11389]	Time 0.063 (0.056)	Data 0.009 (0.011)	Loss 0.1624 (0.1752)	Error Ratio 1.0254 (2.4130)
03-02 20:28 INFO     Epoch: [0][2180/11389]	Time 0.052 (0.056)	Data 0.012 (0.011)	Loss 0.1613 (0.1750)	Error Ratio 1.1700 (2.4109)
03-02 20:28 INFO     Epoch: [0][2200/11389]	Time 0.058 (0.056)	Data 0.013 (0.011)	Loss 0.6163 (0.1751)	Error Ratio 6.7711 (2.4040)
03-02 20:28 INFO     Epoch: [0][2220/11389]	Time 0.050 (0.056)	Data 0.009 (0.011)	Loss 0.1783 (0.1749)	Error Ratio 0.6112 (2.4471)
03-02 20:28 INFO     Epoch: [0][2240/11389]	Time 0.050 (0.056)	Data 0.012 (0.010)	Loss 0.1905 (0.1747)	Error Ratio 0.9968 (2.4665)
03-02 20:28 INFO     Epoch: [0][2260/11389]	Time 0.051 (0.056)	Data 0.012 (0.010)	Loss 0.1903 (0.1745)	Error Ratio 0.9830 (2.4642)
03-02 20:28 INFO     Epoch: [0][2280/11389]	Time 0.063 (0.056)	Data 0.010 (0.011)	Loss 0.1293 (0.1743)	Error Ratio 1.3514 (2.4681)
03-02 20:28 INFO     Epoch: [0][2300/11389]	Time 0.051 (0.056)	Data 0.006 (0.011)	Loss 0.2829 (0.1747)	Error Ratio 7.8482 (2.4677)
03-02 20:28 INFO     Epoch: [0][2320/11389]	Time 0.049 (0.056)	Data 0.011 (0.011)	Loss 0.0923 (0.1746)	Error Ratio 1.1324 (2.4559)
03-02 20:28 INFO     Epoch: [0][2340/11389]	Time 0.053 (0.056)	Data 0.012 (0.011)	Loss 0.1169 (0.1742)	Error Ratio 0.6958 (2.4525)
03-02 20:28 INFO     Epoch: [0][2360/11389]	Time 0.055 (0.056)	Data 0.008 (0.011)	Loss 0.1830 (0.1743)	Error Ratio 3.2976 (2.4777)
03-02 20:28 INFO     Epoch: [0][2380/11389]	Time 0.053 (0.056)	Data 0.008 (0.010)	Loss 0.1192 (0.1742)	Error Ratio 1.4457 (2.4741)
03-02 20:28 INFO     Epoch: [0][2400/11389]	Time 0.055 (0.056)	Data 0.008 (0.010)	Loss 0.2977 (0.1741)	Error Ratio 1.6189 (2.4718)
03-02 20:28 INFO     Epoch: [0][2420/11389]	Time 0.055 (0.056)	Data 0.017 (0.010)	Loss 0.4189 (0.1741)	Error Ratio 1.3323 (2.4627)
03-02 20:28 INFO     Epoch: [0][2440/11389]	Time 0.055 (0.056)	Data 0.010 (0.010)	Loss 0.1499 (0.1741)	Error Ratio 0.8011 (2.4806)
03-02 20:28 INFO     Epoch: [0][2460/11389]	Time 0.072 (0.056)	Data 0.014 (0.010)	Loss 0.2109 (0.1739)	Error Ratio 0.5655 (2.4714)
03-02 20:28 INFO     Epoch: [0][2480/11389]	Time 0.058 (0.056)	Data 0.009 (0.010)	Loss 0.1486 (0.1737)	Error Ratio 2.5864 (2.4728)
03-02 20:28 INFO     Epoch: [0][2500/11389]	Time 0.058 (0.056)	Data 0.009 (0.010)	Loss 0.1405 (0.1736)	Error Ratio 0.9440 (2.4661)
03-02 20:28 INFO     Epoch: [0][2520/11389]	Time 0.060 (0.056)	Data 0.011 (0.010)	Loss 0.1488 (0.1735)	Error Ratio 1.9459 (2.4680)
03-02 20:28 INFO     Epoch: [0][2540/11389]	Time 0.051 (0.056)	Data 0.010 (0.010)	Loss 0.0930 (0.1741)	Error Ratio 0.7114 (2.4768)
03-02 20:28 INFO     Epoch: [0][2560/11389]	Time 0.061 (0.056)	Data 0.008 (0.010)	Loss 0.0926 (0.1742)	Error Ratio 3.4074 (2.4819)
03-02 20:28 INFO     Epoch: [0][2580/11389]	Time 0.067 (0.056)	Data 0.010 (0.010)	Loss 0.1825 (0.1748)	Error Ratio 2.5547 (2.4982)
03-02 20:28 INFO     Epoch: [0][2600/11389]	Time 0.062 (0.056)	Data 0.008 (0.010)	Loss 0.1497 (0.1749)	Error Ratio 0.5960 (2.4892)
03-02 20:28 INFO     Epoch: [0][2620/11389]	Time 0.060 (0.056)	Data 0.010 (0.010)	Loss 0.1247 (0.1747)	Error Ratio 0.8112 (2.4808)
03-02 20:28 INFO     Epoch: [0][2640/11389]	Time 0.054 (0.056)	Data 0.014 (0.010)	Loss 0.1333 (0.1747)	Error Ratio 1.5341 (2.4757)
03-02 20:28 INFO     Epoch: [0][2660/11389]	Time 0.062 (0.056)	Data 0.009 (0.010)	Loss 0.1675 (0.1746)	Error Ratio 0.7106 (2.5197)
03-02 20:28 INFO     Epoch: [0][2680/11389]	Time 0.054 (0.056)	Data 0.006 (0.010)	Loss 0.1186 (0.1744)	Error Ratio 1.7496 (2.5196)
03-02 20:28 INFO     Epoch: [0][2700/11389]	Time 0.058 (0.056)	Data 0.014 (0.010)	Loss 0.1111 (0.1743)	Error Ratio 0.5980 (2.5183)
03-02 20:28 INFO     Epoch: [0][2720/11389]	Time 0.047 (0.056)	Data 0.006 (0.010)	Loss 0.2066 (0.1745)	Error Ratio 0.9671 (2.5099)
03-02 20:28 INFO     Epoch: [0][2740/11389]	Time 0.050 (0.056)	Data 0.009 (0.010)	Loss 0.1667 (0.1742)	Error Ratio 2.0005 (2.5008)
03-02 20:28 INFO     Epoch: [0][2760/11389]	Time 0.063 (0.056)	Data 0.014 (0.010)	Loss 0.1375 (0.1745)	Error Ratio 0.8009 (2.4901)
03-02 20:28 INFO     Epoch: [0][2780/11389]	Time 0.067 (0.056)	Data 0.009 (0.010)	Loss 0.1772 (0.1744)	Error Ratio 2.3254 (2.4824)
03-02 20:28 INFO     Epoch: [0][2800/11389]	Time 0.057 (0.056)	Data 0.006 (0.010)	Loss 0.1811 (0.1744)	Error Ratio 0.7925 (2.4733)
03-02 20:28 INFO     Epoch: [0][2820/11389]	Time 0.049 (0.056)	Data 0.009 (0.010)	Loss 0.1587 (0.1742)	Error Ratio 0.5608 (2.4741)
03-02 20:28 INFO     Epoch: [0][2840/11389]	Time 0.051 (0.056)	Data 0.012 (0.010)	Loss 0.1310 (0.1741)	Error Ratio 0.7410 (2.4708)
03-02 20:28 INFO     Epoch: [0][2860/11389]	Time 0.066 (0.056)	Data 0.011 (0.010)	Loss 0.0964 (0.1742)	Error Ratio 2.3217 (2.4611)
03-02 20:28 INFO     Epoch: [0][2880/11389]	Time 0.052 (0.056)	Data 0.008 (0.010)	Loss 0.2314 (0.1742)	Error Ratio 2.2278 (2.4580)
03-02 20:28 INFO     Epoch: [0][2900/11389]	Time 0.062 (0.056)	Data 0.008 (0.010)	Loss 0.1767 (0.1741)	Error Ratio 0.6301 (2.4992)
03-02 20:28 INFO     Epoch: [0][2920/11389]	Time 0.052 (0.056)	Data 0.011 (0.010)	Loss 0.1466 (0.1740)	Error Ratio 0.5547 (2.4902)
03-02 20:28 INFO     Epoch: [0][2940/11389]	Time 0.050 (0.056)	Data 0.010 (0.010)	Loss 0.0978 (0.1737)	Error Ratio 0.7897 (2.5101)
03-02 20:29 INFO     Epoch: [0][2960/11389]	Time 0.058 (0.056)	Data 0.009 (0.010)	Loss 0.0698 (0.1737)	Error Ratio 0.5574 (2.5041)
03-02 20:29 INFO     Epoch: [0][2980/11389]	Time 0.052 (0.056)	Data 0.007 (0.010)	Loss 0.1260 (0.1736)	Error Ratio 2.5961 (2.4943)
03-02 20:29 INFO     Epoch: [0][3000/11389]	Time 0.059 (0.056)	Data 0.014 (0.010)	Loss 0.1321 (0.1734)	Error Ratio 0.6962 (2.4867)
03-02 20:29 INFO     Epoch: [0][3020/11389]	Time 0.053 (0.056)	Data 0.007 (0.010)	Loss 0.1301 (0.1732)	Error Ratio 1.1473 (2.4799)
03-02 20:29 INFO     Epoch: [0][3040/11389]	Time 0.065 (0.056)	Data 0.014 (0.010)	Loss 0.2366 (0.1734)	Error Ratio 30.8591 (2.4899)
03-02 20:29 INFO     Epoch: [0][3060/11389]	Time 0.056 (0.056)	Data 0.014 (0.010)	Loss 0.0880 (0.1733)	Error Ratio 0.5504 (2.4950)
03-02 20:29 INFO     Epoch: [0][3080/11389]	Time 0.053 (0.056)	Data 0.008 (0.010)	Loss 0.7951 (0.1735)	Error Ratio 0.8830 (2.4940)
03-02 20:29 INFO     Epoch: [0][3100/11389]	Time 0.050 (0.056)	Data 0.010 (0.010)	Loss 0.1429 (0.1735)	Error Ratio 0.6199 (2.5328)
03-02 20:29 INFO     Epoch: [0][3120/11389]	Time 0.056 (0.056)	Data 0.014 (0.010)	Loss 0.1821 (0.1733)	Error Ratio 0.5694 (2.5266)
03-02 20:29 INFO     Epoch: [0][3140/11389]	Time 0.048 (0.056)	Data 0.008 (0.010)	Loss 0.1180 (0.1732)	Error Ratio 1.3499 (2.5173)
03-02 20:29 INFO     Epoch: [0][3160/11389]	Time 0.060 (0.056)	Data 0.014 (0.010)	Loss 0.0921 (0.1731)	Error Ratio 0.9740 (2.5091)
03-02 20:29 INFO     Epoch: [0][3180/11389]	Time 0.049 (0.056)	Data 0.008 (0.010)	Loss 0.1704 (0.1731)	Error Ratio 1.4718 (2.5090)
03-02 20:29 INFO     Epoch: [0][3200/11389]	Time 0.053 (0.056)	Data 0.009 (0.010)	Loss 0.2086 (0.1730)	Error Ratio 0.7869 (2.5049)
03-02 20:29 INFO     Epoch: [0][3220/11389]	Time 0.055 (0.056)	Data 0.009 (0.010)	Loss 0.2163 (0.1729)	Error Ratio 0.6550 (2.4989)
03-02 20:29 INFO     Epoch: [0][3240/11389]	Time 0.060 (0.056)	Data 0.009 (0.010)	Loss 0.2202 (0.1729)	Error Ratio 1.9366 (2.5053)
03-02 20:29 INFO     Epoch: [0][3260/11389]	Time 0.050 (0.056)	Data 0.009 (0.010)	Loss 0.2038 (0.1728)	Error Ratio 1.1617 (2.5054)
03-02 20:29 INFO     Epoch: [0][3280/11389]	Time 0.055 (0.056)	Data 0.012 (0.010)	Loss 0.1988 (0.1726)	Error Ratio 0.4858 (2.4981)
03-02 20:29 INFO     Epoch: [0][3300/11389]	Time 0.050 (0.056)	Data 0.008 (0.010)	Loss 0.1198 (0.1726)	Error Ratio 0.5807 (2.6272)
03-02 20:29 INFO     Epoch: [0][3320/11389]	Time 0.048 (0.056)	Data 0.010 (0.010)	Loss 0.1564 (0.1725)	Error Ratio 0.8380 (2.6351)
03-02 20:29 INFO     Epoch: [0][3340/11389]	Time 0.056 (0.056)	Data 0.011 (0.010)	Loss 0.0972 (0.1724)	Error Ratio 2.7483 (2.6478)
03-02 20:29 INFO     Epoch: [0][3360/11389]	Time 0.047 (0.056)	Data 0.007 (0.010)	Loss 0.0826 (0.1723)	Error Ratio 12.9773 (2.6416)
03-02 20:29 INFO     Epoch: [0][3380/11389]	Time 0.060 (0.056)	Data 0.010 (0.010)	Loss 0.2297 (0.1724)	Error Ratio 1.9072 (2.6322)
03-02 20:29 INFO     Epoch: [0][3400/11389]	Time 0.054 (0.056)	Data 0.010 (0.010)	Loss 0.1510 (0.1725)	Error Ratio 5.0351 (2.6296)
03-02 20:29 INFO     Epoch: [0][3420/11389]	Time 0.055 (0.056)	Data 0.014 (0.010)	Loss 0.2188 (0.1723)	Error Ratio 0.9336 (2.6265)
03-02 20:29 INFO     Epoch: [0][3440/11389]	Time 0.051 (0.056)	Data 0.009 (0.010)	Loss 0.1719 (0.1723)	Error Ratio 17.1698 (2.6256)
03-02 20:29 INFO     Epoch: [0][3460/11389]	Time 0.052 (0.056)	Data 0.013 (0.010)	Loss 0.1167 (0.1721)	Error Ratio 0.7248 (2.6162)
03-02 20:29 INFO     Epoch: [0][3480/11389]	Time 0.049 (0.056)	Data 0.007 (0.010)	Loss 0.1240 (0.1720)	Error Ratio 3.6931 (2.6094)
03-02 20:29 INFO     Epoch: [0][3500/11389]	Time 0.051 (0.056)	Data 0.009 (0.010)	Loss 0.0950 (0.1718)	Error Ratio 1.5299 (2.6006)
03-02 20:29 INFO     Epoch: [0][3520/11389]	Time 0.071 (0.056)	Data 0.008 (0.010)	Loss 0.0793 (0.1716)	Error Ratio 0.6790 (2.6032)
03-02 20:29 INFO     Epoch: [0][3540/11389]	Time 0.053 (0.056)	Data 0.014 (0.010)	Loss 0.1861 (0.1714)	Error Ratio 1.5278 (2.6033)
03-02 20:29 INFO     Epoch: [0][3560/11389]	Time 0.054 (0.056)	Data 0.014 (0.010)	Loss 0.1611 (0.1714)	Error Ratio 0.9232 (2.5943)
03-02 20:29 INFO     Epoch: [0][3580/11389]	Time 0.049 (0.056)	Data 0.010 (0.010)	Loss 0.1836 (0.1713)	Error Ratio 0.6140 (2.6140)
03-02 20:29 INFO     Epoch: [0][3600/11389]	Time 0.050 (0.056)	Data 0.012 (0.010)	Loss 0.1220 (0.1712)	Error Ratio 1.8790 (2.6059)
03-02 20:29 INFO     Epoch: [0][3620/11389]	Time 0.051 (0.056)	Data 0.012 (0.010)	Loss 0.2049 (0.1712)	Error Ratio 1.3058 (2.5986)
03-02 20:29 INFO     Epoch: [0][3640/11389]	Time 0.048 (0.056)	Data 0.008 (0.010)	Loss 0.1097 (0.1710)	Error Ratio 0.7858 (2.5914)
03-02 20:29 INFO     Epoch: [0][3660/11389]	Time 0.062 (0.056)	Data 0.011 (0.010)	Loss 0.1952 (0.1708)	Error Ratio 0.8750 (2.5817)
03-02 20:29 INFO     Epoch: [0][3680/11389]	Time 0.051 (0.056)	Data 0.012 (0.010)	Loss 0.1159 (0.1710)	Error Ratio 0.6067 (2.5760)
03-02 20:29 INFO     Epoch: [0][3700/11389]	Time 0.080 (0.056)	Data 0.013 (0.010)	Loss 0.2914 (0.1709)	Error Ratio 1.1326 (2.5682)
03-02 20:29 INFO     Epoch: [0][3720/11389]	Time 0.053 (0.056)	Data 0.010 (0.010)	Loss 0.2065 (0.1708)	Error Ratio 0.7598 (2.5624)
03-02 20:29 INFO     Epoch: [0][3740/11389]	Time 0.054 (0.056)	Data 0.011 (0.010)	Loss 0.1190 (0.1707)	Error Ratio 6.4078 (2.5653)
03-02 20:29 INFO     Epoch: [0][3760/11389]	Time 0.052 (0.056)	Data 0.010 (0.010)	Loss 0.1451 (0.1707)	Error Ratio 6.9326 (2.5599)
03-02 20:29 INFO     Epoch: [0][3780/11389]	Time 0.057 (0.056)	Data 0.008 (0.010)	Loss 0.1244 (0.1706)	Error Ratio 0.7558 (2.5536)
03-02 20:29 INFO     Epoch: [0][3800/11389]	Time 0.047 (0.056)	Data 0.007 (0.010)	Loss 0.1238 (0.1705)	Error Ratio 0.7665 (2.5476)
03-02 20:29 INFO     Epoch: [0][3820/11389]	Time 0.058 (0.056)	Data 0.010 (0.010)	Loss 0.1096 (0.1704)	Error Ratio 0.4631 (2.5404)
03-02 20:29 INFO     Epoch: [0][3840/11389]	Time 0.061 (0.056)	Data 0.010 (0.010)	Loss 0.1039 (0.1703)	Error Ratio 0.8846 (2.5370)
03-02 20:29 INFO     Epoch: [0][3860/11389]	Time 0.050 (0.056)	Data 0.009 (0.010)	Loss 0.1294 (0.1703)	Error Ratio 0.6059 (2.5333)
03-02 20:29 INFO     Epoch: [0][3880/11389]	Time 0.052 (0.056)	Data 0.015 (0.010)	Loss 0.1740 (0.1703)	Error Ratio 0.9796 (2.5300)
03-02 20:29 INFO     Epoch: [0][3900/11389]	Time 0.061 (0.056)	Data 0.011 (0.010)	Loss 0.1133 (0.1702)	Error Ratio 1.7032 (2.5235)
03-02 20:29 INFO     Epoch: [0][3920/11389]	Time 0.060 (0.056)	Data 0.011 (0.010)	Loss 0.1292 (0.1704)	Error Ratio 0.6699 (2.5253)
03-02 20:29 INFO     Epoch: [0][3940/11389]	Time 0.071 (0.056)	Data 0.012 (0.010)	Loss 0.1243 (0.1703)	Error Ratio 0.7372 (2.5217)
03-02 20:29 INFO     Epoch: [0][3960/11389]	Time 0.053 (0.056)	Data 0.007 (0.010)	Loss 0.0914 (0.1702)	Error Ratio 1.6559 (2.5188)
03-02 20:29 INFO     Epoch: [0][3980/11389]	Time 0.053 (0.056)	Data 0.010 (0.010)	Loss 0.1453 (0.1702)	Error Ratio 0.6300 (2.5111)
03-02 20:29 INFO     Epoch: [0][4000/11389]	Time 0.055 (0.056)	Data 0.012 (0.010)	Loss 0.2104 (0.1701)	Error Ratio 0.8462 (2.5034)
03-02 20:29 INFO     Epoch: [0][4020/11389]	Time 0.049 (0.056)	Data 0.009 (0.010)	Loss 0.1232 (0.1701)	Error Ratio 0.7231 (2.4955)
03-02 20:29 INFO     Epoch: [0][4040/11389]	Time 0.059 (0.056)	Data 0.012 (0.010)	Loss 0.2440 (0.1703)	Error Ratio 2.0269 (2.4977)
03-02 20:30 INFO     Epoch: [0][4060/11389]	Time 0.076 (0.056)	Data 0.010 (0.010)	Loss 0.4432 (0.1703)	Error Ratio 1.0677 (2.4903)
03-02 20:30 INFO     Epoch: [0][4080/11389]	Time 0.051 (0.056)	Data 0.008 (0.010)	Loss 0.1227 (0.1706)	Error Ratio 57.4157 (2.4993)
03-02 20:30 INFO     Epoch: [0][4100/11389]	Time 0.055 (0.056)	Data 0.012 (0.010)	Loss 0.1623 (0.1704)	Error Ratio 1.1917 (2.4935)
03-02 20:30 INFO     Epoch: [0][4120/11389]	Time 0.053 (0.056)	Data 0.012 (0.010)	Loss 0.1099 (0.1703)	Error Ratio 0.5300 (2.4973)
03-02 20:30 INFO     Epoch: [0][4140/11389]	Time 0.048 (0.056)	Data 0.009 (0.010)	Loss 0.1587 (0.1702)	Error Ratio 0.8633 (2.4942)
03-02 20:30 INFO     Epoch: [0][4160/11389]	Time 0.050 (0.056)	Data 0.011 (0.010)	Loss 0.2543 (0.1701)	Error Ratio 7.1632 (2.4922)
03-02 20:30 INFO     Epoch: [0][4180/11389]	Time 0.049 (0.056)	Data 0.009 (0.010)	Loss 0.1542 (0.1700)	Error Ratio 0.5546 (2.4853)
03-02 20:30 INFO     Epoch: [0][4200/11389]	Time 0.054 (0.056)	Data 0.011 (0.010)	Loss 0.2399 (0.1700)	Error Ratio 0.6652 (2.4776)
03-02 20:30 INFO     Epoch: [0][4220/11389]	Time 0.074 (0.056)	Data 0.017 (0.010)	Loss 0.1865 (0.1699)	Error Ratio 1.3903 (2.4720)
03-02 20:30 INFO     Epoch: [0][4240/11389]	Time 0.053 (0.056)	Data 0.012 (0.010)	Loss 0.1541 (0.1699)	Error Ratio 2.9344 (2.4702)
03-02 20:30 INFO     Epoch: [0][4260/11389]	Time 0.048 (0.056)	Data 0.005 (0.010)	Loss 0.2085 (0.1698)	Error Ratio 1.5804 (2.4636)
03-02 20:30 INFO     Epoch: [0][4280/11389]	Time 0.051 (0.056)	Data 0.010 (0.010)	Loss 0.0984 (0.1698)	Error Ratio 0.7003 (2.4649)
03-02 20:30 INFO     Epoch: [0][4300/11389]	Time 0.061 (0.056)	Data 0.008 (0.010)	Loss 0.1367 (0.1698)	Error Ratio 13.6278 (2.4612)
03-02 20:30 INFO     Epoch: [0][4320/11389]	Time 0.051 (0.056)	Data 0.009 (0.010)	Loss 0.1372 (0.1697)	Error Ratio 0.7680 (2.4557)
03-02 20:30 INFO     Epoch: [0][4340/11389]	Time 0.052 (0.056)	Data 0.006 (0.010)	Loss 0.1579 (0.1696)	Error Ratio 2.9257 (2.4496)
03-02 20:30 INFO     Epoch: [0][4360/11389]	Time 0.058 (0.056)	Data 0.009 (0.010)	Loss 0.8980 (0.1697)	Error Ratio 3.0360 (2.4447)
03-02 20:30 INFO     Epoch: [0][4380/11389]	Time 0.057 (0.056)	Data 0.009 (0.010)	Loss 0.0906 (0.1698)	Error Ratio 1.0713 (2.4381)
03-02 20:30 INFO     Epoch: [0][4400/11389]	Time 0.051 (0.056)	Data 0.012 (0.010)	Loss 0.1278 (0.1697)	Error Ratio 0.6133 (2.4539)
03-02 20:30 INFO     Epoch: [0][4420/11389]	Time 0.080 (0.056)	Data 0.012 (0.010)	Loss 0.1294 (0.1698)	Error Ratio 1.4019 (2.4481)
03-02 20:30 INFO     Epoch: [0][4440/11389]	Time 0.047 (0.056)	Data 0.009 (0.010)	Loss 0.0912 (0.1697)	Error Ratio 0.7047 (2.4453)
03-02 20:30 INFO     Epoch: [0][4460/11389]	Time 0.054 (0.056)	Data 0.007 (0.010)	Loss 0.1366 (0.1697)	Error Ratio 2.8372 (2.4402)
03-02 20:30 INFO     Epoch: [0][4480/11389]	Time 0.057 (0.056)	Data 0.009 (0.010)	Loss 0.1365 (0.1696)	Error Ratio 0.7590 (2.4370)
03-02 20:30 INFO     Epoch: [0][4500/11389]	Time 0.058 (0.056)	Data 0.008 (0.010)	Loss 0.1680 (0.1696)	Error Ratio 0.8571 (2.4337)
03-02 20:30 INFO     Epoch: [0][4520/11389]	Time 0.056 (0.056)	Data 0.012 (0.010)	Loss 0.1553 (0.1696)	Error Ratio 1.1607 (2.4462)
03-02 20:30 INFO     Epoch: [0][4540/11389]	Time 0.053 (0.056)	Data 0.005 (0.010)	Loss 0.1399 (0.1696)	Error Ratio 0.8442 (2.4487)
03-02 20:30 INFO     Epoch: [0][4560/11389]	Time 0.067 (0.056)	Data 0.012 (0.010)	Loss 0.2576 (0.1696)	Error Ratio 4.4775 (2.4435)
03-02 20:30 INFO     Epoch: [0][4580/11389]	Time 0.051 (0.056)	Data 0.008 (0.010)	Loss 0.1266 (0.1695)	Error Ratio 0.4931 (2.4379)
03-02 20:30 INFO     Epoch: [0][4600/11389]	Time 0.067 (0.056)	Data 0.007 (0.010)	Loss 0.1139 (0.1694)	Error Ratio 0.5386 (2.4345)
03-02 20:30 INFO     Epoch: [0][4620/11389]	Time 0.055 (0.056)	Data 0.014 (0.010)	Loss 0.1239 (0.1694)	Error Ratio 1.1750 (2.4300)
03-02 20:30 INFO     Epoch: [0][4640/11389]	Time 0.058 (0.056)	Data 0.007 (0.010)	Loss 0.1842 (0.1695)	Error Ratio 0.5953 (2.4277)
03-02 20:30 INFO     Epoch: [0][4660/11389]	Time 0.055 (0.056)	Data 0.009 (0.010)	Loss 0.1000 (0.1694)	Error Ratio 2.0989 (2.4262)
03-02 20:30 INFO     Epoch: [0][4680/11389]	Time 0.057 (0.056)	Data 0.015 (0.010)	Loss 0.2570 (0.1693)	Error Ratio 1.2126 (2.4259)
03-02 20:30 INFO     Epoch: [0][4700/11389]	Time 0.062 (0.056)	Data 0.010 (0.010)	Loss 0.1607 (0.1693)	Error Ratio 0.7198 (2.4235)
03-02 20:30 INFO     Epoch: [0][4720/11389]	Time 0.054 (0.056)	Data 0.013 (0.010)	Loss 0.0963 (0.1692)	Error Ratio 0.5791 (2.4164)
03-02 20:30 INFO     Epoch: [0][4740/11389]	Time 0.051 (0.056)	Data 0.008 (0.010)	Loss 0.1411 (0.1691)	Error Ratio 0.5547 (2.4195)
03-02 20:30 INFO     Epoch: [0][4760/11389]	Time 0.070 (0.056)	Data 0.010 (0.010)	Loss 0.1437 (0.1691)	Error Ratio 0.5260 (2.4145)
03-02 20:30 INFO     Epoch: [0][4780/11389]	Time 0.061 (0.056)	Data 0.014 (0.010)	Loss 0.1701 (0.1691)	Error Ratio 0.8599 (2.4177)
03-02 20:30 INFO     Epoch: [0][4800/11389]	Time 0.051 (0.056)	Data 0.007 (0.010)	Loss 0.1056 (0.1690)	Error Ratio 7.1204 (2.4138)
03-02 20:30 INFO     Epoch: [0][4820/11389]	Time 0.059 (0.056)	Data 0.008 (0.010)	Loss 0.2037 (0.1689)	Error Ratio 0.7221 (2.4099)
03-02 20:30 INFO     Epoch: [0][4840/11389]	Time 0.047 (0.056)	Data 0.009 (0.010)	Loss 0.1529 (0.1687)	Error Ratio 7.6699 (2.4075)
03-02 20:30 INFO     Epoch: [0][4860/11389]	Time 0.052 (0.056)	Data 0.012 (0.010)	Loss 0.1007 (0.1687)	Error Ratio 0.7106 (2.4064)
03-02 20:30 INFO     Epoch: [0][4880/11389]	Time 0.057 (0.056)	Data 0.011 (0.010)	Loss 0.0910 (0.1687)	Error Ratio 0.8474 (2.4109)
03-02 20:30 INFO     Epoch: [0][4900/11389]	Time 0.062 (0.056)	Data 0.010 (0.010)	Loss 0.2053 (0.1687)	Error Ratio 0.8125 (2.4070)
03-02 20:30 INFO     Epoch: [0][4920/11389]	Time 0.047 (0.056)	Data 0.007 (0.010)	Loss 0.1056 (0.1687)	Error Ratio 0.6406 (2.4208)
03-02 20:30 INFO     Epoch: [0][4940/11389]	Time 0.048 (0.056)	Data 0.009 (0.010)	Loss 0.1120 (0.1686)	Error Ratio 1.0945 (2.4149)
03-02 20:30 INFO     Epoch: [0][4960/11389]	Time 0.047 (0.056)	Data 0.007 (0.010)	Loss 0.1723 (0.1687)	Error Ratio 0.9512 (2.4114)
03-02 20:30 INFO     Epoch: [0][4980/11389]	Time 0.059 (0.056)	Data 0.009 (0.010)	Loss 0.1953 (0.1687)	Error Ratio 1.3401 (2.4074)
03-02 20:30 INFO     Epoch: [0][5000/11389]	Time 0.053 (0.056)	Data 0.013 (0.010)	Loss 0.1090 (0.1686)	Error Ratio 1.2404 (2.4024)
03-02 20:30 INFO     Epoch: [0][5020/11389]	Time 0.060 (0.056)	Data 0.010 (0.010)	Loss 0.1484 (0.1686)	Error Ratio 0.7045 (2.4008)
03-02 20:30 INFO     Epoch: [0][5040/11389]	Time 0.057 (0.056)	Data 0.009 (0.010)	Loss 0.1703 (0.1686)	Error Ratio 0.7392 (2.3991)
03-02 20:30 INFO     Epoch: [0][5060/11389]	Time 0.065 (0.056)	Data 0.012 (0.010)	Loss 0.1532 (0.1685)	Error Ratio 0.6192 (2.3955)
03-02 20:30 INFO     Epoch: [0][5080/11389]	Time 0.059 (0.056)	Data 0.012 (0.010)	Loss 0.1537 (0.1684)	Error Ratio 0.9874 (2.3898)
03-02 20:30 INFO     Epoch: [0][5100/11389]	Time 0.052 (0.056)	Data 0.012 (0.010)	Loss 0.1234 (0.1683)	Error Ratio 0.6548 (2.3945)
03-02 20:30 INFO     Epoch: [0][5120/11389]	Time 0.059 (0.056)	Data 0.013 (0.010)	Loss 0.2809 (0.1682)	Error Ratio 0.5176 (2.3897)
03-02 20:31 INFO     Epoch: [0][5140/11389]	Time 0.067 (0.056)	Data 0.012 (0.010)	Loss 0.0859 (0.1682)	Error Ratio 0.5012 (2.3911)
03-02 20:31 INFO     Epoch: [0][5160/11389]	Time 0.048 (0.056)	Data 0.009 (0.010)	Loss 0.6461 (0.1682)	Error Ratio 2.9183 (2.3876)
03-02 20:31 INFO     Epoch: [0][5180/11389]	Time 0.059 (0.056)	Data 0.012 (0.010)	Loss 0.0879 (0.1683)	Error Ratio 2.1753 (2.3843)
03-02 20:31 INFO     Epoch: [0][5200/11389]	Time 0.048 (0.056)	Data 0.009 (0.010)	Loss 0.1291 (0.1682)	Error Ratio 1.2070 (2.3802)
03-02 20:31 INFO     Epoch: [0][5220/11389]	Time 0.054 (0.056)	Data 0.010 (0.010)	Loss 0.1433 (0.1681)	Error Ratio 0.4375 (2.3749)
03-02 20:31 INFO     Epoch: [0][5240/11389]	Time 0.051 (0.056)	Data 0.011 (0.010)	Loss 0.1264 (0.1682)	Error Ratio 0.8734 (2.3710)
03-02 20:31 INFO     Epoch: [0][5260/11389]	Time 0.054 (0.056)	Data 0.013 (0.010)	Loss 0.0729 (0.1682)	Error Ratio 19.4955 (2.3812)
03-02 20:31 INFO     Epoch: [0][5280/11389]	Time 0.052 (0.056)	Data 0.010 (0.010)	Loss 0.1177 (0.1682)	Error Ratio 2.7512 (2.3781)
03-02 20:31 INFO     Epoch: [0][5300/11389]	Time 0.058 (0.056)	Data 0.010 (0.010)	Loss 0.4397 (0.1683)	Error Ratio 1.2540 (2.3739)
03-02 20:31 INFO     Epoch: [0][5320/11389]	Time 0.067 (0.056)	Data 0.007 (0.010)	Loss 0.1108 (0.1682)	Error Ratio 0.5930 (2.3866)
03-02 20:31 INFO     Epoch: [0][5340/11389]	Time 0.061 (0.056)	Data 0.011 (0.010)	Loss 0.1214 (0.1682)	Error Ratio 1.5413 (2.3876)
03-02 20:31 INFO     Epoch: [0][5360/11389]	Time 0.048 (0.056)	Data 0.006 (0.010)	Loss 0.1739 (0.1681)	Error Ratio 0.6653 (2.3824)
03-02 20:31 INFO     Epoch: [0][5380/11389]	Time 0.060 (0.056)	Data 0.012 (0.010)	Loss 0.0966 (0.1681)	Error Ratio 0.9630 (2.3775)
03-02 20:31 INFO     Epoch: [0][5400/11389]	Time 0.048 (0.056)	Data 0.009 (0.010)	Loss 0.1572 (0.1680)	Error Ratio 31.5387 (2.3778)
03-02 20:31 INFO     Epoch: [0][5420/11389]	Time 0.049 (0.056)	Data 0.009 (0.010)	Loss 0.0910 (0.1679)	Error Ratio 0.7492 (2.3727)
03-02 20:31 INFO     Epoch: [0][5440/11389]	Time 0.065 (0.056)	Data 0.014 (0.010)	Loss 0.1330 (0.1678)	Error Ratio 0.5693 (2.3892)
03-02 20:31 INFO     Epoch: [0][5460/11389]	Time 0.051 (0.056)	Data 0.012 (0.010)	Loss 0.1558 (0.1677)	Error Ratio 0.7514 (2.3882)
03-02 20:31 INFO     Epoch: [0][5480/11389]	Time 0.057 (0.056)	Data 0.012 (0.010)	Loss 0.1889 (0.1676)	Error Ratio 0.5408 (2.3828)
03-02 20:31 INFO     Epoch: [0][5500/11389]	Time 0.067 (0.056)	Data 0.004 (0.010)	Loss 0.2389 (0.1676)	Error Ratio 0.9413 (2.3791)
03-02 20:31 INFO     Epoch: [0][5520/11389]	Time 0.059 (0.056)	Data 0.012 (0.010)	Loss 0.2898 (0.1676)	Error Ratio 464.2899 (2.4587)
03-02 20:31 INFO     Epoch: [0][5540/11389]	Time 0.061 (0.056)	Data 0.010 (0.010)	Loss 0.1685 (0.1677)	Error Ratio 0.8021 (2.6386)
03-02 20:31 INFO     Epoch: [0][5560/11389]	Time 0.050 (0.056)	Data 0.009 (0.010)	Loss 0.1065 (0.1676)	Error Ratio 0.7146 (2.6401)
03-02 20:31 INFO     Epoch: [0][5580/11389]	Time 0.054 (0.056)	Data 0.011 (0.010)	Loss 0.1005 (0.1677)	Error Ratio 1.4563 (2.6344)
03-02 20:31 INFO     Epoch: [0][5600/11389]	Time 0.057 (0.056)	Data 0.009 (0.010)	Loss 0.1654 (0.1677)	Error Ratio 0.6731 (2.6293)
03-02 20:31 INFO     Epoch: [0][5620/11389]	Time 0.065 (0.056)	Data 0.009 (0.010)	Loss 0.1668 (0.1677)	Error Ratio 0.5791 (2.6234)
03-02 20:31 INFO     Epoch: [0][5640/11389]	Time 0.053 (0.056)	Data 0.014 (0.010)	Loss 0.1516 (0.1676)	Error Ratio 1.4521 (2.6291)
03-02 20:31 INFO     Epoch: [0][5660/11389]	Time 0.058 (0.056)	Data 0.010 (0.010)	Loss 0.1217 (0.1675)	Error Ratio 0.4915 (2.6245)
03-02 20:31 INFO     Epoch: [0][5680/11389]	Time 0.067 (0.056)	Data 0.009 (0.010)	Loss 0.1569 (0.1675)	Error Ratio 0.9128 (2.6235)
03-02 20:31 INFO     Epoch: [0][5700/11389]	Time 0.050 (0.056)	Data 0.009 (0.010)	Loss 0.1112 (0.1675)	Error Ratio 0.8242 (2.6173)
03-02 20:31 INFO     Epoch: [0][5720/11389]	Time 0.054 (0.056)	Data 0.014 (0.010)	Loss 0.1000 (0.1674)	Error Ratio 2.5449 (2.6148)
03-02 20:31 INFO     Epoch: [0][5740/11389]	Time 0.049 (0.056)	Data 0.010 (0.010)	Loss 0.1374 (0.1674)	Error Ratio 0.7616 (2.6126)
03-02 20:31 INFO     Epoch: [0][5760/11389]	Time 0.051 (0.056)	Data 0.007 (0.010)	Loss 0.1924 (0.1676)	Error Ratio 1.2739 (2.6290)
03-02 20:31 INFO     Epoch: [0][5780/11389]	Time 0.054 (0.056)	Data 0.010 (0.010)	Loss 0.1526 (0.1675)	Error Ratio 0.4886 (2.6254)
03-02 20:31 INFO     Epoch: [0][5800/11389]	Time 0.065 (0.056)	Data 0.011 (0.010)	Loss 0.0999 (0.1675)	Error Ratio 0.4406 (2.6410)
03-02 20:31 INFO     Epoch: [0][5820/11389]	Time 0.049 (0.056)	Data 0.007 (0.010)	Loss 0.1843 (0.1675)	Error Ratio 1.6669 (2.6405)
03-02 20:31 INFO     Epoch: [0][5840/11389]	Time 0.056 (0.056)	Data 0.009 (0.010)	Loss 0.1991 (0.1675)	Error Ratio 1.5405 (2.6365)
03-02 20:31 INFO     Epoch: [0][5860/11389]	Time 0.052 (0.056)	Data 0.012 (0.010)	Loss 0.1323 (0.1674)	Error Ratio 0.7304 (2.6423)
03-02 20:31 INFO     Epoch: [0][5880/11389]	Time 0.051 (0.056)	Data 0.009 (0.010)	Loss 0.1234 (0.1676)	Error Ratio 1.0275 (2.6403)
03-02 20:31 INFO     Epoch: [0][5900/11389]	Time 0.058 (0.056)	Data 0.010 (0.010)	Loss 0.1518 (0.1675)	Error Ratio 0.9189 (2.6350)
03-02 20:31 INFO     Epoch: [0][5920/11389]	Time 0.065 (0.056)	Data 0.015 (0.010)	Loss 0.0805 (0.1674)	Error Ratio 0.3997 (2.6303)
03-02 20:31 INFO     Epoch: [0][5940/11389]	Time 0.051 (0.056)	Data 0.010 (0.010)	Loss 0.0877 (0.1674)	Error Ratio 1.8134 (2.6252)
03-02 20:31 INFO     Epoch: [0][5960/11389]	Time 0.053 (0.056)	Data 0.012 (0.010)	Loss 0.0930 (0.1673)	Error Ratio 0.5895 (2.6222)
03-02 20:31 INFO     Epoch: [0][5980/11389]	Time 0.051 (0.056)	Data 0.009 (0.010)	Loss 0.2853 (0.1674)	Error Ratio 0.9051 (2.6257)
03-02 20:31 INFO     Epoch: [0][6000/11389]	Time 0.061 (0.056)	Data 0.008 (0.010)	Loss 0.0618 (0.1674)	Error Ratio 1.3376 (2.6218)
03-02 20:31 INFO     Epoch: [0][6020/11389]	Time 0.051 (0.056)	Data 0.012 (0.010)	Loss 0.1530 (0.1674)	Error Ratio 0.6448 (2.6164)
03-02 20:31 INFO     Epoch: [0][6040/11389]	Time 0.054 (0.056)	Data 0.011 (0.010)	Loss 0.0924 (0.1673)	Error Ratio 1.9459 (2.6123)
03-02 20:31 INFO     Epoch: [0][6060/11389]	Time 0.063 (0.056)	Data 0.009 (0.010)	Loss 0.1174 (0.1672)	Error Ratio 1.2822 (2.6070)
03-02 20:31 INFO     Epoch: [0][6080/11389]	Time 0.054 (0.056)	Data 0.009 (0.010)	Loss 0.0984 (0.1672)	Error Ratio 0.7162 (2.6024)
03-02 20:31 INFO     Epoch: [0][6100/11389]	Time 0.046 (0.056)	Data 0.007 (0.010)	Loss 0.1429 (0.1675)	Error Ratio 0.4742 (2.6169)
03-02 20:31 INFO     Epoch: [0][6120/11389]	Time 0.056 (0.056)	Data 0.008 (0.010)	Loss 0.0915 (0.1674)	Error Ratio 1.5006 (2.6152)
03-02 20:31 INFO     Epoch: [0][6140/11389]	Time 0.058 (0.056)	Data 0.012 (0.010)	Loss 0.1061 (0.1673)	Error Ratio 0.7571 (2.6104)
03-02 20:31 INFO     Epoch: [0][6160/11389]	Time 0.065 (0.056)	Data 0.014 (0.010)	Loss 0.0739 (0.1673)	Error Ratio 58.1450 (2.6202)
03-02 20:31 INFO     Epoch: [0][6180/11389]	Time 0.063 (0.056)	Data 0.009 (0.010)	Loss 0.1246 (0.1674)	Error Ratio 0.6644 (2.6165)
03-02 20:32 INFO     Epoch: [0][6200/11389]	Time 0.055 (0.056)	Data 0.012 (0.010)	Loss 0.1198 (0.1673)	Error Ratio 0.3837 (2.6129)
03-02 20:32 INFO     Epoch: [0][6220/11389]	Time 0.052 (0.056)	Data 0.010 (0.010)	Loss 0.1851 (0.1674)	Error Ratio 22.1462 (2.6179)
03-02 20:32 INFO     Epoch: [0][6240/11389]	Time 0.065 (0.056)	Data 0.012 (0.010)	Loss 0.1358 (0.1674)	Error Ratio 1.8285 (2.6268)
03-02 20:32 INFO     Epoch: [0][6260/11389]	Time 0.058 (0.056)	Data 0.012 (0.010)	Loss 0.1448 (0.1674)	Error Ratio 0.8915 (2.6251)
03-02 20:32 INFO     Epoch: [0][6280/11389]	Time 0.066 (0.056)	Data 0.010 (0.010)	Loss 0.1721 (0.1676)	Error Ratio 0.9365 (2.6200)
03-02 20:32 INFO     Epoch: [0][6300/11389]	Time 0.055 (0.056)	Data 0.012 (0.010)	Loss 0.1171 (0.1676)	Error Ratio 10.3339 (2.6192)
03-02 20:32 INFO     Epoch: [0][6320/11389]	Time 0.057 (0.056)	Data 0.009 (0.010)	Loss 0.1140 (0.1676)	Error Ratio 0.5757 (2.6148)
03-02 20:32 INFO     Epoch: [0][6340/11389]	Time 0.051 (0.056)	Data 0.007 (0.010)	Loss 0.1783 (0.1676)	Error Ratio 0.5678 (2.6106)
03-02 20:32 INFO     Epoch: [0][6360/11389]	Time 0.056 (0.056)	Data 0.009 (0.010)	Loss 0.1010 (0.1674)	Error Ratio 0.9273 (2.6078)
03-02 20:32 INFO     Epoch: [0][6380/11389]	Time 0.050 (0.056)	Data 0.008 (0.010)	Loss 0.1243 (0.1674)	Error Ratio 0.9625 (2.6028)
03-02 20:32 INFO     Epoch: [0][6400/11389]	Time 0.053 (0.056)	Data 0.010 (0.010)	Loss 0.0962 (0.1674)	Error Ratio 0.7573 (2.5976)
03-02 20:32 INFO     Epoch: [0][6420/11389]	Time 0.048 (0.056)	Data 0.008 (0.010)	Loss 0.2257 (0.1673)	Error Ratio 0.7040 (2.6007)
03-02 20:32 INFO     Epoch: [0][6440/11389]	Time 0.049 (0.056)	Data 0.009 (0.010)	Loss 0.1001 (0.1673)	Error Ratio 0.9604 (2.5985)
03-02 20:32 INFO     Epoch: [0][6460/11389]	Time 0.050 (0.056)	Data 0.006 (0.010)	Loss 0.1095 (0.1679)	Error Ratio 1.1350 (2.5947)
03-02 20:32 INFO     Epoch: [0][6480/11389]	Time 0.057 (0.056)	Data 0.009 (0.010)	Loss 0.1219 (0.1678)	Error Ratio 0.7549 (2.5932)
03-02 20:32 INFO     Epoch: [0][6500/11389]	Time 0.048 (0.056)	Data 0.007 (0.010)	Loss 0.1452 (0.1677)	Error Ratio 1.3284 (2.6595)
03-02 20:32 INFO     Epoch: [0][6520/11389]	Time 0.062 (0.056)	Data 0.009 (0.010)	Loss 0.1631 (0.1678)	Error Ratio 0.4641 (2.6549)
03-02 20:32 INFO     Epoch: [0][6540/11389]	Time 0.053 (0.056)	Data 0.007 (0.010)	Loss 0.1581 (0.1678)	Error Ratio 1.7040 (2.6521)
03-02 20:32 INFO     Epoch: [0][6560/11389]	Time 0.051 (0.056)	Data 0.011 (0.010)	Loss 0.1196 (0.1678)	Error Ratio 0.7236 (2.6513)
03-02 20:32 INFO     Epoch: [0][6580/11389]	Time 0.051 (0.056)	Data 0.012 (0.010)	Loss 0.1651 (0.1677)	Error Ratio 1.9798 (2.6571)
03-02 20:32 INFO     Epoch: [0][6600/11389]	Time 0.061 (0.056)	Data 0.017 (0.010)	Loss 0.0877 (0.1677)	Error Ratio 0.5643 (2.6534)
03-02 20:32 INFO     Epoch: [0][6620/11389]	Time 0.066 (0.056)	Data 0.012 (0.010)	Loss 0.0832 (0.1676)	Error Ratio 18.6779 (2.6523)
03-02 20:32 INFO     Epoch: [0][6640/11389]	Time 0.053 (0.056)	Data 0.009 (0.010)	Loss 0.0874 (0.1675)	Error Ratio 1.5965 (2.6513)
03-02 20:32 INFO     Epoch: [0][6660/11389]	Time 0.051 (0.056)	Data 0.010 (0.010)	Loss 0.1003 (0.1675)	Error Ratio 0.6500 (2.6464)
03-02 20:32 INFO     Epoch: [0][6680/11389]	Time 0.056 (0.056)	Data 0.010 (0.010)	Loss 0.1749 (0.1674)	Error Ratio 0.7992 (2.6446)
03-02 20:32 INFO     Epoch: [0][6700/11389]	Time 0.059 (0.056)	Data 0.008 (0.010)	Loss 0.2831 (0.1673)	Error Ratio 0.5233 (2.6412)
03-02 20:32 INFO     Epoch: [0][6720/11389]	Time 0.053 (0.056)	Data 0.011 (0.010)	Loss 0.1123 (0.1673)	Error Ratio 0.6475 (2.6374)
03-02 20:32 INFO     Epoch: [0][6740/11389]	Time 0.055 (0.056)	Data 0.013 (0.010)	Loss 0.1257 (0.1671)	Error Ratio 0.7299 (2.6334)
03-02 20:32 INFO     Epoch: [0][6760/11389]	Time 0.061 (0.056)	Data 0.010 (0.010)	Loss 0.1931 (0.1672)	Error Ratio 0.6353 (2.6291)
03-02 20:32 INFO     Epoch: [0][6780/11389]	Time 0.049 (0.056)	Data 0.009 (0.010)	Loss 0.0923 (0.1672)	Error Ratio 0.6682 (2.6269)
03-02 20:32 INFO     Epoch: [0][6800/11389]	Time 0.052 (0.056)	Data 0.010 (0.010)	Loss 0.1285 (0.1673)	Error Ratio 1.6003 (2.6258)
03-02 20:32 INFO     Epoch: [0][6820/11389]	Time 0.053 (0.056)	Data 0.012 (0.010)	Loss 0.1380 (0.1673)	Error Ratio 0.4275 (2.6226)
03-02 20:32 INFO     Epoch: [0][6840/11389]	Time 0.055 (0.056)	Data 0.008 (0.010)	Loss 0.1459 (0.1672)	Error Ratio 1.5051 (2.6199)
03-02 20:32 INFO     Epoch: [0][6860/11389]	Time 0.061 (0.056)	Data 0.009 (0.010)	Loss 0.1641 (0.1672)	Error Ratio 0.7652 (2.6158)
03-02 20:32 INFO     Epoch: [0][6880/11389]	Time 0.069 (0.056)	Data 0.012 (0.010)	Loss 0.1443 (0.1671)	Error Ratio 2.8174 (2.6152)
03-02 20:32 INFO     Epoch: [0][6900/11389]	Time 0.059 (0.056)	Data 0.009 (0.010)	Loss 0.1256 (0.1670)	Error Ratio 0.9102 (2.6185)
03-02 20:32 INFO     Epoch: [0][6920/11389]	Time 0.061 (0.056)	Data 0.009 (0.010)	Loss 0.0516 (0.1669)	Error Ratio 0.6767 (2.6147)
03-02 20:32 INFO     Epoch: [0][6940/11389]	Time 0.062 (0.056)	Data 0.012 (0.010)	Loss 0.1755 (0.1670)	Error Ratio 2.6615 (2.6107)
03-02 20:32 INFO     Epoch: [0][6960/11389]	Time 0.056 (0.056)	Data 0.011 (0.010)	Loss 0.3908 (0.1671)	Error Ratio 1.7497 (2.6072)
03-02 20:32 INFO     Epoch: [0][6980/11389]	Time 0.054 (0.056)	Data 0.014 (0.010)	Loss 0.0807 (0.1670)	Error Ratio 0.3990 (2.6034)
03-02 20:32 INFO     Epoch: [0][7000/11389]	Time 0.051 (0.056)	Data 0.011 (0.010)	Loss 0.1320 (0.1669)	Error Ratio 1.4182 (2.6011)
03-02 20:32 INFO     Epoch: [0][7020/11389]	Time 0.066 (0.056)	Data 0.002 (0.010)	Loss 0.1442 (0.1669)	Error Ratio 0.9477 (2.6026)
03-02 20:32 INFO     Epoch: [0][7040/11389]	Time 0.055 (0.056)	Data 0.010 (0.010)	Loss 0.3078 (0.1668)	Error Ratio 1.0662 (2.6000)
03-02 20:32 INFO     Epoch: [0][7060/11389]	Time 0.069 (0.056)	Data 0.017 (0.010)	Loss 0.2004 (0.1668)	Error Ratio 0.4801 (2.6038)
03-02 20:32 INFO     Epoch: [0][7080/11389]	Time 0.049 (0.056)	Data 0.009 (0.010)	Loss 0.1250 (0.1668)	Error Ratio 1.1325 (2.6099)
03-02 20:32 INFO     Epoch: [0][7100/11389]	Time 0.064 (0.056)	Data 0.012 (0.010)	Loss 0.0916 (0.1667)	Error Ratio 0.7542 (2.6051)
03-02 20:32 INFO     Epoch: [0][7120/11389]	Time 0.048 (0.056)	Data 0.009 (0.010)	Loss 0.1444 (0.1668)	Error Ratio 1.6248 (2.6019)
03-02 20:32 INFO     Epoch: [0][7140/11389]	Time 0.055 (0.056)	Data 0.014 (0.010)	Loss 0.1207 (0.1666)	Error Ratio 0.4237 (2.5981)
03-02 20:32 INFO     Epoch: [0][7160/11389]	Time 0.063 (0.056)	Data 0.010 (0.010)	Loss 0.2209 (0.1667)	Error Ratio 2.2913 (2.6004)
03-02 20:32 INFO     Epoch: [0][7180/11389]	Time 0.060 (0.056)	Data 0.010 (0.010)	Loss 0.2042 (0.1667)	Error Ratio 1.8253 (2.5962)
03-02 20:32 INFO     Epoch: [0][7200/11389]	Time 0.061 (0.056)	Data 0.011 (0.010)	Loss 0.1168 (0.1667)	Error Ratio 0.6032 (2.6030)
03-02 20:32 INFO     Epoch: [0][7220/11389]	Time 0.058 (0.056)	Data 0.009 (0.010)	Loss 0.1151 (0.1667)	Error Ratio 0.8394 (2.5991)
03-02 20:32 INFO     Epoch: [0][7240/11389]	Time 0.053 (0.056)	Data 0.010 (0.010)	Loss 0.5368 (0.1667)	Error Ratio 1.1938 (2.5946)
03-02 20:32 INFO     Epoch: [0][7260/11389]	Time 0.068 (0.056)	Data 0.012 (0.010)	Loss 0.2276 (0.1667)	Error Ratio 1.2114 (2.5922)
03-02 20:33 INFO     Epoch: [0][7280/11389]	Time 0.051 (0.056)	Data 0.008 (0.010)	Loss 0.1313 (0.1668)	Error Ratio 1.7071 (2.5892)
03-02 20:33 INFO     Epoch: [0][7300/11389]	Time 0.048 (0.056)	Data 0.009 (0.010)	Loss 0.1470 (0.1669)	Error Ratio 0.8596 (2.5851)
03-02 20:33 INFO     Epoch: [0][7320/11389]	Time 0.050 (0.056)	Data 0.011 (0.010)	Loss 0.1013 (0.1669)	Error Ratio 0.8707 (2.5811)
03-02 20:33 INFO     Epoch: [0][7340/11389]	Time 0.055 (0.056)	Data 0.014 (0.010)	Loss 0.1594 (0.1669)	Error Ratio 0.5273 (2.5776)
03-02 20:33 INFO     Epoch: [0][7360/11389]	Time 0.052 (0.056)	Data 0.010 (0.010)	Loss 0.1703 (0.1669)	Error Ratio 80.3812 (2.5866)
03-02 20:33 INFO     Epoch: [0][7380/11389]	Time 0.065 (0.056)	Data 0.004 (0.010)	Loss 0.1127 (0.1669)	Error Ratio 0.5625 (2.5867)
03-02 20:33 INFO     Epoch: [0][7400/11389]	Time 0.048 (0.056)	Data 0.009 (0.010)	Loss 0.1405 (0.1668)	Error Ratio 1.1543 (2.5830)
03-02 20:33 INFO     Epoch: [0][7420/11389]	Time 0.055 (0.056)	Data 0.010 (0.010)	Loss 0.1304 (0.1667)	Error Ratio 1.1232 (2.5856)
03-02 20:33 INFO     Epoch: [0][7440/11389]	Time 0.067 (0.056)	Data 0.012 (0.010)	Loss 0.1365 (0.1668)	Error Ratio 0.8642 (2.5823)
03-02 20:33 INFO     Epoch: [0][7460/11389]	Time 0.061 (0.056)	Data 0.008 (0.010)	Loss 0.2127 (0.1668)	Error Ratio 0.5758 (2.5789)
03-02 20:33 INFO     Epoch: [0][7480/11389]	Time 0.068 (0.056)	Data 0.012 (0.010)	Loss 0.1145 (0.1668)	Error Ratio 4.0133 (2.5767)
03-02 20:33 INFO     Epoch: [0][7500/11389]	Time 0.061 (0.056)	Data 0.012 (0.010)	Loss 0.1179 (0.1667)	Error Ratio 1.0902 (2.5744)
03-02 20:33 INFO     Epoch: [0][7520/11389]	Time 0.061 (0.056)	Data 0.013 (0.010)	Loss 0.1305 (0.1667)	Error Ratio 0.6995 (2.5708)
03-02 20:33 INFO     Epoch: [0][7540/11389]	Time 0.054 (0.056)	Data 0.013 (0.010)	Loss 0.1084 (0.1666)	Error Ratio 0.6523 (2.5664)
03-02 20:33 INFO     Epoch: [0][7560/11389]	Time 0.049 (0.056)	Data 0.009 (0.010)	Loss 0.1145 (0.1666)	Error Ratio 1.1063 (2.5625)
03-02 20:33 INFO     Epoch: [0][7580/11389]	Time 0.065 (0.056)	Data 0.012 (0.010)	Loss 0.1253 (0.1666)	Error Ratio 0.6482 (2.5602)
03-02 20:33 INFO     Epoch: [0][7600/11389]	Time 0.055 (0.056)	Data 0.012 (0.010)	Loss 0.1591 (0.1666)	Error Ratio 0.6261 (2.5656)
03-02 20:33 INFO     Epoch: [0][7620/11389]	Time 0.055 (0.056)	Data 0.012 (0.010)	Loss 0.1320 (0.1667)	Error Ratio 1.2500 (2.5616)
03-02 20:33 INFO     Epoch: [0][7640/11389]	Time 0.049 (0.056)	Data 0.009 (0.010)	Loss 0.0949 (0.1666)	Error Ratio 0.4070 (2.5594)
03-02 20:33 INFO     Epoch: [0][7660/11389]	Time 0.057 (0.056)	Data 0.008 (0.010)	Loss 0.1268 (0.1666)	Error Ratio 1.9764 (2.5601)
03-02 20:33 INFO     Epoch: [0][7680/11389]	Time 0.051 (0.056)	Data 0.009 (0.010)	Loss 0.1107 (0.1665)	Error Ratio 3.2512 (2.5570)
03-02 20:33 INFO     Epoch: [0][7700/11389]	Time 0.054 (0.056)	Data 0.013 (0.010)	Loss 0.1666 (0.1665)	Error Ratio 1.1215 (2.5556)
03-02 20:33 INFO     Epoch: [0][7720/11389]	Time 0.056 (0.056)	Data 0.017 (0.010)	Loss 0.1725 (0.1665)	Error Ratio 0.5393 (2.5526)
03-02 20:33 INFO     Epoch: [0][7740/11389]	Time 0.061 (0.056)	Data 0.009 (0.010)	Loss 0.1640 (0.1665)	Error Ratio 0.8918 (2.5490)
03-02 20:33 INFO     Epoch: [0][7760/11389]	Time 0.045 (0.056)	Data 0.005 (0.010)	Loss 0.0729 (0.1665)	Error Ratio 2.0929 (2.5451)
03-02 20:33 INFO     Epoch: [0][7780/11389]	Time 0.055 (0.056)	Data 0.009 (0.010)	Loss 0.2227 (0.1664)	Error Ratio 0.5332 (2.5418)
03-02 20:33 INFO     Epoch: [0][7800/11389]	Time 0.049 (0.056)	Data 0.007 (0.010)	Loss 0.1929 (0.1663)	Error Ratio 0.8328 (2.5374)
03-02 20:33 INFO     Epoch: [0][7820/11389]	Time 0.050 (0.056)	Data 0.010 (0.010)	Loss 0.1097 (0.1663)	Error Ratio 2.5477 (2.5350)
03-02 20:33 INFO     Epoch: [0][7840/11389]	Time 0.066 (0.056)	Data 0.010 (0.010)	Loss 0.0738 (0.1663)	Error Ratio 8.9301 (2.5325)
03-02 20:33 INFO     Epoch: [0][7860/11389]	Time 0.052 (0.056)	Data 0.011 (0.010)	Loss 0.2357 (0.1663)	Error Ratio 1.7982 (2.5313)
03-02 20:33 INFO     Epoch: [0][7880/11389]	Time 0.050 (0.056)	Data 0.010 (0.010)	Loss 0.1275 (0.1662)	Error Ratio 1.7474 (2.5304)
03-02 20:33 INFO     Epoch: [0][7900/11389]	Time 0.053 (0.056)	Data 0.012 (0.010)	Loss 0.1928 (0.1661)	Error Ratio 0.8036 (2.5264)
03-02 20:33 INFO     Epoch: [0][7920/11389]	Time 0.074 (0.056)	Data 0.008 (0.010)	Loss 0.0918 (0.1661)	Error Ratio 1.1123 (2.5232)
03-02 20:33 INFO     Epoch: [0][7940/11389]	Time 0.057 (0.056)	Data 0.009 (0.010)	Loss 0.1313 (0.1661)	Error Ratio 1.1593 (2.5245)
03-02 20:33 INFO     Epoch: [0][7960/11389]	Time 0.054 (0.056)	Data 0.014 (0.010)	Loss 0.1497 (0.1661)	Error Ratio 0.9481 (2.5279)
03-02 20:33 INFO     Epoch: [0][7980/11389]	Time 0.053 (0.056)	Data 0.014 (0.010)	Loss 0.1744 (0.1661)	Error Ratio 0.8519 (2.5394)
03-02 20:33 INFO     Epoch: [0][8000/11389]	Time 0.053 (0.056)	Data 0.012 (0.010)	Loss 0.2792 (0.1660)	Error Ratio 0.4023 (2.5357)
03-02 20:33 INFO     Epoch: [0][8020/11389]	Time 0.047 (0.056)	Data 0.007 (0.010)	Loss 0.1432 (0.1661)	Error Ratio 3.2376 (2.5453)
03-02 20:33 INFO     Epoch: [0][8040/11389]	Time 0.051 (0.056)	Data 0.009 (0.010)	Loss 0.2773 (0.1661)	Error Ratio 58.6107 (2.5490)
03-02 20:33 INFO     Epoch: [0][8060/11389]	Time 0.058 (0.056)	Data 0.007 (0.010)	Loss 0.0878 (0.1661)	Error Ratio 2.0493 (2.5463)
03-02 20:33 INFO     Epoch: [0][8080/11389]	Time 0.047 (0.056)	Data 0.008 (0.010)	Loss 0.1253 (0.1661)	Error Ratio 1.6465 (2.5487)
03-02 20:33 INFO     Epoch: [0][8100/11389]	Time 0.071 (0.056)	Data 0.010 (0.010)	Loss 0.1564 (0.1661)	Error Ratio 0.9178 (2.5455)
03-02 20:33 INFO     Epoch: [0][8120/11389]	Time 0.052 (0.056)	Data 0.011 (0.010)	Loss 0.1309 (0.1661)	Error Ratio 0.5317 (2.5419)
03-02 20:33 INFO     Epoch: [0][8140/11389]	Time 0.060 (0.056)	Data 0.008 (0.010)	Loss 0.2131 (0.1660)	Error Ratio 2.5816 (2.5389)
03-02 20:33 INFO     Epoch: [0][8160/11389]	Time 0.053 (0.056)	Data 0.012 (0.010)	Loss 0.1687 (0.1659)	Error Ratio 1.0700 (2.5364)
03-02 20:33 INFO     Epoch: [0][8180/11389]	Time 0.056 (0.056)	Data 0.009 (0.010)	Loss 0.3190 (0.1659)	Error Ratio 0.6082 (2.5340)
03-02 20:33 INFO     Epoch: [0][8200/11389]	Time 0.049 (0.056)	Data 0.009 (0.010)	Loss 0.0848 (0.1658)	Error Ratio 0.4478 (2.5317)
03-02 20:33 INFO     Epoch: [0][8220/11389]	Time 0.066 (0.056)	Data 0.012 (0.010)	Loss 0.1321 (0.1658)	Error Ratio 1.1734 (2.5281)
03-02 20:33 INFO     Epoch: [0][8240/11389]	Time 0.053 (0.056)	Data 0.010 (0.010)	Loss 0.2842 (0.1660)	Error Ratio 1.2720 (2.5361)
03-02 20:33 INFO     Epoch: [0][8260/11389]	Time 0.064 (0.056)	Data 0.012 (0.010)	Loss 0.1714 (0.1660)	Error Ratio 0.6211 (2.6674)
03-02 20:33 INFO     Epoch: [0][8280/11389]	Time 0.055 (0.056)	Data 0.011 (0.010)	Loss 0.1575 (0.1660)	Error Ratio 1.0341 (2.6682)
03-02 20:33 INFO     Epoch: [0][8300/11389]	Time 0.062 (0.056)	Data 0.009 (0.010)	Loss 0.1116 (0.1660)	Error Ratio 0.7083 (2.6653)
03-02 20:33 INFO     Epoch: [0][8320/11389]	Time 0.063 (0.056)	Data 0.010 (0.010)	Loss 0.1816 (0.1659)	Error Ratio 1.2374 (2.6618)
03-02 20:33 INFO     Epoch: [0][8340/11389]	Time 0.050 (0.056)	Data 0.008 (0.010)	Loss 0.1535 (0.1659)	Error Ratio 0.4896 (2.6678)
03-02 20:34 INFO     Epoch: [0][8360/11389]	Time 0.051 (0.056)	Data 0.008 (0.010)	Loss 0.0874 (0.1659)	Error Ratio 0.3772 (2.6649)
03-02 20:34 INFO     Epoch: [0][8380/11389]	Time 0.053 (0.056)	Data 0.014 (0.010)	Loss 0.1532 (0.1659)	Error Ratio 2.0458 (2.6616)
03-02 20:34 INFO     Epoch: [0][8400/11389]	Time 0.056 (0.056)	Data 0.009 (0.010)	Loss 0.1361 (0.1658)	Error Ratio 1.7286 (2.6585)
03-02 20:34 INFO     Epoch: [0][8420/11389]	Time 0.053 (0.056)	Data 0.010 (0.010)	Loss 0.1036 (0.1657)	Error Ratio 0.7530 (2.6562)
03-02 20:34 INFO     Epoch: [0][8440/11389]	Time 0.061 (0.056)	Data 0.014 (0.010)	Loss 0.1773 (0.1657)	Error Ratio 0.5543 (2.6569)
03-02 20:34 INFO     Epoch: [0][8460/11389]	Time 0.048 (0.056)	Data 0.007 (0.010)	Loss 0.1695 (0.1657)	Error Ratio 0.8097 (2.6594)
03-02 20:34 INFO     Epoch: [0][8480/11389]	Time 0.061 (0.056)	Data 0.012 (0.010)	Loss 0.1258 (0.1657)	Error Ratio 5.1822 (2.6583)
03-02 20:34 INFO     Epoch: [0][8500/11389]	Time 0.048 (0.056)	Data 0.010 (0.010)	Loss 0.0941 (0.1656)	Error Ratio 0.8923 (2.6581)
03-02 20:34 INFO     Epoch: [0][8520/11389]	Time 0.049 (0.056)	Data 0.010 (0.010)	Loss 0.1373 (0.1655)	Error Ratio 1.7965 (2.6683)
03-02 20:34 INFO     Epoch: [0][8540/11389]	Time 0.059 (0.056)	Data 0.007 (0.010)	Loss 0.1261 (0.1654)	Error Ratio 0.7230 (2.6648)
03-02 20:34 INFO     Epoch: [0][8560/11389]	Time 0.068 (0.056)	Data 0.011 (0.010)	Loss 0.1191 (0.1654)	Error Ratio 1.1414 (2.6715)
03-02 20:34 INFO     Epoch: [0][8580/11389]	Time 0.050 (0.056)	Data 0.009 (0.010)	Loss 0.1163 (0.1653)	Error Ratio 0.6235 (2.6684)
03-02 20:34 INFO     Epoch: [0][8600/11389]	Time 0.052 (0.056)	Data 0.012 (0.010)	Loss 0.0849 (0.1653)	Error Ratio 1.7789 (2.6657)
03-02 20:34 INFO     Epoch: [0][8620/11389]	Time 0.058 (0.056)	Data 0.012 (0.010)	Loss 0.1036 (0.1652)	Error Ratio 0.3324 (2.6677)
03-02 20:34 INFO     Epoch: [0][8640/11389]	Time 0.063 (0.056)	Data 0.014 (0.010)	Loss 0.1008 (0.1652)	Error Ratio 2.2730 (2.6641)
03-02 20:34 INFO     Epoch: [0][8660/11389]	Time 0.055 (0.056)	Data 0.014 (0.010)	Loss 0.1505 (0.1652)	Error Ratio 0.9528 (2.6627)
03-02 20:34 INFO     Epoch: [0][8680/11389]	Time 0.053 (0.056)	Data 0.012 (0.010)	Loss 0.1661 (0.1652)	Error Ratio 0.8105 (2.6592)
03-02 20:34 INFO     Epoch: [0][8700/11389]	Time 0.049 (0.056)	Data 0.009 (0.010)	Loss 0.1345 (0.1652)	Error Ratio 0.7156 (2.6562)
03-02 20:34 INFO     Epoch: [0][8720/11389]	Time 0.064 (0.056)	Data 0.008 (0.010)	Loss 0.1178 (0.1652)	Error Ratio 0.8478 (2.6535)
03-02 20:34 INFO     Epoch: [0][8740/11389]	Time 0.060 (0.056)	Data 0.014 (0.010)	Loss 0.1647 (0.1652)	Error Ratio 0.6703 (2.6499)
03-02 20:34 INFO     Epoch: [0][8760/11389]	Time 0.053 (0.056)	Data 0.012 (0.010)	Loss 0.1221 (0.1652)	Error Ratio 1.5255 (2.6466)
03-02 20:34 INFO     Epoch: [0][8780/11389]	Time 0.059 (0.056)	Data 0.009 (0.010)	Loss 0.1533 (0.1653)	Error Ratio 0.6153 (2.6446)
03-02 20:34 INFO     Epoch: [0][8800/11389]	Time 0.052 (0.056)	Data 0.013 (0.010)	Loss 0.2127 (0.1652)	Error Ratio 0.6770 (2.6414)
03-02 20:34 INFO     Epoch: [0][8820/11389]	Time 0.053 (0.056)	Data 0.009 (0.010)	Loss 0.0857 (0.1652)	Error Ratio 1.4289 (2.6378)
03-02 20:34 INFO     Epoch: [0][8840/11389]	Time 0.063 (0.056)	Data 0.009 (0.010)	Loss 0.1405 (0.1651)	Error Ratio 0.5273 (2.6343)
03-02 20:34 INFO     Epoch: [0][8860/11389]	Time 0.046 (0.056)	Data 0.006 (0.010)	Loss 0.1341 (0.1650)	Error Ratio 2.4520 (2.6311)
03-02 20:34 INFO     Epoch: [0][8880/11389]	Time 0.055 (0.056)	Data 0.012 (0.010)	Loss 0.1561 (0.1650)	Error Ratio 0.6064 (3.1702)
03-02 20:34 INFO     Epoch: [0][8900/11389]	Time 0.053 (0.056)	Data 0.009 (0.010)	Loss 0.1665 (0.1651)	Error Ratio 2.0786 (3.1729)
03-02 20:34 INFO     Epoch: [0][8920/11389]	Time 0.064 (0.056)	Data 0.010 (0.010)	Loss 0.2288 (0.1651)	Error Ratio 1.6867 (3.1690)
03-02 20:34 INFO     Epoch: [0][8940/11389]	Time 0.047 (0.056)	Data 0.008 (0.010)	Loss 0.1166 (0.1650)	Error Ratio 0.7500 (3.1752)
03-02 20:34 INFO     Epoch: [0][8960/11389]	Time 0.053 (0.056)	Data 0.010 (0.010)	Loss 0.2517 (0.1650)	Error Ratio 0.4848 (3.1721)
03-02 20:34 INFO     Epoch: [0][8980/11389]	Time 0.055 (0.056)	Data 0.014 (0.010)	Loss 0.1397 (0.1650)	Error Ratio 1.1552 (3.1695)
03-02 20:34 INFO     Epoch: [0][9000/11389]	Time 0.058 (0.056)	Data 0.011 (0.010)	Loss 0.1742 (0.1650)	Error Ratio 0.7465 (3.1677)
03-02 20:34 INFO     Epoch: [0][9020/11389]	Time 0.067 (0.056)	Data 0.010 (0.010)	Loss 0.1298 (0.1650)	Error Ratio 0.7627 (3.1715)
03-02 20:34 INFO     Epoch: [0][9040/11389]	Time 0.051 (0.056)	Data 0.009 (0.010)	Loss 0.1257 (0.1650)	Error Ratio 50.8607 (3.1723)
03-02 20:34 INFO     Epoch: [0][9060/11389]	Time 0.059 (0.056)	Data 0.009 (0.010)	Loss 0.1486 (0.1650)	Error Ratio 0.8906 (3.1684)
03-02 20:34 INFO     Epoch: [0][9080/11389]	Time 0.069 (0.056)	Data 0.009 (0.010)	Loss 0.0980 (0.1650)	Error Ratio 1.3433 (3.1636)
03-02 20:34 INFO     Epoch: [0][9100/11389]	Time 0.060 (0.056)	Data 0.009 (0.010)	Loss 0.1036 (0.1649)	Error Ratio 0.7430 (3.1595)
03-02 20:34 INFO     Epoch: [0][9120/11389]	Time 0.053 (0.056)	Data 0.012 (0.010)	Loss 0.0788 (0.1649)	Error Ratio 0.8439 (3.1562)
03-02 20:34 INFO     Epoch: [0][9140/11389]	Time 0.053 (0.056)	Data 0.012 (0.010)	Loss 0.1259 (0.1649)	Error Ratio 2.1381 (3.1515)
03-02 20:34 INFO     Epoch: [0][9160/11389]	Time 0.050 (0.056)	Data 0.010 (0.010)	Loss 0.1343 (0.1649)	Error Ratio 0.7286 (3.1467)
03-02 20:34 INFO     Epoch: [0][9180/11389]	Time 0.059 (0.056)	Data 0.012 (0.010)	Loss 0.1104 (0.1648)	Error Ratio 0.9095 (3.1423)
03-02 20:34 INFO     Epoch: [0][9200/11389]	Time 0.058 (0.056)	Data 0.013 (0.010)	Loss 0.1156 (0.1649)	Error Ratio 1.5149 (3.1384)
03-02 20:34 INFO     Epoch: [0][9220/11389]	Time 0.050 (0.056)	Data 0.008 (0.010)	Loss 0.1064 (0.1649)	Error Ratio 0.9850 (3.1341)
03-02 20:34 INFO     Epoch: [0][9240/11389]	Time 0.051 (0.056)	Data 0.009 (0.010)	Loss 0.1790 (0.1649)	Error Ratio 1.7130 (3.1310)
03-02 20:34 INFO     Epoch: [0][9260/11389]	Time 0.051 (0.056)	Data 0.009 (0.010)	Loss 0.1530 (0.1648)	Error Ratio 1.1028 (3.1269)
03-02 20:34 INFO     Epoch: [0][9280/11389]	Time 0.057 (0.056)	Data 0.008 (0.010)	Loss 0.1368 (0.1647)	Error Ratio 1.4202 (3.1448)
03-02 20:34 INFO     Epoch: [0][9300/11389]	Time 0.060 (0.056)	Data 0.017 (0.010)	Loss 0.1030 (0.1648)	Error Ratio 1.4274 (3.1403)
03-02 20:34 INFO     Epoch: [0][9320/11389]	Time 0.055 (0.056)	Data 0.014 (0.010)	Loss 0.1700 (0.1648)	Error Ratio 0.7193 (3.1371)
03-02 20:34 INFO     Epoch: [0][9340/11389]	Time 0.056 (0.056)	Data 0.008 (0.010)	Loss 0.0711 (0.1648)	Error Ratio 0.8181 (3.1339)
03-02 20:34 INFO     Epoch: [0][9360/11389]	Time 0.053 (0.056)	Data 0.012 (0.010)	Loss 0.1335 (0.1648)	Error Ratio 0.7252 (3.1355)
03-02 20:34 INFO     Epoch: [0][9380/11389]	Time 0.051 (0.056)	Data 0.010 (0.010)	Loss 0.1480 (0.1648)	Error Ratio 1.9747 (3.1376)
03-02 20:34 INFO     Epoch: [0][9400/11389]	Time 0.048 (0.056)	Data 0.009 (0.010)	Loss 0.1108 (0.1648)	Error Ratio 1.1566 (3.1379)
03-02 20:34 INFO     Epoch: [0][9420/11389]	Time 0.054 (0.056)	Data 0.011 (0.010)	Loss 0.1533 (0.1647)	Error Ratio 0.8616 (3.1408)
03-02 20:35 INFO     Epoch: [0][9440/11389]	Time 0.067 (0.056)	Data 0.011 (0.010)	Loss 0.1680 (0.1647)	Error Ratio 2.4165 (3.1402)
03-02 20:35 INFO     Epoch: [0][9460/11389]	Time 0.066 (0.056)	Data 0.007 (0.010)	Loss 0.1186 (0.1647)	Error Ratio 0.6623 (3.1354)
03-02 20:35 INFO     Epoch: [0][9480/11389]	Time 0.059 (0.056)	Data 0.009 (0.010)	Loss 0.1059 (0.1647)	Error Ratio 7.1054 (3.1329)
03-02 20:35 INFO     Epoch: [0][9500/11389]	Time 0.067 (0.056)	Data 0.012 (0.010)	Loss 0.1695 (0.1646)	Error Ratio 0.9582 (3.1289)
03-02 20:35 INFO     Epoch: [0][9520/11389]	Time 0.060 (0.056)	Data 0.010 (0.010)	Loss 0.0864 (0.1646)	Error Ratio 1.3272 (3.1400)
03-02 20:35 INFO     Epoch: [0][9540/11389]	Time 0.061 (0.056)	Data 0.009 (0.010)	Loss 0.1021 (0.1646)	Error Ratio 0.3789 (3.1353)
03-02 20:35 INFO     Epoch: [0][9560/11389]	Time 0.054 (0.056)	Data 0.012 (0.010)	Loss 0.1555 (0.1645)	Error Ratio 0.7593 (3.1307)
03-02 20:35 INFO     Epoch: [0][9580/11389]	Time 0.056 (0.056)	Data 0.013 (0.010)	Loss 0.1411 (0.1644)	Error Ratio 0.5001 (3.1276)
03-02 20:35 INFO     Epoch: [0][9600/11389]	Time 0.054 (0.056)	Data 0.008 (0.010)	Loss 0.2770 (0.1644)	Error Ratio 3.3226 (3.1267)
03-02 20:35 INFO     Epoch: [0][9620/11389]	Time 0.049 (0.056)	Data 0.009 (0.010)	Loss 0.4172 (0.1643)	Error Ratio 0.5140 (3.1224)
03-02 20:35 INFO     Epoch: [0][9640/11389]	Time 0.050 (0.056)	Data 0.012 (0.010)	Loss 0.3647 (0.1643)	Error Ratio 1.1982 (3.1250)
03-02 20:35 INFO     Epoch: [0][9660/11389]	Time 0.051 (0.056)	Data 0.011 (0.010)	Loss 0.1209 (0.1643)	Error Ratio 0.3724 (3.1203)
03-02 20:35 INFO     Epoch: [0][9680/11389]	Time 0.053 (0.056)	Data 0.010 (0.010)	Loss 0.1143 (0.1646)	Error Ratio 0.6546 (3.1166)
03-02 20:35 INFO     Epoch: [0][9700/11389]	Time 0.054 (0.056)	Data 0.014 (0.010)	Loss 0.1330 (0.1646)	Error Ratio 1.0915 (3.1147)
03-02 20:35 INFO     Epoch: [0][9720/11389]	Time 0.056 (0.056)	Data 0.017 (0.010)	Loss 0.1990 (0.1645)	Error Ratio 61.2246 (3.1173)
03-02 20:35 INFO     Epoch: [0][9740/11389]	Time 0.052 (0.056)	Data 0.005 (0.010)	Loss 0.1174 (0.1644)	Error Ratio 0.7884 (3.1245)
03-02 20:35 INFO     Epoch: [0][9760/11389]	Time 0.048 (0.056)	Data 0.008 (0.010)	Loss 0.0982 (0.1645)	Error Ratio 1.1418 (3.1240)
03-02 20:35 INFO     Epoch: [0][9780/11389]	Time 0.052 (0.056)	Data 0.009 (0.010)	Loss 0.1580 (0.1645)	Error Ratio 0.8663 (3.1209)
03-02 20:35 INFO     Epoch: [0][9800/11389]	Time 0.054 (0.056)	Data 0.008 (0.010)	Loss 0.1041 (0.1645)	Error Ratio 0.6915 (3.1214)
03-02 20:35 INFO     Epoch: [0][9820/11389]	Time 0.063 (0.056)	Data 0.011 (0.010)	Loss 0.0721 (0.1644)	Error Ratio 0.3852 (3.1193)
03-02 20:35 INFO     Epoch: [0][9840/11389]	Time 0.052 (0.056)	Data 0.012 (0.010)	Loss 0.0841 (0.1644)	Error Ratio 0.8019 (3.1151)
03-02 20:35 INFO     Epoch: [0][9860/11389]	Time 0.052 (0.056)	Data 0.012 (0.010)	Loss 0.1135 (0.1644)	Error Ratio 1.2837 (3.1109)
03-02 20:35 INFO     Epoch: [0][9880/11389]	Time 0.052 (0.056)	Data 0.012 (0.010)	Loss 0.1441 (0.1644)	Error Ratio 0.9616 (3.1062)
03-02 20:35 INFO     Epoch: [0][9900/11389]	Time 0.050 (0.056)	Data 0.010 (0.010)	Loss 0.0670 (0.1643)	Error Ratio 0.7276 (3.1025)
03-02 20:35 INFO     Epoch: [0][9920/11389]	Time 0.048 (0.056)	Data 0.008 (0.010)	Loss 0.5361 (0.1645)	Error Ratio 24.0090 (3.1015)
03-02 20:35 INFO     Epoch: [0][9940/11389]	Time 0.058 (0.056)	Data 0.009 (0.010)	Loss 0.1417 (0.1645)	Error Ratio 0.6473 (3.1004)
03-02 20:35 INFO     Epoch: [0][9960/11389]	Time 0.052 (0.056)	Data 0.009 (0.010)	Loss 0.2197 (0.1646)	Error Ratio 7.8279 (3.0975)
03-02 20:35 INFO     Epoch: [0][9980/11389]	Time 0.049 (0.056)	Data 0.009 (0.010)	Loss 0.1090 (0.1645)	Error Ratio 2.1422 (3.0948)
03-02 20:35 INFO     Epoch: [0][10000/11389]	Time 0.048 (0.056)	Data 0.009 (0.010)	Loss 0.0831 (0.1645)	Error Ratio 5.4294 (3.0911)
03-02 20:35 INFO     Epoch: [0][10020/11389]	Time 0.054 (0.056)	Data 0.012 (0.010)	Loss 0.3038 (0.1645)	Error Ratio 0.5506 (3.0882)
03-02 20:35 INFO     Epoch: [0][10040/11389]	Time 0.049 (0.056)	Data 0.012 (0.010)	Loss 0.1192 (0.1644)	Error Ratio 2.0194 (3.0920)
03-02 20:35 INFO     Epoch: [0][10060/11389]	Time 0.053 (0.056)	Data 0.013 (0.010)	Loss 0.1218 (0.1644)	Error Ratio 1.0199 (3.0924)
03-02 20:35 INFO     Epoch: [0][10080/11389]	Time 0.056 (0.056)	Data 0.014 (0.010)	Loss 0.1148 (0.1643)	Error Ratio 0.5281 (3.0978)
03-02 20:35 INFO     Epoch: [0][10100/11389]	Time 0.051 (0.056)	Data 0.012 (0.010)	Loss 0.1770 (0.1643)	Error Ratio 0.6709 (3.1022)
03-02 20:35 INFO     Epoch: [0][10120/11389]	Time 0.064 (0.056)	Data 0.012 (0.010)	Loss 0.1543 (0.1642)	Error Ratio 0.5554 (3.1040)
03-02 20:35 INFO     Epoch: [0][10140/11389]	Time 0.050 (0.056)	Data 0.010 (0.010)	Loss 0.3927 (0.1642)	Error Ratio 0.9562 (3.1011)
03-02 20:35 INFO     Epoch: [0][10160/11389]	Time 0.057 (0.056)	Data 0.007 (0.010)	Loss 0.0760 (0.1642)	Error Ratio 46.2373 (3.1127)
03-02 20:35 INFO     Epoch: [0][10180/11389]	Time 0.062 (0.056)	Data 0.010 (0.010)	Loss 0.3621 (0.1641)	Error Ratio 0.7290 (3.1793)
03-02 20:35 INFO     Epoch: [0][10200/11389]	Time 0.057 (0.056)	Data 0.008 (0.010)	Loss 0.0579 (0.1641)	Error Ratio 0.5869 (3.1751)
03-02 20:35 INFO     Epoch: [0][10220/11389]	Time 0.045 (0.056)	Data 0.007 (0.010)	Loss 0.0845 (0.1640)	Error Ratio 0.6707 (3.1714)
03-02 20:35 INFO     Epoch: [0][10240/11389]	Time 0.052 (0.056)	Data 0.011 (0.010)	Loss 0.1798 (0.1640)	Error Ratio 0.7712 (3.1722)
03-02 20:35 INFO     Epoch: [0][10260/11389]	Time 0.052 (0.056)	Data 0.009 (0.010)	Loss 0.1805 (0.1640)	Error Ratio 1.9783 (3.1691)
03-02 20:35 INFO     Epoch: [0][10280/11389]	Time 0.049 (0.056)	Data 0.008 (0.010)	Loss 0.0991 (0.1640)	Error Ratio 1.0168 (3.1680)
03-02 20:35 INFO     Epoch: [0][10300/11389]	Time 0.052 (0.056)	Data 0.010 (0.010)	Loss 0.1700 (0.1640)	Error Ratio 3.2433 (3.1644)
03-02 20:35 INFO     Epoch: [0][10320/11389]	Time 0.061 (0.056)	Data 0.013 (0.010)	Loss 0.1097 (0.1641)	Error Ratio 0.5091 (3.1642)
03-02 20:35 INFO     Epoch: [0][10340/11389]	Time 0.072 (0.056)	Data 0.012 (0.010)	Loss 0.0814 (0.1642)	Error Ratio 0.9046 (3.1623)
03-02 20:35 INFO     Epoch: [0][10360/11389]	Time 0.054 (0.056)	Data 0.005 (0.010)	Loss 0.6323 (0.1643)	Error Ratio 0.7291 (3.1616)
03-02 20:35 INFO     Epoch: [0][10380/11389]	Time 0.070 (0.056)	Data 0.017 (0.010)	Loss 0.0898 (0.1643)	Error Ratio 0.6677 (3.1599)
03-02 20:35 INFO     Epoch: [0][10400/11389]	Time 0.055 (0.056)	Data 0.014 (0.010)	Loss 0.0863 (0.1644)	Error Ratio 1.4920 (3.1577)
03-02 20:35 INFO     Epoch: [0][10420/11389]	Time 0.048 (0.056)	Data 0.006 (0.010)	Loss 0.1140 (0.1645)	Error Ratio 0.5730 (3.1556)
03-02 20:35 INFO     Epoch: [0][10440/11389]	Time 0.051 (0.056)	Data 0.010 (0.010)	Loss 0.1127 (0.1645)	Error Ratio 0.7359 (3.1539)
03-02 20:35 INFO     Epoch: [0][10460/11389]	Time 0.059 (0.056)	Data 0.012 (0.010)	Loss 0.2201 (0.1645)	Error Ratio 0.8905 (3.1507)
03-02 20:35 INFO     Epoch: [0][10480/11389]	Time 0.056 (0.056)	Data 0.009 (0.010)	Loss 0.0909 (0.1644)	Error Ratio 1.8276 (3.1464)
03-02 20:35 INFO     Epoch: [0][10500/11389]	Time 0.049 (0.056)	Data 0.009 (0.010)	Loss 0.1108 (0.1644)	Error Ratio 6.4900 (3.1483)
03-02 20:36 INFO     Epoch: [0][10520/11389]	Time 0.082 (0.056)	Data 0.015 (0.010)	Loss 0.1321 (0.1645)	Error Ratio 0.6814 (3.1440)
03-02 20:36 INFO     Epoch: [0][10540/11389]	Time 0.056 (0.056)	Data 0.009 (0.010)	Loss 0.1313 (0.1644)	Error Ratio 2.6918 (3.1414)
03-02 20:36 INFO     Epoch: [0][10560/11389]	Time 0.053 (0.056)	Data 0.012 (0.010)	Loss 0.1587 (0.1643)	Error Ratio 14.9878 (3.1464)
03-02 20:36 INFO     Epoch: [0][10580/11389]	Time 0.052 (0.056)	Data 0.012 (0.010)	Loss 0.1335 (0.1643)	Error Ratio 0.8340 (3.1447)
03-02 20:36 INFO     Epoch: [0][10600/11389]	Time 0.059 (0.056)	Data 0.014 (0.010)	Loss 0.1331 (0.1642)	Error Ratio 1.0332 (3.1408)
03-02 20:36 INFO     Epoch: [0][10620/11389]	Time 0.055 (0.056)	Data 0.010 (0.010)	Loss 0.2403 (0.1642)	Error Ratio 0.4739 (3.1394)
03-02 20:36 INFO     Epoch: [0][10640/11389]	Time 0.053 (0.056)	Data 0.007 (0.010)	Loss 0.0912 (0.1642)	Error Ratio 0.5466 (3.1353)
03-02 20:36 INFO     Epoch: [0][10660/11389]	Time 0.050 (0.056)	Data 0.009 (0.010)	Loss 0.2503 (0.1641)	Error Ratio 0.8562 (3.1310)
03-02 20:36 INFO     Epoch: [0][10680/11389]	Time 0.065 (0.056)	Data 0.008 (0.010)	Loss 0.1521 (0.1641)	Error Ratio 0.4911 (3.1273)
03-02 20:36 INFO     Epoch: [0][10700/11389]	Time 0.076 (0.056)	Data 0.012 (0.010)	Loss 0.0804 (0.1641)	Error Ratio 0.9909 (3.1241)
03-02 20:36 INFO     Epoch: [0][10720/11389]	Time 0.046 (0.056)	Data 0.007 (0.010)	Loss 0.1415 (0.1640)	Error Ratio 1.6677 (3.1224)
03-02 20:36 INFO     Epoch: [0][10740/11389]	Time 0.051 (0.056)	Data 0.012 (0.010)	Loss 0.0951 (0.1640)	Error Ratio 0.5644 (3.1186)
03-02 20:36 INFO     Epoch: [0][10760/11389]	Time 0.058 (0.056)	Data 0.009 (0.010)	Loss 0.1232 (0.1639)	Error Ratio 0.9231 (3.1147)
03-02 20:36 INFO     Epoch: [0][10780/11389]	Time 0.050 (0.056)	Data 0.012 (0.010)	Loss 0.1390 (0.1639)	Error Ratio 1.0199 (3.1143)
03-02 20:36 INFO     Epoch: [0][10800/11389]	Time 0.065 (0.056)	Data 0.012 (0.010)	Loss 0.0992 (0.1639)	Error Ratio 0.5781 (3.1115)
03-02 20:36 INFO     Epoch: [0][10820/11389]	Time 0.066 (0.056)	Data 0.013 (0.010)	Loss 0.1643 (0.1639)	Error Ratio 2.5756 (3.1077)
03-02 20:36 INFO     Epoch: [0][10840/11389]	Time 0.066 (0.056)	Data 0.008 (0.010)	Loss 0.0841 (0.1639)	Error Ratio 0.9123 (3.1036)
03-02 20:36 INFO     Epoch: [0][10860/11389]	Time 0.048 (0.056)	Data 0.008 (0.010)	Loss 0.1255 (0.1640)	Error Ratio 0.7674 (3.1084)
03-02 20:36 INFO     Epoch: [0][10880/11389]	Time 0.065 (0.056)	Data 0.011 (0.010)	Loss 0.1696 (0.1640)	Error Ratio 0.9174 (3.1054)
03-02 20:36 INFO     Epoch: [0][10900/11389]	Time 0.059 (0.056)	Data 0.010 (0.010)	Loss 0.1400 (0.1640)	Error Ratio 0.7167 (3.1020)
03-02 20:36 INFO     Epoch: [0][10920/11389]	Time 0.064 (0.056)	Data 0.012 (0.010)	Loss 0.1010 (0.1639)	Error Ratio 5.9759 (3.0997)
03-02 20:36 INFO     Epoch: [0][10940/11389]	Time 0.060 (0.056)	Data 0.007 (0.010)	Loss 0.1776 (0.1639)	Error Ratio 0.7283 (3.0997)
03-02 20:36 INFO     Epoch: [0][10960/11389]	Time 0.055 (0.056)	Data 0.014 (0.010)	Loss 0.1218 (0.1639)	Error Ratio 0.7255 (3.0959)
03-02 20:36 INFO     Epoch: [0][10980/11389]	Time 0.065 (0.056)	Data 0.011 (0.010)	Loss 0.1750 (0.1638)	Error Ratio 0.8205 (3.0984)
03-02 20:36 INFO     Epoch: [0][11000/11389]	Time 0.052 (0.056)	Data 0.010 (0.010)	Loss 0.1499 (0.1638)	Error Ratio 1.6304 (3.0951)
03-02 20:36 INFO     Epoch: [0][11020/11389]	Time 0.049 (0.056)	Data 0.010 (0.010)	Loss 0.2923 (0.1638)	Error Ratio 1.2333 (3.0937)
03-02 20:36 INFO     Epoch: [0][11040/11389]	Time 0.044 (0.056)	Data 0.006 (0.010)	Loss 0.1680 (0.1638)	Error Ratio 0.4118 (3.0897)
03-02 20:36 INFO     Epoch: [0][11060/11389]	Time 0.077 (0.056)	Data 0.011 (0.010)	Loss 0.1290 (0.1638)	Error Ratio 0.7389 (3.0925)
03-02 20:36 INFO     Epoch: [0][11080/11389]	Time 0.054 (0.056)	Data 0.008 (0.010)	Loss 0.1631 (0.1638)	Error Ratio 1.2293 (3.0905)
03-02 20:36 INFO     Epoch: [0][11100/11389]	Time 0.050 (0.056)	Data 0.010 (0.010)	Loss 0.1034 (0.1638)	Error Ratio 0.8313 (3.0884)
03-02 20:36 INFO     Epoch: [0][11120/11389]	Time 0.067 (0.056)	Data 0.012 (0.010)	Loss 0.1343 (0.1637)	Error Ratio 0.8553 (3.0938)
03-02 20:36 INFO     Epoch: [0][11140/11389]	Time 0.065 (0.056)	Data 0.010 (0.010)	Loss 0.1973 (0.1637)	Error Ratio 0.5091 (3.0908)
03-02 20:36 INFO     Epoch: [0][11160/11389]	Time 0.069 (0.056)	Data 0.012 (0.010)	Loss 0.0935 (0.1637)	Error Ratio 0.8078 (3.0945)
03-02 20:36 INFO     Epoch: [0][11180/11389]	Time 0.059 (0.056)	Data 0.007 (0.010)	Loss 0.1251 (0.1637)	Error Ratio 0.4435 (3.0913)
03-02 20:36 INFO     Epoch: [0][11200/11389]	Time 0.051 (0.056)	Data 0.010 (0.010)	Loss 0.0793 (0.1636)	Error Ratio 2.2895 (3.0921)
03-02 20:36 INFO     Epoch: [0][11220/11389]	Time 0.048 (0.056)	Data 0.008 (0.010)	Loss 0.2033 (0.1636)	Error Ratio 0.5833 (3.0890)
03-02 20:36 INFO     Epoch: [0][11240/11389]	Time 0.058 (0.056)	Data 0.014 (0.010)	Loss 0.2974 (0.1639)	Error Ratio 1.1334 (3.0851)
03-02 20:36 INFO     Epoch: [0][11260/11389]	Time 0.053 (0.056)	Data 0.010 (0.010)	Loss 0.1974 (0.1643)	Error Ratio 0.9792 (3.0821)
03-02 20:36 INFO     Epoch: [0][11280/11389]	Time 0.050 (0.056)	Data 0.009 (0.010)	Loss 0.1327 (0.1644)	Error Ratio 0.4655 (3.0785)
03-02 20:36 INFO     Epoch: [0][11300/11389]	Time 0.064 (0.056)	Data 0.014 (0.010)	Loss 0.1484 (0.1644)	Error Ratio 0.8212 (3.0759)
03-02 20:36 INFO     Epoch: [0][11320/11389]	Time 0.049 (0.056)	Data 0.009 (0.010)	Loss 0.1267 (0.1644)	Error Ratio 1.2156 (3.0739)
03-02 20:36 INFO     Epoch: [0][11340/11389]	Time 0.051 (0.056)	Data 0.010 (0.010)	Loss 0.0784 (0.1643)	Error Ratio 10.0881 (3.0721)
03-02 20:36 INFO     Epoch: [0][11360/11389]	Time 0.051 (0.056)	Data 0.011 (0.010)	Loss 0.0907 (0.1643)	Error Ratio 15.0177 (3.0764)
03-02 20:36 INFO     Epoch: [0][11380/11389]	Time 0.052 (0.056)	Data 0.012 (0.010)	Loss 0.1736 (0.1644)	Error Ratio 1.4056 (3.0731)
03-02 20:36 INFO     Epoch: [0] Avg Error Ratio 3.072; Average Loss 0.164; Avg Time x Batch 0.056
03-02 20:36 INFO     Test: [20/1000]	Time 0.030 (0.053)	Loss 0.1329 (0.1642)	Error Ratio 0.8246 (2.8282)
03-02 20:36 INFO     Test: [40/1000]	Time 0.023 (0.040)	Loss 0.2459 (0.1715)	Error Ratio 0.6949 (2.8646)
03-02 20:36 INFO     Test: [60/1000]	Time 0.029 (0.037)	Loss 0.1451 (0.1862)	Error Ratio 1.3068 (2.5787)
03-02 20:36 INFO     Test: [80/1000]	Time 0.023 (0.034)	Loss 0.3066 (0.1873)	Error Ratio 0.5721 (2.4010)
03-02 20:36 INFO     Test: [100/1000]	Time 0.028 (0.033)	Loss 0.1030 (0.1869)	Error Ratio 0.9192 (2.6517)
03-02 20:36 INFO     Test: [120/1000]	Time 0.028 (0.032)	Loss 0.1924 (0.1813)	Error Ratio 0.8821 (2.6724)
03-02 20:36 INFO     Test: [140/1000]	Time 0.027 (0.031)	Loss 0.1037 (0.1782)	Error Ratio 1.2295 (2.5508)
03-02 20:36 INFO     Test: [160/1000]	Time 0.027 (0.030)	Loss 0.0706 (0.1779)	Error Ratio 0.6260 (2.5759)
03-02 20:36 INFO     Test: [180/1000]	Time 0.023 (0.030)	Loss 0.1559 (0.1744)	Error Ratio 1.1255 (2.6232)
03-02 20:36 INFO     Test: [200/1000]	Time 0.031 (0.029)	Loss 0.1109 (0.1730)	Error Ratio 0.8156 (2.5911)
03-02 20:36 INFO     Test: [220/1000]	Time 0.025 (0.029)	Loss 0.1467 (0.1740)	Error Ratio 1.0384 (2.7572)
03-02 20:36 INFO     Test: [240/1000]	Time 0.030 (0.029)	Loss 0.1350 (0.1766)	Error Ratio 0.7774 (2.6109)
03-02 20:36 INFO     Test: [260/1000]	Time 0.023 (0.029)	Loss 0.1317 (0.1778)	Error Ratio 0.8680 (2.6372)
03-02 20:36 INFO     Test: [280/1000]	Time 0.030 (0.029)	Loss 0.2694 (0.1790)	Error Ratio 3.1414 (2.6484)
03-02 20:36 INFO     Test: [300/1000]	Time 0.031 (0.029)	Loss 0.1899 (0.1793)	Error Ratio 1.2106 (2.5460)
03-02 20:36 INFO     Test: [320/1000]	Time 0.030 (0.028)	Loss 0.1331 (0.1772)	Error Ratio 0.6266 (2.4960)
03-02 20:36 INFO     Test: [340/1000]	Time 0.021 (0.028)	Loss 0.1376 (0.1756)	Error Ratio 0.7654 (2.4594)
03-02 20:36 INFO     Test: [360/1000]	Time 0.025 (0.028)	Loss 0.1208 (0.1745)	Error Ratio 1.6067 (2.7846)
03-02 20:36 INFO     Test: [380/1000]	Time 0.027 (0.028)	Loss 0.0999 (0.1732)	Error Ratio 1.4742 (2.6979)
03-02 20:37 INFO     Test: [400/1000]	Time 0.022 (0.028)	Loss 0.1070 (0.1729)	Error Ratio 0.9949 (2.6122)
03-02 20:37 INFO     Test: [420/1000]	Time 0.029 (0.028)	Loss 0.1389 (0.1765)	Error Ratio 0.6380 (2.5939)
03-02 20:37 INFO     Test: [440/1000]	Time 0.030 (0.028)	Loss 0.1199 (0.1774)	Error Ratio 0.7270 (2.8151)
03-02 20:37 INFO     Test: [460/1000]	Time 0.033 (0.028)	Loss 0.2820 (0.1768)	Error Ratio 1.6577 (2.7529)
03-02 20:37 INFO     Test: [480/1000]	Time 0.020 (0.028)	Loss 0.0866 (0.1751)	Error Ratio 0.3836 (2.6861)
03-02 20:37 INFO     Test: [500/1000]	Time 0.026 (0.028)	Loss 0.1379 (0.1751)	Error Ratio 2.4763 (2.6613)
03-02 20:37 INFO     Test: [520/1000]	Time 0.025 (0.028)	Loss 0.6840 (0.1745)	Error Ratio 2.2927 (2.6163)
03-02 20:37 INFO     Test: [540/1000]	Time 0.028 (0.028)	Loss 0.1853 (0.1734)	Error Ratio 5.7960 (2.5860)
03-02 20:37 INFO     Test: [560/1000]	Time 0.026 (0.028)	Loss 0.0882 (0.1736)	Error Ratio 0.6512 (2.6247)
03-02 20:37 INFO     Test: [580/1000]	Time 0.025 (0.028)	Loss 0.2299 (0.1728)	Error Ratio 0.8486 (2.5836)
03-02 20:37 INFO     Test: [600/1000]	Time 0.020 (0.028)	Loss 0.1344 (0.1731)	Error Ratio 0.7642 (2.5472)
03-02 20:37 INFO     Test: [620/1000]	Time 0.031 (0.028)	Loss 0.3327 (0.1730)	Error Ratio 0.7803 (2.5034)
03-02 20:37 INFO     Test: [640/1000]	Time 0.025 (0.028)	Loss 0.3156 (0.1725)	Error Ratio 1.7850 (4.0513)
03-02 20:37 INFO     Test: [660/1000]	Time 0.028 (0.028)	Loss 0.0908 (0.1720)	Error Ratio 0.8126 (3.9724)
03-02 20:37 INFO     Test: [680/1000]	Time 0.027 (0.027)	Loss 0.1980 (0.1720)	Error Ratio 1.0064 (3.9698)
03-02 20:37 INFO     Test: [700/1000]	Time 0.029 (0.027)	Loss 0.1953 (0.1716)	Error Ratio 6.2032 (3.9516)
03-02 20:37 INFO     Test: [720/1000]	Time 0.028 (0.027)	Loss 0.1037 (0.1711)	Error Ratio 0.6814 (3.9570)
03-02 20:37 INFO     Test: [740/1000]	Time 0.028 (0.027)	Loss 0.1471 (0.1722)	Error Ratio 0.7716 (3.8839)
03-02 20:37 INFO     Test: [760/1000]	Time 0.026 (0.027)	Loss 0.1991 (0.1720)	Error Ratio 0.7343 (3.8295)
03-02 20:37 INFO     Test: [780/1000]	Time 0.022 (0.027)	Loss 0.1235 (0.1719)	Error Ratio 0.9091 (3.7955)
03-02 20:37 INFO     Test: [800/1000]	Time 0.026 (0.027)	Loss 0.0872 (0.1713)	Error Ratio 24.2348 (3.7656)
03-02 20:37 INFO     Test: [820/1000]	Time 0.028 (0.027)	Loss 0.2170 (0.1732)	Error Ratio 0.5693 (3.7657)
03-02 20:37 INFO     Test: [840/1000]	Time 0.027 (0.027)	Loss 0.1641 (0.1730)	Error Ratio 0.9359 (3.7113)
03-02 20:37 INFO     Test: [860/1000]	Time 0.020 (0.027)	Loss 0.0952 (0.1727)	Error Ratio 1.1022 (3.6616)
03-02 20:37 INFO     Test: [880/1000]	Time 0.029 (0.027)	Loss 0.1005 (0.1729)	Error Ratio 0.6569 (3.6263)
03-02 20:37 INFO     Test: [900/1000]	Time 0.028 (0.027)	Loss 0.1681 (0.1741)	Error Ratio 0.6066 (3.5927)
03-02 20:37 INFO     Test: [920/1000]	Time 0.021 (0.027)	Loss 0.1205 (0.1748)	Error Ratio 0.6179 (3.5420)
03-02 20:37 INFO     Test: [940/1000]	Time 0.028 (0.027)	Loss 0.1563 (0.1748)	Error Ratio 0.6842 (3.5537)
03-02 20:37 INFO     Test: [960/1000]	Time 0.027 (0.027)	Loss 0.1244 (0.1756)	Error Ratio 0.4255 (3.5152)
03-02 20:37 INFO     Test: [980/1000]	Time 0.020 (0.027)	Loss 0.0681 (0.1750)	Error Ratio 0.5767 (3.4664)
03-02 20:37 INFO      * Average Error Ratio 3.528; Average Loss 0.175
03-02 20:37 INFO     Epoch: [1][20/11389]	Time 0.051 (0.082)	Data 0.010 (0.039)	Loss 0.1181 (0.1340)	Error Ratio 1.6172 (6.9705)
03-02 20:37 INFO     Epoch: [1][40/11389]	Time 0.051 (0.067)	Data 0.011 (0.025)	Loss 0.1064 (0.1445)	Error Ratio 0.6652 (4.7246)
03-02 20:37 INFO     Epoch: [1][60/11389]	Time 0.049 (0.063)	Data 0.009 (0.020)	Loss 0.0846 (0.1401)	Error Ratio 0.4896 (3.5211)
03-02 20:37 INFO     Epoch: [1][80/11389]	Time 0.053 (0.062)	Data 0.009 (0.018)	Loss 0.2067 (0.1624)	Error Ratio 1.1084 (3.4628)
03-02 20:37 INFO     Starting Profiler!: Forward
03-02 20:43 INFO     Stopping Profiler!: Forward
03-02 20:43 INFO     All profiling complete and --stop-after-profiling was given! Exiting
