03-02 20:14 INFO     TESTING
03-02 20:14 INFO     Prepare files
03-02 20:14 INFO     Define model
03-02 20:14 INFO     	Statistics
03-02 20:14 INFO     	Create model
03-02 20:14 INFO     Check cuda
03-02 20:14 INFO     	* Cuda
03-02 20:14 INFO     Optimizer
03-02 20:14 INFO     Logger
03-02 20:14 INFO     => no best model found at './checkpoint/qm9/mpnn/model_best.pth'
03-02 20:14 INFO     Epoch: [0][20/11389]	Time 0.058 (0.082)	Data 0.010 (0.033)	Loss 0.4882 (1.0134)	Error Ratio 1.3824 (1.8805)
03-02 20:14 INFO     Epoch: [0][40/11389]	Time 0.053 (0.070)	Data 0.009 (0.022)	Loss 0.9092 (0.9941)	Error Ratio 1.6753 (1.5943)
03-02 20:14 INFO     Epoch: [0][60/11389]	Time 0.060 (0.065)	Data 0.010 (0.018)	Loss 0.8245 (0.9470)	Error Ratio 1.6438 (1.8353)
03-02 20:14 INFO     Epoch: [0][80/11389]	Time 0.051 (0.062)	Data 0.010 (0.016)	Loss 0.7245 (0.9017)	Error Ratio 2.2627 (1.9751)
03-02 20:14 INFO     Epoch: [0][100/11389]	Time 0.052 (0.061)	Data 0.011 (0.015)	Loss 0.6652 (0.8861)	Error Ratio 1.6184 (1.9740)
03-02 20:14 INFO     Epoch: [0][120/11389]	Time 0.049 (0.060)	Data 0.008 (0.014)	Loss 0.7470 (0.8949)	Error Ratio 45.2489 (2.3488)
03-02 20:14 INFO     Epoch: [0][140/11389]	Time 0.049 (0.059)	Data 0.009 (0.014)	Loss 0.6639 (0.8763)	Error Ratio 23.3450 (2.7287)
03-02 20:14 INFO     Epoch: [0][160/11389]	Time 0.057 (0.059)	Data 0.010 (0.013)	Loss 0.5859 (0.8604)	Error Ratio 1.1834 (3.0201)
03-02 20:14 INFO     Epoch: [0][180/11389]	Time 0.060 (0.059)	Data 0.010 (0.013)	Loss 0.4675 (0.8454)	Error Ratio 1.5335 (3.0878)
03-02 20:14 INFO     Epoch: [0][200/11389]	Time 0.055 (0.058)	Data 0.005 (0.013)	Loss 0.5687 (0.8270)	Error Ratio 1.2912 (2.9561)
03-02 20:14 INFO     Epoch: [0][220/11389]	Time 0.050 (0.058)	Data 0.009 (0.013)	Loss 0.5297 (0.8119)	Error Ratio 1.8280 (3.6047)
03-02 20:14 INFO     Epoch: [0][240/11389]	Time 0.044 (0.058)	Data 0.003 (0.012)	Loss 0.4379 (0.7995)	Error Ratio 1.3834 (10.8376)
03-02 20:14 INFO     Epoch: [0][260/11389]	Time 0.056 (0.058)	Data 0.014 (0.012)	Loss 0.5502 (0.7865)	Error Ratio 32.3568 (10.2460)
03-02 20:14 INFO     Epoch: [0][280/11389]	Time 0.051 (0.057)	Data 0.009 (0.012)	Loss 0.7747 (0.7783)	Error Ratio 1.1592 (9.6168)
03-02 20:15 INFO     Epoch: [0][300/11389]	Time 0.061 (0.057)	Data 0.013 (0.012)	Loss 0.3003 (0.7611)	Error Ratio 1.5099 (9.1409)
03-02 20:15 INFO     Epoch: [0][320/11389]	Time 0.072 (0.057)	Data 0.010 (0.012)	Loss 0.5710 (0.7446)	Error Ratio 5.9409 (8.8116)
03-02 20:15 INFO     Epoch: [0][340/11389]	Time 0.060 (0.057)	Data 0.017 (0.012)	Loss 0.5392 (0.7375)	Error Ratio 5.5820 (8.4019)
03-02 20:15 INFO     Epoch: [0][360/11389]	Time 0.051 (0.057)	Data 0.009 (0.012)	Loss 0.4307 (0.7370)	Error Ratio 0.8526 (8.0913)
03-02 20:15 INFO     Epoch: [0][380/11389]	Time 0.052 (0.057)	Data 0.008 (0.012)	Loss 0.7007 (0.7261)	Error Ratio 1.8409 (7.7501)
03-02 20:15 INFO     Epoch: [0][400/11389]	Time 0.055 (0.057)	Data 0.006 (0.011)	Loss 0.3276 (0.7130)	Error Ratio 0.9774 (7.6789)
03-02 20:15 INFO     Epoch: [0][420/11389]	Time 0.065 (0.057)	Data 0.014 (0.011)	Loss 0.5043 (0.7026)	Error Ratio 1.8055 (7.4678)
03-02 20:15 INFO     Epoch: [0][440/11389]	Time 0.048 (0.057)	Data 0.008 (0.011)	Loss 0.3884 (0.6950)	Error Ratio 0.8708 (7.2336)
03-02 20:15 INFO     Epoch: [0][460/11389]	Time 0.057 (0.057)	Data 0.008 (0.011)	Loss 0.2792 (0.6840)	Error Ratio 1.1033 (7.0665)
03-02 20:15 INFO     Epoch: [0][480/11389]	Time 0.052 (0.057)	Data 0.009 (0.011)	Loss 0.3806 (0.6736)	Error Ratio 1.6908 (6.8614)
03-02 20:15 INFO     Epoch: [0][500/11389]	Time 0.056 (0.057)	Data 0.014 (0.011)	Loss 0.3492 (0.6635)	Error Ratio 1.3276 (6.6819)
03-02 20:15 INFO     Epoch: [0][520/11389]	Time 0.067 (0.057)	Data 0.011 (0.011)	Loss 0.3716 (0.6568)	Error Ratio 1.2655 (6.5189)
03-02 20:15 INFO     Epoch: [0][540/11389]	Time 0.050 (0.057)	Data 0.007 (0.011)	Loss 0.5076 (0.6490)	Error Ratio 1.4184 (6.3364)
03-02 20:15 INFO     Epoch: [0][560/11389]	Time 0.061 (0.057)	Data 0.011 (0.011)	Loss 0.2385 (0.6389)	Error Ratio 1.3395 (6.1759)
03-02 20:15 INFO     Epoch: [0][580/11389]	Time 0.052 (0.057)	Data 0.011 (0.011)	Loss 0.4432 (0.6293)	Error Ratio 0.9627 (6.0661)
03-02 20:15 INFO     Epoch: [0][600/11389]	Time 0.044 (0.057)	Data 0.004 (0.011)	Loss 0.4979 (0.6232)	Error Ratio 1.6102 (5.9181)
03-02 20:15 INFO     Epoch: [0][620/11389]	Time 0.057 (0.057)	Data 0.009 (0.011)	Loss 0.3113 (0.6155)	Error Ratio 1.4459 (5.7784)
03-02 20:15 INFO     Epoch: [0][640/11389]	Time 0.059 (0.057)	Data 0.007 (0.011)	Loss 0.2235 (0.6086)	Error Ratio 0.7658 (5.6837)
03-02 20:15 INFO     Epoch: [0][660/11389]	Time 0.062 (0.057)	Data 0.007 (0.011)	Loss 0.3032 (0.6025)	Error Ratio 3.0138 (5.5978)
03-02 20:15 INFO     Epoch: [0][680/11389]	Time 0.061 (0.057)	Data 0.010 (0.011)	Loss 0.2197 (0.5978)	Error Ratio 0.8474 (5.5998)
03-02 20:15 INFO     Epoch: [0][700/11389]	Time 0.057 (0.057)	Data 0.009 (0.011)	Loss 0.4664 (0.5958)	Error Ratio 1.5306 (5.5018)
03-02 20:15 INFO     Epoch: [0][720/11389]	Time 0.052 (0.057)	Data 0.010 (0.011)	Loss 0.7822 (0.5907)	Error Ratio 1.9871 (5.4318)
03-02 20:15 INFO     Epoch: [0][740/11389]	Time 0.055 (0.057)	Data 0.008 (0.011)	Loss 0.4618 (0.5857)	Error Ratio 1.8778 (5.3909)
03-02 20:15 INFO     Epoch: [0][760/11389]	Time 0.055 (0.057)	Data 0.012 (0.011)	Loss 0.3750 (0.5819)	Error Ratio 1.7173 (5.2859)
03-02 20:15 INFO     Epoch: [0][780/11389]	Time 0.062 (0.057)	Data 0.008 (0.011)	Loss 0.7048 (0.5754)	Error Ratio 7.1795 (5.2215)
03-02 20:15 INFO     Epoch: [0][800/11389]	Time 0.051 (0.057)	Data 0.010 (0.011)	Loss 0.3840 (0.5698)	Error Ratio 1.4886 (5.1493)
03-02 20:15 INFO     Epoch: [0][820/11389]	Time 0.055 (0.057)	Data 0.012 (0.011)	Loss 0.2306 (0.5650)	Error Ratio 1.3020 (5.0632)
03-02 20:15 INFO     Epoch: [0][840/11389]	Time 0.076 (0.057)	Data 0.013 (0.011)	Loss 0.3627 (0.5608)	Error Ratio 1.6873 (4.9772)
03-02 20:15 INFO     Epoch: [0][860/11389]	Time 0.053 (0.056)	Data 0.011 (0.011)	Loss 0.3128 (0.5561)	Error Ratio 0.8846 (4.9797)
03-02 20:15 INFO     Epoch: [0][880/11389]	Time 0.055 (0.056)	Data 0.010 (0.011)	Loss 0.2762 (0.5515)	Error Ratio 0.7740 (4.9162)
03-02 20:15 INFO     Epoch: [0][900/11389]	Time 0.060 (0.056)	Data 0.010 (0.011)	Loss 0.2788 (0.5475)	Error Ratio 31.6993 (4.9205)
03-02 20:15 INFO     Epoch: [0][920/11389]	Time 0.050 (0.056)	Data 0.010 (0.011)	Loss 0.3443 (0.5435)	Error Ratio 1.0216 (4.8444)
03-02 20:15 INFO     Epoch: [0][940/11389]	Time 0.070 (0.056)	Data 0.017 (0.011)	Loss 0.2461 (0.5384)	Error Ratio 1.0252 (4.7782)
03-02 20:15 INFO     Epoch: [0][960/11389]	Time 0.053 (0.056)	Data 0.014 (0.011)	Loss 0.1723 (0.5335)	Error Ratio 0.9737 (4.7349)
03-02 20:15 INFO     Epoch: [0][980/11389]	Time 0.056 (0.056)	Data 0.010 (0.011)	Loss 0.1448 (0.5295)	Error Ratio 1.4265 (4.6651)
03-02 20:15 INFO     Epoch: [0][1000/11389]	Time 0.065 (0.056)	Data 0.007 (0.011)	Loss 0.4742 (0.5259)	Error Ratio 2.2929 (4.6096)
03-02 20:15 INFO     Epoch: [0][1020/11389]	Time 0.062 (0.056)	Data 0.006 (0.011)	Loss 0.3575 (0.5253)	Error Ratio 4.1894 (4.5825)
03-02 20:15 INFO     Epoch: [0][1040/11389]	Time 0.059 (0.056)	Data 0.008 (0.011)	Loss 0.2609 (0.5215)	Error Ratio 7.1122 (4.5811)
03-02 20:15 INFO     Epoch: [0][1060/11389]	Time 0.051 (0.056)	Data 0.009 (0.011)	Loss 0.1696 (0.5175)	Error Ratio 0.7280 (4.5359)
03-02 20:15 INFO     Epoch: [0][1080/11389]	Time 0.048 (0.056)	Data 0.010 (0.011)	Loss 0.4934 (0.5138)	Error Ratio 1.3862 (5.3808)
03-02 20:15 INFO     Epoch: [0][1100/11389]	Time 0.059 (0.056)	Data 0.010 (0.011)	Loss 0.2831 (0.5115)	Error Ratio 2.5303 (6.4140)
03-02 20:15 INFO     Epoch: [0][1120/11389]	Time 0.049 (0.056)	Data 0.009 (0.011)	Loss 0.4115 (0.5086)	Error Ratio 1.3760 (6.3541)
03-02 20:15 INFO     Epoch: [0][1140/11389]	Time 0.050 (0.056)	Data 0.009 (0.011)	Loss 0.2361 (0.5062)	Error Ratio 0.9557 (6.3045)
03-02 20:15 INFO     Epoch: [0][1160/11389]	Time 0.048 (0.056)	Data 0.006 (0.011)	Loss 0.1985 (0.5023)	Error Ratio 0.6555 (6.2249)
03-02 20:15 INFO     Epoch: [0][1180/11389]	Time 0.062 (0.056)	Data 0.009 (0.011)	Loss 0.2056 (0.5040)	Error Ratio 0.9566 (6.1521)
03-02 20:15 INFO     Epoch: [0][1200/11389]	Time 0.074 (0.056)	Data 0.015 (0.011)	Loss 0.5091 (0.5009)	Error Ratio 0.8860 (6.0785)
03-02 20:15 INFO     Epoch: [0][1220/11389]	Time 0.053 (0.056)	Data 0.007 (0.011)	Loss 0.2463 (0.4977)	Error Ratio 0.9155 (6.0061)
03-02 20:15 INFO     Epoch: [0][1240/11389]	Time 0.055 (0.056)	Data 0.009 (0.011)	Loss 0.2127 (0.4944)	Error Ratio 1.5888 (5.9442)
03-02 20:15 INFO     Epoch: [0][1260/11389]	Time 0.061 (0.056)	Data 0.008 (0.011)	Loss 0.3516 (0.4904)	Error Ratio 2.9602 (5.8916)
03-02 20:15 INFO     Epoch: [0][1280/11389]	Time 0.056 (0.056)	Data 0.014 (0.011)	Loss 0.3088 (0.4873)	Error Ratio 1.2202 (8.2655)
03-02 20:15 INFO     Epoch: [0][1300/11389]	Time 0.054 (0.056)	Data 0.014 (0.011)	Loss 0.2344 (0.4846)	Error Ratio 1.5953 (8.1972)
03-02 20:15 INFO     Epoch: [0][1320/11389]	Time 0.060 (0.056)	Data 0.012 (0.011)	Loss 0.1850 (0.4823)	Error Ratio 0.7265 (8.0943)
03-02 20:15 INFO     Epoch: [0][1340/11389]	Time 0.047 (0.056)	Data 0.009 (0.011)	Loss 0.3224 (0.4795)	Error Ratio 0.7075 (8.0008)
03-02 20:15 INFO     Epoch: [0][1360/11389]	Time 0.061 (0.056)	Data 0.010 (0.011)	Loss 0.3345 (0.4769)	Error Ratio 1.0551 (7.9046)
03-02 20:16 INFO     Epoch: [0][1380/11389]	Time 0.052 (0.056)	Data 0.014 (0.011)	Loss 0.2196 (0.4741)	Error Ratio 2.0452 (7.8560)
03-02 20:16 INFO     Epoch: [0][1400/11389]	Time 0.066 (0.056)	Data 0.010 (0.011)	Loss 0.7601 (0.4720)	Error Ratio 0.8639 (7.7749)
03-02 20:16 INFO     Epoch: [0][1420/11389]	Time 0.060 (0.056)	Data 0.010 (0.011)	Loss 0.1855 (0.4692)	Error Ratio 2.1549 (7.6992)
03-02 20:16 INFO     Epoch: [0][1440/11389]	Time 0.049 (0.056)	Data 0.008 (0.011)	Loss 0.2451 (0.4671)	Error Ratio 1.5457 (7.6150)
03-02 20:16 INFO     Epoch: [0][1460/11389]	Time 0.053 (0.056)	Data 0.014 (0.011)	Loss 0.3793 (0.4644)	Error Ratio 1.4105 (7.5280)
03-02 20:16 INFO     Epoch: [0][1480/11389]	Time 0.060 (0.056)	Data 0.013 (0.011)	Loss 0.4000 (0.4624)	Error Ratio 2.5672 (7.4543)
03-02 20:16 INFO     Epoch: [0][1500/11389]	Time 0.052 (0.056)	Data 0.011 (0.011)	Loss 0.3498 (0.4599)	Error Ratio 5.6711 (7.3781)
03-02 20:16 INFO     Epoch: [0][1520/11389]	Time 0.056 (0.056)	Data 0.010 (0.011)	Loss 0.3965 (0.4590)	Error Ratio 0.6528 (7.3210)
03-02 20:16 INFO     Epoch: [0][1540/11389]	Time 0.059 (0.056)	Data 0.006 (0.011)	Loss 0.3388 (0.4572)	Error Ratio 1.0419 (7.2775)
03-02 20:16 INFO     Epoch: [0][1560/11389]	Time 0.075 (0.056)	Data 0.010 (0.011)	Loss 0.2523 (0.4555)	Error Ratio 2.1549 (7.2093)
03-02 20:16 INFO     Epoch: [0][1580/11389]	Time 0.052 (0.056)	Data 0.010 (0.011)	Loss 0.2259 (0.4531)	Error Ratio 0.8328 (7.1412)
03-02 20:16 INFO     Epoch: [0][1600/11389]	Time 0.051 (0.056)	Data 0.010 (0.011)	Loss 0.3338 (0.4510)	Error Ratio 1.3244 (7.0758)
03-02 20:16 INFO     Epoch: [0][1620/11389]	Time 0.057 (0.056)	Data 0.010 (0.011)	Loss 0.4329 (0.4488)	Error Ratio 15.5288 (7.0228)
03-02 20:16 INFO     Epoch: [0][1640/11389]	Time 0.050 (0.056)	Data 0.009 (0.011)	Loss 0.2237 (0.4470)	Error Ratio 7.4663 (6.9611)
03-02 20:16 INFO     Epoch: [0][1660/11389]	Time 0.060 (0.056)	Data 0.011 (0.011)	Loss 0.5906 (0.4449)	Error Ratio 3.4353 (6.8990)
03-02 20:16 INFO     Epoch: [0][1680/11389]	Time 0.049 (0.056)	Data 0.009 (0.011)	Loss 0.2624 (0.4427)	Error Ratio 12.4388 (6.8744)
03-02 20:16 INFO     Epoch: [0][1700/11389]	Time 0.055 (0.056)	Data 0.013 (0.011)	Loss 0.1585 (0.4407)	Error Ratio 0.8142 (6.8359)
03-02 20:16 INFO     Epoch: [0][1720/11389]	Time 0.051 (0.056)	Data 0.009 (0.011)	Loss 0.2032 (0.4392)	Error Ratio 1.3261 (6.7875)
03-02 20:16 INFO     Epoch: [0][1740/11389]	Time 0.051 (0.056)	Data 0.011 (0.011)	Loss 0.2717 (0.4374)	Error Ratio 9.5681 (6.7343)
03-02 20:16 INFO     Epoch: [0][1760/11389]	Time 0.061 (0.056)	Data 0.012 (0.011)	Loss 0.4037 (0.4356)	Error Ratio 0.8267 (6.6957)
03-02 20:16 INFO     Epoch: [0][1780/11389]	Time 0.057 (0.056)	Data 0.012 (0.011)	Loss 0.2502 (0.4340)	Error Ratio 1.6582 (6.6373)
03-02 20:16 INFO     Epoch: [0][1800/11389]	Time 0.056 (0.056)	Data 0.008 (0.011)	Loss 0.3095 (0.4333)	Error Ratio 1.2932 (6.5934)
03-02 20:16 INFO     Epoch: [0][1820/11389]	Time 0.052 (0.056)	Data 0.012 (0.011)	Loss 0.2375 (0.4314)	Error Ratio 0.9116 (6.5410)
03-02 20:16 INFO     Epoch: [0][1840/11389]	Time 0.057 (0.056)	Data 0.009 (0.011)	Loss 0.2162 (0.4297)	Error Ratio 1.4415 (6.4915)
03-02 20:16 INFO     Epoch: [0][1860/11389]	Time 0.053 (0.056)	Data 0.008 (0.011)	Loss 0.4722 (0.4282)	Error Ratio 0.9882 (6.4353)
03-02 20:16 INFO     Epoch: [0][1880/11389]	Time 0.048 (0.056)	Data 0.007 (0.011)	Loss 0.2888 (0.4265)	Error Ratio 0.7603 (6.4204)
03-02 20:16 INFO     Epoch: [0][1900/11389]	Time 0.059 (0.056)	Data 0.011 (0.011)	Loss 0.2646 (0.4245)	Error Ratio 0.6659 (6.3737)
03-02 20:16 INFO     Epoch: [0][1920/11389]	Time 0.046 (0.056)	Data 0.008 (0.011)	Loss 0.2628 (0.4224)	Error Ratio 1.6672 (6.3235)
03-02 20:16 INFO     Epoch: [0][1940/11389]	Time 0.057 (0.056)	Data 0.008 (0.011)	Loss 0.2895 (0.4210)	Error Ratio 1.3421 (6.2725)
03-02 20:16 INFO     Epoch: [0][1960/11389]	Time 0.058 (0.056)	Data 0.009 (0.011)	Loss 0.5780 (0.4218)	Error Ratio 1.0815 (6.2391)
03-02 20:16 INFO     Epoch: [0][1980/11389]	Time 0.054 (0.056)	Data 0.007 (0.011)	Loss 0.3282 (0.4212)	Error Ratio 0.9880 (6.1939)
03-02 20:16 INFO     Epoch: [0][2000/11389]	Time 0.049 (0.056)	Data 0.008 (0.011)	Loss 0.2195 (0.4199)	Error Ratio 0.9520 (6.1490)
03-02 20:16 INFO     Epoch: [0][2020/11389]	Time 0.052 (0.056)	Data 0.010 (0.011)	Loss 0.2296 (0.4192)	Error Ratio 70.9013 (6.1385)
03-02 20:16 INFO     Epoch: [0][2040/11389]	Time 0.066 (0.056)	Data 0.014 (0.011)	Loss 0.2801 (0.4181)	Error Ratio 1.0256 (6.0951)
03-02 20:16 INFO     Epoch: [0][2060/11389]	Time 0.061 (0.056)	Data 0.012 (0.011)	Loss 0.2879 (0.4168)	Error Ratio 12.1074 (6.1042)
03-02 20:16 INFO     Epoch: [0][2080/11389]	Time 0.053 (0.056)	Data 0.011 (0.011)	Loss 0.0987 (0.4152)	Error Ratio 1.1494 (6.6800)
03-02 20:16 INFO     Epoch: [0][2100/11389]	Time 0.055 (0.056)	Data 0.008 (0.011)	Loss 0.2642 (0.4137)	Error Ratio 1.7261 (6.6396)
03-02 20:16 INFO     Epoch: [0][2120/11389]	Time 0.050 (0.056)	Data 0.009 (0.011)	Loss 0.3575 (0.4137)	Error Ratio 0.9218 (6.6251)
03-02 20:16 INFO     Epoch: [0][2140/11389]	Time 0.051 (0.056)	Data 0.009 (0.011)	Loss 0.2219 (0.4127)	Error Ratio 3.3955 (6.5861)
03-02 20:16 INFO     Epoch: [0][2160/11389]	Time 0.064 (0.056)	Data 0.013 (0.011)	Loss 0.3032 (0.4114)	Error Ratio 0.9497 (6.5569)
03-02 20:16 INFO     Epoch: [0][2180/11389]	Time 0.054 (0.056)	Data 0.013 (0.011)	Loss 0.6019 (0.4103)	Error Ratio 1.1820 (6.5148)
03-02 20:16 INFO     Epoch: [0][2200/11389]	Time 0.047 (0.056)	Data 0.008 (0.011)	Loss 0.2519 (0.4090)	Error Ratio 1.2649 (6.4668)
03-02 20:16 INFO     Epoch: [0][2220/11389]	Time 0.051 (0.056)	Data 0.009 (0.011)	Loss 0.4095 (0.4078)	Error Ratio 1.3820 (6.4227)
03-02 20:16 INFO     Epoch: [0][2240/11389]	Time 0.056 (0.056)	Data 0.014 (0.011)	Loss 0.5622 (0.4068)	Error Ratio 0.8264 (6.3896)
03-02 20:16 INFO     Epoch: [0][2260/11389]	Time 0.060 (0.056)	Data 0.011 (0.011)	Loss 0.1763 (0.4056)	Error Ratio 8.9284 (6.3611)
03-02 20:16 INFO     Epoch: [0][2280/11389]	Time 0.074 (0.056)	Data 0.011 (0.011)	Loss 0.2402 (0.4045)	Error Ratio 3.0392 (6.3244)
03-02 20:16 INFO     Epoch: [0][2300/11389]	Time 0.053 (0.056)	Data 0.009 (0.011)	Loss 0.2301 (0.4030)	Error Ratio 0.9135 (6.3074)
03-02 20:16 INFO     Epoch: [0][2320/11389]	Time 0.053 (0.056)	Data 0.005 (0.011)	Loss 0.2935 (0.4020)	Error Ratio 0.6950 (6.2668)
03-02 20:16 INFO     Epoch: [0][2340/11389]	Time 0.056 (0.056)	Data 0.012 (0.011)	Loss 0.2403 (0.4010)	Error Ratio 1.0012 (6.2257)
03-02 20:16 INFO     Epoch: [0][2360/11389]	Time 0.048 (0.056)	Data 0.007 (0.011)	Loss 0.1980 (0.3997)	Error Ratio 0.7774 (6.1825)
03-02 20:16 INFO     Epoch: [0][2380/11389]	Time 0.060 (0.056)	Data 0.016 (0.011)	Loss 0.3418 (0.3985)	Error Ratio 1.0848 (6.1544)
03-02 20:16 INFO     Epoch: [0][2400/11389]	Time 0.050 (0.056)	Data 0.011 (0.011)	Loss 0.2236 (0.3975)	Error Ratio 0.9873 (6.1286)
03-02 20:16 INFO     Epoch: [0][2420/11389]	Time 0.060 (0.056)	Data 0.010 (0.011)	Loss 0.2976 (0.3964)	Error Ratio 0.9330 (6.0915)
03-02 20:16 INFO     Epoch: [0][2440/11389]	Time 0.047 (0.056)	Data 0.007 (0.011)	Loss 0.4520 (0.3956)	Error Ratio 0.7747 (6.0584)
03-02 20:17 INFO     Epoch: [0][2460/11389]	Time 0.073 (0.056)	Data 0.007 (0.011)	Loss 0.1834 (0.3945)	Error Ratio 2.2110 (6.0273)
03-02 20:17 INFO     Epoch: [0][2480/11389]	Time 0.057 (0.056)	Data 0.007 (0.011)	Loss 0.1811 (0.3933)	Error Ratio 0.8093 (5.9937)
03-02 20:17 INFO     Epoch: [0][2500/11389]	Time 0.052 (0.056)	Data 0.007 (0.011)	Loss 0.3358 (0.3922)	Error Ratio 1.8467 (5.9581)
03-02 20:17 INFO     Epoch: [0][2520/11389]	Time 0.053 (0.056)	Data 0.013 (0.010)	Loss 1.0056 (0.3916)	Error Ratio 10.3352 (5.9259)
03-02 20:17 INFO     Epoch: [0][2540/11389]	Time 0.058 (0.056)	Data 0.017 (0.011)	Loss 0.1494 (0.3908)	Error Ratio 1.4090 (5.8950)
03-02 20:17 INFO     Epoch: [0][2560/11389]	Time 0.049 (0.056)	Data 0.008 (0.011)	Loss 0.3425 (0.3898)	Error Ratio 1.3591 (5.8693)
03-02 20:17 INFO     Epoch: [0][2580/11389]	Time 0.055 (0.056)	Data 0.011 (0.011)	Loss 0.2380 (0.3887)	Error Ratio 0.6021 (5.8369)
03-02 20:17 INFO     Epoch: [0][2600/11389]	Time 0.052 (0.056)	Data 0.011 (0.011)	Loss 0.2356 (0.3877)	Error Ratio 0.7952 (5.8108)
03-02 20:17 INFO     Epoch: [0][2620/11389]	Time 0.051 (0.056)	Data 0.012 (0.011)	Loss 0.3547 (0.3864)	Error Ratio 1.1170 (5.7903)
03-02 20:17 INFO     Epoch: [0][2640/11389]	Time 0.052 (0.056)	Data 0.005 (0.011)	Loss 0.1347 (0.3850)	Error Ratio 0.7540 (5.7585)
03-02 20:17 INFO     Epoch: [0][2660/11389]	Time 0.051 (0.056)	Data 0.010 (0.011)	Loss 0.1659 (0.3842)	Error Ratio 1.2558 (5.7313)
03-02 20:17 INFO     Epoch: [0][2680/11389]	Time 0.052 (0.056)	Data 0.010 (0.010)	Loss 0.2583 (0.3832)	Error Ratio 0.6536 (5.6991)
03-02 20:17 INFO     Epoch: [0][2700/11389]	Time 0.055 (0.056)	Data 0.012 (0.010)	Loss 0.1872 (0.3841)	Error Ratio 40.5504 (5.6948)
03-02 20:17 INFO     Epoch: [0][2720/11389]	Time 0.060 (0.056)	Data 0.010 (0.010)	Loss 0.2706 (0.3831)	Error Ratio 1.9401 (5.6667)
03-02 20:17 INFO     Epoch: [0][2740/11389]	Time 0.064 (0.056)	Data 0.012 (0.010)	Loss 0.3898 (0.3826)	Error Ratio 2.4707 (5.6351)
03-02 20:17 INFO     Epoch: [0][2760/11389]	Time 0.052 (0.056)	Data 0.011 (0.010)	Loss 0.3930 (0.3823)	Error Ratio 1.3290 (5.6061)
03-02 20:17 INFO     Epoch: [0][2780/11389]	Time 0.049 (0.056)	Data 0.007 (0.010)	Loss 0.5538 (0.3814)	Error Ratio 1.2759 (5.5900)
03-02 20:17 INFO     Epoch: [0][2800/11389]	Time 0.047 (0.056)	Data 0.007 (0.010)	Loss 0.2231 (0.3808)	Error Ratio 0.8736 (5.5682)
03-02 20:17 INFO     Epoch: [0][2820/11389]	Time 0.047 (0.056)	Data 0.009 (0.010)	Loss 0.1936 (0.3800)	Error Ratio 1.2925 (5.5519)
03-02 20:17 INFO     Epoch: [0][2840/11389]	Time 0.055 (0.056)	Data 0.007 (0.010)	Loss 0.3283 (0.3794)	Error Ratio 1.1153 (5.5376)
03-02 20:17 INFO     Epoch: [0][2860/11389]	Time 0.053 (0.056)	Data 0.010 (0.010)	Loss 0.2519 (0.3784)	Error Ratio 0.8732 (5.5495)
03-02 20:17 INFO     Epoch: [0][2880/11389]	Time 0.051 (0.056)	Data 0.012 (0.010)	Loss 0.7091 (0.3778)	Error Ratio 2.4141 (5.5250)
03-02 20:17 INFO     Epoch: [0][2900/11389]	Time 0.050 (0.056)	Data 0.010 (0.010)	Loss 0.1493 (0.3769)	Error Ratio 1.7939 (5.4963)
03-02 20:17 INFO     Epoch: [0][2920/11389]	Time 0.055 (0.056)	Data 0.014 (0.010)	Loss 0.1692 (0.3759)	Error Ratio 1.2826 (5.4735)
03-02 20:17 INFO     Epoch: [0][2940/11389]	Time 0.052 (0.056)	Data 0.014 (0.010)	Loss 0.2925 (0.3750)	Error Ratio 1.4401 (5.4492)
03-02 20:17 INFO     Epoch: [0][2960/11389]	Time 0.056 (0.056)	Data 0.014 (0.010)	Loss 0.3636 (0.3743)	Error Ratio 1.2284 (5.4212)
03-02 20:17 INFO     Epoch: [0][2980/11389]	Time 0.053 (0.056)	Data 0.009 (0.010)	Loss 0.1721 (0.3735)	Error Ratio 0.8823 (5.3940)
03-02 20:17 INFO     Epoch: [0][3000/11389]	Time 0.050 (0.056)	Data 0.008 (0.010)	Loss 0.1649 (0.3725)	Error Ratio 1.2206 (5.3664)
03-02 20:17 INFO     Epoch: [0][3020/11389]	Time 0.048 (0.056)	Data 0.010 (0.010)	Loss 0.3521 (0.3718)	Error Ratio 1.2215 (5.3435)
03-02 20:17 INFO     Epoch: [0][3040/11389]	Time 0.060 (0.056)	Data 0.014 (0.010)	Loss 0.1817 (0.3710)	Error Ratio 1.1302 (5.3214)
03-02 20:17 INFO     Epoch: [0][3060/11389]	Time 0.057 (0.056)	Data 0.008 (0.010)	Loss 0.3325 (0.3703)	Error Ratio 1.5532 (5.3054)
03-02 20:17 INFO     Epoch: [0][3080/11389]	Time 0.050 (0.056)	Data 0.010 (0.010)	Loss 0.1851 (0.3695)	Error Ratio 0.5561 (5.2789)
03-02 20:17 INFO     Epoch: [0][3100/11389]	Time 0.053 (0.056)	Data 0.010 (0.010)	Loss 0.1390 (0.3686)	Error Ratio 0.9311 (5.2579)
03-02 20:17 INFO     Epoch: [0][3120/11389]	Time 0.054 (0.056)	Data 0.012 (0.010)	Loss 0.2732 (0.3678)	Error Ratio 1.0178 (5.2349)
03-02 20:17 INFO     Epoch: [0][3140/11389]	Time 0.057 (0.056)	Data 0.009 (0.010)	Loss 0.1849 (0.3676)	Error Ratio 0.8849 (5.2273)
03-02 20:17 INFO     Epoch: [0][3160/11389]	Time 0.047 (0.056)	Data 0.007 (0.010)	Loss 0.1617 (0.3670)	Error Ratio 1.3894 (5.2366)
03-02 20:17 INFO     Epoch: [0][3180/11389]	Time 0.055 (0.056)	Data 0.011 (0.010)	Loss 0.2417 (0.3664)	Error Ratio 1.8789 (5.2133)
03-02 20:17 INFO     Epoch: [0][3200/11389]	Time 0.060 (0.056)	Data 0.012 (0.010)	Loss 0.2673 (0.3659)	Error Ratio 1.2247 (5.1900)
03-02 20:17 INFO     Epoch: [0][3220/11389]	Time 0.052 (0.056)	Data 0.009 (0.010)	Loss 0.3917 (0.3654)	Error Ratio 0.9419 (5.1704)
03-02 20:17 INFO     Epoch: [0][3240/11389]	Time 0.049 (0.056)	Data 0.009 (0.010)	Loss 0.1850 (0.3645)	Error Ratio 8.3654 (5.1747)
03-02 20:17 INFO     Epoch: [0][3260/11389]	Time 0.049 (0.056)	Data 0.007 (0.010)	Loss 0.2502 (0.3636)	Error Ratio 1.0544 (5.1590)
03-02 20:17 INFO     Epoch: [0][3280/11389]	Time 0.056 (0.056)	Data 0.010 (0.010)	Loss 0.1863 (0.3628)	Error Ratio 0.8864 (5.1417)
03-02 20:17 INFO     Epoch: [0][3300/11389]	Time 0.057 (0.056)	Data 0.012 (0.010)	Loss 0.3030 (0.3622)	Error Ratio 2.5800 (5.1208)
03-02 20:17 INFO     Epoch: [0][3320/11389]	Time 0.049 (0.056)	Data 0.009 (0.010)	Loss 0.3675 (0.3617)	Error Ratio 2.3886 (5.0978)
03-02 20:17 INFO     Epoch: [0][3340/11389]	Time 0.052 (0.056)	Data 0.010 (0.010)	Loss 0.2193 (0.3610)	Error Ratio 0.6117 (5.0735)
03-02 20:17 INFO     Epoch: [0][3360/11389]	Time 0.054 (0.056)	Data 0.010 (0.010)	Loss 0.1808 (0.3601)	Error Ratio 3.4982 (5.0522)
03-02 20:17 INFO     Epoch: [0][3380/11389]	Time 0.069 (0.056)	Data 0.014 (0.010)	Loss 0.1339 (0.3595)	Error Ratio 1.3681 (5.0397)
03-02 20:17 INFO     Epoch: [0][3400/11389]	Time 0.063 (0.056)	Data 0.010 (0.010)	Loss 0.2401 (0.3589)	Error Ratio 1.4327 (5.0185)
03-02 20:17 INFO     Epoch: [0][3420/11389]	Time 0.050 (0.056)	Data 0.009 (0.010)	Loss 0.7728 (0.3581)	Error Ratio 0.8280 (5.0048)
03-02 20:17 INFO     Epoch: [0][3440/11389]	Time 0.065 (0.056)	Data 0.017 (0.010)	Loss 0.2571 (0.3578)	Error Ratio 0.7209 (4.9867)
03-02 20:17 INFO     Epoch: [0][3460/11389]	Time 0.055 (0.056)	Data 0.008 (0.010)	Loss 0.1648 (0.3571)	Error Ratio 0.9835 (4.9693)
03-02 20:17 INFO     Epoch: [0][3480/11389]	Time 0.048 (0.056)	Data 0.010 (0.010)	Loss 0.1915 (0.3565)	Error Ratio 0.7666 (4.9545)
03-02 20:17 INFO     Epoch: [0][3500/11389]	Time 0.049 (0.056)	Data 0.009 (0.010)	Loss 0.2378 (0.3557)	Error Ratio 1.2946 (4.9353)
03-02 20:17 INFO     Epoch: [0][3520/11389]	Time 0.056 (0.056)	Data 0.008 (0.010)	Loss 0.4985 (0.3551)	Error Ratio 0.8279 (4.9198)
03-02 20:18 INFO     Epoch: [0][3540/11389]	Time 0.049 (0.056)	Data 0.009 (0.010)	Loss 0.2391 (0.3542)	Error Ratio 1.4536 (4.8991)
03-02 20:18 INFO     Epoch: [0][3560/11389]	Time 0.050 (0.056)	Data 0.009 (0.010)	Loss 0.2206 (0.3535)	Error Ratio 1.1658 (4.8919)
03-02 20:18 INFO     Epoch: [0][3580/11389]	Time 0.049 (0.056)	Data 0.009 (0.010)	Loss 0.3101 (0.3528)	Error Ratio 0.8000 (4.8795)
03-02 20:18 INFO     Epoch: [0][3600/11389]	Time 0.055 (0.056)	Data 0.013 (0.010)	Loss 0.1306 (0.3520)	Error Ratio 0.6130 (4.8689)
03-02 20:18 INFO     Epoch: [0][3620/11389]	Time 0.045 (0.056)	Data 0.009 (0.010)	Loss 0.5741 (0.3515)	Error Ratio 1.5589 (4.8917)
03-02 20:18 INFO     Epoch: [0][3640/11389]	Time 0.063 (0.056)	Data 0.011 (0.010)	Loss 0.1993 (0.3508)	Error Ratio 1.1013 (4.8736)
03-02 20:18 INFO     Epoch: [0][3660/11389]	Time 0.062 (0.056)	Data 0.012 (0.010)	Loss 0.1492 (0.3500)	Error Ratio 1.5356 (4.8562)
03-02 20:18 INFO     Epoch: [0][3680/11389]	Time 0.049 (0.056)	Data 0.008 (0.010)	Loss 0.2045 (0.3499)	Error Ratio 0.7214 (4.8359)
03-02 20:18 INFO     Epoch: [0][3700/11389]	Time 0.052 (0.056)	Data 0.012 (0.010)	Loss 0.1388 (0.3494)	Error Ratio 0.7313 (4.8243)
03-02 20:18 INFO     Epoch: [0][3720/11389]	Time 0.049 (0.056)	Data 0.008 (0.010)	Loss 0.2182 (0.3488)	Error Ratio 1.8163 (4.8052)
03-02 20:18 INFO     Epoch: [0][3740/11389]	Time 0.051 (0.056)	Data 0.010 (0.010)	Loss 0.1672 (0.3483)	Error Ratio 2.0658 (4.7933)
03-02 20:18 INFO     Epoch: [0][3760/11389]	Time 0.048 (0.056)	Data 0.007 (0.010)	Loss 0.1856 (0.3479)	Error Ratio 5.9643 (4.7800)
03-02 20:18 INFO     Epoch: [0][3780/11389]	Time 0.053 (0.056)	Data 0.009 (0.010)	Loss 0.1538 (0.3473)	Error Ratio 0.7466 (4.7633)
03-02 20:18 INFO     Epoch: [0][3800/11389]	Time 0.055 (0.056)	Data 0.008 (0.010)	Loss 0.4520 (0.3466)	Error Ratio 0.8435 (4.7539)
03-02 20:18 INFO     Epoch: [0][3820/11389]	Time 0.061 (0.056)	Data 0.012 (0.010)	Loss 0.2589 (0.3462)	Error Ratio 0.5886 (4.7472)
03-02 20:18 INFO     Epoch: [0][3840/11389]	Time 0.050 (0.056)	Data 0.010 (0.010)	Loss 0.3211 (0.3458)	Error Ratio 0.9418 (4.7525)
03-02 20:18 INFO     Epoch: [0][3860/11389]	Time 0.065 (0.056)	Data 0.012 (0.010)	Loss 0.2583 (0.3454)	Error Ratio 1.1881 (4.7421)
03-02 20:18 INFO     Epoch: [0][3880/11389]	Time 0.052 (0.056)	Data 0.008 (0.010)	Loss 0.3140 (0.3448)	Error Ratio 0.9582 (4.7363)
03-02 20:18 INFO     Epoch: [0][3900/11389]	Time 0.051 (0.056)	Data 0.005 (0.010)	Loss 0.1905 (0.3444)	Error Ratio 0.9463 (4.7191)
03-02 20:18 INFO     Epoch: [0][3920/11389]	Time 0.050 (0.056)	Data 0.004 (0.010)	Loss 0.1780 (0.3437)	Error Ratio 2.5749 (4.7305)
03-02 20:18 INFO     Epoch: [0][3940/11389]	Time 0.058 (0.056)	Data 0.017 (0.010)	Loss 0.1584 (0.3431)	Error Ratio 2.5299 (4.7227)
03-02 20:18 INFO     Epoch: [0][3960/11389]	Time 0.061 (0.056)	Data 0.012 (0.010)	Loss 0.1822 (0.3427)	Error Ratio 0.9723 (4.7117)
03-02 20:18 INFO     Epoch: [0][3980/11389]	Time 0.060 (0.056)	Data 0.012 (0.010)	Loss 0.8255 (0.3421)	Error Ratio 1.4044 (4.6958)
03-02 20:18 INFO     Epoch: [0][4000/11389]	Time 0.060 (0.056)	Data 0.013 (0.010)	Loss 0.1798 (0.3417)	Error Ratio 1.7913 (4.6839)
03-02 20:18 INFO     Epoch: [0][4020/11389]	Time 0.059 (0.056)	Data 0.007 (0.010)	Loss 0.1577 (0.3411)	Error Ratio 0.9469 (4.6665)
03-02 20:18 INFO     Epoch: [0][4040/11389]	Time 0.061 (0.056)	Data 0.013 (0.010)	Loss 0.2263 (0.3405)	Error Ratio 0.7111 (4.6506)
03-02 20:18 INFO     Epoch: [0][4060/11389]	Time 0.053 (0.056)	Data 0.011 (0.010)	Loss 0.2442 (0.3399)	Error Ratio 0.5904 (4.6340)
03-02 20:18 INFO     Epoch: [0][4080/11389]	Time 0.070 (0.056)	Data 0.010 (0.010)	Loss 0.2510 (0.3393)	Error Ratio 1.1277 (4.6177)
03-02 20:18 INFO     Epoch: [0][4100/11389]	Time 0.067 (0.056)	Data 0.010 (0.010)	Loss 0.1736 (0.3388)	Error Ratio 0.8111 (4.6041)
03-02 20:18 INFO     Epoch: [0][4120/11389]	Time 0.061 (0.056)	Data 0.017 (0.010)	Loss 0.2448 (0.3382)	Error Ratio 0.8080 (4.5873)
03-02 20:18 INFO     Epoch: [0][4140/11389]	Time 0.050 (0.056)	Data 0.008 (0.010)	Loss 0.2286 (0.3376)	Error Ratio 0.7828 (4.5704)
03-02 20:18 INFO     Epoch: [0][4160/11389]	Time 0.063 (0.056)	Data 0.017 (0.010)	Loss 0.1521 (0.3370)	Error Ratio 1.0567 (4.5564)
03-02 20:18 INFO     Epoch: [0][4180/11389]	Time 0.051 (0.056)	Data 0.008 (0.010)	Loss 0.1365 (0.3364)	Error Ratio 0.6728 (4.5410)
03-02 20:18 INFO     Epoch: [0][4200/11389]	Time 0.056 (0.056)	Data 0.012 (0.010)	Loss 0.1779 (0.3358)	Error Ratio 0.5137 (4.5239)
03-02 20:18 INFO     Epoch: [0][4220/11389]	Time 0.053 (0.056)	Data 0.010 (0.010)	Loss 0.1440 (0.3354)	Error Ratio 25.9155 (4.5134)
03-02 20:18 INFO     Epoch: [0][4240/11389]	Time 0.060 (0.056)	Data 0.009 (0.010)	Loss 0.2002 (0.3350)	Error Ratio 1.5164 (4.5055)
03-02 20:18 INFO     Epoch: [0][4260/11389]	Time 0.066 (0.056)	Data 0.011 (0.010)	Loss 0.4697 (0.3344)	Error Ratio 0.5347 (4.4945)
03-02 20:18 INFO     Epoch: [0][4280/11389]	Time 0.054 (0.056)	Data 0.011 (0.010)	Loss 0.1776 (0.3337)	Error Ratio 2.7568 (4.4809)
03-02 20:18 INFO     Epoch: [0][4300/11389]	Time 0.056 (0.056)	Data 0.009 (0.010)	Loss 0.1967 (0.3333)	Error Ratio 1.5952 (4.4708)
03-02 20:18 INFO     Epoch: [0][4320/11389]	Time 0.055 (0.056)	Data 0.012 (0.010)	Loss 0.1778 (0.3327)	Error Ratio 0.6168 (4.4553)
03-02 20:18 INFO     Epoch: [0][4340/11389]	Time 0.053 (0.056)	Data 0.012 (0.010)	Loss 0.1653 (0.3322)	Error Ratio 0.9758 (4.4434)
03-02 20:18 INFO     Epoch: [0][4360/11389]	Time 0.065 (0.056)	Data 0.014 (0.010)	Loss 0.2392 (0.3317)	Error Ratio 0.6447 (4.4293)
03-02 20:18 INFO     Epoch: [0][4380/11389]	Time 0.056 (0.056)	Data 0.009 (0.010)	Loss 0.1808 (0.3316)	Error Ratio 0.6720 (4.4165)
03-02 20:18 INFO     Epoch: [0][4400/11389]	Time 0.053 (0.056)	Data 0.012 (0.010)	Loss 0.1810 (0.3311)	Error Ratio 9.5020 (4.4050)
03-02 20:18 INFO     Epoch: [0][4420/11389]	Time 0.050 (0.056)	Data 0.008 (0.010)	Loss 0.2459 (0.3305)	Error Ratio 2.3488 (4.3925)
03-02 20:18 INFO     Epoch: [0][4440/11389]	Time 0.053 (0.056)	Data 0.012 (0.010)	Loss 0.1615 (0.3301)	Error Ratio 1.1359 (4.3837)
03-02 20:18 INFO     Epoch: [0][4460/11389]	Time 0.055 (0.056)	Data 0.007 (0.010)	Loss 0.2465 (0.3295)	Error Ratio 1.0910 (4.3808)
03-02 20:18 INFO     Epoch: [0][4480/11389]	Time 0.054 (0.056)	Data 0.009 (0.010)	Loss 0.2238 (0.3289)	Error Ratio 0.6724 (4.3680)
03-02 20:18 INFO     Epoch: [0][4500/11389]	Time 0.058 (0.056)	Data 0.007 (0.010)	Loss 0.4284 (0.3283)	Error Ratio 1.8313 (4.3552)
03-02 20:18 INFO     Epoch: [0][4520/11389]	Time 0.058 (0.056)	Data 0.010 (0.010)	Loss 0.2046 (0.3278)	Error Ratio 2.8418 (4.3527)
03-02 20:18 INFO     Epoch: [0][4540/11389]	Time 0.057 (0.056)	Data 0.014 (0.010)	Loss 0.2258 (0.3271)	Error Ratio 1.1517 (4.3463)
03-02 20:18 INFO     Epoch: [0][4560/11389]	Time 0.053 (0.056)	Data 0.011 (0.010)	Loss 0.1619 (0.3265)	Error Ratio 0.9472 (4.3462)
03-02 20:18 INFO     Epoch: [0][4580/11389]	Time 0.048 (0.056)	Data 0.007 (0.010)	Loss 0.1991 (0.3259)	Error Ratio 1.7925 (4.3365)
03-02 20:18 INFO     Epoch: [0][4600/11389]	Time 0.052 (0.056)	Data 0.010 (0.010)	Loss 0.1490 (0.3254)	Error Ratio 0.9376 (4.3234)
03-02 20:19 INFO     Epoch: [0][4620/11389]	Time 0.056 (0.056)	Data 0.008 (0.010)	Loss 0.1290 (0.3250)	Error Ratio 0.7332 (4.3145)
03-02 20:19 INFO     Epoch: [0][4640/11389]	Time 0.054 (0.056)	Data 0.007 (0.010)	Loss 0.1102 (0.3244)	Error Ratio 0.7052 (4.3065)
03-02 20:19 INFO     Epoch: [0][4660/11389]	Time 0.051 (0.056)	Data 0.010 (0.010)	Loss 0.2375 (0.3238)	Error Ratio 0.8296 (4.2943)
03-02 20:19 INFO     Epoch: [0][4680/11389]	Time 0.050 (0.056)	Data 0.012 (0.010)	Loss 0.3358 (0.3234)	Error Ratio 1.2518 (4.2814)
03-02 20:19 INFO     Epoch: [0][4700/11389]	Time 0.052 (0.056)	Data 0.012 (0.010)	Loss 0.1292 (0.3229)	Error Ratio 4.7388 (4.2694)
03-02 20:19 INFO     Epoch: [0][4720/11389]	Time 0.049 (0.056)	Data 0.010 (0.010)	Loss 0.2550 (0.3224)	Error Ratio 4.1644 (4.2592)
03-02 20:19 INFO     Epoch: [0][4740/11389]	Time 0.057 (0.056)	Data 0.009 (0.010)	Loss 0.2047 (0.3217)	Error Ratio 1.0506 (4.2483)
03-02 20:19 INFO     Epoch: [0][4760/11389]	Time 0.057 (0.056)	Data 0.017 (0.010)	Loss 0.2120 (0.3220)	Error Ratio 1.6557 (4.2404)
03-02 20:19 INFO     Epoch: [0][4780/11389]	Time 0.057 (0.056)	Data 0.009 (0.010)	Loss 0.1192 (0.3217)	Error Ratio 3.5399 (4.2367)
03-02 20:19 INFO     Epoch: [0][4800/11389]	Time 0.062 (0.056)	Data 0.017 (0.010)	Loss 0.2354 (0.3212)	Error Ratio 0.8192 (4.2387)
03-02 20:19 INFO     Epoch: [0][4820/11389]	Time 0.048 (0.056)	Data 0.009 (0.010)	Loss 0.3910 (0.3208)	Error Ratio 1.0853 (4.2257)
03-02 20:19 INFO     Epoch: [0][4840/11389]	Time 0.064 (0.056)	Data 0.017 (0.010)	Loss 0.3003 (0.3205)	Error Ratio 7.5994 (4.2172)
03-02 20:19 INFO     Epoch: [0][4860/11389]	Time 0.050 (0.056)	Data 0.009 (0.010)	Loss 0.4095 (0.3203)	Error Ratio 1.3687 (4.2148)
03-02 20:19 INFO     Epoch: [0][4880/11389]	Time 0.050 (0.056)	Data 0.009 (0.010)	Loss 0.2169 (0.3202)	Error Ratio 1.1292 (4.2046)
03-02 20:19 INFO     Epoch: [0][4900/11389]	Time 0.063 (0.056)	Data 0.009 (0.010)	Loss 0.4199 (0.3200)	Error Ratio 2.3885 (4.2013)
03-02 20:19 INFO     Epoch: [0][4920/11389]	Time 0.063 (0.056)	Data 0.010 (0.010)	Loss 0.1113 (0.3196)	Error Ratio 6.0481 (4.1898)
03-02 20:19 INFO     Epoch: [0][4940/11389]	Time 0.054 (0.056)	Data 0.010 (0.010)	Loss 0.1706 (0.3193)	Error Ratio 0.9172 (4.1776)
03-02 20:19 INFO     Epoch: [0][4960/11389]	Time 0.050 (0.056)	Data 0.011 (0.010)	Loss 0.3868 (0.3191)	Error Ratio 1.0058 (4.1680)
03-02 20:19 INFO     Epoch: [0][4980/11389]	Time 0.049 (0.056)	Data 0.010 (0.010)	Loss 0.1783 (0.3187)	Error Ratio 3.0320 (4.1604)
03-02 20:19 INFO     Epoch: [0][5000/11389]	Time 0.054 (0.056)	Data 0.010 (0.010)	Loss 0.1842 (0.3183)	Error Ratio 0.8520 (4.1509)
03-02 20:19 INFO     Epoch: [0][5020/11389]	Time 0.054 (0.056)	Data 0.012 (0.010)	Loss 0.1891 (0.3179)	Error Ratio 0.8139 (4.1394)
03-02 20:19 INFO     Epoch: [0][5040/11389]	Time 0.057 (0.056)	Data 0.010 (0.010)	Loss 0.2510 (0.3174)	Error Ratio 1.5077 (4.1306)
03-02 20:19 INFO     Epoch: [0][5060/11389]	Time 0.058 (0.056)	Data 0.008 (0.010)	Loss 0.1649 (0.3170)	Error Ratio 3.5291 (4.1294)
03-02 20:19 INFO     Epoch: [0][5080/11389]	Time 0.061 (0.056)	Data 0.009 (0.010)	Loss 0.1829 (0.3165)	Error Ratio 0.9614 (4.1186)
03-02 20:19 INFO     Epoch: [0][5100/11389]	Time 0.057 (0.056)	Data 0.012 (0.010)	Loss 0.2536 (0.3161)	Error Ratio 2.2583 (4.1070)
03-02 20:19 INFO     Epoch: [0][5120/11389]	Time 0.051 (0.056)	Data 0.011 (0.010)	Loss 0.3189 (0.3156)	Error Ratio 2.9997 (4.1237)
03-02 20:19 INFO     Epoch: [0][5140/11389]	Time 0.051 (0.056)	Data 0.009 (0.010)	Loss 0.1139 (0.3151)	Error Ratio 0.5317 (4.1123)
03-02 20:19 INFO     Epoch: [0][5160/11389]	Time 0.050 (0.056)	Data 0.012 (0.010)	Loss 0.2408 (0.3147)	Error Ratio 0.5873 (4.1022)
03-02 20:19 INFO     Epoch: [0][5180/11389]	Time 0.070 (0.056)	Data 0.011 (0.010)	Loss 0.2113 (0.3144)	Error Ratio 2.5659 (4.0918)
03-02 20:19 INFO     Epoch: [0][5200/11389]	Time 0.054 (0.056)	Data 0.009 (0.010)	Loss 0.4021 (0.3139)	Error Ratio 0.8946 (4.0803)
03-02 20:19 INFO     Epoch: [0][5220/11389]	Time 0.062 (0.056)	Data 0.009 (0.010)	Loss 0.1132 (0.3134)	Error Ratio 0.5518 (4.0777)
03-02 20:19 INFO     Epoch: [0][5240/11389]	Time 0.052 (0.056)	Data 0.012 (0.010)	Loss 0.2914 (0.3133)	Error Ratio 1.1328 (4.0666)
03-02 20:19 INFO     Epoch: [0][5260/11389]	Time 0.053 (0.056)	Data 0.012 (0.010)	Loss 0.2234 (0.3130)	Error Ratio 2.7549 (4.0613)
03-02 20:19 INFO     Epoch: [0][5280/11389]	Time 0.058 (0.056)	Data 0.010 (0.010)	Loss 0.1243 (0.3126)	Error Ratio 1.7292 (4.0507)
03-02 20:19 INFO     Epoch: [0][5300/11389]	Time 0.055 (0.056)	Data 0.011 (0.010)	Loss 0.2126 (0.3123)	Error Ratio 1.4163 (4.0406)
03-02 20:19 INFO     Epoch: [0][5320/11389]	Time 0.052 (0.056)	Data 0.010 (0.010)	Loss 0.2175 (0.3118)	Error Ratio 2.0217 (4.0329)
03-02 20:19 INFO     Epoch: [0][5340/11389]	Time 0.053 (0.056)	Data 0.013 (0.010)	Loss 0.1118 (0.3115)	Error Ratio 0.9434 (4.0222)
03-02 20:19 INFO     Epoch: [0][5360/11389]	Time 0.060 (0.056)	Data 0.008 (0.010)	Loss 0.1682 (0.3111)	Error Ratio 1.4382 (4.0135)
03-02 20:19 INFO     Epoch: [0][5380/11389]	Time 0.058 (0.056)	Data 0.013 (0.010)	Loss 0.2693 (0.3107)	Error Ratio 1.3180 (4.0048)
03-02 20:19 INFO     Epoch: [0][5400/11389]	Time 0.064 (0.056)	Data 0.007 (0.010)	Loss 0.2018 (0.3103)	Error Ratio 1.8958 (4.0013)
03-02 20:19 INFO     Epoch: [0][5420/11389]	Time 0.054 (0.056)	Data 0.012 (0.010)	Loss 0.3537 (0.3101)	Error Ratio 1.6534 (3.9963)
03-02 20:19 INFO     Epoch: [0][5440/11389]	Time 0.051 (0.056)	Data 0.008 (0.010)	Loss 0.2779 (0.3097)	Error Ratio 2.8271 (3.9950)
03-02 20:19 INFO     Epoch: [0][5460/11389]	Time 0.052 (0.056)	Data 0.012 (0.010)	Loss 0.1125 (0.3092)	Error Ratio 0.6996 (3.9846)
03-02 20:19 INFO     Epoch: [0][5480/11389]	Time 0.053 (0.056)	Data 0.011 (0.010)	Loss 0.2101 (0.3088)	Error Ratio 1.8945 (3.9745)
03-02 20:19 INFO     Epoch: [0][5500/11389]	Time 0.057 (0.056)	Data 0.010 (0.010)	Loss 0.5225 (0.3085)	Error Ratio 3.3938 (3.9706)
03-02 20:19 INFO     Epoch: [0][5520/11389]	Time 0.069 (0.056)	Data 0.010 (0.010)	Loss 0.1326 (0.3081)	Error Ratio 0.6718 (3.9719)
03-02 20:19 INFO     Epoch: [0][5540/11389]	Time 0.052 (0.056)	Data 0.011 (0.010)	Loss 0.1779 (0.3077)	Error Ratio 12.6497 (3.9705)
03-02 20:19 INFO     Epoch: [0][5560/11389]	Time 0.067 (0.056)	Data 0.009 (0.010)	Loss 0.1943 (0.3072)	Error Ratio 1.1819 (3.9606)
03-02 20:19 INFO     Epoch: [0][5580/11389]	Time 0.059 (0.056)	Data 0.009 (0.010)	Loss 0.1760 (0.3067)	Error Ratio 0.5138 (3.9494)
03-02 20:19 INFO     Epoch: [0][5600/11389]	Time 0.067 (0.056)	Data 0.014 (0.010)	Loss 0.1059 (0.3065)	Error Ratio 0.5874 (3.9404)
03-02 20:19 INFO     Epoch: [0][5620/11389]	Time 0.052 (0.056)	Data 0.014 (0.010)	Loss 0.1945 (0.3062)	Error Ratio 0.8629 (3.9338)
03-02 20:19 INFO     Epoch: [0][5640/11389]	Time 0.051 (0.056)	Data 0.011 (0.010)	Loss 0.1382 (0.3059)	Error Ratio 1.1196 (3.9246)
03-02 20:19 INFO     Epoch: [0][5660/11389]	Time 0.052 (0.056)	Data 0.010 (0.010)	Loss 0.1533 (0.3061)	Error Ratio 766.7780 (4.0533)
03-02 20:19 INFO     Epoch: [0][5680/11389]	Time 0.056 (0.056)	Data 0.008 (0.010)	Loss 0.2409 (0.3057)	Error Ratio 19.9780 (4.0467)
03-02 20:20 INFO     Epoch: [0][5700/11389]	Time 0.066 (0.056)	Data 0.007 (0.010)	Loss 0.2285 (0.3053)	Error Ratio 0.9352 (4.0362)
03-02 20:20 INFO     Epoch: [0][5720/11389]	Time 0.058 (0.056)	Data 0.009 (0.010)	Loss 0.1048 (0.3050)	Error Ratio 0.9859 (4.0283)
03-02 20:20 INFO     Epoch: [0][5740/11389]	Time 0.057 (0.056)	Data 0.009 (0.010)	Loss 0.2491 (0.3047)	Error Ratio 1.1303 (4.3557)
03-02 20:20 INFO     Epoch: [0][5760/11389]	Time 0.049 (0.056)	Data 0.010 (0.010)	Loss 0.1450 (0.3044)	Error Ratio 0.8947 (4.3448)
03-02 20:20 INFO     Epoch: [0][5780/11389]	Time 0.061 (0.056)	Data 0.014 (0.010)	Loss 0.0839 (0.3040)	Error Ratio 0.6324 (4.3497)
03-02 20:20 INFO     Epoch: [0][5800/11389]	Time 0.053 (0.056)	Data 0.009 (0.010)	Loss 0.4857 (0.3037)	Error Ratio 0.6658 (4.3395)
03-02 20:20 INFO     Epoch: [0][5820/11389]	Time 0.053 (0.056)	Data 0.009 (0.010)	Loss 0.1969 (0.3033)	Error Ratio 1.1141 (4.3321)
03-02 20:20 INFO     Epoch: [0][5840/11389]	Time 0.066 (0.056)	Data 0.011 (0.010)	Loss 0.1672 (0.3030)	Error Ratio 2.4114 (4.3243)
03-02 20:20 INFO     Epoch: [0][5860/11389]	Time 0.055 (0.056)	Data 0.007 (0.010)	Loss 0.1796 (0.3025)	Error Ratio 0.8910 (4.3175)
03-02 20:20 INFO     Epoch: [0][5880/11389]	Time 0.049 (0.056)	Data 0.007 (0.010)	Loss 0.2525 (0.3022)	Error Ratio 1.0527 (4.3089)
03-02 20:20 INFO     Epoch: [0][5900/11389]	Time 0.046 (0.056)	Data 0.009 (0.010)	Loss 0.3036 (0.3019)	Error Ratio 15.9978 (4.3005)
03-02 20:20 INFO     Epoch: [0][5920/11389]	Time 0.048 (0.056)	Data 0.005 (0.010)	Loss 0.2679 (0.3016)	Error Ratio 0.9452 (4.2924)
03-02 20:20 INFO     Epoch: [0][5940/11389]	Time 0.050 (0.056)	Data 0.008 (0.010)	Loss 0.7136 (0.3014)	Error Ratio 0.5697 (4.2879)
03-02 20:20 INFO     Epoch: [0][5960/11389]	Time 0.053 (0.056)	Data 0.011 (0.010)	Loss 0.1310 (0.3010)	Error Ratio 1.1761 (4.2769)
03-02 20:20 INFO     Epoch: [0][5980/11389]	Time 0.050 (0.056)	Data 0.011 (0.010)	Loss 0.2469 (0.3009)	Error Ratio 0.7102 (4.2705)
03-02 20:20 INFO     Epoch: [0][6000/11389]	Time 0.048 (0.056)	Data 0.009 (0.010)	Loss 0.1869 (0.3007)	Error Ratio 0.9870 (4.2606)
03-02 20:20 INFO     Epoch: [0][6020/11389]	Time 0.046 (0.056)	Data 0.007 (0.010)	Loss 0.1614 (0.3004)	Error Ratio 1.4022 (4.2662)
03-02 20:20 INFO     Epoch: [0][6040/11389]	Time 0.055 (0.056)	Data 0.011 (0.010)	Loss 0.1620 (0.3000)	Error Ratio 1.0639 (4.2573)
03-02 20:20 INFO     Epoch: [0][6060/11389]	Time 0.053 (0.056)	Data 0.009 (0.010)	Loss 0.2571 (0.2997)	Error Ratio 1.8567 (4.2472)
03-02 20:20 INFO     Epoch: [0][6080/11389]	Time 0.050 (0.056)	Data 0.009 (0.010)	Loss 0.2120 (0.2994)	Error Ratio 9.3990 (4.2457)
03-02 20:20 INFO     Epoch: [0][6100/11389]	Time 0.056 (0.056)	Data 0.009 (0.010)	Loss 0.2131 (0.2993)	Error Ratio 1.5006 (4.2395)
03-02 20:20 INFO     Epoch: [0][6120/11389]	Time 0.058 (0.056)	Data 0.008 (0.010)	Loss 0.1198 (0.2990)	Error Ratio 1.0720 (4.2313)
03-02 20:20 INFO     Epoch: [0][6140/11389]	Time 0.056 (0.056)	Data 0.009 (0.010)	Loss 0.2471 (0.2986)	Error Ratio 2.9357 (4.2252)
03-02 20:20 INFO     Epoch: [0][6160/11389]	Time 0.051 (0.056)	Data 0.011 (0.010)	Loss 0.2609 (0.2985)	Error Ratio 1.2228 (4.2160)
03-02 20:20 INFO     Epoch: [0][6180/11389]	Time 0.065 (0.056)	Data 0.012 (0.010)	Loss 0.2122 (0.2983)	Error Ratio 0.8014 (4.2065)
03-02 20:20 INFO     Epoch: [0][6200/11389]	Time 0.059 (0.056)	Data 0.013 (0.010)	Loss 0.0973 (0.2980)	Error Ratio 0.9129 (4.2005)
03-02 20:20 INFO     Epoch: [0][6220/11389]	Time 0.060 (0.056)	Data 0.014 (0.010)	Loss 0.1843 (0.2977)	Error Ratio 2.9045 (4.1920)
03-02 20:20 INFO     Epoch: [0][6240/11389]	Time 0.083 (0.056)	Data 0.010 (0.010)	Loss 0.2676 (0.2973)	Error Ratio 1.2807 (4.1827)
03-02 20:20 INFO     Epoch: [0][6260/11389]	Time 0.058 (0.056)	Data 0.014 (0.010)	Loss 0.1821 (0.2970)	Error Ratio 0.7037 (4.1728)
03-02 20:20 INFO     Epoch: [0][6280/11389]	Time 0.074 (0.056)	Data 0.014 (0.010)	Loss 0.2214 (0.2966)	Error Ratio 7.3862 (4.1671)
03-02 20:20 INFO     Epoch: [0][6300/11389]	Time 0.050 (0.056)	Data 0.008 (0.010)	Loss 0.1661 (0.2962)	Error Ratio 1.0308 (4.1576)
03-02 20:20 INFO     Epoch: [0][6320/11389]	Time 0.052 (0.056)	Data 0.010 (0.010)	Loss 0.1452 (0.2960)	Error Ratio 0.4849 (4.1475)
03-02 20:20 INFO     Epoch: [0][6340/11389]	Time 0.067 (0.056)	Data 0.011 (0.010)	Loss 0.1500 (0.2957)	Error Ratio 0.8513 (4.1515)
03-02 20:20 INFO     Epoch: [0][6360/11389]	Time 0.066 (0.056)	Data 0.007 (0.010)	Loss 0.2573 (0.2953)	Error Ratio 22.2977 (4.2332)
03-02 20:20 INFO     Epoch: [0][6380/11389]	Time 0.047 (0.056)	Data 0.009 (0.010)	Loss 0.2166 (0.2951)	Error Ratio 2.8905 (4.2451)
03-02 20:20 INFO     Epoch: [0][6400/11389]	Time 0.058 (0.056)	Data 0.012 (0.010)	Loss 0.1919 (0.2948)	Error Ratio 0.8002 (4.2349)
03-02 20:20 INFO     Epoch: [0][6420/11389]	Time 0.070 (0.056)	Data 0.007 (0.010)	Loss 0.2082 (0.2945)	Error Ratio 0.7546 (4.2259)
03-02 20:20 INFO     Epoch: [0][6440/11389]	Time 0.049 (0.056)	Data 0.006 (0.010)	Loss 0.1913 (0.2942)	Error Ratio 0.9867 (4.2212)
03-02 20:20 INFO     Epoch: [0][6460/11389]	Time 0.049 (0.056)	Data 0.010 (0.010)	Loss 0.2325 (0.2940)	Error Ratio 1.3133 (4.2134)
03-02 20:20 INFO     Epoch: [0][6480/11389]	Time 0.049 (0.056)	Data 0.009 (0.010)	Loss 0.1637 (0.2937)	Error Ratio 0.5971 (4.2067)
03-02 20:20 INFO     Epoch: [0][6500/11389]	Time 0.056 (0.056)	Data 0.013 (0.010)	Loss 0.1603 (0.2933)	Error Ratio 0.9902 (4.2005)
03-02 20:20 INFO     Epoch: [0][6520/11389]	Time 0.053 (0.056)	Data 0.012 (0.010)	Loss 0.1597 (0.2929)	Error Ratio 1.0855 (4.1961)
03-02 20:20 INFO     Epoch: [0][6540/11389]	Time 0.052 (0.056)	Data 0.010 (0.010)	Loss 0.1584 (0.2926)	Error Ratio 0.8403 (4.2004)
03-02 20:20 INFO     Epoch: [0][6560/11389]	Time 0.055 (0.056)	Data 0.009 (0.010)	Loss 0.3340 (0.2923)	Error Ratio 0.9798 (4.1915)
03-02 20:20 INFO     Epoch: [0][6580/11389]	Time 0.048 (0.056)	Data 0.006 (0.010)	Loss 0.2252 (0.2922)	Error Ratio 2.0537 (4.1828)
03-02 20:20 INFO     Epoch: [0][6600/11389]	Time 0.050 (0.056)	Data 0.009 (0.010)	Loss 0.2716 (0.2919)	Error Ratio 3.0540 (4.1743)
03-02 20:20 INFO     Epoch: [0][6620/11389]	Time 0.047 (0.056)	Data 0.007 (0.010)	Loss 0.1092 (0.2915)	Error Ratio 1.2758 (4.1676)
03-02 20:20 INFO     Epoch: [0][6640/11389]	Time 0.050 (0.056)	Data 0.008 (0.010)	Loss 0.1583 (0.2912)	Error Ratio 0.8612 (4.1626)
03-02 20:20 INFO     Epoch: [0][6660/11389]	Time 0.070 (0.056)	Data 0.013 (0.010)	Loss 0.3062 (0.2910)	Error Ratio 0.9906 (4.1562)
03-02 20:20 INFO     Epoch: [0][6680/11389]	Time 0.056 (0.056)	Data 0.008 (0.010)	Loss 0.1451 (0.2907)	Error Ratio 0.7259 (4.1479)
03-02 20:20 INFO     Epoch: [0][6700/11389]	Time 0.052 (0.056)	Data 0.010 (0.010)	Loss 0.1581 (0.2906)	Error Ratio 1.5917 (4.1475)
03-02 20:20 INFO     Epoch: [0][6720/11389]	Time 0.048 (0.056)	Data 0.008 (0.010)	Loss 0.1661 (0.2903)	Error Ratio 1.6987 (4.1420)
03-02 20:20 INFO     Epoch: [0][6740/11389]	Time 0.052 (0.056)	Data 0.011 (0.010)	Loss 0.1056 (0.2901)	Error Ratio 0.6661 (4.1397)
03-02 20:20 INFO     Epoch: [0][6760/11389]	Time 0.051 (0.056)	Data 0.011 (0.010)	Loss 0.1618 (0.2899)	Error Ratio 0.6705 (4.1335)
03-02 20:21 INFO     Epoch: [0][6780/11389]	Time 0.049 (0.056)	Data 0.008 (0.010)	Loss 0.1247 (0.2896)	Error Ratio 0.8549 (4.1251)
03-02 20:21 INFO     Epoch: [0][6800/11389]	Time 0.058 (0.056)	Data 0.012 (0.010)	Loss 0.1772 (0.2893)	Error Ratio 0.9321 (4.1181)
03-02 20:21 INFO     Epoch: [0][6820/11389]	Time 0.056 (0.056)	Data 0.007 (0.010)	Loss 0.0999 (0.2889)	Error Ratio 1.3643 (4.1131)
03-02 20:21 INFO     Epoch: [0][6840/11389]	Time 0.048 (0.056)	Data 0.007 (0.010)	Loss 0.2574 (0.2886)	Error Ratio 4.6192 (4.1063)
03-02 20:21 INFO     Epoch: [0][6860/11389]	Time 0.053 (0.056)	Data 0.010 (0.010)	Loss 0.2538 (0.2884)	Error Ratio 0.9860 (4.0989)
03-02 20:21 INFO     Epoch: [0][6880/11389]	Time 0.056 (0.056)	Data 0.011 (0.010)	Loss 0.2914 (0.2881)	Error Ratio 1.6582 (4.0928)
03-02 20:21 INFO     Epoch: [0][6900/11389]	Time 0.053 (0.056)	Data 0.008 (0.010)	Loss 0.3053 (0.2879)	Error Ratio 0.9671 (4.0864)
03-02 20:21 INFO     Epoch: [0][6920/11389]	Time 0.057 (0.056)	Data 0.015 (0.010)	Loss 0.1468 (0.2876)	Error Ratio 1.0172 (4.0918)
03-02 20:21 INFO     Epoch: [0][6940/11389]	Time 0.059 (0.056)	Data 0.009 (0.010)	Loss 0.2358 (0.2873)	Error Ratio 0.8063 (4.1096)
03-02 20:21 INFO     Epoch: [0][6960/11389]	Time 0.064 (0.056)	Data 0.006 (0.010)	Loss 0.1183 (0.2871)	Error Ratio 1.0062 (4.1025)
03-02 20:21 INFO     Epoch: [0][6980/11389]	Time 0.046 (0.056)	Data 0.007 (0.010)	Loss 0.1975 (0.2868)	Error Ratio 1.1409 (4.0942)
03-02 20:21 INFO     Epoch: [0][7000/11389]	Time 0.049 (0.056)	Data 0.006 (0.010)	Loss 0.1613 (0.2866)	Error Ratio 0.6226 (4.0882)
03-02 20:21 INFO     Epoch: [0][7020/11389]	Time 0.055 (0.056)	Data 0.013 (0.010)	Loss 0.2185 (0.2864)	Error Ratio 0.8369 (4.0822)
03-02 20:21 INFO     Epoch: [0][7040/11389]	Time 0.052 (0.056)	Data 0.012 (0.010)	Loss 0.2502 (0.2862)	Error Ratio 1.8370 (4.0747)
03-02 20:21 INFO     Epoch: [0][7060/11389]	Time 0.050 (0.056)	Data 0.007 (0.010)	Loss 0.2832 (0.2859)	Error Ratio 1.2493 (4.0678)
03-02 20:21 INFO     Epoch: [0][7080/11389]	Time 0.052 (0.056)	Data 0.011 (0.010)	Loss 0.1158 (0.2856)	Error Ratio 0.7315 (4.0612)
03-02 20:21 INFO     Epoch: [0][7100/11389]	Time 0.049 (0.056)	Data 0.010 (0.010)	Loss 0.1698 (0.2854)	Error Ratio 0.4970 (4.0544)
03-02 20:21 INFO     Epoch: [0][7120/11389]	Time 0.054 (0.056)	Data 0.014 (0.010)	Loss 0.1669 (0.2851)	Error Ratio 0.9696 (4.0473)
03-02 20:21 INFO     Epoch: [0][7140/11389]	Time 0.052 (0.056)	Data 0.011 (0.010)	Loss 0.1440 (0.2851)	Error Ratio 2.4748 (4.0420)
03-02 20:21 INFO     Epoch: [0][7160/11389]	Time 0.058 (0.056)	Data 0.007 (0.010)	Loss 0.1829 (0.2849)	Error Ratio 1.1040 (4.0352)
03-02 20:21 INFO     Epoch: [0][7180/11389]	Time 0.052 (0.056)	Data 0.012 (0.010)	Loss 0.2052 (0.2847)	Error Ratio 0.6370 (4.0296)
03-02 20:21 INFO     Epoch: [0][7200/11389]	Time 0.050 (0.056)	Data 0.010 (0.010)	Loss 0.1588 (0.2845)	Error Ratio 1.6717 (4.0213)
03-02 20:21 INFO     Epoch: [0][7220/11389]	Time 0.068 (0.056)	Data 0.012 (0.010)	Loss 0.1965 (0.2843)	Error Ratio 3.1644 (4.0581)
03-02 20:21 INFO     Epoch: [0][7240/11389]	Time 0.071 (0.056)	Data 0.007 (0.010)	Loss 0.1759 (0.2840)	Error Ratio 1.3272 (4.0496)
03-02 20:21 INFO     Epoch: [0][7260/11389]	Time 0.052 (0.056)	Data 0.011 (0.010)	Loss 0.1794 (0.2837)	Error Ratio 0.7073 (4.0419)
03-02 20:21 INFO     Epoch: [0][7280/11389]	Time 0.066 (0.056)	Data 0.011 (0.010)	Loss 0.1682 (0.2836)	Error Ratio 1.0706 (4.0334)
03-02 20:21 INFO     Epoch: [0][7300/11389]	Time 0.055 (0.056)	Data 0.010 (0.010)	Loss 0.4724 (0.2834)	Error Ratio 1.8942 (4.0277)
03-02 20:21 INFO     Epoch: [0][7320/11389]	Time 0.061 (0.056)	Data 0.010 (0.010)	Loss 0.2658 (0.2833)	Error Ratio 0.9982 (4.0217)
03-02 20:21 INFO     Epoch: [0][7340/11389]	Time 0.057 (0.056)	Data 0.009 (0.010)	Loss 0.1695 (0.2833)	Error Ratio 3.4610 (4.0210)
03-02 20:21 INFO     Epoch: [0][7360/11389]	Time 0.048 (0.056)	Data 0.007 (0.010)	Loss 0.1585 (0.2831)	Error Ratio 5.3962 (4.0151)
03-02 20:21 INFO     Epoch: [0][7380/11389]	Time 0.049 (0.056)	Data 0.009 (0.010)	Loss 0.1176 (0.2828)	Error Ratio 1.4209 (4.0121)
03-02 20:21 INFO     Epoch: [0][7400/11389]	Time 0.058 (0.056)	Data 0.013 (0.010)	Loss 0.1704 (0.2826)	Error Ratio 1.3253 (4.0044)
03-02 20:21 INFO     Epoch: [0][7420/11389]	Time 0.061 (0.056)	Data 0.012 (0.010)	Loss 0.1459 (0.2824)	Error Ratio 1.6227 (4.0055)
03-02 20:21 INFO     Epoch: [0][7440/11389]	Time 0.055 (0.056)	Data 0.010 (0.010)	Loss 0.2125 (0.2821)	Error Ratio 1.6762 (3.9973)
03-02 20:21 INFO     Epoch: [0][7460/11389]	Time 0.047 (0.056)	Data 0.009 (0.010)	Loss 0.1708 (0.2818)	Error Ratio 0.6533 (3.9928)
03-02 20:21 INFO     Epoch: [0][7480/11389]	Time 0.063 (0.056)	Data 0.010 (0.010)	Loss 0.2651 (0.2817)	Error Ratio 1.7375 (3.9857)
03-02 20:21 INFO     Epoch: [0][7500/11389]	Time 0.051 (0.056)	Data 0.008 (0.010)	Loss 0.1657 (0.2816)	Error Ratio 0.5369 (3.9842)
03-02 20:21 INFO     Epoch: [0][7520/11389]	Time 0.053 (0.056)	Data 0.011 (0.010)	Loss 0.1316 (0.2815)	Error Ratio 1.4942 (3.9781)
03-02 20:21 INFO     Epoch: [0][7540/11389]	Time 0.062 (0.056)	Data 0.012 (0.010)	Loss 0.2681 (0.2813)	Error Ratio 2.1603 (3.9707)
03-02 20:21 INFO     Epoch: [0][7560/11389]	Time 0.059 (0.056)	Data 0.017 (0.010)	Loss 0.1112 (0.2810)	Error Ratio 3.3485 (3.9658)
03-02 20:21 INFO     Epoch: [0][7580/11389]	Time 0.066 (0.056)	Data 0.014 (0.010)	Loss 0.1030 (0.2807)	Error Ratio 0.8971 (3.9588)
03-02 20:21 INFO     Epoch: [0][7600/11389]	Time 0.053 (0.056)	Data 0.007 (0.010)	Loss 0.1645 (0.2805)	Error Ratio 1.9875 (3.9536)
03-02 20:21 INFO     Epoch: [0][7620/11389]	Time 0.048 (0.056)	Data 0.007 (0.010)	Loss 0.1245 (0.2802)	Error Ratio 1.0386 (3.9501)
03-02 20:21 INFO     Epoch: [0][7640/11389]	Time 0.053 (0.056)	Data 0.011 (0.010)	Loss 0.1765 (0.2800)	Error Ratio 1.1737 (3.9466)
03-02 20:21 INFO     Epoch: [0][7660/11389]	Time 0.057 (0.056)	Data 0.009 (0.010)	Loss 0.1572 (0.2798)	Error Ratio 0.9219 (3.9390)
03-02 20:21 INFO     Epoch: [0][7680/11389]	Time 0.062 (0.056)	Data 0.012 (0.010)	Loss 0.3487 (0.2796)	Error Ratio 2.3155 (3.9355)
03-02 20:21 INFO     Epoch: [0][7700/11389]	Time 0.055 (0.056)	Data 0.010 (0.010)	Loss 0.1223 (0.2793)	Error Ratio 0.9900 (3.9287)
03-02 20:21 INFO     Epoch: [0][7720/11389]	Time 0.049 (0.056)	Data 0.010 (0.010)	Loss 0.1601 (0.2790)	Error Ratio 0.7936 (3.9229)
03-02 20:21 INFO     Epoch: [0][7740/11389]	Time 0.048 (0.056)	Data 0.009 (0.010)	Loss 0.2260 (0.2789)	Error Ratio 1.0595 (3.9333)
03-02 20:21 INFO     Epoch: [0][7760/11389]	Time 0.050 (0.056)	Data 0.010 (0.010)	Loss 0.1415 (0.2787)	Error Ratio 0.6069 (3.9276)
03-02 20:21 INFO     Epoch: [0][7780/11389]	Time 0.057 (0.056)	Data 0.008 (0.010)	Loss 0.1930 (0.2785)	Error Ratio 0.6106 (3.9213)
03-02 20:21 INFO     Epoch: [0][7800/11389]	Time 0.062 (0.056)	Data 0.009 (0.010)	Loss 0.0895 (0.2784)	Error Ratio 0.9023 (3.9201)
03-02 20:21 INFO     Epoch: [0][7820/11389]	Time 0.051 (0.056)	Data 0.007 (0.010)	Loss 0.2178 (0.2782)	Error Ratio 0.7950 (3.9142)
03-02 20:21 INFO     Epoch: [0][7840/11389]	Time 0.055 (0.056)	Data 0.012 (0.010)	Loss 0.2024 (0.2780)	Error Ratio 0.4499 (3.9098)
03-02 20:22 INFO     Epoch: [0][7860/11389]	Time 0.056 (0.056)	Data 0.008 (0.010)	Loss 0.4640 (0.2778)	Error Ratio 0.9142 (3.9026)
03-02 20:22 INFO     Epoch: [0][7880/11389]	Time 0.055 (0.056)	Data 0.009 (0.010)	Loss 0.1457 (0.2775)	Error Ratio 0.7443 (3.9024)
03-02 20:22 INFO     Epoch: [0][7900/11389]	Time 0.054 (0.056)	Data 0.011 (0.010)	Loss 0.1183 (0.2773)	Error Ratio 1.0157 (3.8956)
03-02 20:22 INFO     Epoch: [0][7920/11389]	Time 0.048 (0.056)	Data 0.009 (0.010)	Loss 0.1370 (0.2771)	Error Ratio 1.2190 (3.8940)
03-02 20:22 INFO     Epoch: [0][7940/11389]	Time 0.057 (0.056)	Data 0.014 (0.010)	Loss 0.4173 (0.2769)	Error Ratio 0.8454 (3.8885)
03-02 20:22 INFO     Epoch: [0][7960/11389]	Time 0.061 (0.056)	Data 0.014 (0.010)	Loss 0.1508 (0.2767)	Error Ratio 1.7106 (3.8810)
03-02 20:22 INFO     Epoch: [0][7980/11389]	Time 0.062 (0.056)	Data 0.012 (0.010)	Loss 0.1576 (0.2765)	Error Ratio 2.7120 (3.8741)
03-02 20:22 INFO     Epoch: [0][8000/11389]	Time 0.052 (0.056)	Data 0.010 (0.010)	Loss 0.2877 (0.2763)	Error Ratio 1.0978 (3.8696)
03-02 20:22 INFO     Epoch: [0][8020/11389]	Time 0.063 (0.056)	Data 0.012 (0.010)	Loss 0.1807 (0.2761)	Error Ratio 0.7021 (3.8628)
03-02 20:22 INFO     Epoch: [0][8040/11389]	Time 0.047 (0.056)	Data 0.007 (0.010)	Loss 0.2391 (0.2758)	Error Ratio 0.5796 (3.8561)
03-02 20:22 INFO     Epoch: [0][8060/11389]	Time 0.061 (0.056)	Data 0.012 (0.010)	Loss 0.0863 (0.2755)	Error Ratio 0.8571 (3.8511)
03-02 20:22 INFO     Epoch: [0][8080/11389]	Time 0.050 (0.056)	Data 0.008 (0.010)	Loss 0.1959 (0.2753)	Error Ratio 1.0347 (3.8541)
03-02 20:22 INFO     Epoch: [0][8100/11389]	Time 0.054 (0.056)	Data 0.012 (0.010)	Loss 0.2026 (0.2751)	Error Ratio 0.7873 (3.8488)
03-02 20:22 INFO     Epoch: [0][8120/11389]	Time 0.055 (0.056)	Data 0.009 (0.010)	Loss 0.1405 (0.2748)	Error Ratio 1.3738 (3.8447)
03-02 20:22 INFO     Epoch: [0][8140/11389]	Time 0.052 (0.056)	Data 0.010 (0.010)	Loss 0.1954 (0.2746)	Error Ratio 1.6986 (3.8390)
03-02 20:22 INFO     Epoch: [0][8160/11389]	Time 0.051 (0.056)	Data 0.010 (0.010)	Loss 0.1274 (0.2746)	Error Ratio 1.0222 (3.8323)
03-02 20:22 INFO     Epoch: [0][8180/11389]	Time 0.056 (0.056)	Data 0.010 (0.010)	Loss 0.2978 (0.2745)	Error Ratio 1.2360 (3.8290)
03-02 20:22 INFO     Epoch: [0][8200/11389]	Time 0.064 (0.056)	Data 0.011 (0.010)	Loss 0.1682 (0.2743)	Error Ratio 2.2866 (3.8249)
03-02 20:22 INFO     Epoch: [0][8220/11389]	Time 0.057 (0.056)	Data 0.011 (0.010)	Loss 0.3368 (0.2740)	Error Ratio 0.8659 (3.8185)
03-02 20:22 INFO     Epoch: [0][8240/11389]	Time 0.060 (0.056)	Data 0.009 (0.010)	Loss 0.2148 (0.2738)	Error Ratio 0.7466 (3.8119)
03-02 20:22 INFO     Epoch: [0][8260/11389]	Time 0.051 (0.056)	Data 0.008 (0.010)	Loss 0.1602 (0.2737)	Error Ratio 0.5947 (3.8072)
03-02 20:22 INFO     Epoch: [0][8280/11389]	Time 0.061 (0.056)	Data 0.013 (0.010)	Loss 0.1353 (0.2735)	Error Ratio 1.0756 (3.8025)
03-02 20:22 INFO     Epoch: [0][8300/11389]	Time 0.051 (0.056)	Data 0.009 (0.010)	Loss 0.1532 (0.2732)	Error Ratio 0.7292 (3.8020)
03-02 20:22 INFO     Epoch: [0][8320/11389]	Time 0.051 (0.056)	Data 0.008 (0.010)	Loss 0.1035 (0.2730)	Error Ratio 0.6726 (3.7956)
03-02 20:22 INFO     Epoch: [0][8340/11389]	Time 0.051 (0.056)	Data 0.012 (0.010)	Loss 0.2053 (0.2729)	Error Ratio 0.6282 (3.7918)
03-02 20:22 INFO     Epoch: [0][8360/11389]	Time 0.050 (0.056)	Data 0.010 (0.010)	Loss 0.1555 (0.2729)	Error Ratio 2.4528 (3.7867)
03-02 20:22 INFO     Epoch: [0][8380/11389]	Time 0.053 (0.056)	Data 0.010 (0.010)	Loss 0.1564 (0.2727)	Error Ratio 3.5236 (3.7817)
03-02 20:22 INFO     Epoch: [0][8400/11389]	Time 0.062 (0.056)	Data 0.010 (0.010)	Loss 0.2032 (0.2725)	Error Ratio 0.8984 (3.7770)
03-02 20:22 INFO     Epoch: [0][8420/11389]	Time 0.060 (0.056)	Data 0.017 (0.010)	Loss 0.1831 (0.2723)	Error Ratio 0.6215 (3.7759)
03-02 20:22 INFO     Epoch: [0][8440/11389]	Time 0.051 (0.056)	Data 0.012 (0.010)	Loss 0.1060 (0.2721)	Error Ratio 0.8088 (3.7692)
03-02 20:22 INFO     Epoch: [0][8460/11389]	Time 0.060 (0.056)	Data 0.009 (0.010)	Loss 0.1051 (0.2719)	Error Ratio 1.2034 (3.7697)
03-02 20:22 INFO     Epoch: [0][8480/11389]	Time 0.061 (0.056)	Data 0.010 (0.010)	Loss 0.1509 (0.2718)	Error Ratio 0.7874 (3.7727)
03-02 20:22 INFO     Epoch: [0][8500/11389]	Time 0.053 (0.056)	Data 0.012 (0.010)	Loss 0.0992 (0.2716)	Error Ratio 1.1790 (3.7662)
03-02 20:22 INFO     Epoch: [0][8520/11389]	Time 0.059 (0.056)	Data 0.010 (0.010)	Loss 0.3751 (0.2714)	Error Ratio 0.6978 (3.7599)
03-02 20:22 INFO     Epoch: [0][8540/11389]	Time 0.047 (0.056)	Data 0.008 (0.010)	Loss 0.1549 (0.2711)	Error Ratio 0.6746 (3.7546)
03-02 20:22 INFO     Epoch: [0][8560/11389]	Time 0.058 (0.056)	Data 0.014 (0.010)	Loss 0.0682 (0.2710)	Error Ratio 3.0388 (3.7527)
03-02 20:22 INFO     Epoch: [0][8580/11389]	Time 0.051 (0.056)	Data 0.011 (0.010)	Loss 0.1068 (0.2707)	Error Ratio 1.1100 (3.7463)
03-02 20:22 INFO     Epoch: [0][8600/11389]	Time 0.058 (0.056)	Data 0.014 (0.010)	Loss 0.1021 (0.2706)	Error Ratio 1.5853 (3.7447)
03-02 20:22 INFO     Epoch: [0][8620/11389]	Time 0.048 (0.056)	Data 0.008 (0.010)	Loss 0.1262 (0.2704)	Error Ratio 6.1900 (3.7388)
03-02 20:22 INFO     Epoch: [0][8640/11389]	Time 0.050 (0.056)	Data 0.012 (0.010)	Loss 0.5864 (0.2702)	Error Ratio 1.9510 (3.7345)
03-02 20:22 INFO     Epoch: [0][8660/11389]	Time 0.051 (0.056)	Data 0.007 (0.010)	Loss 0.1870 (0.2701)	Error Ratio 0.7114 (3.7302)
03-02 20:22 INFO     Epoch: [0][8680/11389]	Time 0.051 (0.056)	Data 0.006 (0.010)	Loss 0.1472 (0.2699)	Error Ratio 1.7737 (3.7252)
03-02 20:22 INFO     Epoch: [0][8700/11389]	Time 0.062 (0.056)	Data 0.013 (0.010)	Loss 0.1740 (0.2696)	Error Ratio 5.2604 (3.7205)
03-02 20:22 INFO     Epoch: [0][8720/11389]	Time 0.051 (0.056)	Data 0.010 (0.010)	Loss 0.1689 (0.2694)	Error Ratio 0.8420 (3.7184)
03-02 20:22 INFO     Epoch: [0][8740/11389]	Time 0.052 (0.056)	Data 0.012 (0.010)	Loss 0.1584 (0.2692)	Error Ratio 0.8808 (3.7150)
03-02 20:22 INFO     Epoch: [0][8760/11389]	Time 0.051 (0.056)	Data 0.010 (0.010)	Loss 0.2575 (0.2690)	Error Ratio 0.9904 (3.7087)
03-02 20:22 INFO     Epoch: [0][8780/11389]	Time 0.057 (0.056)	Data 0.008 (0.010)	Loss 0.1832 (0.2688)	Error Ratio 1.8578 (3.7073)
03-02 20:22 INFO     Epoch: [0][8800/11389]	Time 0.056 (0.056)	Data 0.014 (0.010)	Loss 0.0974 (0.2686)	Error Ratio 0.5741 (3.7105)
03-02 20:22 INFO     Epoch: [0][8820/11389]	Time 0.053 (0.056)	Data 0.008 (0.010)	Loss 0.2551 (0.2687)	Error Ratio 0.9351 (3.7052)
03-02 20:22 INFO     Epoch: [0][8840/11389]	Time 0.053 (0.056)	Data 0.009 (0.010)	Loss 0.1353 (0.2684)	Error Ratio 1.5083 (3.6994)
03-02 20:22 INFO     Epoch: [0][8860/11389]	Time 0.061 (0.056)	Data 0.009 (0.010)	Loss 0.1859 (0.2683)	Error Ratio 0.8742 (3.6948)
03-02 20:22 INFO     Epoch: [0][8880/11389]	Time 0.064 (0.056)	Data 0.011 (0.010)	Loss 0.1749 (0.2681)	Error Ratio 1.1400 (3.6889)
03-02 20:22 INFO     Epoch: [0][8900/11389]	Time 0.052 (0.056)	Data 0.009 (0.010)	Loss 0.2283 (0.2680)	Error Ratio 11.2811 (3.6850)
03-02 20:22 INFO     Epoch: [0][8920/11389]	Time 0.053 (0.056)	Data 0.009 (0.010)	Loss 0.1899 (0.2678)	Error Ratio 0.7492 (3.6862)
03-02 20:23 INFO     Epoch: [0][8940/11389]	Time 0.058 (0.056)	Data 0.011 (0.010)	Loss 0.1247 (0.2676)	Error Ratio 0.9929 (3.6877)
03-02 20:23 INFO     Epoch: [0][8960/11389]	Time 0.053 (0.056)	Data 0.010 (0.010)	Loss 0.1689 (0.2674)	Error Ratio 0.7493 (3.6825)
03-02 20:23 INFO     Epoch: [0][8980/11389]	Time 0.061 (0.056)	Data 0.009 (0.010)	Loss 0.2336 (0.2672)	Error Ratio 1.1351 (3.6771)
03-02 20:23 INFO     Epoch: [0][9000/11389]	Time 0.058 (0.056)	Data 0.010 (0.010)	Loss 0.1727 (0.2670)	Error Ratio 11.9597 (3.6749)
03-02 20:23 INFO     Epoch: [0][9020/11389]	Time 0.069 (0.056)	Data 0.011 (0.010)	Loss 0.1410 (0.2670)	Error Ratio 1.1678 (3.6703)
03-02 20:23 INFO     Epoch: [0][9040/11389]	Time 0.048 (0.056)	Data 0.006 (0.010)	Loss 0.1112 (0.2668)	Error Ratio 0.6963 (3.6701)
03-02 20:23 INFO     Epoch: [0][9060/11389]	Time 0.055 (0.056)	Data 0.012 (0.010)	Loss 0.1671 (0.2666)	Error Ratio 4.7406 (3.6740)
03-02 20:23 INFO     Epoch: [0][9080/11389]	Time 0.063 (0.056)	Data 0.009 (0.010)	Loss 0.1690 (0.2663)	Error Ratio 0.8813 (3.6705)
03-02 20:23 INFO     Epoch: [0][9100/11389]	Time 0.058 (0.056)	Data 0.014 (0.010)	Loss 0.1666 (0.2661)	Error Ratio 1.8780 (3.6672)
03-02 20:23 INFO     Epoch: [0][9120/11389]	Time 0.055 (0.056)	Data 0.012 (0.010)	Loss 0.2029 (0.2660)	Error Ratio 1.7314 (3.6631)
03-02 20:23 INFO     Epoch: [0][9140/11389]	Time 0.057 (0.056)	Data 0.009 (0.010)	Loss 0.1029 (0.2658)	Error Ratio 0.7215 (3.6576)
03-02 20:23 INFO     Epoch: [0][9160/11389]	Time 0.064 (0.056)	Data 0.014 (0.010)	Loss 0.2571 (0.2657)	Error Ratio 1.7226 (3.6527)
03-02 20:23 INFO     Epoch: [0][9180/11389]	Time 0.051 (0.056)	Data 0.008 (0.010)	Loss 0.3256 (0.2655)	Error Ratio 1.5043 (3.6485)
03-02 20:23 INFO     Epoch: [0][9200/11389]	Time 0.064 (0.056)	Data 0.012 (0.010)	Loss 0.1150 (0.2653)	Error Ratio 0.9550 (3.6427)
03-02 20:23 INFO     Epoch: [0][9220/11389]	Time 0.059 (0.056)	Data 0.010 (0.010)	Loss 0.1349 (0.2651)	Error Ratio 0.7451 (3.6383)
03-02 20:23 INFO     Epoch: [0][9240/11389]	Time 0.052 (0.056)	Data 0.010 (0.010)	Loss 0.1396 (0.2650)	Error Ratio 0.7430 (3.6349)
03-02 20:23 INFO     Epoch: [0][9260/11389]	Time 0.054 (0.056)	Data 0.014 (0.010)	Loss 0.2088 (0.2652)	Error Ratio 1.6234 (3.6551)
03-02 20:23 INFO     Epoch: [0][9280/11389]	Time 0.062 (0.056)	Data 0.009 (0.010)	Loss 0.7362 (0.2652)	Error Ratio 0.4840 (3.6497)
03-02 20:23 INFO     Epoch: [0][9300/11389]	Time 0.050 (0.056)	Data 0.010 (0.010)	Loss 0.2298 (0.2650)	Error Ratio 30.3502 (3.6547)
03-02 20:23 INFO     Epoch: [0][9320/11389]	Time 0.051 (0.056)	Data 0.009 (0.010)	Loss 0.2765 (0.2649)	Error Ratio 0.4511 (3.6488)
03-02 20:23 INFO     Epoch: [0][9340/11389]	Time 0.062 (0.056)	Data 0.009 (0.010)	Loss 0.1574 (0.2647)	Error Ratio 0.7624 (3.6468)
03-02 20:23 INFO     Epoch: [0][9360/11389]	Time 0.052 (0.056)	Data 0.012 (0.010)	Loss 0.3106 (0.2646)	Error Ratio 0.5766 (3.6423)
03-02 20:23 INFO     Epoch: [0][9380/11389]	Time 0.057 (0.056)	Data 0.009 (0.010)	Loss 0.1676 (0.2644)	Error Ratio 0.5878 (3.6375)
03-02 20:23 INFO     Epoch: [0][9400/11389]	Time 0.050 (0.056)	Data 0.005 (0.010)	Loss 0.1328 (0.2643)	Error Ratio 0.4864 (3.6317)
03-02 20:23 INFO     Epoch: [0][9420/11389]	Time 0.051 (0.056)	Data 0.009 (0.010)	Loss 0.1806 (0.2642)	Error Ratio 1.4790 (3.6279)
03-02 20:23 INFO     Epoch: [0][9440/11389]	Time 0.051 (0.056)	Data 0.011 (0.010)	Loss 0.1500 (0.2640)	Error Ratio 0.6068 (3.6293)
03-02 20:23 INFO     Epoch: [0][9460/11389]	Time 0.062 (0.056)	Data 0.012 (0.010)	Loss 0.2386 (0.2638)	Error Ratio 0.9482 (3.6284)
03-02 20:23 INFO     Epoch: [0][9480/11389]	Time 0.053 (0.056)	Data 0.011 (0.010)	Loss 0.1590 (0.2637)	Error Ratio 5.9658 (3.6237)
03-02 20:23 INFO     Epoch: [0][9500/11389]	Time 0.064 (0.056)	Data 0.010 (0.010)	Loss 0.0873 (0.2635)	Error Ratio 0.8684 (3.6192)
03-02 20:23 INFO     Epoch: [0][9520/11389]	Time 0.056 (0.056)	Data 0.014 (0.010)	Loss 0.1005 (0.2634)	Error Ratio 56.2686 (3.6250)
03-02 20:23 INFO     Epoch: [0][9540/11389]	Time 0.061 (0.056)	Data 0.007 (0.010)	Loss 0.1362 (0.2632)	Error Ratio 0.9731 (3.6196)
03-02 20:23 INFO     Epoch: [0][9560/11389]	Time 0.050 (0.056)	Data 0.009 (0.010)	Loss 0.2256 (0.2630)	Error Ratio 0.5014 (3.6145)
03-02 20:23 INFO     Epoch: [0][9580/11389]	Time 0.059 (0.056)	Data 0.010 (0.010)	Loss 0.2042 (0.2629)	Error Ratio 0.6214 (3.6091)
03-02 20:23 INFO     Epoch: [0][9600/11389]	Time 0.049 (0.056)	Data 0.009 (0.010)	Loss 0.1827 (0.2627)	Error Ratio 1.1968 (3.6066)
03-02 20:23 INFO     Epoch: [0][9620/11389]	Time 0.047 (0.056)	Data 0.007 (0.010)	Loss 0.1513 (0.2626)	Error Ratio 1.2094 (3.6100)
03-02 20:23 INFO     Epoch: [0][9640/11389]	Time 0.056 (0.056)	Data 0.012 (0.010)	Loss 0.1258 (0.2624)	Error Ratio 1.0149 (3.6059)
03-02 20:23 INFO     Epoch: [0][9660/11389]	Time 0.053 (0.056)	Data 0.012 (0.010)	Loss 0.1524 (0.2622)	Error Ratio 1.0761 (3.6006)
03-02 20:23 INFO     Epoch: [0][9680/11389]	Time 0.072 (0.056)	Data 0.012 (0.010)	Loss 0.1573 (0.2620)	Error Ratio 1.3113 (3.5990)
03-02 20:23 INFO     Epoch: [0][9700/11389]	Time 0.061 (0.056)	Data 0.017 (0.010)	Loss 0.2304 (0.2619)	Error Ratio 3.7371 (3.5979)
03-02 20:23 INFO     Epoch: [0][9720/11389]	Time 0.046 (0.056)	Data 0.007 (0.010)	Loss 0.2381 (0.2617)	Error Ratio 0.9995 (3.6005)
03-02 20:23 INFO     Epoch: [0][9740/11389]	Time 0.058 (0.056)	Data 0.014 (0.010)	Loss 0.1501 (0.2617)	Error Ratio 0.6432 (3.5972)
03-02 20:23 INFO     Epoch: [0][9760/11389]	Time 0.062 (0.056)	Data 0.005 (0.010)	Loss 0.1503 (0.2615)	Error Ratio 2.4541 (3.5924)
03-02 20:23 INFO     Epoch: [0][9780/11389]	Time 0.047 (0.056)	Data 0.006 (0.010)	Loss 0.1955 (0.2613)	Error Ratio 0.9979 (3.5880)
03-02 20:23 INFO     Epoch: [0][9800/11389]	Time 0.053 (0.056)	Data 0.010 (0.010)	Loss 0.2436 (0.2612)	Error Ratio 0.7510 (3.5841)
03-02 20:23 INFO     Epoch: [0][9820/11389]	Time 0.047 (0.056)	Data 0.007 (0.010)	Loss 0.4147 (0.2611)	Error Ratio 1.0836 (3.5850)
03-02 20:23 INFO     Epoch: [0][9840/11389]	Time 0.049 (0.056)	Data 0.011 (0.010)	Loss 0.1665 (0.2610)	Error Ratio 1.5959 (3.5804)
03-02 20:23 INFO     Epoch: [0][9860/11389]	Time 0.052 (0.056)	Data 0.010 (0.010)	Loss 0.2300 (0.2608)	Error Ratio 1.1972 (3.5750)
03-02 20:23 INFO     Epoch: [0][9880/11389]	Time 0.056 (0.056)	Data 0.014 (0.010)	Loss 0.1555 (0.2607)	Error Ratio 0.4371 (3.5707)
03-02 20:23 INFO     Epoch: [0][9900/11389]	Time 0.054 (0.056)	Data 0.012 (0.010)	Loss 0.2105 (0.2607)	Error Ratio 1.4273 (3.5662)
03-02 20:23 INFO     Epoch: [0][9920/11389]	Time 0.060 (0.056)	Data 0.012 (0.010)	Loss 0.1658 (0.2607)	Error Ratio 0.7630 (3.5627)
03-02 20:23 INFO     Epoch: [0][9940/11389]	Time 0.050 (0.056)	Data 0.008 (0.010)	Loss 0.1604 (0.2605)	Error Ratio 0.9031 (3.5666)
03-02 20:23 INFO     Epoch: [0][9960/11389]	Time 0.061 (0.056)	Data 0.010 (0.010)	Loss 0.0866 (0.2604)	Error Ratio 0.8290 (3.5653)
03-02 20:23 INFO     Epoch: [0][9980/11389]	Time 0.047 (0.056)	Data 0.006 (0.010)	Loss 0.1982 (0.2602)	Error Ratio 0.8505 (3.5739)
03-02 20:23 INFO     Epoch: [0][10000/11389]	Time 0.053 (0.056)	Data 0.011 (0.010)	Loss 0.0893 (0.2600)	Error Ratio 1.8796 (3.5697)
03-02 20:24 INFO     Epoch: [0][10020/11389]	Time 0.054 (0.056)	Data 0.012 (0.010)	Loss 0.3706 (0.2598)	Error Ratio 2.5792 (3.5646)
03-02 20:24 INFO     Epoch: [0][10040/11389]	Time 0.050 (0.056)	Data 0.009 (0.010)	Loss 0.1582 (0.2596)	Error Ratio 1.3105 (3.5640)
03-02 20:24 INFO     Epoch: [0][10060/11389]	Time 0.050 (0.056)	Data 0.011 (0.010)	Loss 0.2727 (0.2596)	Error Ratio 0.8689 (3.5604)
03-02 20:24 INFO     Epoch: [0][10080/11389]	Time 0.053 (0.056)	Data 0.011 (0.010)	Loss 0.1335 (0.2594)	Error Ratio 0.6817 (3.5600)
03-02 20:24 INFO     Epoch: [0][10100/11389]	Time 0.051 (0.056)	Data 0.011 (0.010)	Loss 0.2214 (0.2592)	Error Ratio 0.6538 (3.5553)
03-02 20:24 INFO     Epoch: [0][10120/11389]	Time 0.073 (0.056)	Data 0.004 (0.010)	Loss 0.1773 (0.2591)	Error Ratio 1.6951 (3.5521)
03-02 20:24 INFO     Epoch: [0][10140/11389]	Time 0.052 (0.056)	Data 0.012 (0.010)	Loss 0.1442 (0.2589)	Error Ratio 0.6450 (3.5478)
03-02 20:24 INFO     Epoch: [0][10160/11389]	Time 0.052 (0.056)	Data 0.008 (0.010)	Loss 0.1837 (0.2587)	Error Ratio 0.8036 (3.5432)
03-02 20:24 INFO     Epoch: [0][10180/11389]	Time 0.061 (0.056)	Data 0.009 (0.010)	Loss 0.1475 (0.2585)	Error Ratio 1.3573 (3.5382)
03-02 20:24 INFO     Epoch: [0][10200/11389]	Time 0.054 (0.056)	Data 0.013 (0.010)	Loss 0.1065 (0.2583)	Error Ratio 0.6195 (3.5346)
03-02 20:24 INFO     Epoch: [0][10220/11389]	Time 0.062 (0.056)	Data 0.009 (0.010)	Loss 0.2839 (0.2582)	Error Ratio 0.5553 (3.5322)
03-02 20:24 INFO     Epoch: [0][10240/11389]	Time 0.055 (0.056)	Data 0.011 (0.010)	Loss 0.1329 (0.2580)	Error Ratio 0.8390 (3.5277)
03-02 20:24 INFO     Epoch: [0][10260/11389]	Time 0.050 (0.056)	Data 0.009 (0.010)	Loss 0.1658 (0.2579)	Error Ratio 1.4957 (3.5328)
03-02 20:24 INFO     Epoch: [0][10280/11389]	Time 0.051 (0.056)	Data 0.010 (0.010)	Loss 0.1678 (0.2578)	Error Ratio 1.3818 (3.5282)
03-02 20:24 INFO     Epoch: [0][10300/11389]	Time 0.066 (0.056)	Data 0.006 (0.010)	Loss 0.1348 (0.2576)	Error Ratio 0.5480 (3.5233)
03-02 20:24 INFO     Epoch: [0][10320/11389]	Time 0.055 (0.056)	Data 0.014 (0.010)	Loss 0.1466 (0.2575)	Error Ratio 0.5625 (3.5247)
03-02 20:24 INFO     Epoch: [0][10340/11389]	Time 0.051 (0.056)	Data 0.010 (0.010)	Loss 0.1325 (0.2573)	Error Ratio 0.6542 (3.5234)
03-02 20:24 INFO     Epoch: [0][10360/11389]	Time 0.049 (0.056)	Data 0.010 (0.010)	Loss 0.1032 (0.2571)	Error Ratio 1.6964 (3.5200)
03-02 20:24 INFO     Epoch: [0][10380/11389]	Time 0.050 (0.056)	Data 0.009 (0.010)	Loss 0.2169 (0.2570)	Error Ratio 1.4968 (3.5175)
03-02 20:24 INFO     Epoch: [0][10400/11389]	Time 0.050 (0.056)	Data 0.009 (0.010)	Loss 0.1391 (0.2568)	Error Ratio 0.7586 (3.5147)
03-02 20:24 INFO     Epoch: [0][10420/11389]	Time 0.048 (0.056)	Data 0.009 (0.010)	Loss 0.1991 (0.2566)	Error Ratio 1.6585 (3.5134)
03-02 20:24 INFO     Epoch: [0][10440/11389]	Time 0.052 (0.056)	Data 0.011 (0.010)	Loss 0.1353 (0.2565)	Error Ratio 0.9176 (3.5087)
03-02 20:24 INFO     Epoch: [0][10460/11389]	Time 0.055 (0.056)	Data 0.011 (0.010)	Loss 0.1574 (0.2563)	Error Ratio 1.0490 (3.5071)
03-02 20:24 INFO     Epoch: [0][10480/11389]	Time 0.053 (0.056)	Data 0.011 (0.010)	Loss 0.1607 (0.2561)	Error Ratio 1.2045 (3.5028)
03-02 20:24 INFO     Epoch: [0][10500/11389]	Time 0.050 (0.056)	Data 0.009 (0.010)	Loss 0.1810 (0.2560)	Error Ratio 0.8384 (3.4981)
03-02 20:24 INFO     Epoch: [0][10520/11389]	Time 0.048 (0.056)	Data 0.007 (0.010)	Loss 0.1957 (0.2558)	Error Ratio 0.4933 (3.5033)
03-02 20:24 INFO     Epoch: [0][10540/11389]	Time 0.052 (0.056)	Data 0.011 (0.010)	Loss 0.1862 (0.2557)	Error Ratio 0.6637 (3.5001)
03-02 20:24 INFO     Epoch: [0][10560/11389]	Time 0.051 (0.056)	Data 0.011 (0.010)	Loss 0.1717 (0.2556)	Error Ratio 0.5472 (3.4963)
03-02 20:24 INFO     Epoch: [0][10580/11389]	Time 0.047 (0.056)	Data 0.007 (0.010)	Loss 0.2701 (0.2553)	Error Ratio 0.7074 (3.5083)
03-02 20:24 INFO     Epoch: [0][10600/11389]	Time 0.053 (0.056)	Data 0.010 (0.010)	Loss 0.2164 (0.2553)	Error Ratio 1.8534 (3.5034)
03-02 20:24 INFO     Epoch: [0][10620/11389]	Time 0.052 (0.056)	Data 0.011 (0.010)	Loss 0.1042 (0.2551)	Error Ratio 0.8035 (3.4990)
03-02 20:24 INFO     Epoch: [0][10640/11389]	Time 0.051 (0.056)	Data 0.012 (0.010)	Loss 0.3213 (0.2549)	Error Ratio 0.7223 (3.4989)
03-02 20:24 INFO     Epoch: [0][10660/11389]	Time 0.059 (0.056)	Data 0.014 (0.010)	Loss 0.1379 (0.2548)	Error Ratio 0.9336 (3.4943)
03-02 20:24 INFO     Epoch: [0][10680/11389]	Time 0.053 (0.056)	Data 0.008 (0.010)	Loss 0.1258 (0.2547)	Error Ratio 0.8052 (3.4947)
03-02 20:24 INFO     Epoch: [0][10700/11389]	Time 0.053 (0.056)	Data 0.006 (0.010)	Loss 0.1323 (0.2545)	Error Ratio 0.7404 (3.4967)
03-02 20:24 INFO     Epoch: [0][10720/11389]	Time 0.049 (0.056)	Data 0.010 (0.010)	Loss 0.1799 (0.2544)	Error Ratio 0.5781 (3.4932)
03-02 20:24 INFO     Epoch: [0][10740/11389]	Time 0.062 (0.056)	Data 0.013 (0.010)	Loss 0.1046 (0.2543)	Error Ratio 0.9319 (3.4884)
03-02 20:24 INFO     Epoch: [0][10760/11389]	Time 0.066 (0.056)	Data 0.014 (0.010)	Loss 0.1355 (0.2541)	Error Ratio 0.6134 (3.4848)
03-02 20:24 INFO     Epoch: [0][10780/11389]	Time 0.062 (0.056)	Data 0.016 (0.010)	Loss 0.2718 (0.2540)	Error Ratio 20.2005 (3.4832)
03-02 20:24 INFO     Epoch: [0][10800/11389]	Time 0.050 (0.056)	Data 0.009 (0.010)	Loss 0.1133 (0.2539)	Error Ratio 9.6013 (3.4794)
03-02 20:24 INFO     Epoch: [0][10820/11389]	Time 0.063 (0.056)	Data 0.010 (0.010)	Loss 0.1499 (0.2537)	Error Ratio 0.9192 (3.4748)
03-02 20:24 INFO     Epoch: [0][10840/11389]	Time 0.061 (0.056)	Data 0.011 (0.010)	Loss 0.1419 (0.2535)	Error Ratio 1.5190 (3.4708)
03-02 20:24 INFO     Epoch: [0][10860/11389]	Time 0.055 (0.056)	Data 0.012 (0.010)	Loss 0.1827 (0.2533)	Error Ratio 0.7079 (3.4678)
03-02 20:24 INFO     Epoch: [0][10880/11389]	Time 0.054 (0.056)	Data 0.007 (0.010)	Loss 0.1134 (0.2532)	Error Ratio 0.7588 (3.4641)
03-02 20:24 INFO     Epoch: [0][10900/11389]	Time 0.061 (0.056)	Data 0.017 (0.010)	Loss 0.1214 (0.2530)	Error Ratio 0.7852 (3.4597)
03-02 20:24 INFO     Epoch: [0][10920/11389]	Time 0.053 (0.056)	Data 0.005 (0.010)	Loss 0.1191 (0.2528)	Error Ratio 0.7397 (3.4570)
03-02 20:24 INFO     Epoch: [0][10940/11389]	Time 0.055 (0.056)	Data 0.009 (0.010)	Loss 0.2299 (0.2527)	Error Ratio 2.3635 (3.4548)
03-02 20:24 INFO     Epoch: [0][10960/11389]	Time 0.052 (0.056)	Data 0.009 (0.010)	Loss 0.0949 (0.2527)	Error Ratio 1.8645 (3.4555)
03-02 20:24 INFO     Epoch: [0][10980/11389]	Time 0.056 (0.056)	Data 0.007 (0.010)	Loss 0.1922 (0.2525)	Error Ratio 0.9734 (3.4652)
03-02 20:24 INFO     Epoch: [0][11000/11389]	Time 0.048 (0.056)	Data 0.008 (0.010)	Loss 0.1539 (0.2524)	Error Ratio 2.8306 (3.8365)
03-02 20:24 INFO     Epoch: [0][11020/11389]	Time 0.078 (0.056)	Data 0.009 (0.010)	Loss 0.1694 (0.2522)	Error Ratio 0.4749 (3.8316)
03-02 20:24 INFO     Epoch: [0][11040/11389]	Time 0.049 (0.056)	Data 0.008 (0.010)	Loss 0.1806 (0.2520)	Error Ratio 0.8044 (3.8265)
03-02 20:24 INFO     Epoch: [0][11060/11389]	Time 0.062 (0.056)	Data 0.009 (0.010)	Loss 0.1188 (0.2519)	Error Ratio 1.2188 (3.8217)
03-02 20:24 INFO     Epoch: [0][11080/11389]	Time 0.051 (0.056)	Data 0.008 (0.010)	Loss 0.1718 (0.2517)	Error Ratio 1.0995 (3.8168)
03-02 20:25 INFO     Epoch: [0][11100/11389]	Time 0.060 (0.056)	Data 0.006 (0.010)	Loss 0.1635 (0.2516)	Error Ratio 0.4661 (3.8188)
03-02 20:25 INFO     Epoch: [0][11120/11389]	Time 0.062 (0.056)	Data 0.009 (0.010)	Loss 0.1783 (0.2514)	Error Ratio 30.9231 (3.8180)
03-02 20:25 INFO     Epoch: [0][11140/11389]	Time 0.054 (0.056)	Data 0.007 (0.010)	Loss 0.1899 (0.2515)	Error Ratio 1.0310 (3.8137)
03-02 20:25 INFO     Epoch: [0][11160/11389]	Time 0.055 (0.056)	Data 0.009 (0.010)	Loss 0.2195 (0.2513)	Error Ratio 1.1181 (3.8112)
03-02 20:25 INFO     Epoch: [0][11180/11389]	Time 0.051 (0.056)	Data 0.011 (0.010)	Loss 0.0992 (0.2513)	Error Ratio 46.4683 (3.8115)
03-02 20:25 INFO     Epoch: [0][11200/11389]	Time 0.046 (0.056)	Data 0.006 (0.010)	Loss 0.2040 (0.2512)	Error Ratio 0.8962 (3.8073)
03-02 20:25 INFO     Epoch: [0][11220/11389]	Time 0.056 (0.056)	Data 0.012 (0.010)	Loss 0.1064 (0.2510)	Error Ratio 0.6927 (3.8059)
03-02 20:25 INFO     Epoch: [0][11240/11389]	Time 0.052 (0.056)	Data 0.011 (0.010)	Loss 0.3426 (0.2509)	Error Ratio 1.3140 (3.8080)
03-02 20:25 INFO     Epoch: [0][11260/11389]	Time 0.046 (0.056)	Data 0.006 (0.010)	Loss 0.1302 (0.2511)	Error Ratio 0.6435 (3.8037)
03-02 20:25 INFO     Epoch: [0][11280/11389]	Time 0.051 (0.056)	Data 0.011 (0.010)	Loss 0.1651 (0.2510)	Error Ratio 86.5165 (3.8175)
03-02 20:25 INFO     Epoch: [0][11300/11389]	Time 0.053 (0.056)	Data 0.014 (0.010)	Loss 0.1135 (0.2509)	Error Ratio 1.3004 (3.8146)
03-02 20:25 INFO     Epoch: [0][11320/11389]	Time 0.052 (0.056)	Data 0.014 (0.010)	Loss 0.1997 (0.2508)	Error Ratio 0.6839 (3.8162)
03-02 20:25 INFO     Epoch: [0][11340/11389]	Time 0.050 (0.056)	Data 0.009 (0.010)	Loss 0.1350 (0.2507)	Error Ratio 1.3707 (3.8237)
03-02 20:25 INFO     Epoch: [0][11360/11389]	Time 0.049 (0.056)	Data 0.009 (0.010)	Loss 0.2052 (0.2506)	Error Ratio 0.8437 (3.8191)
03-02 20:25 INFO     Epoch: [0][11380/11389]	Time 0.050 (0.056)	Data 0.012 (0.010)	Loss 0.1113 (0.2505)	Error Ratio 1.3217 (3.8220)
03-02 20:25 INFO     Epoch: [0] Avg Error Ratio 3.820; Average Loss 0.250; Avg Time x Batch 0.056
03-02 20:25 INFO     Test: [20/1000]	Time 0.027 (0.056)	Loss 0.1454 (0.1959)	Error Ratio 0.7404 (2.3925)
03-02 20:25 INFO     Test: [40/1000]	Time 0.022 (0.041)	Loss 0.2839 (0.1985)	Error Ratio 0.7449 (2.4779)
03-02 20:25 INFO     Test: [60/1000]	Time 0.023 (0.036)	Loss 0.1129 (0.2111)	Error Ratio 1.0585 (2.4375)
03-02 20:25 INFO     Test: [80/1000]	Time 0.029 (0.034)	Loss 0.2782 (0.2076)	Error Ratio 0.7196 (2.3449)
03-02 20:25 INFO     Test: [100/1000]	Time 0.029 (0.032)	Loss 0.1273 (0.2061)	Error Ratio 0.9351 (3.0508)
03-02 20:25 INFO     Test: [120/1000]	Time 0.028 (0.031)	Loss 0.2171 (0.2022)	Error Ratio 1.0048 (2.8289)
03-02 20:25 INFO     Test: [140/1000]	Time 0.020 (0.030)	Loss 0.1173 (0.1989)	Error Ratio 1.2054 (2.9307)
03-02 20:25 INFO     Test: [160/1000]	Time 0.027 (0.030)	Loss 0.0988 (0.1999)	Error Ratio 0.8966 (2.9793)
03-02 20:25 INFO     Test: [180/1000]	Time 0.054 (0.030)	Loss 0.1668 (0.1974)	Error Ratio 1.1386 (2.9800)
03-02 20:25 INFO     Test: [200/1000]	Time 0.030 (0.029)	Loss 0.1388 (0.1953)	Error Ratio 1.2625 (2.8247)
03-02 20:25 INFO     Test: [220/1000]	Time 0.030 (0.029)	Loss 0.1725 (0.1967)	Error Ratio 1.4386 (2.9771)
03-02 20:25 INFO     Test: [240/1000]	Time 0.028 (0.029)	Loss 0.2029 (0.2003)	Error Ratio 0.7445 (2.8250)
03-02 20:25 INFO     Test: [260/1000]	Time 0.027 (0.029)	Loss 0.1447 (0.2017)	Error Ratio 0.7922 (2.7142)
03-02 20:25 INFO     Test: [280/1000]	Time 0.024 (0.029)	Loss 0.2901 (0.2034)	Error Ratio 1.1924 (2.6623)
03-02 20:25 INFO     Test: [300/1000]	Time 0.024 (0.029)	Loss 0.2224 (0.2045)	Error Ratio 1.0412 (2.5697)
03-02 20:25 INFO     Test: [320/1000]	Time 0.031 (0.028)	Loss 0.1402 (0.2022)	Error Ratio 0.7211 (2.5123)
03-02 20:25 INFO     Test: [340/1000]	Time 0.026 (0.028)	Loss 0.1810 (0.2010)	Error Ratio 0.8887 (2.5655)
03-02 20:25 INFO     Test: [360/1000]	Time 0.031 (0.028)	Loss 0.1581 (0.2000)	Error Ratio 1.6771 (3.9736)
03-02 20:25 INFO     Test: [380/1000]	Time 0.028 (0.028)	Loss 0.1193 (0.1988)	Error Ratio 1.6229 (3.8301)
03-02 20:25 INFO     Test: [400/1000]	Time 0.027 (0.028)	Loss 0.1228 (0.1986)	Error Ratio 0.9430 (3.7109)
03-02 20:25 INFO     Test: [420/1000]	Time 0.028 (0.028)	Loss 0.2017 (0.2026)	Error Ratio 0.8997 (3.6346)
03-02 20:25 INFO     Test: [440/1000]	Time 0.031 (0.028)	Loss 0.1466 (0.2032)	Error Ratio 1.0189 (4.0148)
03-02 20:25 INFO     Test: [460/1000]	Time 0.028 (0.028)	Loss 0.2825 (0.2018)	Error Ratio 1.5443 (3.8994)
03-02 20:25 INFO     Test: [480/1000]	Time 0.020 (0.028)	Loss 0.1422 (0.2004)	Error Ratio 0.5189 (3.7963)
03-02 20:25 INFO     Test: [500/1000]	Time 0.028 (0.028)	Loss 0.1414 (0.2007)	Error Ratio 2.3887 (3.7291)
03-02 20:25 INFO     Test: [520/1000]	Time 0.024 (0.028)	Loss 0.8918 (0.2006)	Error Ratio 2.4260 (3.7887)
03-02 20:25 INFO     Test: [540/1000]	Time 0.029 (0.028)	Loss 0.2087 (0.1991)	Error Ratio 4.5704 (3.7800)
03-02 20:25 INFO     Test: [560/1000]	Time 0.029 (0.028)	Loss 0.1125 (0.1995)	Error Ratio 0.6239 (4.0734)
03-02 20:25 INFO     Test: [580/1000]	Time 0.030 (0.028)	Loss 0.1954 (0.1989)	Error Ratio 0.7826 (3.9969)
03-02 20:25 INFO     Test: [600/1000]	Time 0.025 (0.028)	Loss 0.1556 (0.1994)	Error Ratio 0.9961 (3.9095)
03-02 20:25 INFO     Test: [620/1000]	Time 0.023 (0.028)	Loss 0.5100 (0.1992)	Error Ratio 0.9381 (3.8377)
03-02 20:25 INFO     Test: [640/1000]	Time 0.026 (0.028)	Loss 0.3615 (0.1985)	Error Ratio 1.9621 (4.1909)
03-02 20:25 INFO     Test: [660/1000]	Time 0.028 (0.028)	Loss 0.1064 (0.1979)	Error Ratio 0.8943 (4.1136)
03-02 20:25 INFO     Test: [680/1000]	Time 0.020 (0.028)	Loss 0.2329 (0.1971)	Error Ratio 1.7286 (4.1006)
03-02 20:25 INFO     Test: [700/1000]	Time 0.028 (0.028)	Loss 0.2134 (0.1969)	Error Ratio 11.8300 (4.1573)
03-02 20:25 INFO     Test: [720/1000]	Time 0.028 (0.028)	Loss 0.1246 (0.1963)	Error Ratio 0.5526 (4.0830)
03-02 20:25 INFO     Test: [740/1000]	Time 0.022 (0.028)	Loss 0.1618 (0.1973)	Error Ratio 0.9268 (4.0179)
03-02 20:25 INFO     Test: [760/1000]	Time 0.021 (0.028)	Loss 0.2084 (0.1969)	Error Ratio 0.7706 (4.0203)
03-02 20:25 INFO     Test: [780/1000]	Time 0.023 (0.028)	Loss 0.1388 (0.1968)	Error Ratio 0.8475 (3.9564)
03-02 20:25 INFO     Test: [800/1000]	Time 0.025 (0.027)	Loss 0.1023 (0.1959)	Error Ratio 50.8072 (3.9553)
03-02 20:25 INFO     Test: [820/1000]	Time 0.028 (0.027)	Loss 0.2141 (0.1981)	Error Ratio 0.6124 (3.9254)
03-02 20:25 INFO     Test: [840/1000]	Time 0.027 (0.027)	Loss 0.2405 (0.1979)	Error Ratio 1.1126 (3.8828)
03-02 20:25 INFO     Test: [860/1000]	Time 0.027 (0.027)	Loss 0.1129 (0.1977)	Error Ratio 1.2465 (3.8298)
03-02 20:25 INFO     Test: [880/1000]	Time 0.031 (0.027)	Loss 0.1366 (0.1978)	Error Ratio 0.7180 (3.8082)
03-02 20:25 INFO     Test: [900/1000]	Time 0.027 (0.027)	Loss 0.2151 (0.1990)	Error Ratio 0.8028 (3.7832)
03-02 20:25 INFO     Test: [920/1000]	Time 0.032 (0.027)	Loss 0.1641 (0.1998)	Error Ratio 0.7629 (3.7270)
03-02 20:25 INFO     Test: [940/1000]	Time 0.027 (0.027)	Loss 0.1794 (0.1998)	Error Ratio 0.7741 (3.7331)
03-02 20:25 INFO     Test: [960/1000]	Time 0.026 (0.027)	Loss 0.1756 (0.2006)	Error Ratio 0.5397 (3.7327)
03-02 20:25 INFO     Test: [980/1000]	Time 0.027 (0.027)	Loss 0.1125 (0.2001)	Error Ratio 0.8010 (3.7029)
03-02 20:25 INFO      * Average Error Ratio 3.716; Average Loss 0.199
03-02 20:25 INFO     Epoch: [1][20/11389]	Time 0.050 (0.080)	Data 0.010 (0.033)	Loss 0.0834 (0.1500)	Error Ratio 0.5323 (1.0401)
03-02 20:25 INFO     Epoch: [1][40/11389]	Time 0.053 (0.068)	Data 0.013 (0.021)	Loss 0.1566 (0.1697)	Error Ratio 1.7439 (1.0620)
03-02 20:25 INFO     Epoch: [1][60/11389]	Time 0.060 (0.064)	Data 0.008 (0.018)	Loss 0.2171 (0.1700)	Error Ratio 0.8109 (1.0130)
03-02 20:25 INFO     Epoch: [1][80/11389]	Time 0.050 (0.061)	Data 0.011 (0.016)	Loss 0.1699 (0.1681)	Error Ratio 3.4228 (1.2245)
03-02 20:25 INFO     Starting Profiler!: Forward
03-02 20:25 INFO     Stopping Profiler!: Forward
03-02 20:25 INFO     All profiling complete and --stop-after-profiling was given! Exiting
