03-02 16:53 INFO     TESTING
03-02 16:53 INFO     Prepare files
03-02 16:53 INFO     Define model
03-02 16:53 INFO     	Statistics
03-02 16:53 INFO     	Create model
03-02 16:53 INFO     Check cuda
03-02 16:53 INFO     	* Cuda
03-02 16:53 INFO     Optimizer
03-02 16:53 INFO     Logger
03-02 16:53 INFO     => no best model found at './checkpoint/qm9/mpnn/model_best.pth'
03-02 16:53 INFO     Epoch: [0][20/11389]	Time 0.148 (0.180)	Data 0.000 (0.024)	Loss 0.8886 (0.9960)	Error Ratio 1.1510 (1.1216)
03-02 16:53 INFO     Epoch: [0][40/11389]	Time 0.139 (0.169)	Data 0.000 (0.012)	Loss 0.5341 (0.9633)	Error Ratio 1.2925 (1.4306)
03-02 16:53 INFO     Epoch: [0][60/11389]	Time 0.126 (0.162)	Data 0.000 (0.008)	Loss 0.9179 (0.9141)	Error Ratio 0.9302 (1.4032)
03-02 16:53 INFO     Epoch: [0][80/11389]	Time 0.151 (0.159)	Data 0.000 (0.006)	Loss 0.5392 (0.8861)	Error Ratio 1.1573 (1.6527)
03-02 16:53 INFO     Epoch: [0][100/11389]	Time 0.144 (0.158)	Data 0.000 (0.005)	Loss 0.6148 (0.8515)	Error Ratio 3.0678 (1.9447)
03-02 16:53 INFO     Epoch: [0][120/11389]	Time 0.133 (0.157)	Data 0.000 (0.004)	Loss 0.5110 (0.8493)	Error Ratio 19.8893 (2.3365)
03-02 16:53 INFO     Epoch: [0][140/11389]	Time 0.145 (0.157)	Data 0.000 (0.004)	Loss 1.1056 (0.8267)	Error Ratio 3.4281 (2.6460)
03-02 16:53 INFO     Epoch: [0][160/11389]	Time 0.140 (0.156)	Data 0.000 (0.003)	Loss 0.7189 (0.8287)	Error Ratio 1.8091 (2.5657)
03-02 16:53 INFO     Epoch: [0][180/11389]	Time 0.140 (0.156)	Data 0.000 (0.003)	Loss 0.5731 (0.8102)	Error Ratio 1.5766 (2.5150)
03-02 16:53 INFO     Epoch: [0][200/11389]	Time 0.151 (0.156)	Data 0.000 (0.003)	Loss 0.9187 (0.8062)	Error Ratio 1.0040 (2.4435)
03-02 16:54 INFO     Epoch: [0][220/11389]	Time 0.153 (0.155)	Data 0.000 (0.002)	Loss 0.6203 (0.7856)	Error Ratio 1.2868 (2.3692)
03-02 16:54 INFO     Epoch: [0][240/11389]	Time 0.167 (0.155)	Data 0.000 (0.002)	Loss 0.4422 (0.7805)	Error Ratio 1.7107 (2.3615)
03-02 16:54 INFO     Epoch: [0][260/11389]	Time 0.154 (0.156)	Data 0.000 (0.002)	Loss 0.4059 (0.7771)	Error Ratio 1.4324 (2.4221)
03-02 16:54 INFO     Epoch: [0][280/11389]	Time 0.156 (0.156)	Data 0.000 (0.002)	Loss 0.4619 (0.7670)	Error Ratio 3.9520 (2.4528)
03-02 16:54 INFO     Epoch: [0][300/11389]	Time 0.138 (0.156)	Data 0.000 (0.002)	Loss 0.7237 (0.7632)	Error Ratio 2.1029 (2.4365)
03-02 16:54 INFO     Epoch: [0][320/11389]	Time 0.141 (0.155)	Data 0.000 (0.002)	Loss 0.6407 (0.7622)	Error Ratio 1.1367 (2.4682)
03-02 16:54 INFO     Epoch: [0][340/11389]	Time 0.164 (0.155)	Data 0.000 (0.002)	Loss 0.6490 (0.7575)	Error Ratio 2.6025 (2.5146)
03-02 16:54 INFO     Epoch: [0][360/11389]	Time 0.152 (0.155)	Data 0.000 (0.002)	Loss 0.3947 (0.7527)	Error Ratio 1.7023 (2.4922)
03-02 16:54 INFO     Epoch: [0][380/11389]	Time 0.139 (0.155)	Data 0.000 (0.002)	Loss 0.9248 (0.7521)	Error Ratio 1.2597 (2.5353)
03-02 16:54 INFO     Epoch: [0][400/11389]	Time 0.150 (0.154)	Data 0.000 (0.001)	Loss 0.5279 (0.7449)	Error Ratio 2.4316 (2.5652)
03-02 16:54 INFO     Epoch: [0][420/11389]	Time 0.152 (0.154)	Data 0.000 (0.001)	Loss 0.5929 (0.7416)	Error Ratio 1.3204 (2.5335)
03-02 16:54 INFO     Epoch: [0][440/11389]	Time 0.138 (0.154)	Data 0.000 (0.001)	Loss 0.8307 (0.7438)	Error Ratio 1.9866 (2.4931)
03-02 16:54 INFO     Epoch: [0][460/11389]	Time 0.162 (0.154)	Data 0.000 (0.001)	Loss 0.4638 (0.7451)	Error Ratio 1.2844 (2.4497)
03-02 16:54 INFO     Epoch: [0][480/11389]	Time 0.162 (0.154)	Data 0.000 (0.001)	Loss 0.4613 (0.7428)	Error Ratio 1.4669 (2.4841)
03-02 16:54 INFO     Epoch: [0][500/11389]	Time 0.172 (0.155)	Data 0.000 (0.001)	Loss 0.3687 (0.7360)	Error Ratio 15.5009 (2.6133)
03-02 16:54 INFO     Epoch: [0][520/11389]	Time 0.151 (0.155)	Data 0.000 (0.001)	Loss 0.8633 (0.7320)	Error Ratio 1.5345 (2.5815)
03-02 16:54 INFO     Epoch: [0][540/11389]	Time 0.152 (0.155)	Data 0.000 (0.001)	Loss 0.3952 (0.7269)	Error Ratio 1.4241 (2.6039)
03-02 16:54 INFO     Epoch: [0][560/11389]	Time 0.177 (0.155)	Data 0.000 (0.001)	Loss 0.2582 (0.7210)	Error Ratio 1.3251 (2.5868)
03-02 16:54 INFO     Epoch: [0][580/11389]	Time 0.178 (0.155)	Data 0.000 (0.001)	Loss 0.5891 (0.7145)	Error Ratio 1.4423 (2.6415)
03-02 16:55 INFO     Epoch: [0][600/11389]	Time 0.136 (0.155)	Data 0.000 (0.001)	Loss 0.6478 (0.7096)	Error Ratio 1.1310 (2.8543)
03-02 16:55 INFO     Epoch: [0][620/11389]	Time 0.143 (0.155)	Data 0.000 (0.001)	Loss 0.4035 (0.7019)	Error Ratio 0.9899 (2.8152)
03-02 16:55 INFO     Epoch: [0][640/11389]	Time 0.153 (0.155)	Data 0.000 (0.001)	Loss 0.3208 (0.6949)	Error Ratio 0.9264 (2.8025)
03-02 16:55 INFO     Epoch: [0][660/11389]	Time 0.152 (0.155)	Data 0.000 (0.001)	Loss 0.3141 (0.6932)	Error Ratio 1.2359 (2.7762)
03-02 16:55 INFO     Epoch: [0][680/11389]	Time 0.165 (0.155)	Data 0.000 (0.001)	Loss 0.4133 (0.6859)	Error Ratio 1.2712 (2.7631)
03-02 16:55 INFO     Epoch: [0][700/11389]	Time 0.156 (0.155)	Data 0.000 (0.001)	Loss 0.4637 (0.6798)	Error Ratio 1.1156 (2.7726)
03-02 16:55 INFO     Epoch: [0][720/11389]	Time 0.133 (0.155)	Data 0.000 (0.001)	Loss 0.3799 (0.6722)	Error Ratio 1.7602 (2.7880)
03-02 16:55 INFO     Epoch: [0][740/11389]	Time 0.157 (0.154)	Data 0.000 (0.001)	Loss 0.3736 (0.6667)	Error Ratio 6.6781 (2.7627)
03-02 16:55 INFO     Epoch: [0][760/11389]	Time 0.140 (0.154)	Data 0.000 (0.001)	Loss 0.4918 (0.6624)	Error Ratio 1.1697 (2.7800)
03-02 16:55 INFO     Epoch: [0][780/11389]	Time 0.168 (0.154)	Data 0.000 (0.001)	Loss 0.4745 (0.6565)	Error Ratio 1.4511 (2.7645)
03-02 16:55 INFO     Epoch: [0][800/11389]	Time 0.146 (0.154)	Data 0.000 (0.001)	Loss 0.4846 (0.6496)	Error Ratio 1.1060 (2.7768)
03-02 16:55 INFO     Epoch: [0][820/11389]	Time 0.156 (0.154)	Data 0.000 (0.001)	Loss 0.4903 (0.6473)	Error Ratio 1.3449 (2.7623)
03-02 16:55 INFO     Epoch: [0][840/11389]	Time 0.153 (0.154)	Data 0.000 (0.001)	Loss 0.3887 (0.6428)	Error Ratio 6.0712 (2.7777)
03-02 16:55 INFO     Epoch: [0][860/11389]	Time 0.139 (0.154)	Data 0.000 (0.001)	Loss 0.5398 (0.6433)	Error Ratio 7.6295 (2.7937)
03-02 16:55 INFO     Epoch: [0][880/11389]	Time 0.139 (0.154)	Data 0.000 (0.001)	Loss 0.3820 (0.6396)	Error Ratio 2.0651 (2.8200)
03-02 16:55 INFO     Epoch: [0][900/11389]	Time 0.163 (0.154)	Data 0.000 (0.001)	Loss 0.3809 (0.6358)	Error Ratio 8.9893 (2.8401)
03-02 16:55 INFO     Epoch: [0][920/11389]	Time 0.153 (0.154)	Data 0.000 (0.001)	Loss 0.1745 (0.6318)	Error Ratio 0.9278 (2.8219)
03-02 16:55 INFO     Epoch: [0][940/11389]	Time 0.169 (0.154)	Data 0.000 (0.001)	Loss 0.4835 (0.6282)	Error Ratio 1.0956 (2.8208)
03-02 16:55 INFO     Epoch: [0][960/11389]	Time 0.180 (0.154)	Data 0.000 (0.001)	Loss 0.3175 (0.6249)	Error Ratio 1.1458 (2.8174)
03-02 16:55 INFO     Epoch: [0][980/11389]	Time 0.141 (0.154)	Data 0.000 (0.001)	Loss 0.3667 (0.6209)	Error Ratio 3.7754 (2.8100)
03-02 16:56 INFO     Epoch: [0][1000/11389]	Time 0.139 (0.154)	Data 0.000 (0.001)	Loss 0.5045 (0.6175)	Error Ratio 1.2716 (2.7900)
03-02 16:56 INFO     Epoch: [0][1020/11389]	Time 0.143 (0.154)	Data 0.000 (0.001)	Loss 0.6870 (0.6140)	Error Ratio 2.9143 (2.8610)
03-02 16:56 INFO     Epoch: [0][1040/11389]	Time 0.141 (0.154)	Data 0.000 (0.001)	Loss 0.8807 (0.6108)	Error Ratio 5.4558 (2.8504)
03-02 16:56 INFO     Epoch: [0][1060/11389]	Time 0.140 (0.154)	Data 0.000 (0.001)	Loss 0.3788 (0.6077)	Error Ratio 1.8471 (2.8844)
03-02 16:56 INFO     Epoch: [0][1080/11389]	Time 0.140 (0.154)	Data 0.000 (0.001)	Loss 0.4070 (0.6051)	Error Ratio 5.1665 (2.8634)
03-02 16:56 INFO     Epoch: [0][1100/11389]	Time 0.233 (0.154)	Data 0.000 (0.001)	Loss 0.9407 (0.6016)	Error Ratio 2.2311 (2.8661)
03-02 16:56 INFO     Epoch: [0][1120/11389]	Time 0.166 (0.154)	Data 0.000 (0.001)	Loss 0.3500 (0.5979)	Error Ratio 1.2294 (3.3104)
03-02 16:56 INFO     Epoch: [0][1140/11389]	Time 0.141 (0.154)	Data 0.000 (0.001)	Loss 0.8909 (0.5961)	Error Ratio 1.6391 (3.7654)
03-02 16:56 INFO     Epoch: [0][1160/11389]	Time 0.168 (0.154)	Data 0.000 (0.001)	Loss 0.8034 (0.5931)	Error Ratio 1.3161 (3.7352)
03-02 16:56 INFO     Epoch: [0][1180/11389]	Time 0.139 (0.154)	Data 0.000 (0.001)	Loss 0.2344 (0.5890)	Error Ratio 1.2743 (3.7613)
03-02 16:56 INFO     Epoch: [0][1200/11389]	Time 0.148 (0.154)	Data 0.000 (0.001)	Loss 0.7351 (0.5875)	Error Ratio 1.4079 (3.7317)
03-02 16:56 INFO     Epoch: [0][1220/11389]	Time 0.161 (0.154)	Data 0.000 (0.001)	Loss 0.4847 (0.5850)	Error Ratio 2.2710 (4.8309)
03-02 16:56 INFO     Epoch: [0][1240/11389]	Time 0.152 (0.154)	Data 0.000 (0.001)	Loss 0.3380 (0.5841)	Error Ratio 2.9714 (4.8116)
03-02 16:56 INFO     Epoch: [0][1260/11389]	Time 0.178 (0.154)	Data 0.000 (0.001)	Loss 0.5349 (0.5813)	Error Ratio 4.3143 (4.7640)
03-02 16:56 INFO     Epoch: [0][1280/11389]	Time 0.133 (0.154)	Data 0.000 (0.001)	Loss 0.4740 (0.5806)	Error Ratio 1.0925 (4.7629)
03-02 16:56 INFO     Epoch: [0][1300/11389]	Time 0.141 (0.154)	Data 0.000 (0.001)	Loss 0.4923 (0.5789)	Error Ratio 10.1604 (4.7267)
03-02 16:56 INFO     Epoch: [0][1320/11389]	Time 0.178 (0.154)	Data 0.000 (0.001)	Loss 0.4323 (0.5782)	Error Ratio 0.9095 (4.7180)
03-02 16:56 INFO     Epoch: [0][1340/11389]	Time 0.140 (0.154)	Data 0.000 (0.001)	Loss 0.3254 (0.5759)	Error Ratio 2.0547 (4.6703)
03-02 16:56 INFO     Epoch: [0][1360/11389]	Time 0.165 (0.154)	Data 0.000 (0.001)	Loss 0.3416 (0.5744)	Error Ratio 1.1716 (4.9757)
03-02 16:57 INFO     Epoch: [0][1380/11389]	Time 0.156 (0.154)	Data 0.000 (0.001)	Loss 0.5261 (0.5718)	Error Ratio 0.7672 (4.9283)
03-02 16:57 INFO     Epoch: [0][1400/11389]	Time 0.153 (0.154)	Data 0.000 (0.001)	Loss 0.9160 (0.5706)	Error Ratio 2.6138 (4.8896)
03-02 16:57 INFO     Epoch: [0][1420/11389]	Time 0.155 (0.154)	Data 0.000 (0.001)	Loss 0.2462 (0.5688)	Error Ratio 1.0661 (4.8588)
03-02 16:57 INFO     Epoch: [0][1440/11389]	Time 0.154 (0.154)	Data 0.000 (0.001)	Loss 0.4282 (0.5677)	Error Ratio 1.0743 (4.8252)
03-02 16:57 INFO     Epoch: [0][1460/11389]	Time 0.165 (0.154)	Data 0.000 (0.001)	Loss 0.2371 (0.5660)	Error Ratio 15.4507 (4.7902)
03-02 16:57 INFO     Epoch: [0][1480/11389]	Time 0.152 (0.154)	Data 0.000 (0.001)	Loss 0.2654 (0.5653)	Error Ratio 1.0890 (4.7584)
03-02 16:57 INFO     Epoch: [0][1500/11389]	Time 0.170 (0.154)	Data 0.000 (0.001)	Loss 0.5071 (0.5642)	Error Ratio 1.8059 (4.7185)
03-02 16:57 INFO     Epoch: [0][1520/11389]	Time 0.207 (0.154)	Data 0.000 (0.001)	Loss 0.3558 (0.5619)	Error Ratio 0.8928 (4.7663)
03-02 16:57 INFO     Epoch: [0][1540/11389]	Time 0.171 (0.154)	Data 0.000 (0.001)	Loss 0.6238 (0.5603)	Error Ratio 1.0807 (4.7794)
03-02 16:57 INFO     Epoch: [0][1560/11389]	Time 0.153 (0.154)	Data 0.000 (0.001)	Loss 0.4595 (0.5585)	Error Ratio 0.9584 (4.7392)
03-02 16:57 INFO     Epoch: [0][1580/11389]	Time 0.139 (0.154)	Data 0.000 (0.001)	Loss 0.2051 (0.5570)	Error Ratio 2.4997 (4.7716)
03-02 16:57 INFO     Epoch: [0][1600/11389]	Time 0.139 (0.154)	Data 0.000 (0.001)	Loss 0.7855 (0.5550)	Error Ratio 0.9636 (4.7464)
03-02 16:57 INFO     Epoch: [0][1620/11389]	Time 0.157 (0.154)	Data 0.000 (0.001)	Loss 0.3970 (0.5530)	Error Ratio 1.7087 (4.7095)
03-02 16:57 INFO     Epoch: [0][1640/11389]	Time 0.133 (0.154)	Data 0.000 (0.001)	Loss 0.4767 (0.5508)	Error Ratio 7.4159 (4.6740)
03-02 16:57 INFO     Epoch: [0][1660/11389]	Time 0.165 (0.154)	Data 0.000 (0.001)	Loss 0.3914 (0.5488)	Error Ratio 1.1427 (4.6383)
03-02 16:57 INFO     Epoch: [0][1680/11389]	Time 0.176 (0.154)	Data 0.000 (0.001)	Loss 0.6496 (0.5474)	Error Ratio 1.7158 (4.5985)
03-02 16:57 INFO     Epoch: [0][1700/11389]	Time 0.152 (0.154)	Data 0.000 (0.001)	Loss 0.2782 (0.5461)	Error Ratio 1.4785 (4.5794)
03-02 16:57 INFO     Epoch: [0][1720/11389]	Time 0.177 (0.154)	Data 0.000 (0.001)	Loss 0.2557 (0.5441)	Error Ratio 2.3995 (4.5551)
03-02 16:57 INFO     Epoch: [0][1740/11389]	Time 0.144 (0.154)	Data 0.000 (0.001)	Loss 0.3525 (0.5426)	Error Ratio 1.5461 (4.5286)
03-02 16:58 INFO     Epoch: [0][1760/11389]	Time 0.153 (0.154)	Data 0.000 (0.001)	Loss 0.3767 (0.5409)	Error Ratio 1.1592 (4.5162)
03-02 16:58 INFO     Epoch: [0][1780/11389]	Time 0.141 (0.154)	Data 0.000 (0.001)	Loss 0.5688 (0.5398)	Error Ratio 1.2227 (4.5155)
03-02 16:58 INFO     Epoch: [0][1800/11389]	Time 0.153 (0.154)	Data 0.000 (0.001)	Loss 0.3084 (0.5387)	Error Ratio 1.3363 (4.4902)
03-02 16:58 INFO     Epoch: [0][1820/11389]	Time 0.140 (0.154)	Data 0.000 (0.001)	Loss 0.2783 (0.5367)	Error Ratio 1.6169 (4.4759)
03-02 16:58 INFO     Epoch: [0][1840/11389]	Time 0.162 (0.155)	Data 0.000 (0.001)	Loss 0.3947 (0.5358)	Error Ratio 2.1764 (4.4624)
03-02 16:58 INFO     Epoch: [0][1860/11389]	Time 0.139 (0.155)	Data 0.000 (0.001)	Loss 0.3379 (0.5352)	Error Ratio 1.1846 (4.4660)
03-02 16:58 INFO     Epoch: [0][1880/11389]	Time 0.164 (0.155)	Data 0.000 (0.001)	Loss 0.2475 (0.5340)	Error Ratio 1.3904 (4.4645)
03-02 16:58 INFO     Epoch: [0][1900/11389]	Time 0.151 (0.154)	Data 0.000 (0.001)	Loss 0.4498 (0.5326)	Error Ratio 0.9007 (4.4639)
03-02 16:58 INFO     Epoch: [0][1920/11389]	Time 0.152 (0.154)	Data 0.000 (0.001)	Loss 0.2953 (0.5312)	Error Ratio 0.9345 (4.4447)
03-02 16:58 INFO     Epoch: [0][1940/11389]	Time 0.222 (0.154)	Data 0.000 (0.001)	Loss 0.5526 (0.5302)	Error Ratio 1.6731 (4.4458)
03-02 16:58 INFO     Epoch: [0][1960/11389]	Time 0.142 (0.154)	Data 0.000 (0.001)	Loss 0.1912 (0.5283)	Error Ratio 1.3463 (4.4201)
03-02 16:58 INFO     Epoch: [0][1980/11389]	Time 0.177 (0.154)	Data 0.000 (0.001)	Loss 0.5280 (0.5269)	Error Ratio 1.1886 (4.6559)
03-02 16:58 INFO     Epoch: [0][2000/11389]	Time 0.155 (0.154)	Data 0.000 (0.001)	Loss 0.3861 (0.5256)	Error Ratio 3.7255 (4.6290)
03-02 16:58 INFO     Epoch: [0][2020/11389]	Time 0.142 (0.154)	Data 0.000 (0.001)	Loss 0.2994 (0.5240)	Error Ratio 1.0026 (4.6148)
03-02 16:58 INFO     Epoch: [0][2040/11389]	Time 0.154 (0.154)	Data 0.000 (0.001)	Loss 0.3367 (0.5228)	Error Ratio 0.6938 (4.5888)
03-02 16:58 INFO     Epoch: [0][2060/11389]	Time 0.170 (0.154)	Data 0.000 (0.001)	Loss 0.5157 (0.5228)	Error Ratio 29.9286 (4.5849)
03-02 16:58 INFO     Epoch: [0][2080/11389]	Time 0.163 (0.154)	Data 0.000 (0.001)	Loss 0.5029 (0.5219)	Error Ratio 0.7571 (4.5531)
03-02 16:58 INFO     Epoch: [0][2100/11389]	Time 0.163 (0.154)	Data 0.000 (0.001)	Loss 0.2503 (0.5208)	Error Ratio 1.3914 (4.5253)
03-02 16:58 INFO     Epoch: [0][2120/11389]	Time 0.145 (0.154)	Data 0.000 (0.001)	Loss 0.2986 (0.5200)	Error Ratio 0.8496 (4.5024)
03-02 16:58 INFO     Epoch: [0][2140/11389]	Time 0.155 (0.154)	Data 0.000 (0.001)	Loss 0.2029 (0.5190)	Error Ratio 1.4381 (4.4798)
03-02 16:59 INFO     Epoch: [0][2160/11389]	Time 0.152 (0.154)	Data 0.000 (0.001)	Loss 0.1620 (0.5169)	Error Ratio 0.6912 (4.4902)
03-02 16:59 INFO     Epoch: [0][2180/11389]	Time 0.184 (0.154)	Data 0.000 (0.001)	Loss 0.5876 (0.5153)	Error Ratio 3.2691 (4.4841)
03-02 16:59 INFO     Epoch: [0][2200/11389]	Time 0.162 (0.154)	Data 0.000 (0.001)	Loss 0.3100 (0.5139)	Error Ratio 0.9191 (4.4590)
03-02 16:59 INFO     Epoch: [0][2220/11389]	Time 0.155 (0.154)	Data 0.000 (0.001)	Loss 0.2877 (0.5123)	Error Ratio 1.0966 (4.4313)
03-02 16:59 INFO     Epoch: [0][2240/11389]	Time 0.153 (0.154)	Data 0.000 (0.001)	Loss 0.2818 (0.5115)	Error Ratio 2.7042 (4.4358)
03-02 16:59 INFO     Epoch: [0][2260/11389]	Time 0.180 (0.154)	Data 0.000 (0.000)	Loss 0.2695 (0.5103)	Error Ratio 1.7426 (4.4099)
03-02 16:59 INFO     Epoch: [0][2280/11389]	Time 0.146 (0.154)	Data 0.000 (0.000)	Loss 0.2718 (0.5087)	Error Ratio 0.6510 (4.3875)
03-02 16:59 INFO     Epoch: [0][2300/11389]	Time 0.139 (0.154)	Data 0.000 (0.000)	Loss 0.7774 (0.5088)	Error Ratio 16.0000 (4.3787)
03-02 16:59 INFO     Epoch: [0][2320/11389]	Time 0.154 (0.154)	Data 0.000 (0.000)	Loss 0.2803 (0.5081)	Error Ratio 0.8823 (4.3533)
03-02 16:59 INFO     Epoch: [0][2340/11389]	Time 0.154 (0.154)	Data 0.000 (0.000)	Loss 0.2853 (0.5075)	Error Ratio 2.6682 (4.3316)
03-02 16:59 INFO     Epoch: [0][2360/11389]	Time 0.148 (0.154)	Data 0.000 (0.000)	Loss 0.4454 (0.5057)	Error Ratio 1.2499 (4.3261)
03-02 16:59 INFO     Epoch: [0][2380/11389]	Time 0.135 (0.154)	Data 0.000 (0.000)	Loss 0.9619 (0.5049)	Error Ratio 2.0914 (4.3102)
03-02 16:59 INFO     Epoch: [0][2400/11389]	Time 0.140 (0.154)	Data 0.000 (0.000)	Loss 0.3444 (0.5033)	Error Ratio 0.9496 (4.2991)
03-02 16:59 INFO     Epoch: [0][2420/11389]	Time 0.139 (0.154)	Data 0.000 (0.000)	Loss 0.3569 (0.5022)	Error Ratio 1.7805 (4.2810)
03-02 16:59 INFO     Epoch: [0][2440/11389]	Time 0.139 (0.154)	Data 0.000 (0.000)	Loss 0.4887 (0.5011)	Error Ratio 1.2776 (4.2589)
03-02 16:59 INFO     Epoch: [0][2460/11389]	Time 0.188 (0.154)	Data 0.000 (0.000)	Loss 0.2214 (0.5001)	Error Ratio 1.0613 (4.2803)
03-02 16:59 INFO     Epoch: [0][2480/11389]	Time 0.154 (0.154)	Data 0.000 (0.000)	Loss 0.5366 (0.4985)	Error Ratio 1.8099 (4.2710)
03-02 16:59 INFO     Epoch: [0][2500/11389]	Time 0.153 (0.154)	Data 0.000 (0.000)	Loss 0.2777 (0.4979)	Error Ratio 1.8543 (4.2805)
03-02 16:59 INFO     Epoch: [0][2520/11389]	Time 0.153 (0.154)	Data 0.000 (0.000)	Loss 0.2413 (0.4971)	Error Ratio 0.8677 (4.2660)
03-02 17:00 INFO     Epoch: [0][2540/11389]	Time 0.158 (0.154)	Data 0.000 (0.000)	Loss 0.3305 (0.4960)	Error Ratio 4.2533 (4.2831)
03-02 17:00 INFO     Epoch: [0][2560/11389]	Time 0.167 (0.154)	Data 0.000 (0.000)	Loss 0.3862 (0.4949)	Error Ratio 1.3574 (4.2661)
03-02 17:00 INFO     Epoch: [0][2580/11389]	Time 0.152 (0.154)	Data 0.000 (0.000)	Loss 0.2189 (0.4933)	Error Ratio 1.2056 (4.9456)
03-02 17:00 INFO     Epoch: [0][2600/11389]	Time 0.167 (0.154)	Data 0.000 (0.000)	Loss 0.2969 (0.4921)	Error Ratio 1.0495 (4.9316)
03-02 17:00 INFO     Epoch: [0][2620/11389]	Time 0.133 (0.154)	Data 0.000 (0.000)	Loss 0.3063 (0.4912)	Error Ratio 2.6324 (4.9096)
03-02 17:00 INFO     Epoch: [0][2640/11389]	Time 0.152 (0.154)	Data 0.000 (0.000)	Loss 0.2496 (0.4899)	Error Ratio 0.8791 (4.8840)
03-02 17:00 INFO     Epoch: [0][2660/11389]	Time 0.156 (0.154)	Data 0.000 (0.000)	Loss 0.2339 (0.4883)	Error Ratio 1.7981 (4.8727)
03-02 17:00 INFO     Epoch: [0][2680/11389]	Time 0.151 (0.154)	Data 0.000 (0.000)	Loss 0.2584 (0.4873)	Error Ratio 1.2022 (4.8556)
03-02 17:00 INFO     Epoch: [0][2700/11389]	Time 0.164 (0.154)	Data 0.000 (0.000)	Loss 0.3148 (0.4858)	Error Ratio 2.1066 (4.8760)
03-02 17:00 INFO     Epoch: [0][2720/11389]	Time 0.159 (0.154)	Data 0.000 (0.000)	Loss 0.4509 (0.4847)	Error Ratio 2.8596 (4.8659)
03-02 17:00 INFO     Epoch: [0][2740/11389]	Time 0.146 (0.154)	Data 0.000 (0.000)	Loss 0.2385 (0.4840)	Error Ratio 1.0719 (4.8509)
03-02 17:00 INFO     Epoch: [0][2760/11389]	Time 0.168 (0.154)	Data 0.000 (0.000)	Loss 0.7476 (0.4831)	Error Ratio 1.5363 (4.8274)
03-02 17:00 INFO     Epoch: [0][2780/11389]	Time 0.143 (0.154)	Data 0.000 (0.000)	Loss 0.2577 (0.4829)	Error Ratio 1.6338 (4.8285)
03-02 17:00 INFO     Epoch: [0][2800/11389]	Time 0.151 (0.154)	Data 0.000 (0.000)	Loss 0.3128 (0.4819)	Error Ratio 1.3960 (4.8129)
03-02 17:00 INFO     Epoch: [0][2820/11389]	Time 0.153 (0.154)	Data 0.000 (0.000)	Loss 0.2072 (0.4805)	Error Ratio 1.0016 (4.7959)
03-02 17:00 INFO     Epoch: [0][2840/11389]	Time 0.145 (0.154)	Data 0.000 (0.000)	Loss 0.7534 (0.4798)	Error Ratio 1.2654 (4.7732)
03-02 17:00 INFO     Epoch: [0][2860/11389]	Time 0.165 (0.154)	Data 0.000 (0.000)	Loss 0.3967 (0.4784)	Error Ratio 3.6691 (4.7565)
03-02 17:00 INFO     Epoch: [0][2880/11389]	Time 0.166 (0.154)	Data 0.000 (0.000)	Loss 0.3409 (0.4773)	Error Ratio 1.7481 (4.7338)
03-02 17:00 INFO     Epoch: [0][2900/11389]	Time 0.141 (0.154)	Data 0.000 (0.000)	Loss 0.2914 (0.4768)	Error Ratio 1.7181 (4.7265)
03-02 17:00 INFO     Epoch: [0][2920/11389]	Time 0.151 (0.154)	Data 0.000 (0.000)	Loss 0.2093 (0.4753)	Error Ratio 1.0200 (4.7115)
03-02 17:01 INFO     Epoch: [0][2940/11389]	Time 0.152 (0.154)	Data 0.000 (0.000)	Loss 0.3873 (0.4743)	Error Ratio 3.9762 (4.7049)
03-02 17:01 INFO     Epoch: [0][2960/11389]	Time 0.153 (0.154)	Data 0.000 (0.000)	Loss 0.3722 (0.4738)	Error Ratio 1.0753 (4.7096)
03-02 17:01 INFO     Epoch: [0][2980/11389]	Time 0.160 (0.154)	Data 0.000 (0.000)	Loss 0.2979 (0.4730)	Error Ratio 1.0600 (4.6878)
03-02 17:01 INFO     Epoch: [0][3000/11389]	Time 0.143 (0.154)	Data 0.000 (0.000)	Loss 0.2620 (0.4721)	Error Ratio 1.4449 (4.6765)
03-02 17:01 INFO     Epoch: [0][3020/11389]	Time 0.178 (0.154)	Data 0.000 (0.000)	Loss 0.5703 (0.4713)	Error Ratio 0.8749 (4.6606)
03-02 17:01 INFO     Epoch: [0][3040/11389]	Time 0.165 (0.154)	Data 0.000 (0.000)	Loss 0.5475 (0.4703)	Error Ratio 1.3349 (4.6393)
03-02 17:01 INFO     Epoch: [0][3060/11389]	Time 0.139 (0.154)	Data 0.000 (0.000)	Loss 0.1942 (0.4696)	Error Ratio 1.5150 (4.6212)
03-02 17:01 INFO     Epoch: [0][3080/11389]	Time 0.176 (0.154)	Data 0.000 (0.000)	Loss 0.3047 (0.4685)	Error Ratio 1.3481 (4.5997)
03-02 17:01 INFO     Epoch: [0][3100/11389]	Time 0.128 (0.154)	Data 0.000 (0.000)	Loss 0.2826 (0.4673)	Error Ratio 4.4508 (4.5853)
03-02 17:01 INFO     Epoch: [0][3120/11389]	Time 0.159 (0.154)	Data 0.000 (0.000)	Loss 0.2700 (0.4663)	Error Ratio 1.4974 (4.5657)
03-02 17:01 INFO     Epoch: [0][3140/11389]	Time 0.174 (0.154)	Data 0.000 (0.000)	Loss 0.3224 (0.4655)	Error Ratio 1.3900 (4.5583)
03-02 17:01 INFO     Epoch: [0][3160/11389]	Time 0.156 (0.154)	Data 0.000 (0.000)	Loss 0.3514 (0.4641)	Error Ratio 1.4674 (4.5383)
03-02 17:01 INFO     Epoch: [0][3180/11389]	Time 0.154 (0.154)	Data 0.000 (0.000)	Loss 1.1900 (0.4636)	Error Ratio 1.3752 (4.5242)
03-02 17:01 INFO     Epoch: [0][3200/11389]	Time 0.153 (0.154)	Data 0.000 (0.000)	Loss 0.1934 (0.4626)	Error Ratio 2.3303 (4.5097)
03-02 17:01 INFO     Epoch: [0][3220/11389]	Time 0.139 (0.154)	Data 0.000 (0.000)	Loss 0.2130 (0.4618)	Error Ratio 1.1361 (4.5011)
03-02 17:01 INFO     Epoch: [0][3240/11389]	Time 0.151 (0.154)	Data 0.000 (0.000)	Loss 0.2647 (0.4609)	Error Ratio 1.0953 (4.4872)
03-02 17:01 INFO     Epoch: [0][3260/11389]	Time 0.133 (0.154)	Data 0.000 (0.000)	Loss 0.4821 (0.4598)	Error Ratio 1.0327 (4.4720)
03-02 17:01 INFO     Epoch: [0][3280/11389]	Time 0.157 (0.154)	Data 0.000 (0.000)	Loss 0.4247 (0.4587)	Error Ratio 1.6045 (4.4554)
03-02 17:01 INFO     Epoch: [0][3300/11389]	Time 0.152 (0.154)	Data 0.000 (0.000)	Loss 0.8493 (0.4580)	Error Ratio 1.0067 (4.4469)
03-02 17:02 INFO     Epoch: [0][3320/11389]	Time 0.139 (0.154)	Data 0.000 (0.000)	Loss 0.8868 (0.4578)	Error Ratio 0.7290 (4.4288)
03-02 17:02 INFO     Epoch: [0][3340/11389]	Time 0.133 (0.154)	Data 0.000 (0.000)	Loss 0.5581 (0.4570)	Error Ratio 1.6134 (4.4195)
03-02 17:02 INFO     Epoch: [0][3360/11389]	Time 0.133 (0.154)	Data 0.000 (0.000)	Loss 0.3139 (0.4561)	Error Ratio 1.3718 (4.4039)
03-02 17:02 INFO     Epoch: [0][3380/11389]	Time 0.145 (0.154)	Data 0.000 (0.000)	Loss 0.1977 (0.4550)	Error Ratio 0.7849 (4.3895)
03-02 17:02 INFO     Epoch: [0][3400/11389]	Time 0.134 (0.154)	Data 0.000 (0.000)	Loss 0.7656 (0.4544)	Error Ratio 1.6519 (4.3818)
03-02 17:02 INFO     Epoch: [0][3420/11389]	Time 0.161 (0.154)	Data 0.000 (0.000)	Loss 0.3381 (0.4535)	Error Ratio 1.3183 (4.3649)
03-02 17:02 INFO     Epoch: [0][3440/11389]	Time 0.144 (0.154)	Data 0.000 (0.000)	Loss 0.2898 (0.4522)	Error Ratio 0.6267 (4.3504)
03-02 17:02 INFO     Epoch: [0][3460/11389]	Time 0.138 (0.154)	Data 0.000 (0.000)	Loss 0.2657 (0.4513)	Error Ratio 0.9683 (4.3339)
03-02 17:02 INFO     Epoch: [0][3480/11389]	Time 0.141 (0.154)	Data 0.000 (0.000)	Loss 0.2100 (0.4505)	Error Ratio 1.3116 (4.3305)
03-02 17:02 INFO     Epoch: [0][3500/11389]	Time 0.129 (0.154)	Data 0.000 (0.000)	Loss 0.3002 (0.4499)	Error Ratio 16.8951 (4.3264)
03-02 17:02 INFO     Epoch: [0][3520/11389]	Time 0.166 (0.154)	Data 0.000 (0.000)	Loss 0.2112 (0.4491)	Error Ratio 1.1272 (4.3120)
03-02 17:02 INFO     Epoch: [0][3540/11389]	Time 0.181 (0.154)	Data 0.000 (0.000)	Loss 0.2480 (0.4481)	Error Ratio 1.7929 (4.2974)
03-02 17:02 INFO     Epoch: [0][3560/11389]	Time 0.150 (0.154)	Data 0.000 (0.000)	Loss 0.2046 (0.4474)	Error Ratio 1.4758 (4.2986)
03-02 17:02 INFO     Epoch: [0][3580/11389]	Time 0.148 (0.154)	Data 0.000 (0.000)	Loss 0.1877 (0.4465)	Error Ratio 0.7559 (4.2830)
03-02 17:02 INFO     Epoch: [0][3600/11389]	Time 0.153 (0.154)	Data 0.000 (0.000)	Loss 0.3390 (0.4453)	Error Ratio 0.9523 (4.2706)
03-02 17:02 INFO     Epoch: [0][3620/11389]	Time 0.156 (0.154)	Data 0.000 (0.000)	Loss 0.2431 (0.4442)	Error Ratio 1.8402 (4.2564)
03-02 17:02 INFO     Epoch: [0][3640/11389]	Time 0.160 (0.154)	Data 0.000 (0.000)	Loss 0.2403 (0.4437)	Error Ratio 1.9133 (4.2559)
03-02 17:02 INFO     Epoch: [0][3660/11389]	Time 0.153 (0.154)	Data 0.000 (0.000)	Loss 0.2622 (0.4426)	Error Ratio 1.0015 (4.2453)
03-02 17:02 INFO     Epoch: [0][3680/11389]	Time 0.143 (0.154)	Data 0.000 (0.000)	Loss 0.2741 (0.4415)	Error Ratio 4.3165 (4.2383)
03-02 17:02 INFO     Epoch: [0][3700/11389]	Time 0.140 (0.154)	Data 0.000 (0.000)	Loss 0.1745 (0.4407)	Error Ratio 4.7401 (4.2246)
03-02 17:03 INFO     Epoch: [0][3720/11389]	Time 0.162 (0.154)	Data 0.000 (0.000)	Loss 0.3613 (0.4401)	Error Ratio 0.9093 (4.2181)
03-02 17:03 INFO     Epoch: [0][3740/11389]	Time 0.151 (0.154)	Data 0.000 (0.000)	Loss 0.2142 (0.4391)	Error Ratio 0.6787 (4.2363)
03-02 17:03 INFO     Epoch: [0][3760/11389]	Time 0.145 (0.154)	Data 0.000 (0.000)	Loss 0.2319 (0.4384)	Error Ratio 0.7102 (4.2299)
03-02 17:03 INFO     Epoch: [0][3780/11389]	Time 0.151 (0.154)	Data 0.000 (0.000)	Loss 0.2207 (0.4381)	Error Ratio 1.6147 (4.2167)
03-02 17:03 INFO     Epoch: [0][3800/11389]	Time 0.154 (0.154)	Data 0.000 (0.000)	Loss 0.2294 (0.4373)	Error Ratio 1.1570 (4.2240)
03-02 17:03 INFO     Epoch: [0][3820/11389]	Time 0.195 (0.154)	Data 0.000 (0.000)	Loss 1.3331 (0.4369)	Error Ratio 3.5182 (4.2337)
03-02 17:03 INFO     Epoch: [0][3840/11389]	Time 0.151 (0.154)	Data 0.000 (0.000)	Loss 0.3261 (0.4363)	Error Ratio 0.9800 (4.2190)
03-02 17:03 INFO     Epoch: [0][3860/11389]	Time 0.136 (0.154)	Data 0.000 (0.000)	Loss 0.2834 (0.4358)	Error Ratio 0.8369 (4.2135)
03-02 17:03 INFO     Epoch: [0][3880/11389]	Time 0.173 (0.154)	Data 0.000 (0.000)	Loss 0.1757 (0.4349)	Error Ratio 1.6290 (4.2104)
03-02 17:03 INFO     Epoch: [0][3900/11389]	Time 0.170 (0.154)	Data 0.000 (0.000)	Loss 0.1666 (0.4343)	Error Ratio 1.9972 (4.2013)
03-02 17:03 INFO     Epoch: [0][3920/11389]	Time 0.149 (0.154)	Data 0.000 (0.000)	Loss 0.1552 (0.4335)	Error Ratio 0.9631 (4.1854)
03-02 17:03 INFO     Epoch: [0][3940/11389]	Time 0.167 (0.154)	Data 0.000 (0.000)	Loss 0.1369 (0.4326)	Error Ratio 1.4801 (4.1716)
03-02 17:03 INFO     Epoch: [0][3960/11389]	Time 0.152 (0.154)	Data 0.000 (0.000)	Loss 0.1656 (0.4317)	Error Ratio 0.7264 (4.1582)
03-02 17:03 INFO     Epoch: [0][3980/11389]	Time 0.176 (0.154)	Data 0.000 (0.000)	Loss 0.7942 (0.4308)	Error Ratio 1.7118 (4.1535)
03-02 17:03 INFO     Epoch: [0][4000/11389]	Time 0.126 (0.154)	Data 0.000 (0.000)	Loss 0.8390 (0.4301)	Error Ratio 3.6606 (4.1434)
03-02 17:03 INFO     Epoch: [0][4020/11389]	Time 0.127 (0.154)	Data 0.000 (0.000)	Loss 0.2433 (0.4293)	Error Ratio 2.7477 (4.1360)
03-02 17:03 INFO     Epoch: [0][4040/11389]	Time 0.146 (0.154)	Data 0.000 (0.000)	Loss 0.2885 (0.4298)	Error Ratio 1.6326 (4.1325)
03-02 17:03 INFO     Epoch: [0][4060/11389]	Time 0.145 (0.154)	Data 0.000 (0.000)	Loss 0.1892 (0.4291)	Error Ratio 0.9553 (4.1208)
03-02 17:03 INFO     Epoch: [0][4080/11389]	Time 0.137 (0.154)	Data 0.000 (0.000)	Loss 0.4061 (0.4285)	Error Ratio 1.5290 (4.1144)
03-02 17:04 INFO     Epoch: [0][4100/11389]	Time 0.146 (0.154)	Data 0.000 (0.000)	Loss 0.1816 (0.4278)	Error Ratio 1.0608 (4.1021)
03-02 17:04 INFO     Epoch: [0][4120/11389]	Time 0.151 (0.154)	Data 0.000 (0.000)	Loss 0.3287 (0.4272)	Error Ratio 1.4393 (4.1002)
03-02 17:04 INFO     Epoch: [0][4140/11389]	Time 0.164 (0.154)	Data 0.000 (0.000)	Loss 0.1631 (0.4266)	Error Ratio 1.6669 (4.0898)
03-02 17:04 INFO     Epoch: [0][4160/11389]	Time 0.138 (0.154)	Data 0.000 (0.000)	Loss 0.1891 (0.4260)	Error Ratio 1.0174 (4.0851)
03-02 17:04 INFO     Epoch: [0][4180/11389]	Time 0.155 (0.154)	Data 0.000 (0.000)	Loss 0.2823 (0.4254)	Error Ratio 1.2279 (4.0843)
03-02 17:04 INFO     Epoch: [0][4200/11389]	Time 0.151 (0.154)	Data 0.000 (0.000)	Loss 0.2180 (0.4252)	Error Ratio 0.8346 (4.0975)
03-02 17:04 INFO     Epoch: [0][4220/11389]	Time 0.143 (0.154)	Data 0.000 (0.000)	Loss 0.3774 (0.4246)	Error Ratio 2.9325 (4.0874)
03-02 17:04 INFO     Epoch: [0][4240/11389]	Time 0.159 (0.154)	Data 0.000 (0.000)	Loss 0.2576 (0.4242)	Error Ratio 0.6822 (4.0792)
03-02 17:04 INFO     Epoch: [0][4260/11389]	Time 0.152 (0.154)	Data 0.000 (0.000)	Loss 0.3600 (0.4237)	Error Ratio 1.0203 (4.0844)
03-02 17:04 INFO     Epoch: [0][4280/11389]	Time 0.150 (0.154)	Data 0.000 (0.000)	Loss 0.2139 (0.4232)	Error Ratio 1.2302 (4.0890)
03-02 17:04 INFO     Epoch: [0][4300/11389]	Time 0.162 (0.154)	Data 0.000 (0.000)	Loss 0.1786 (0.4223)	Error Ratio 0.9974 (4.0763)
03-02 17:04 INFO     Epoch: [0][4320/11389]	Time 0.152 (0.154)	Data 0.000 (0.000)	Loss 0.1823 (0.4215)	Error Ratio 1.6955 (4.0690)
03-02 17:04 INFO     Epoch: [0][4340/11389]	Time 0.185 (0.154)	Data 0.000 (0.000)	Loss 0.4393 (0.4209)	Error Ratio 1.0956 (4.0711)
03-02 17:04 INFO     Epoch: [0][4360/11389]	Time 0.164 (0.154)	Data 0.000 (0.000)	Loss 0.4217 (0.4205)	Error Ratio 1.7419 (4.0596)
03-02 17:04 INFO     Epoch: [0][4380/11389]	Time 0.169 (0.154)	Data 0.000 (0.000)	Loss 0.2214 (0.4200)	Error Ratio 1.2197 (4.0547)
03-02 17:04 INFO     Epoch: [0][4400/11389]	Time 0.165 (0.154)	Data 0.000 (0.000)	Loss 0.2837 (0.4199)	Error Ratio 2.1706 (4.0423)
03-02 17:04 INFO     Epoch: [0][4420/11389]	Time 0.133 (0.154)	Data 0.000 (0.000)	Loss 0.5130 (0.4192)	Error Ratio 2.1432 (4.0307)
03-02 17:04 INFO     Epoch: [0][4440/11389]	Time 0.135 (0.154)	Data 0.000 (0.000)	Loss 0.3257 (0.4186)	Error Ratio 1.4364 (4.0369)
03-02 17:04 INFO     Epoch: [0][4460/11389]	Time 0.152 (0.154)	Data 0.000 (0.000)	Loss 0.1997 (0.4180)	Error Ratio 1.1802 (4.0284)
03-02 17:04 INFO     Epoch: [0][4480/11389]	Time 0.141 (0.154)	Data 0.000 (0.000)	Loss 0.2246 (0.4173)	Error Ratio 2.4594 (4.0206)
03-02 17:05 INFO     Epoch: [0][4500/11389]	Time 0.152 (0.154)	Data 0.000 (0.000)	Loss 0.3006 (0.4164)	Error Ratio 2.4814 (4.0094)
03-02 17:05 INFO     Epoch: [0][4520/11389]	Time 0.153 (0.154)	Data 0.000 (0.000)	Loss 0.2460 (0.4157)	Error Ratio 1.2741 (4.0442)
03-02 17:05 INFO     Epoch: [0][4540/11389]	Time 0.166 (0.154)	Data 0.000 (0.000)	Loss 0.3876 (0.4151)	Error Ratio 1.2862 (4.0344)
03-02 17:05 INFO     Epoch: [0][4560/11389]	Time 0.154 (0.154)	Data 0.000 (0.000)	Loss 0.1214 (0.4148)	Error Ratio 0.9707 (4.0312)
03-02 17:05 INFO     Epoch: [0][4580/11389]	Time 0.155 (0.154)	Data 0.000 (0.000)	Loss 0.1619 (0.4141)	Error Ratio 2.3152 (4.0211)
03-02 17:05 INFO     Epoch: [0][4600/11389]	Time 0.151 (0.154)	Data 0.000 (0.000)	Loss 0.2301 (0.4135)	Error Ratio 2.7341 (4.0108)
03-02 17:05 INFO     Epoch: [0][4620/11389]	Time 0.159 (0.154)	Data 0.000 (0.000)	Loss 0.2899 (0.4127)	Error Ratio 1.3402 (4.0015)
03-02 17:05 INFO     Epoch: [0][4640/11389]	Time 0.145 (0.154)	Data 0.000 (0.000)	Loss 0.3416 (0.4119)	Error Ratio 0.8731 (3.9993)
03-02 17:05 INFO     Epoch: [0][4660/11389]	Time 0.183 (0.154)	Data 0.000 (0.000)	Loss 0.2361 (0.4112)	Error Ratio 3.3620 (3.9986)
03-02 17:05 INFO     Epoch: [0][4680/11389]	Time 0.152 (0.154)	Data 0.000 (0.000)	Loss 0.1817 (0.4105)	Error Ratio 3.4264 (3.9899)
03-02 17:05 INFO     Epoch: [0][4700/11389]	Time 0.139 (0.154)	Data 0.000 (0.000)	Loss 0.2609 (0.4099)	Error Ratio 2.3674 (3.9846)
03-02 17:05 INFO     Epoch: [0][4720/11389]	Time 0.153 (0.154)	Data 0.000 (0.000)	Loss 0.2986 (0.4093)	Error Ratio 0.9603 (3.9801)
03-02 17:05 INFO     Epoch: [0][4740/11389]	Time 0.180 (0.154)	Data 0.000 (0.000)	Loss 0.3281 (0.4087)	Error Ratio 1.6776 (3.9724)
03-02 17:05 INFO     Epoch: [0][4760/11389]	Time 0.152 (0.154)	Data 0.000 (0.000)	Loss 0.2185 (0.4078)	Error Ratio 0.8450 (3.9609)
03-02 17:05 INFO     Epoch: [0][4780/11389]	Time 0.152 (0.154)	Data 0.000 (0.000)	Loss 0.3023 (0.4075)	Error Ratio 0.8235 (3.9517)
03-02 17:05 INFO     Epoch: [0][4800/11389]	Time 0.158 (0.154)	Data 0.000 (0.000)	Loss 0.1280 (0.4069)	Error Ratio 0.8626 (3.9408)
03-02 17:05 INFO     Epoch: [0][4820/11389]	Time 0.158 (0.154)	Data 0.000 (0.000)	Loss 0.3028 (0.4062)	Error Ratio 1.3403 (3.9538)
03-02 17:05 INFO     Epoch: [0][4840/11389]	Time 0.141 (0.154)	Data 0.000 (0.000)	Loss 0.3452 (0.4058)	Error Ratio 2.3809 (3.9459)
03-02 17:05 INFO     Epoch: [0][4860/11389]	Time 0.176 (0.154)	Data 0.000 (0.000)	Loss 0.3900 (0.4052)	Error Ratio 1.2020 (3.9417)
03-02 17:06 INFO     Epoch: [0][4880/11389]	Time 0.139 (0.154)	Data 0.000 (0.000)	Loss 0.1839 (0.4045)	Error Ratio 0.7725 (3.9349)
03-02 17:06 INFO     Epoch: [0][4900/11389]	Time 0.146 (0.154)	Data 0.000 (0.000)	Loss 0.1787 (0.4038)	Error Ratio 1.0059 (3.9359)
03-02 17:06 INFO     Epoch: [0][4920/11389]	Time 0.153 (0.154)	Data 0.000 (0.000)	Loss 0.1924 (0.4031)	Error Ratio 3.6227 (3.9265)
03-02 17:06 INFO     Epoch: [0][4940/11389]	Time 0.165 (0.154)	Data 0.000 (0.000)	Loss 0.3890 (0.4026)	Error Ratio 0.9075 (3.9176)
03-02 17:06 INFO     Epoch: [0][4960/11389]	Time 0.133 (0.154)	Data 0.000 (0.000)	Loss 0.2771 (0.4020)	Error Ratio 0.7799 (3.9072)
03-02 17:06 INFO     Epoch: [0][4980/11389]	Time 0.168 (0.154)	Data 0.000 (0.000)	Loss 0.2104 (0.4015)	Error Ratio 1.3673 (3.9036)
03-02 17:06 INFO     Epoch: [0][5000/11389]	Time 0.140 (0.154)	Data 0.000 (0.000)	Loss 0.2072 (0.4010)	Error Ratio 1.1061 (3.8938)
03-02 17:06 INFO     Epoch: [0][5020/11389]	Time 0.152 (0.154)	Data 0.000 (0.000)	Loss 0.4809 (0.4005)	Error Ratio 1.6271 (3.8954)
03-02 17:06 INFO     Epoch: [0][5040/11389]	Time 0.152 (0.154)	Data 0.000 (0.000)	Loss 0.2204 (0.4000)	Error Ratio 0.7932 (3.8886)
03-02 17:06 INFO     Epoch: [0][5060/11389]	Time 0.139 (0.154)	Data 0.000 (0.000)	Loss 0.1810 (0.3992)	Error Ratio 0.6739 (3.8790)
03-02 17:06 INFO     Epoch: [0][5080/11389]	Time 0.154 (0.154)	Data 0.000 (0.000)	Loss 0.3238 (0.3987)	Error Ratio 1.0911 (3.8717)
03-02 17:06 INFO     Epoch: [0][5100/11389]	Time 0.147 (0.154)	Data 0.000 (0.000)	Loss 0.1253 (0.3981)	Error Ratio 0.6133 (3.8645)
03-02 17:06 INFO     Epoch: [0][5120/11389]	Time 0.152 (0.154)	Data 0.000 (0.000)	Loss 0.4414 (0.3978)	Error Ratio 0.8151 (3.8577)
03-02 17:06 INFO     Epoch: [0][5140/11389]	Time 0.146 (0.154)	Data 0.000 (0.000)	Loss 0.2145 (0.3973)	Error Ratio 0.9163 (3.8491)
03-02 17:06 INFO     Epoch: [0][5160/11389]	Time 0.146 (0.154)	Data 0.000 (0.000)	Loss 0.2949 (0.3971)	Error Ratio 1.0793 (3.8409)
03-02 17:06 INFO     Epoch: [0][5180/11389]	Time 0.150 (0.154)	Data 0.000 (0.000)	Loss 0.1718 (0.3967)	Error Ratio 1.5165 (3.8324)
03-02 17:06 INFO     Epoch: [0][5200/11389]	Time 0.143 (0.154)	Data 0.000 (0.000)	Loss 0.2675 (0.3963)	Error Ratio 11.2744 (3.8252)
03-02 17:06 INFO     Epoch: [0][5220/11389]	Time 0.140 (0.154)	Data 0.000 (0.000)	Loss 0.2070 (0.3958)	Error Ratio 1.2967 (3.8199)
03-02 17:06 INFO     Epoch: [0][5240/11389]	Time 0.164 (0.154)	Data 0.000 (0.000)	Loss 0.8066 (0.3953)	Error Ratio 1.2445 (3.8127)
03-02 17:06 INFO     Epoch: [0][5260/11389]	Time 0.178 (0.154)	Data 0.000 (0.000)	Loss 0.1931 (0.3946)	Error Ratio 0.9506 (3.8098)
03-02 17:07 INFO     Epoch: [0][5280/11389]	Time 0.156 (0.154)	Data 0.000 (0.000)	Loss 0.2577 (0.3940)	Error Ratio 2.4674 (3.8002)
03-02 17:07 INFO     Epoch: [0][5300/11389]	Time 0.150 (0.154)	Data 0.000 (0.000)	Loss 0.1508 (0.3933)	Error Ratio 14.8189 (3.7950)
03-02 17:07 INFO     Epoch: [0][5320/11389]	Time 0.180 (0.154)	Data 0.000 (0.000)	Loss 0.3340 (0.3927)	Error Ratio 1.0462 (3.7867)
03-02 17:07 INFO     Epoch: [0][5340/11389]	Time 0.166 (0.154)	Data 0.000 (0.000)	Loss 0.1973 (0.3920)	Error Ratio 1.8737 (3.7789)
03-02 17:07 INFO     Epoch: [0][5360/11389]	Time 0.176 (0.154)	Data 0.000 (0.000)	Loss 0.4411 (0.3914)	Error Ratio 1.8088 (3.7717)
03-02 17:07 INFO     Epoch: [0][5380/11389]	Time 0.127 (0.154)	Data 0.000 (0.000)	Loss 0.2505 (0.3909)	Error Ratio 1.6285 (3.7629)
03-02 17:07 INFO     Epoch: [0][5400/11389]	Time 0.160 (0.154)	Data 0.000 (0.000)	Loss 0.2201 (0.3903)	Error Ratio 2.3961 (3.7555)
03-02 17:07 INFO     Epoch: [0][5420/11389]	Time 0.160 (0.154)	Data 0.000 (0.000)	Loss 0.2907 (0.3902)	Error Ratio 1.6672 (3.7504)
03-02 17:07 INFO     Epoch: [0][5440/11389]	Time 0.146 (0.154)	Data 0.000 (0.000)	Loss 0.2830 (0.3895)	Error Ratio 0.9584 (3.8407)
03-02 17:07 INFO     Epoch: [0][5460/11389]	Time 0.153 (0.154)	Data 0.000 (0.000)	Loss 0.2509 (0.3889)	Error Ratio 0.9059 (3.8415)
03-02 17:07 INFO     Epoch: [0][5480/11389]	Time 0.139 (0.154)	Data 0.000 (0.000)	Loss 0.3123 (0.3884)	Error Ratio 10.7178 (3.8363)
03-02 17:07 INFO     Epoch: [0][5500/11389]	Time 0.140 (0.154)	Data 0.000 (0.000)	Loss 0.2412 (0.3879)	Error Ratio 1.5777 (3.8328)
03-02 17:07 INFO     Epoch: [0][5520/11389]	Time 0.173 (0.154)	Data 0.000 (0.000)	Loss 0.3073 (0.3872)	Error Ratio 1.8234 (3.8286)
03-02 17:07 INFO     Epoch: [0][5540/11389]	Time 0.152 (0.154)	Data 0.000 (0.000)	Loss 0.2010 (0.3867)	Error Ratio 2.0649 (3.8301)
03-02 17:07 INFO     Epoch: [0][5560/11389]	Time 0.194 (0.154)	Data 0.000 (0.000)	Loss 0.3592 (0.3861)	Error Ratio 2.0101 (3.8233)
03-02 17:07 INFO     Epoch: [0][5580/11389]	Time 0.193 (0.154)	Data 0.000 (0.000)	Loss 0.2812 (0.3855)	Error Ratio 1.6889 (3.8137)
03-02 17:07 INFO     Epoch: [0][5600/11389]	Time 0.156 (0.154)	Data 0.000 (0.000)	Loss 0.1418 (0.3849)	Error Ratio 0.9806 (3.8041)
03-02 17:07 INFO     Epoch: [0][5620/11389]	Time 0.149 (0.154)	Data 0.000 (0.000)	Loss 0.1984 (0.3845)	Error Ratio 0.7805 (3.7966)
03-02 17:07 INFO     Epoch: [0][5640/11389]	Time 0.139 (0.154)	Data 0.000 (0.000)	Loss 0.2713 (0.3839)	Error Ratio 0.5458 (3.7900)
03-02 17:08 INFO     Epoch: [0][5660/11389]	Time 0.176 (0.154)	Data 0.000 (0.000)	Loss 0.3045 (0.3834)	Error Ratio 1.8785 (3.7832)
03-02 17:08 INFO     Epoch: [0][5680/11389]	Time 0.140 (0.154)	Data 0.000 (0.000)	Loss 0.4648 (0.3831)	Error Ratio 0.9202 (3.7808)
03-02 17:08 INFO     Epoch: [0][5700/11389]	Time 0.153 (0.154)	Data 0.000 (0.000)	Loss 0.1605 (0.3829)	Error Ratio 1.1704 (3.7756)
03-02 17:08 INFO     Epoch: [0][5720/11389]	Time 0.179 (0.154)	Data 0.000 (0.000)	Loss 0.1912 (0.3824)	Error Ratio 3.2637 (3.7681)
03-02 17:08 INFO     Epoch: [0][5740/11389]	Time 0.152 (0.154)	Data 0.000 (0.000)	Loss 0.1760 (0.3818)	Error Ratio 0.7515 (3.7699)
03-02 17:08 INFO     Epoch: [0][5760/11389]	Time 0.152 (0.154)	Data 0.001 (0.000)	Loss 0.1388 (0.3814)	Error Ratio 1.0412 (3.7626)
03-02 17:08 INFO     Epoch: [0][5780/11389]	Time 0.164 (0.154)	Data 0.000 (0.000)	Loss 0.1344 (0.3808)	Error Ratio 1.0395 (3.7562)
03-02 17:08 INFO     Epoch: [0][5800/11389]	Time 0.153 (0.154)	Data 0.000 (0.000)	Loss 0.1809 (0.3803)	Error Ratio 2.9985 (3.7547)
03-02 17:08 INFO     Epoch: [0][5820/11389]	Time 0.139 (0.154)	Data 0.000 (0.000)	Loss 0.2686 (0.3798)	Error Ratio 1.4212 (3.7465)
03-02 17:08 INFO     Epoch: [0][5840/11389]	Time 0.212 (0.154)	Data 0.000 (0.000)	Loss 0.3204 (0.3793)	Error Ratio 1.3694 (4.0946)
03-02 17:08 INFO     Epoch: [0][5860/11389]	Time 0.139 (0.154)	Data 0.000 (0.000)	Loss 0.2233 (0.3788)	Error Ratio 1.0344 (4.0848)
03-02 17:08 INFO     Epoch: [0][5880/11389]	Time 0.133 (0.154)	Data 0.000 (0.000)	Loss 0.2020 (0.3784)	Error Ratio 27.7149 (4.0834)
03-02 17:08 INFO     Epoch: [0][5900/11389]	Time 0.167 (0.154)	Data 0.000 (0.000)	Loss 0.1194 (0.3780)	Error Ratio 2.2011 (4.0803)
03-02 17:08 INFO     Epoch: [0][5920/11389]	Time 0.152 (0.154)	Data 0.000 (0.000)	Loss 0.2097 (0.3775)	Error Ratio 1.2311 (4.0754)
03-02 17:08 INFO     Epoch: [0][5940/11389]	Time 0.152 (0.154)	Data 0.000 (0.000)	Loss 0.1687 (0.3772)	Error Ratio 3.3936 (4.0778)
03-02 17:08 INFO     Epoch: [0][5960/11389]	Time 0.126 (0.154)	Data 0.000 (0.000)	Loss 0.2594 (0.3766)	Error Ratio 0.8339 (4.0679)
03-02 17:08 INFO     Epoch: [0][5980/11389]	Time 0.152 (0.154)	Data 0.000 (0.000)	Loss 0.2783 (0.3762)	Error Ratio 0.9351 (4.0643)
03-02 17:08 INFO     Epoch: [0][6000/11389]	Time 0.153 (0.154)	Data 0.000 (0.000)	Loss 0.1340 (0.3755)	Error Ratio 0.7092 (4.0570)
03-02 17:08 INFO     Epoch: [0][6020/11389]	Time 0.181 (0.154)	Data 0.000 (0.000)	Loss 0.1779 (0.3750)	Error Ratio 1.8421 (4.0532)
03-02 17:08 INFO     Epoch: [0][6040/11389]	Time 0.180 (0.154)	Data 0.000 (0.000)	Loss 0.6846 (0.3745)	Error Ratio 4.2533 (4.0450)
03-02 17:09 INFO     Epoch: [0][6060/11389]	Time 0.133 (0.154)	Data 0.000 (0.000)	Loss 0.1573 (0.3740)	Error Ratio 1.1878 (4.0381)
03-02 17:09 INFO     Epoch: [0][6080/11389]	Time 0.139 (0.154)	Data 0.000 (0.000)	Loss 0.2469 (0.3736)	Error Ratio 2.8483 (4.0351)
03-02 17:09 INFO     Epoch: [0][6100/11389]	Time 0.175 (0.154)	Data 0.000 (0.000)	Loss 0.2636 (0.3731)	Error Ratio 0.8895 (4.0280)
03-02 17:09 INFO     Epoch: [0][6120/11389]	Time 0.151 (0.154)	Data 0.000 (0.000)	Loss 0.1186 (0.3724)	Error Ratio 0.5342 (4.4238)
03-02 17:09 INFO     Epoch: [0][6140/11389]	Time 0.157 (0.154)	Data 0.000 (0.000)	Loss 0.1584 (0.3718)	Error Ratio 1.0352 (4.4144)
03-02 17:09 INFO     Epoch: [0][6160/11389]	Time 0.171 (0.154)	Data 0.000 (0.000)	Loss 0.1306 (0.3712)	Error Ratio 0.9674 (4.4055)
03-02 17:09 INFO     Epoch: [0][6180/11389]	Time 0.168 (0.154)	Data 0.000 (0.000)	Loss 0.1778 (0.3705)	Error Ratio 1.0976 (4.3959)
03-02 17:09 INFO     Epoch: [0][6200/11389]	Time 0.152 (0.154)	Data 0.000 (0.000)	Loss 0.1460 (0.3699)	Error Ratio 1.5170 (4.3946)
03-02 17:09 INFO     Epoch: [0][6220/11389]	Time 0.152 (0.154)	Data 0.000 (0.000)	Loss 0.1512 (0.3694)	Error Ratio 0.6312 (4.3959)
03-02 17:09 INFO     Epoch: [0][6240/11389]	Time 0.140 (0.154)	Data 0.000 (0.000)	Loss 0.2081 (0.3688)	Error Ratio 1.5665 (4.3887)
03-02 17:09 INFO     Epoch: [0][6260/11389]	Time 0.157 (0.154)	Data 0.000 (0.000)	Loss 0.1847 (0.3684)	Error Ratio 1.0840 (4.3977)
03-02 17:09 INFO     Epoch: [0][6280/11389]	Time 0.163 (0.154)	Data 0.000 (0.000)	Loss 0.3112 (0.3679)	Error Ratio 1.1999 (4.3885)
03-02 17:09 INFO     Epoch: [0][6300/11389]	Time 0.152 (0.154)	Data 0.000 (0.000)	Loss 0.1210 (0.3673)	Error Ratio 1.0745 (4.3817)
03-02 17:09 INFO     Epoch: [0][6320/11389]	Time 0.164 (0.154)	Data 0.000 (0.000)	Loss 0.1774 (0.3667)	Error Ratio 0.6786 (4.3749)
03-02 17:09 INFO     Epoch: [0][6340/11389]	Time 0.145 (0.154)	Data 0.000 (0.000)	Loss 0.1527 (0.3661)	Error Ratio 10.3304 (4.3661)
03-02 17:09 INFO     Epoch: [0][6360/11389]	Time 0.205 (0.154)	Data 0.000 (0.000)	Loss 0.1380 (0.3658)	Error Ratio 0.5858 (4.3644)
03-02 17:09 INFO     Epoch: [0][6380/11389]	Time 0.145 (0.154)	Data 0.000 (0.000)	Loss 0.1097 (0.3651)	Error Ratio 1.2338 (4.3541)
03-02 17:09 INFO     Epoch: [0][6400/11389]	Time 0.157 (0.154)	Data 0.000 (0.000)	Loss 0.1204 (0.3645)	Error Ratio 0.6875 (4.3479)
03-02 17:09 INFO     Epoch: [0][6420/11389]	Time 0.154 (0.154)	Data 0.000 (0.000)	Loss 0.1268 (0.3638)	Error Ratio 1.0639 (4.3390)
03-02 17:10 INFO     Epoch: [0][6440/11389]	Time 0.151 (0.154)	Data 0.000 (0.000)	Loss 0.1892 (0.3637)	Error Ratio 0.7577 (4.3325)
03-02 17:10 INFO     Epoch: [0][6460/11389]	Time 0.141 (0.154)	Data 0.000 (0.000)	Loss 0.1085 (0.3633)	Error Ratio 1.2434 (4.6721)
03-02 17:10 INFO     Epoch: [0][6480/11389]	Time 0.145 (0.154)	Data 0.000 (0.000)	Loss 0.1485 (0.3628)	Error Ratio 1.1067 (4.6636)
03-02 17:10 INFO     Epoch: [0][6500/11389]	Time 0.127 (0.154)	Data 0.000 (0.000)	Loss 0.1693 (0.3623)	Error Ratio 2.4859 (4.6691)
03-02 17:10 INFO     Epoch: [0][6520/11389]	Time 0.164 (0.154)	Data 0.000 (0.000)	Loss 0.1924 (0.3617)	Error Ratio 1.4544 (4.6585)
03-02 17:10 INFO     Epoch: [0][6540/11389]	Time 0.140 (0.154)	Data 0.000 (0.000)	Loss 0.1282 (0.3611)	Error Ratio 0.6353 (4.6519)
03-02 17:10 INFO     Epoch: [0][6560/11389]	Time 0.146 (0.154)	Data 0.000 (0.000)	Loss 0.1901 (0.3604)	Error Ratio 2.0482 (4.7240)
03-02 17:10 INFO     Epoch: [0][6580/11389]	Time 0.177 (0.154)	Data 0.000 (0.000)	Loss 0.2431 (0.3598)	Error Ratio 0.9641 (4.7132)
03-02 17:10 INFO     Epoch: [0][6600/11389]	Time 0.176 (0.154)	Data 0.000 (0.000)	Loss 0.0925 (0.3592)	Error Ratio 1.3775 (4.7044)
03-02 17:10 INFO     Epoch: [0][6620/11389]	Time 0.153 (0.154)	Data 0.000 (0.000)	Loss 0.0839 (0.3587)	Error Ratio 0.5173 (4.7046)
03-02 17:10 INFO     Epoch: [0][6640/11389]	Time 0.151 (0.154)	Data 0.000 (0.000)	Loss 0.1916 (0.3582)	Error Ratio 2.4330 (4.6946)
03-02 17:10 INFO     Epoch: [0][6660/11389]	Time 0.145 (0.154)	Data 0.000 (0.000)	Loss 0.1599 (0.3576)	Error Ratio 2.5198 (4.6845)
03-02 17:10 INFO     Epoch: [0][6680/11389]	Time 0.178 (0.154)	Data 0.000 (0.000)	Loss 0.1051 (0.3569)	Error Ratio 0.8076 (4.6831)
03-02 17:10 INFO     Epoch: [0][6700/11389]	Time 0.165 (0.154)	Data 0.000 (0.000)	Loss 0.1139 (0.3563)	Error Ratio 0.6922 (4.6740)
03-02 17:10 INFO     Epoch: [0][6720/11389]	Time 0.183 (0.154)	Data 0.000 (0.000)	Loss 0.1786 (0.3558)	Error Ratio 1.0949 (4.6645)
03-02 17:10 INFO     Epoch: [0][6740/11389]	Time 0.139 (0.154)	Data 0.000 (0.000)	Loss 0.1228 (0.3553)	Error Ratio 2.3247 (4.6547)
03-02 17:10 INFO     Epoch: [0][6760/11389]	Time 0.150 (0.154)	Data 0.000 (0.000)	Loss 0.1242 (0.3550)	Error Ratio 1.3305 (4.6465)
03-02 17:10 INFO     Epoch: [0][6780/11389]	Time 0.139 (0.154)	Data 0.000 (0.000)	Loss 0.1208 (0.3544)	Error Ratio 1.0053 (4.7201)
03-02 17:10 INFO     Epoch: [0][6800/11389]	Time 0.164 (0.154)	Data 0.000 (0.000)	Loss 0.1493 (0.3539)	Error Ratio 0.9746 (4.7096)
03-02 17:10 INFO     Epoch: [0][6820/11389]	Time 0.148 (0.154)	Data 0.000 (0.000)	Loss 0.1299 (0.3533)	Error Ratio 1.0090 (4.7073)
03-02 17:11 INFO     Epoch: [0][6840/11389]	Time 0.151 (0.154)	Data 0.000 (0.000)	Loss 0.1938 (0.3527)	Error Ratio 1.0517 (4.7018)
03-02 17:11 INFO     Epoch: [0][6860/11389]	Time 0.166 (0.154)	Data 0.000 (0.000)	Loss 0.2447 (0.3520)	Error Ratio 0.7166 (4.6918)
03-02 17:11 INFO     Epoch: [0][6880/11389]	Time 0.127 (0.154)	Data 0.000 (0.000)	Loss 0.1567 (0.3514)	Error Ratio 0.6962 (4.6825)
03-02 17:11 INFO     Epoch: [0][6900/11389]	Time 0.158 (0.154)	Data 0.000 (0.000)	Loss 0.1508 (0.3509)	Error Ratio 0.7362 (4.6727)
03-02 17:11 INFO     Epoch: [0][6920/11389]	Time 0.166 (0.154)	Data 0.000 (0.000)	Loss 0.1119 (0.3503)	Error Ratio 0.9338 (4.6636)
03-02 17:11 INFO     Epoch: [0][6940/11389]	Time 0.165 (0.154)	Data 0.000 (0.000)	Loss 0.1290 (0.3497)	Error Ratio 0.8862 (4.6553)
03-02 17:11 INFO     Epoch: [0][6960/11389]	Time 0.139 (0.154)	Data 0.000 (0.000)	Loss 0.1454 (0.3491)	Error Ratio 0.6749 (4.6459)
03-02 17:11 INFO     Epoch: [0][6980/11389]	Time 0.145 (0.154)	Data 0.000 (0.000)	Loss 0.1890 (0.3486)	Error Ratio 1.6255 (4.6389)
03-02 17:11 INFO     Epoch: [0][7000/11389]	Time 0.136 (0.154)	Data 0.000 (0.000)	Loss 0.1682 (0.3481)	Error Ratio 1.9847 (4.6380)
03-02 17:11 INFO     Epoch: [0][7020/11389]	Time 0.141 (0.154)	Data 0.000 (0.000)	Loss 0.2793 (0.3475)	Error Ratio 1.6323 (4.6328)
03-02 17:11 INFO     Epoch: [0][7040/11389]	Time 0.165 (0.154)	Data 0.000 (0.000)	Loss 0.1021 (0.3471)	Error Ratio 0.9811 (4.6251)
03-02 17:11 INFO     Epoch: [0][7060/11389]	Time 0.139 (0.154)	Data 0.000 (0.000)	Loss 0.1261 (0.3465)	Error Ratio 1.4345 (4.6157)
03-02 17:11 INFO     Epoch: [0][7080/11389]	Time 0.212 (0.154)	Data 0.000 (0.000)	Loss 0.1016 (0.3459)	Error Ratio 0.5073 (4.6059)
03-02 17:11 INFO     Epoch: [0][7100/11389]	Time 0.145 (0.154)	Data 0.000 (0.000)	Loss 0.1900 (0.3454)	Error Ratio 61.6930 (4.6046)
03-02 17:11 INFO     Epoch: [0][7120/11389]	Time 0.146 (0.154)	Data 0.000 (0.000)	Loss 0.2243 (0.3449)	Error Ratio 1.4570 (4.5982)
03-02 17:11 INFO     Epoch: [0][7140/11389]	Time 0.140 (0.154)	Data 0.000 (0.000)	Loss 0.0948 (0.3443)	Error Ratio 0.7587 (4.5917)
03-02 17:11 INFO     Epoch: [0][7160/11389]	Time 0.152 (0.154)	Data 0.000 (0.000)	Loss 0.2529 (0.3439)	Error Ratio 1.3681 (4.5828)
03-02 17:11 INFO     Epoch: [0][7180/11389]	Time 0.146 (0.154)	Data 0.000 (0.000)	Loss 0.1180 (0.3433)	Error Ratio 2.5713 (4.5759)
03-02 17:11 INFO     Epoch: [0][7200/11389]	Time 0.159 (0.154)	Data 0.000 (0.000)	Loss 0.1049 (0.3428)	Error Ratio 1.1481 (4.5668)
03-02 17:11 INFO     Epoch: [0][7220/11389]	Time 0.156 (0.154)	Data 0.000 (0.000)	Loss 0.1055 (0.3422)	Error Ratio 1.3199 (4.5620)
03-02 17:12 INFO     Epoch: [0][7240/11389]	Time 0.152 (0.154)	Data 0.000 (0.000)	Loss 0.0888 (0.3418)	Error Ratio 36.4081 (4.5691)
03-02 17:12 INFO     Epoch: [0][7260/11389]	Time 0.155 (0.154)	Data 0.000 (0.000)	Loss 0.0839 (0.3412)	Error Ratio 0.6901 (4.5743)
03-02 17:12 INFO     Epoch: [0][7280/11389]	Time 0.145 (0.154)	Data 0.000 (0.000)	Loss 0.1108 (0.3407)	Error Ratio 0.9631 (4.5653)
03-02 17:12 INFO     Epoch: [0][7300/11389]	Time 0.140 (0.154)	Data 0.000 (0.000)	Loss 0.2682 (0.3402)	Error Ratio 2.0688 (4.5645)
03-02 17:12 INFO     Epoch: [0][7320/11389]	Time 0.151 (0.154)	Data 0.000 (0.000)	Loss 0.1293 (0.3397)	Error Ratio 0.5669 (4.5560)
03-02 17:12 INFO     Epoch: [0][7340/11389]	Time 0.182 (0.154)	Data 0.001 (0.000)	Loss 0.0942 (0.3395)	Error Ratio 0.6867 (4.5487)
03-02 17:12 INFO     Epoch: [0][7360/11389]	Time 0.156 (0.154)	Data 0.000 (0.000)	Loss 0.1094 (0.3390)	Error Ratio 1.7621 (4.5427)
03-02 17:12 INFO     Epoch: [0][7380/11389]	Time 0.147 (0.154)	Data 0.000 (0.000)	Loss 0.1040 (0.3385)	Error Ratio 4.8143 (4.5356)
03-02 17:12 INFO     Epoch: [0][7400/11389]	Time 0.158 (0.154)	Data 0.000 (0.000)	Loss 0.1215 (0.3381)	Error Ratio 0.6937 (4.5260)
03-02 17:12 INFO     Epoch: [0][7420/11389]	Time 0.151 (0.154)	Data 0.000 (0.000)	Loss 0.1721 (0.3375)	Error Ratio 0.9542 (4.5217)
03-02 17:12 INFO     Epoch: [0][7440/11389]	Time 0.138 (0.154)	Data 0.000 (0.000)	Loss 0.1284 (0.3370)	Error Ratio 0.6144 (4.5241)
03-02 17:12 INFO     Epoch: [0][7460/11389]	Time 0.145 (0.154)	Data 0.000 (0.000)	Loss 0.0770 (0.3365)	Error Ratio 2.6894 (4.5166)
03-02 17:12 INFO     Epoch: [0][7480/11389]	Time 0.152 (0.154)	Data 0.000 (0.000)	Loss 0.1238 (0.3359)	Error Ratio 0.6035 (4.5090)
03-02 17:12 INFO     Epoch: [0][7500/11389]	Time 0.162 (0.154)	Data 0.000 (0.000)	Loss 0.1283 (0.3354)	Error Ratio 0.8521 (4.4999)
03-02 17:12 INFO     Epoch: [0][7520/11389]	Time 0.164 (0.154)	Data 0.000 (0.000)	Loss 2.2480 (0.3351)	Error Ratio 26.8808 (4.4984)
03-02 17:12 INFO     Epoch: [0][7540/11389]	Time 0.157 (0.154)	Data 0.000 (0.000)	Loss 0.1148 (0.3348)	Error Ratio 1.4520 (4.4909)
03-02 17:12 INFO     Epoch: [0][7560/11389]	Time 0.145 (0.154)	Data 0.000 (0.000)	Loss 0.1034 (0.3342)	Error Ratio 1.6607 (4.4942)
03-02 17:12 INFO     Epoch: [0][7580/11389]	Time 0.176 (0.154)	Data 0.000 (0.000)	Loss 0.1793 (0.3338)	Error Ratio 0.7817 (4.4883)
03-02 17:12 INFO     Epoch: [0][7600/11389]	Time 0.133 (0.154)	Data 0.000 (0.000)	Loss 0.2652 (0.3332)	Error Ratio 4.9863 (4.4803)
03-02 17:13 INFO     Epoch: [0][7620/11389]	Time 0.152 (0.154)	Data 0.000 (0.000)	Loss 0.1315 (0.3327)	Error Ratio 1.3081 (4.6578)
03-02 17:13 INFO     Epoch: [0][7640/11389]	Time 0.152 (0.154)	Data 0.000 (0.000)	Loss 0.1100 (0.3321)	Error Ratio 1.1768 (4.6485)
03-02 17:13 INFO     Epoch: [0][7660/11389]	Time 0.141 (0.154)	Data 0.000 (0.000)	Loss 0.1345 (0.3317)	Error Ratio 0.5611 (4.6405)
03-02 17:13 INFO     Epoch: [0][7680/11389]	Time 0.140 (0.154)	Data 0.000 (0.000)	Loss 0.1793 (0.3312)	Error Ratio 0.7441 (4.6321)
03-02 17:13 INFO     Epoch: [0][7700/11389]	Time 0.151 (0.154)	Data 0.000 (0.000)	Loss 0.2128 (0.3307)	Error Ratio 0.5497 (4.6227)
03-02 17:13 INFO     Epoch: [0][7720/11389]	Time 0.153 (0.154)	Data 0.000 (0.000)	Loss 0.1647 (0.3302)	Error Ratio 0.5387 (4.6147)
03-02 17:13 INFO     Epoch: [0][7740/11389]	Time 0.168 (0.154)	Data 0.000 (0.000)	Loss 0.1531 (0.3296)	Error Ratio 1.4441 (4.6059)
03-02 17:13 INFO     Epoch: [0][7760/11389]	Time 0.132 (0.154)	Data 0.000 (0.000)	Loss 0.0968 (0.3292)	Error Ratio 0.8350 (4.6079)
03-02 17:13 INFO     Epoch: [0][7780/11389]	Time 0.138 (0.154)	Data 0.000 (0.000)	Loss 0.1058 (0.3287)	Error Ratio 1.5662 (4.5990)
03-02 17:13 INFO     Epoch: [0][7800/11389]	Time 0.148 (0.154)	Data 0.000 (0.000)	Loss 0.1168 (0.3282)	Error Ratio 0.7712 (4.5901)
03-02 17:13 INFO     Epoch: [0][7820/11389]	Time 0.140 (0.154)	Data 0.000 (0.000)	Loss 0.1851 (0.3278)	Error Ratio 0.7151 (4.5826)
03-02 17:13 INFO     Epoch: [0][7840/11389]	Time 0.162 (0.154)	Data 0.000 (0.000)	Loss 0.1197 (0.3273)	Error Ratio 28.3383 (4.5779)
03-02 17:13 INFO     Epoch: [0][7860/11389]	Time 0.139 (0.154)	Data 0.000 (0.000)	Loss 0.1195 (0.3270)	Error Ratio 0.4890 (4.5702)
03-02 17:13 INFO     Epoch: [0][7880/11389]	Time 0.155 (0.154)	Data 0.000 (0.000)	Loss 0.0810 (0.3267)	Error Ratio 1.2060 (4.5628)
03-02 17:13 INFO     Epoch: [0][7900/11389]	Time 0.139 (0.154)	Data 0.000 (0.000)	Loss 1.2709 (0.3263)	Error Ratio 0.5909 (4.5564)
03-02 17:13 INFO     Epoch: [0][7920/11389]	Time 0.145 (0.154)	Data 0.000 (0.000)	Loss 0.0846 (0.3260)	Error Ratio 2.4893 (4.5510)
03-02 17:13 INFO     Epoch: [0][7940/11389]	Time 0.176 (0.154)	Data 0.000 (0.000)	Loss 0.1533 (0.3256)	Error Ratio 0.6774 (4.5482)
03-02 17:13 INFO     Epoch: [0][7960/11389]	Time 0.178 (0.154)	Data 0.000 (0.000)	Loss 0.0989 (0.3251)	Error Ratio 0.9424 (4.5415)
03-02 17:13 INFO     Epoch: [0][7980/11389]	Time 0.164 (0.154)	Data 0.000 (0.000)	Loss 0.1599 (0.3246)	Error Ratio 0.8979 (4.5371)
03-02 17:13 INFO     Epoch: [0][8000/11389]	Time 0.139 (0.154)	Data 0.000 (0.000)	Loss 0.1380 (0.3242)	Error Ratio 2.1382 (4.5406)
03-02 17:14 INFO     Epoch: [0][8020/11389]	Time 0.151 (0.154)	Data 0.000 (0.000)	Loss 0.1052 (0.3237)	Error Ratio 1.5264 (4.5330)
03-02 17:14 INFO     Epoch: [0][8040/11389]	Time 0.140 (0.154)	Data 0.000 (0.000)	Loss 0.1126 (0.3232)	Error Ratio 0.6746 (4.5319)
03-02 17:14 INFO     Epoch: [0][8060/11389]	Time 0.163 (0.154)	Data 0.000 (0.000)	Loss 0.1288 (0.3227)	Error Ratio 0.7713 (4.5233)
03-02 17:14 INFO     Epoch: [0][8080/11389]	Time 0.140 (0.154)	Data 0.000 (0.000)	Loss 0.0888 (0.3223)	Error Ratio 1.2257 (4.5166)
03-02 17:14 INFO     Epoch: [0][8100/11389]	Time 0.170 (0.154)	Data 0.000 (0.000)	Loss 0.2012 (0.3218)	Error Ratio 0.5417 (4.5128)
03-02 17:14 INFO     Epoch: [0][8120/11389]	Time 0.195 (0.154)	Data 0.000 (0.000)	Loss 0.1139 (0.3214)	Error Ratio 2.5868 (4.5050)
03-02 17:14 INFO     Epoch: [0][8140/11389]	Time 0.146 (0.154)	Data 0.000 (0.000)	Loss 0.1311 (0.3209)	Error Ratio 1.0554 (4.4967)
03-02 17:14 INFO     Epoch: [0][8160/11389]	Time 0.145 (0.154)	Data 0.000 (0.000)	Loss 0.2385 (0.3205)	Error Ratio 0.4672 (4.4897)
03-02 17:14 INFO     Epoch: [0][8180/11389]	Time 0.160 (0.154)	Data 0.000 (0.000)	Loss 0.1430 (0.3200)	Error Ratio 1.2462 (4.4839)
03-02 17:14 INFO     Epoch: [0][8200/11389]	Time 0.135 (0.154)	Data 0.000 (0.000)	Loss 0.1282 (0.3195)	Error Ratio 0.5260 (4.4755)
03-02 17:14 INFO     Epoch: [0][8220/11389]	Time 0.160 (0.154)	Data 0.000 (0.000)	Loss 0.1819 (0.3191)	Error Ratio 0.4845 (4.4714)
03-02 17:14 INFO     Epoch: [0][8240/11389]	Time 0.153 (0.154)	Data 0.000 (0.000)	Loss 0.0925 (0.3186)	Error Ratio 0.6715 (4.4673)
03-02 17:14 INFO     Epoch: [0][8260/11389]	Time 0.141 (0.154)	Data 0.000 (0.000)	Loss 0.2177 (0.3182)	Error Ratio 3.9465 (4.4609)
03-02 17:14 INFO     Epoch: [0][8280/11389]	Time 0.140 (0.154)	Data 0.000 (0.000)	Loss 0.1172 (0.3178)	Error Ratio 1.1852 (4.4547)
03-02 17:14 INFO     Epoch: [0][8300/11389]	Time 0.156 (0.154)	Data 0.000 (0.000)	Loss 0.0690 (0.3174)	Error Ratio 0.9074 (4.4468)
03-02 17:14 INFO     Epoch: [0][8320/11389]	Time 0.152 (0.154)	Data 0.000 (0.000)	Loss 0.1497 (0.3170)	Error Ratio 0.8529 (4.4456)
03-02 17:14 INFO     Epoch: [0][8340/11389]	Time 0.140 (0.154)	Data 0.000 (0.000)	Loss 0.1675 (0.3166)	Error Ratio 1.6485 (4.4377)
03-02 17:14 INFO     Epoch: [0][8360/11389]	Time 0.164 (0.154)	Data 0.000 (0.000)	Loss 0.2605 (0.3162)	Error Ratio 2.3051 (4.4379)
03-02 17:14 INFO     Epoch: [0][8380/11389]	Time 0.164 (0.154)	Data 0.000 (0.000)	Loss 0.2700 (0.3159)	Error Ratio 2.0904 (4.4327)
03-02 17:15 INFO     Epoch: [0][8400/11389]	Time 0.152 (0.154)	Data 0.000 (0.000)	Loss 0.1178 (0.3155)	Error Ratio 0.9299 (4.4253)
03-02 17:15 INFO     Epoch: [0][8420/11389]	Time 0.184 (0.154)	Data 0.000 (0.000)	Loss 0.2863 (0.3152)	Error Ratio 35.2762 (4.4239)
03-02 17:15 INFO     Epoch: [0][8440/11389]	Time 0.139 (0.154)	Data 0.000 (0.000)	Loss 0.1929 (0.3148)	Error Ratio 1.3983 (4.4160)
03-02 17:15 INFO     Epoch: [0][8460/11389]	Time 0.151 (0.154)	Data 0.000 (0.000)	Loss 0.0885 (0.3144)	Error Ratio 2.2509 (4.4118)
03-02 17:15 INFO     Epoch: [0][8480/11389]	Time 0.127 (0.154)	Data 0.000 (0.000)	Loss 0.1859 (0.3140)	Error Ratio 1.6714 (4.4038)
03-02 17:15 INFO     Epoch: [0][8500/11389]	Time 0.153 (0.154)	Data 0.000 (0.000)	Loss 0.1023 (0.3135)	Error Ratio 2.2539 (4.3965)
03-02 17:15 INFO     Epoch: [0][8520/11389]	Time 0.177 (0.154)	Data 0.000 (0.000)	Loss 0.1687 (0.3131)	Error Ratio 3.6197 (4.4011)
03-02 17:15 INFO     Epoch: [0][8540/11389]	Time 0.159 (0.154)	Data 0.000 (0.000)	Loss 0.1333 (0.3128)	Error Ratio 1.3033 (4.3934)
03-02 17:15 INFO     Epoch: [0][8560/11389]	Time 0.145 (0.154)	Data 0.000 (0.000)	Loss 0.1094 (0.3124)	Error Ratio 1.7119 (4.3908)
03-02 17:15 INFO     Epoch: [0][8580/11389]	Time 0.176 (0.154)	Data 0.000 (0.000)	Loss 0.1569 (0.3120)	Error Ratio 2.1951 (4.3842)
03-02 17:15 INFO     Epoch: [0][8600/11389]	Time 0.164 (0.154)	Data 0.000 (0.000)	Loss 0.1185 (0.3116)	Error Ratio 0.5801 (4.3791)
03-02 17:15 INFO     Epoch: [0][8620/11389]	Time 0.126 (0.154)	Data 0.000 (0.000)	Loss 0.1539 (0.3113)	Error Ratio 0.7050 (4.3716)
03-02 17:15 INFO     Epoch: [0][8640/11389]	Time 0.179 (0.154)	Data 0.000 (0.000)	Loss 0.1168 (0.3109)	Error Ratio 0.4430 (4.3640)
03-02 17:15 INFO     Epoch: [0][8660/11389]	Time 0.146 (0.154)	Data 0.000 (0.000)	Loss 0.1558 (0.3105)	Error Ratio 7.2919 (4.3578)
03-02 17:15 INFO     Epoch: [0][8680/11389]	Time 0.152 (0.154)	Data 0.000 (0.000)	Loss 0.1148 (0.3102)	Error Ratio 1.3912 (4.3516)
03-02 17:15 INFO     Epoch: [0][8700/11389]	Time 0.133 (0.154)	Data 0.000 (0.000)	Loss 0.0865 (0.3099)	Error Ratio 1.0722 (4.3447)
03-02 17:15 INFO     Epoch: [0][8720/11389]	Time 0.148 (0.154)	Data 0.000 (0.000)	Loss 0.1154 (0.3095)	Error Ratio 1.8189 (4.3387)
03-02 17:15 INFO     Epoch: [0][8740/11389]	Time 0.169 (0.154)	Data 0.000 (0.000)	Loss 0.1456 (0.3092)	Error Ratio 2.0712 (4.3382)
03-02 17:15 INFO     Epoch: [0][8760/11389]	Time 0.143 (0.154)	Data 0.000 (0.000)	Loss 0.1906 (0.3089)	Error Ratio 1.1610 (4.3327)
03-02 17:16 INFO     Epoch: [0][8780/11389]	Time 0.134 (0.154)	Data 0.000 (0.000)	Loss 0.1593 (0.3085)	Error Ratio 14.4243 (4.3276)
03-02 17:16 INFO     Epoch: [0][8800/11389]	Time 0.151 (0.154)	Data 0.000 (0.000)	Loss 0.1369 (0.3082)	Error Ratio 0.9244 (4.3238)
03-02 17:16 INFO     Epoch: [0][8820/11389]	Time 0.165 (0.154)	Data 0.000 (0.000)	Loss 0.1347 (0.3079)	Error Ratio 0.6235 (4.3210)
03-02 17:16 INFO     Epoch: [0][8840/11389]	Time 0.141 (0.154)	Data 0.000 (0.000)	Loss 0.8612 (0.3078)	Error Ratio 0.7481 (4.3166)
03-02 17:16 INFO     Epoch: [0][8860/11389]	Time 0.158 (0.154)	Data 0.000 (0.000)	Loss 0.1454 (0.3074)	Error Ratio 32.8284 (4.3141)
03-02 17:16 INFO     Epoch: [0][8880/11389]	Time 0.138 (0.154)	Data 0.000 (0.000)	Loss 0.1661 (0.3071)	Error Ratio 0.9141 (4.3077)
03-02 17:16 INFO     Epoch: [0][8900/11389]	Time 0.145 (0.154)	Data 0.000 (0.000)	Loss 0.1233 (0.3067)	Error Ratio 0.6830 (4.3011)
03-02 17:16 INFO     Epoch: [0][8920/11389]	Time 0.176 (0.154)	Data 0.000 (0.000)	Loss 0.3440 (0.3064)	Error Ratio 0.6579 (4.2945)
03-02 17:16 INFO     Epoch: [0][8940/11389]	Time 0.144 (0.154)	Data 0.000 (0.000)	Loss 0.1361 (0.3060)	Error Ratio 7.2091 (4.2930)
03-02 17:16 INFO     Epoch: [0][8960/11389]	Time 0.134 (0.154)	Data 0.000 (0.000)	Loss 0.1180 (0.3057)	Error Ratio 2.6640 (4.3121)
03-02 17:16 INFO     Epoch: [0][8980/11389]	Time 0.151 (0.154)	Data 0.000 (0.000)	Loss 0.1275 (0.3053)	Error Ratio 0.6850 (4.3049)
03-02 17:16 INFO     Epoch: [0][9000/11389]	Time 0.189 (0.154)	Data 0.000 (0.000)	Loss 0.1108 (0.3051)	Error Ratio 0.8005 (4.3005)
03-02 17:16 INFO     Epoch: [0][9020/11389]	Time 0.145 (0.154)	Data 0.000 (0.000)	Loss 0.1325 (0.3048)	Error Ratio 0.9044 (4.2986)
03-02 17:16 INFO     Epoch: [0][9040/11389]	Time 0.166 (0.154)	Data 0.000 (0.000)	Loss 0.2504 (0.3046)	Error Ratio 2.3977 (4.2920)
03-02 17:16 INFO     Epoch: [0][9060/11389]	Time 0.165 (0.154)	Data 0.000 (0.000)	Loss 0.1219 (0.3044)	Error Ratio 2.4436 (4.2891)
03-02 17:16 INFO     Epoch: [0][9080/11389]	Time 0.153 (0.154)	Data 0.000 (0.000)	Loss 0.1511 (0.3041)	Error Ratio 2.1902 (4.2832)
03-02 17:16 INFO     Epoch: [0][9100/11389]	Time 0.161 (0.154)	Data 0.000 (0.000)	Loss 0.1507 (0.3037)	Error Ratio 0.5683 (4.2781)
03-02 17:16 INFO     Epoch: [0][9120/11389]	Time 0.163 (0.154)	Data 0.000 (0.000)	Loss 0.1738 (0.3034)	Error Ratio 0.8661 (4.2714)
03-02 17:16 INFO     Epoch: [0][9140/11389]	Time 0.155 (0.154)	Data 0.000 (0.000)	Loss 0.0813 (0.3030)	Error Ratio 0.3518 (4.2724)
03-02 17:16 INFO     Epoch: [0][9160/11389]	Time 0.133 (0.154)	Data 0.000 (0.000)	Loss 0.0908 (0.3026)	Error Ratio 1.5300 (4.2656)
03-02 17:17 INFO     Epoch: [0][9180/11389]	Time 0.144 (0.154)	Data 0.000 (0.000)	Loss 0.1065 (0.3023)	Error Ratio 0.7799 (4.2588)
03-02 17:17 INFO     Epoch: [0][9200/11389]	Time 0.139 (0.154)	Data 0.000 (0.000)	Loss 0.0880 (0.3019)	Error Ratio 0.5700 (4.2556)
03-02 17:17 INFO     Epoch: [0][9220/11389]	Time 0.151 (0.154)	Data 0.000 (0.000)	Loss 0.1035 (0.3015)	Error Ratio 1.0863 (4.2495)
03-02 17:17 INFO     Epoch: [0][9240/11389]	Time 0.128 (0.154)	Data 0.000 (0.000)	Loss 0.1141 (0.3012)	Error Ratio 0.6656 (4.2429)
03-02 17:17 INFO     Epoch: [0][9260/11389]	Time 0.164 (0.154)	Data 0.000 (0.000)	Loss 0.1059 (0.3008)	Error Ratio 1.2966 (4.2402)
03-02 17:17 INFO     Epoch: [0][9280/11389]	Time 0.144 (0.154)	Data 0.000 (0.000)	Loss 0.1134 (0.3005)	Error Ratio 27.5467 (4.2361)
03-02 17:17 INFO     Epoch: [0][9300/11389]	Time 0.162 (0.154)	Data 0.000 (0.000)	Loss 0.1337 (0.3002)	Error Ratio 1.0858 (4.2330)
03-02 17:17 INFO     Epoch: [0][9320/11389]	Time 0.151 (0.154)	Data 0.000 (0.000)	Loss 0.1271 (0.2998)	Error Ratio 1.1480 (4.2273)
03-02 17:17 INFO     Epoch: [0][9340/11389]	Time 0.158 (0.154)	Data 0.000 (0.000)	Loss 0.0864 (0.2995)	Error Ratio 2.8627 (4.2256)
03-02 17:17 INFO     Epoch: [0][9360/11389]	Time 0.144 (0.154)	Data 0.000 (0.000)	Loss 0.1778 (0.2991)	Error Ratio 1.3430 (4.2205)
03-02 17:17 INFO     Epoch: [0][9380/11389]	Time 0.141 (0.154)	Data 0.000 (0.000)	Loss 0.1120 (0.2988)	Error Ratio 1.4137 (4.2166)
03-02 17:17 INFO     Epoch: [0][9400/11389]	Time 0.168 (0.154)	Data 0.000 (0.000)	Loss 0.0796 (0.2985)	Error Ratio 1.6344 (4.2115)
03-02 17:17 INFO     Epoch: [0][9420/11389]	Time 0.140 (0.154)	Data 0.000 (0.000)	Loss 0.1121 (0.2982)	Error Ratio 0.6745 (4.2069)
03-02 17:17 INFO     Epoch: [0][9440/11389]	Time 0.152 (0.154)	Data 0.000 (0.000)	Loss 0.2324 (0.2979)	Error Ratio 0.5278 (4.2142)
03-02 17:17 INFO     Epoch: [0][9460/11389]	Time 0.159 (0.154)	Data 0.000 (0.000)	Loss 0.1123 (0.2975)	Error Ratio 1.0963 (4.2081)
03-02 17:17 INFO     Epoch: [0][9480/11389]	Time 0.150 (0.154)	Data 0.000 (0.000)	Loss 0.2088 (0.2972)	Error Ratio 0.6346 (4.2014)
03-02 17:17 INFO     Epoch: [0][9500/11389]	Time 0.140 (0.154)	Data 0.000 (0.000)	Loss 0.0905 (0.2969)	Error Ratio 1.0662 (4.1956)
03-02 17:17 INFO     Epoch: [0][9520/11389]	Time 0.163 (0.154)	Data 0.000 (0.000)	Loss 0.2362 (0.2966)	Error Ratio 0.6823 (4.1890)
03-02 17:17 INFO     Epoch: [0][9540/11389]	Time 0.153 (0.154)	Data 0.000 (0.000)	Loss 0.1816 (0.2962)	Error Ratio 0.4692 (4.1825)
03-02 17:17 INFO     Epoch: [0][9560/11389]	Time 0.151 (0.154)	Data 0.000 (0.000)	Loss 0.1371 (0.2958)	Error Ratio 1.9221 (4.1859)
03-02 17:18 INFO     Epoch: [0][9580/11389]	Time 0.140 (0.154)	Data 0.000 (0.000)	Loss 0.1779 (0.2955)	Error Ratio 4.1091 (4.1797)
03-02 17:18 INFO     Epoch: [0][9600/11389]	Time 0.153 (0.154)	Data 0.000 (0.000)	Loss 0.0782 (0.2952)	Error Ratio 3.4268 (4.1752)
03-02 17:18 INFO     Epoch: [0][9620/11389]	Time 0.200 (0.154)	Data 0.000 (0.000)	Loss 0.1508 (0.2948)	Error Ratio 1.9069 (4.1691)
03-02 17:18 INFO     Epoch: [0][9640/11389]	Time 0.172 (0.154)	Data 0.000 (0.000)	Loss 0.1449 (0.2945)	Error Ratio 0.9862 (4.1697)
03-02 17:18 INFO     Epoch: [0][9660/11389]	Time 0.146 (0.154)	Data 0.000 (0.000)	Loss 0.0880 (0.2942)	Error Ratio 5.5647 (4.1663)
03-02 17:18 INFO     Epoch: [0][9680/11389]	Time 0.160 (0.154)	Data 0.000 (0.000)	Loss 0.0740 (0.2938)	Error Ratio 1.0745 (4.1628)
03-02 17:18 INFO     Epoch: [0][9700/11389]	Time 0.154 (0.154)	Data 0.000 (0.000)	Loss 0.1817 (0.2935)	Error Ratio 0.9637 (4.1611)
03-02 17:18 INFO     Epoch: [0][9720/11389]	Time 0.156 (0.154)	Data 0.000 (0.000)	Loss 0.1260 (0.2932)	Error Ratio 0.8048 (4.1551)
03-02 17:18 INFO     Epoch: [0][9740/11389]	Time 0.152 (0.154)	Data 0.000 (0.000)	Loss 0.1963 (0.2929)	Error Ratio 0.5677 (4.1588)
03-02 17:18 INFO     Epoch: [0][9760/11389]	Time 0.156 (0.154)	Data 0.000 (0.000)	Loss 0.1226 (0.2926)	Error Ratio 8.8714 (4.1542)
03-02 17:18 INFO     Epoch: [0][9780/11389]	Time 0.155 (0.154)	Data 0.000 (0.000)	Loss 0.1818 (0.2923)	Error Ratio 1.0927 (4.1477)
03-02 17:18 INFO     Epoch: [0][9800/11389]	Time 0.165 (0.154)	Data 0.000 (0.000)	Loss 0.1612 (0.2920)	Error Ratio 10.7142 (4.1434)
03-02 17:18 INFO     Epoch: [0][9820/11389]	Time 0.180 (0.154)	Data 0.000 (0.000)	Loss 0.1452 (0.2918)	Error Ratio 0.7978 (4.1373)
03-02 17:18 INFO     Epoch: [0][9840/11389]	Time 0.139 (0.154)	Data 0.000 (0.000)	Loss 0.0962 (0.2916)	Error Ratio 1.4260 (4.1332)
03-02 17:18 INFO     Epoch: [0][9860/11389]	Time 0.152 (0.154)	Data 0.000 (0.000)	Loss 0.1081 (0.2912)	Error Ratio 1.0668 (4.1291)
03-02 17:18 INFO     Epoch: [0][9880/11389]	Time 0.134 (0.154)	Data 0.000 (0.000)	Loss 0.0979 (0.2909)	Error Ratio 21.7873 (4.1255)
03-02 17:18 INFO     Epoch: [0][9900/11389]	Time 0.140 (0.154)	Data 0.000 (0.000)	Loss 0.2164 (0.2906)	Error Ratio 1.0855 (4.1192)
03-02 17:18 INFO     Epoch: [0][9920/11389]	Time 0.157 (0.154)	Data 0.000 (0.000)	Loss 0.1347 (0.2903)	Error Ratio 0.9081 (4.1138)
03-02 17:18 INFO     Epoch: [0][9940/11389]	Time 0.166 (0.154)	Data 0.000 (0.000)	Loss 0.0661 (0.2899)	Error Ratio 1.0527 (4.1081)
03-02 17:19 INFO     Epoch: [0][9960/11389]	Time 0.139 (0.154)	Data 0.000 (0.000)	Loss 0.0775 (0.2896)	Error Ratio 0.5530 (4.1034)
03-02 17:19 INFO     Epoch: [0][9980/11389]	Time 0.152 (0.154)	Data 0.000 (0.000)	Loss 0.1698 (0.2893)	Error Ratio 0.5720 (4.0972)
03-02 17:19 INFO     Epoch: [0][10000/11389]	Time 0.167 (0.154)	Data 0.000 (0.000)	Loss 0.1222 (0.2890)	Error Ratio 0.8011 (4.0925)
03-02 17:19 INFO     Epoch: [0][10020/11389]	Time 0.176 (0.154)	Data 0.000 (0.000)	Loss 0.0641 (0.2887)	Error Ratio 0.8129 (4.0912)
03-02 17:19 INFO     Epoch: [0][10040/11389]	Time 0.166 (0.154)	Data 0.000 (0.000)	Loss 0.1128 (0.2884)	Error Ratio 0.6929 (4.0940)
03-02 17:19 INFO     Epoch: [0][10060/11389]	Time 0.146 (0.154)	Data 0.000 (0.000)	Loss 0.1581 (0.2881)	Error Ratio 1.4258 (4.0885)
03-02 17:19 INFO     Epoch: [0][10080/11389]	Time 0.146 (0.154)	Data 0.000 (0.000)	Loss 0.1172 (0.2877)	Error Ratio 1.3303 (4.0868)
03-02 17:19 INFO     Epoch: [0][10100/11389]	Time 0.151 (0.154)	Data 0.000 (0.000)	Loss 0.1841 (0.2874)	Error Ratio 1.8600 (4.0812)
03-02 17:19 INFO     Epoch: [0][10120/11389]	Time 0.158 (0.154)	Data 0.000 (0.000)	Loss 0.1547 (0.2872)	Error Ratio 1.5145 (4.0806)
03-02 17:19 INFO     Epoch: [0][10140/11389]	Time 0.157 (0.154)	Data 0.000 (0.000)	Loss 0.0958 (0.2868)	Error Ratio 1.2186 (4.0781)
03-02 17:19 INFO     Epoch: [0][10160/11389]	Time 0.171 (0.154)	Data 0.000 (0.000)	Loss 0.2143 (0.2866)	Error Ratio 1.9729 (4.0722)
03-02 17:19 INFO     Epoch: [0][10180/11389]	Time 0.151 (0.154)	Data 0.000 (0.000)	Loss 0.1242 (0.2863)	Error Ratio 2.0733 (4.0671)
03-02 17:19 INFO     Epoch: [0][10200/11389]	Time 0.164 (0.154)	Data 0.000 (0.000)	Loss 0.1255 (0.2861)	Error Ratio 0.5965 (4.0641)
03-02 17:19 INFO     Epoch: [0][10220/11389]	Time 0.165 (0.154)	Data 0.000 (0.000)	Loss 0.3187 (0.2858)	Error Ratio 0.5235 (4.0584)
03-02 17:19 INFO     Epoch: [0][10240/11389]	Time 0.152 (0.154)	Data 0.000 (0.000)	Loss 0.2426 (0.2855)	Error Ratio 2.9213 (4.0531)
03-02 17:19 INFO     Epoch: [0][10260/11389]	Time 0.167 (0.154)	Data 0.000 (0.000)	Loss 0.1110 (0.2852)	Error Ratio 1.0155 (4.0525)
03-02 17:19 INFO     Epoch: [0][10280/11389]	Time 0.160 (0.154)	Data 0.000 (0.000)	Loss 0.1078 (0.2850)	Error Ratio 1.0969 (4.0476)
03-02 17:19 INFO     Epoch: [0][10300/11389]	Time 0.165 (0.154)	Data 0.000 (0.000)	Loss 0.0884 (0.2847)	Error Ratio 0.8275 (4.0425)
03-02 17:19 INFO     Epoch: [0][10320/11389]	Time 0.133 (0.154)	Data 0.000 (0.000)	Loss 0.1047 (0.2844)	Error Ratio 1.0372 (4.0377)
03-02 17:19 INFO     Epoch: [0][10340/11389]	Time 0.138 (0.154)	Data 0.000 (0.000)	Loss 0.1132 (0.2841)	Error Ratio 1.6059 (4.0337)
03-02 17:20 INFO     Epoch: [0][10360/11389]	Time 0.139 (0.154)	Data 0.000 (0.000)	Loss 0.2132 (0.2838)	Error Ratio 0.8860 (4.0311)
03-02 17:20 INFO     Epoch: [0][10380/11389]	Time 0.151 (0.154)	Data 0.000 (0.000)	Loss 0.1042 (0.2835)	Error Ratio 0.8479 (4.0303)
03-02 17:20 INFO     Epoch: [0][10400/11389]	Time 0.166 (0.154)	Data 0.000 (0.000)	Loss 0.1085 (0.2832)	Error Ratio 2.2506 (4.0249)
03-02 17:20 INFO     Epoch: [0][10420/11389]	Time 0.153 (0.154)	Data 0.000 (0.000)	Loss 0.1145 (0.2829)	Error Ratio 9.9379 (4.0202)
03-02 17:20 INFO     Epoch: [0][10440/11389]	Time 0.140 (0.154)	Data 0.000 (0.000)	Loss 0.0933 (0.2826)	Error Ratio 2.8245 (4.0261)
03-02 17:20 INFO     Epoch: [0][10460/11389]	Time 0.151 (0.154)	Data 0.000 (0.000)	Loss 0.2024 (0.2823)	Error Ratio 1.2649 (4.0204)
03-02 17:20 INFO     Epoch: [0][10480/11389]	Time 0.126 (0.154)	Data 0.000 (0.000)	Loss 0.1156 (0.2819)	Error Ratio 0.8216 (4.0147)
03-02 17:20 INFO     Epoch: [0][10500/11389]	Time 0.151 (0.154)	Data 0.000 (0.000)	Loss 0.0894 (0.2816)	Error Ratio 2.3340 (4.0157)
03-02 17:20 INFO     Epoch: [0][10520/11389]	Time 0.138 (0.154)	Data 0.000 (0.000)	Loss 0.1048 (0.2814)	Error Ratio 0.6656 (4.0105)
03-02 17:20 INFO     Epoch: [0][10540/11389]	Time 0.144 (0.154)	Data 0.000 (0.000)	Loss 0.1470 (0.2812)	Error Ratio 1.1380 (4.0071)
03-02 17:20 INFO     Epoch: [0][10560/11389]	Time 0.145 (0.154)	Data 0.000 (0.000)	Loss 0.1055 (0.2810)	Error Ratio 0.7643 (4.0026)
03-02 17:20 INFO     Epoch: [0][10580/11389]	Time 0.146 (0.154)	Data 0.000 (0.000)	Loss 0.1026 (0.2807)	Error Ratio 0.7636 (3.9972)
03-02 17:20 INFO     Epoch: [0][10600/11389]	Time 0.176 (0.154)	Data 0.000 (0.000)	Loss 0.1009 (0.2804)	Error Ratio 0.6762 (3.9920)
03-02 17:20 INFO     Epoch: [0][10620/11389]	Time 0.139 (0.154)	Data 0.000 (0.000)	Loss 0.0661 (0.2801)	Error Ratio 0.9653 (3.9868)
03-02 17:20 INFO     Epoch: [0][10640/11389]	Time 0.157 (0.154)	Data 0.000 (0.000)	Loss 0.0916 (0.2798)	Error Ratio 1.2522 (3.9815)
03-02 17:20 INFO     Epoch: [0][10660/11389]	Time 0.141 (0.154)	Data 0.000 (0.000)	Loss 0.0943 (0.2795)	Error Ratio 0.8436 (3.9759)
03-02 17:20 INFO     Epoch: [0][10680/11389]	Time 0.155 (0.154)	Data 0.000 (0.000)	Loss 0.1374 (0.2793)	Error Ratio 1.6467 (3.9731)
03-02 17:20 INFO     Epoch: [0][10700/11389]	Time 0.177 (0.154)	Data 0.000 (0.000)	Loss 0.0749 (0.2790)	Error Ratio 0.8808 (3.9718)
03-02 17:20 INFO     Epoch: [0][10720/11389]	Time 0.145 (0.154)	Data 0.000 (0.000)	Loss 0.0860 (0.2787)	Error Ratio 0.6199 (3.9665)
03-02 17:21 INFO     Epoch: [0][10740/11389]	Time 0.152 (0.154)	Data 0.000 (0.000)	Loss 0.1453 (0.2785)	Error Ratio 0.6343 (3.9710)
03-02 17:21 INFO     Epoch: [0][10760/11389]	Time 0.139 (0.154)	Data 0.000 (0.000)	Loss 0.1089 (0.2782)	Error Ratio 0.6056 (3.9666)
03-02 17:21 INFO     Epoch: [0][10780/11389]	Time 0.151 (0.154)	Data 0.000 (0.000)	Loss 0.0662 (0.2779)	Error Ratio 0.3579 (3.9616)
03-02 17:21 INFO     Epoch: [0][10800/11389]	Time 0.164 (0.154)	Data 0.000 (0.000)	Loss 0.1262 (0.2776)	Error Ratio 1.3196 (3.9561)
03-02 17:21 INFO     Epoch: [0][10820/11389]	Time 0.139 (0.154)	Data 0.000 (0.000)	Loss 0.0829 (0.2773)	Error Ratio 2.9632 (3.9593)
03-02 17:21 INFO     Epoch: [0][10840/11389]	Time 0.163 (0.154)	Data 0.000 (0.000)	Loss 0.0956 (0.2770)	Error Ratio 1.9608 (3.9578)
03-02 17:21 INFO     Epoch: [0][10860/11389]	Time 0.187 (0.154)	Data 0.000 (0.000)	Loss 0.1220 (0.2768)	Error Ratio 0.4668 (3.9541)
03-02 17:21 INFO     Epoch: [0][10880/11389]	Time 0.145 (0.154)	Data 0.000 (0.000)	Loss 0.1066 (0.2765)	Error Ratio 1.1444 (3.9515)
03-02 17:21 INFO     Epoch: [0][10900/11389]	Time 0.128 (0.154)	Data 0.000 (0.000)	Loss 0.1145 (0.2763)	Error Ratio 4.4423 (3.9462)
03-02 17:21 INFO     Epoch: [0][10920/11389]	Time 0.155 (0.154)	Data 0.000 (0.000)	Loss 0.1185 (0.2761)	Error Ratio 0.7857 (3.9408)
03-02 17:21 INFO     Epoch: [0][10940/11389]	Time 0.145 (0.154)	Data 0.000 (0.000)	Loss 0.1465 (0.2759)	Error Ratio 0.8334 (3.9364)
03-02 17:21 INFO     Epoch: [0][10960/11389]	Time 0.171 (0.154)	Data 0.000 (0.000)	Loss 0.0873 (0.2756)	Error Ratio 0.7452 (3.9311)
03-02 17:21 INFO     Epoch: [0][10980/11389]	Time 0.165 (0.154)	Data 0.000 (0.000)	Loss 0.1048 (0.2753)	Error Ratio 0.3915 (3.9279)
03-02 17:21 INFO     Epoch: [0][11000/11389]	Time 0.133 (0.154)	Data 0.000 (0.000)	Loss 0.1112 (0.2750)	Error Ratio 1.6134 (3.9228)
03-02 17:21 INFO     Epoch: [0][11020/11389]	Time 0.158 (0.154)	Data 0.000 (0.000)	Loss 0.1595 (0.2748)	Error Ratio 1.5585 (3.9185)
03-02 17:21 INFO     Epoch: [0][11040/11389]	Time 0.155 (0.154)	Data 0.000 (0.000)	Loss 0.1247 (0.2746)	Error Ratio 1.5668 (3.9226)
03-02 17:21 INFO     Epoch: [0][11060/11389]	Time 0.152 (0.154)	Data 0.000 (0.000)	Loss 0.1053 (0.2743)	Error Ratio 0.5370 (3.9275)
03-02 17:21 INFO     Epoch: [0][11080/11389]	Time 0.164 (0.154)	Data 0.000 (0.000)	Loss 0.0991 (0.2740)	Error Ratio 1.3830 (3.9366)
03-02 17:21 INFO     Epoch: [0][11100/11389]	Time 0.152 (0.154)	Data 0.000 (0.000)	Loss 0.1171 (0.2738)	Error Ratio 0.9828 (3.9312)
03-02 17:21 INFO     Epoch: [0][11120/11389]	Time 0.185 (0.154)	Data 0.001 (0.000)	Loss 0.3048 (0.2735)	Error Ratio 0.7159 (3.9283)
03-02 17:22 INFO     Epoch: [0][11140/11389]	Time 0.150 (0.154)	Data 0.000 (0.000)	Loss 0.1555 (0.2733)	Error Ratio 0.6504 (3.9270)
03-02 17:22 INFO     Epoch: [0][11160/11389]	Time 0.153 (0.154)	Data 0.000 (0.000)	Loss 0.2197 (0.2731)	Error Ratio 0.6043 (3.9248)
03-02 17:22 INFO     Epoch: [0][11180/11389]	Time 0.166 (0.154)	Data 0.000 (0.000)	Loss 0.1707 (0.2729)	Error Ratio 5.2480 (3.9226)
03-02 17:22 INFO     Epoch: [0][11200/11389]	Time 0.140 (0.154)	Data 0.000 (0.000)	Loss 0.1057 (0.2726)	Error Ratio 0.8266 (3.9197)
03-02 17:22 INFO     Epoch: [0][11220/11389]	Time 0.140 (0.154)	Data 0.000 (0.000)	Loss 0.1365 (0.2724)	Error Ratio 2.2628 (3.9281)
03-02 17:22 INFO     Epoch: [0][11240/11389]	Time 0.136 (0.154)	Data 0.000 (0.000)	Loss 0.1196 (0.2721)	Error Ratio 0.8613 (3.9230)
03-02 17:22 INFO     Epoch: [0][11260/11389]	Time 0.165 (0.154)	Data 0.000 (0.000)	Loss 0.1772 (0.2718)	Error Ratio 1.5538 (3.9202)
03-02 17:22 INFO     Epoch: [0][11280/11389]	Time 0.165 (0.154)	Data 0.000 (0.000)	Loss 0.1220 (0.2716)	Error Ratio 1.7196 (3.9153)
03-02 17:22 INFO     Epoch: [0][11300/11389]	Time 0.151 (0.154)	Data 0.000 (0.000)	Loss 0.1032 (0.2713)	Error Ratio 2.5452 (3.9102)
03-02 17:22 INFO     Epoch: [0][11320/11389]	Time 0.151 (0.154)	Data 0.000 (0.000)	Loss 0.0914 (0.2711)	Error Ratio 0.7519 (3.9054)
03-02 17:22 INFO     Epoch: [0][11340/11389]	Time 0.133 (0.154)	Data 0.000 (0.000)	Loss 0.1259 (0.2708)	Error Ratio 0.6628 (3.9040)
03-02 17:22 INFO     Epoch: [0][11360/11389]	Time 0.166 (0.154)	Data 0.000 (0.000)	Loss 0.1462 (0.2706)	Error Ratio 0.5127 (3.8996)
03-02 17:22 INFO     Epoch: [0][11380/11389]	Time 0.125 (0.154)	Data 0.000 (0.000)	Loss 0.1106 (0.2703)	Error Ratio 0.7264 (3.8984)
03-02 17:22 INFO     Epoch: [0] Avg Error Ratio 3.897; Average Loss 0.270; Avg Time x Batch 0.154
03-02 17:22 INFO     Test: [20/1000]	Time 0.066 (0.092)	Loss 0.0895 (0.1388)	Error Ratio 0.4498 (2.6845)
03-02 17:22 INFO     Test: [40/1000]	Time 0.059 (0.076)	Loss 0.1472 (0.1398)	Error Ratio 0.6064 (2.5528)
03-02 17:22 INFO     Test: [60/1000]	Time 0.067 (0.072)	Loss 0.0943 (0.1418)	Error Ratio 1.0697 (2.4586)
03-02 17:22 INFO     Test: [80/1000]	Time 0.062 (0.069)	Loss 0.1415 (0.1382)	Error Ratio 0.5252 (2.1444)
03-02 17:22 INFO     Test: [100/1000]	Time 0.062 (0.068)	Loss 0.0912 (0.1412)	Error Ratio 0.7991 (2.1431)
03-02 17:22 INFO     Test: [120/1000]	Time 0.062 (0.067)	Loss 0.1097 (0.1368)	Error Ratio 0.6202 (2.4791)
03-02 17:22 INFO     Test: [140/1000]	Time 0.057 (0.067)	Loss 0.0823 (0.1350)	Error Ratio 0.9576 (2.5752)
03-02 17:22 INFO     Test: [160/1000]	Time 0.057 (0.066)	Loss 0.0761 (0.1356)	Error Ratio 0.4907 (2.4874)
03-02 17:22 INFO     Test: [180/1000]	Time 0.062 (0.065)	Loss 0.1027 (0.1329)	Error Ratio 1.5992 (2.5294)
03-02 17:22 INFO     Test: [200/1000]	Time 0.069 (0.065)	Loss 0.1578 (0.1317)	Error Ratio 1.2287 (2.4051)
03-02 17:22 INFO     Test: [220/1000]	Time 0.067 (0.065)	Loss 0.1028 (0.1320)	Error Ratio 1.0490 (2.5903)
03-02 17:22 INFO     Test: [240/1000]	Time 0.059 (0.065)	Loss 0.1574 (0.1354)	Error Ratio 1.2283 (2.4612)
03-02 17:22 INFO     Test: [260/1000]	Time 0.061 (0.065)	Loss 0.0743 (0.1381)	Error Ratio 0.5533 (2.3951)
03-02 17:22 INFO     Test: [280/1000]	Time 0.064 (0.065)	Loss 0.1844 (0.1377)	Error Ratio 1.4823 (2.4110)
03-02 17:22 INFO     Test: [300/1000]	Time 0.067 (0.065)	Loss 0.0977 (0.1389)	Error Ratio 0.8332 (2.3110)
03-02 17:23 INFO     Test: [320/1000]	Time 0.066 (0.064)	Loss 0.1297 (0.1376)	Error Ratio 0.4794 (2.3091)
03-02 17:23 INFO     Test: [340/1000]	Time 0.058 (0.064)	Loss 0.1347 (0.1370)	Error Ratio 0.7943 (2.2531)
03-02 17:23 INFO     Test: [360/1000]	Time 0.057 (0.064)	Loss 0.0779 (0.1363)	Error Ratio 0.9247 (3.3251)
03-02 17:23 INFO     Test: [380/1000]	Time 0.061 (0.064)	Loss 0.0768 (0.1355)	Error Ratio 1.3218 (3.2078)
03-02 17:23 INFO     Test: [400/1000]	Time 0.058 (0.064)	Loss 0.1087 (0.1352)	Error Ratio 1.0891 (3.0910)
03-02 17:23 INFO     Test: [420/1000]	Time 0.062 (0.063)	Loss 0.1085 (0.1346)	Error Ratio 0.5894 (3.0481)
03-02 17:23 INFO     Test: [440/1000]	Time 0.067 (0.063)	Loss 0.0970 (0.1354)	Error Ratio 0.7934 (3.0217)
03-02 17:23 INFO     Test: [460/1000]	Time 0.061 (0.063)	Loss 0.2325 (0.1345)	Error Ratio 1.1933 (2.9508)
03-02 17:23 INFO     Test: [480/1000]	Time 0.075 (0.063)	Loss 0.0831 (0.1335)	Error Ratio 0.5985 (2.8784)
03-02 17:23 INFO     Test: [500/1000]	Time 0.056 (0.063)	Loss 0.0895 (0.1336)	Error Ratio 1.7003 (2.8247)
03-02 17:23 INFO     Test: [520/1000]	Time 0.052 (0.063)	Loss 0.4874 (0.1337)	Error Ratio 1.3258 (2.7995)
03-02 17:23 INFO     Test: [540/1000]	Time 0.062 (0.063)	Loss 0.1050 (0.1331)	Error Ratio 24.0146 (2.7917)
03-02 17:23 INFO     Test: [560/1000]	Time 0.056 (0.063)	Loss 0.0578 (0.1338)	Error Ratio 0.5696 (3.0737)
03-02 17:23 INFO     Test: [580/1000]	Time 0.066 (0.064)	Loss 0.1472 (0.1331)	Error Ratio 0.4887 (3.0156)
03-02 17:23 INFO     Test: [600/1000]	Time 0.057 (0.063)	Loss 0.0804 (0.1337)	Error Ratio 0.5322 (2.9754)
03-02 17:23 INFO     Test: [620/1000]	Time 0.061 (0.063)	Loss 0.3955 (0.1337)	Error Ratio 0.6421 (2.9123)
03-02 17:23 INFO     Test: [640/1000]	Time 0.054 (0.063)	Loss 0.2219 (0.1335)	Error Ratio 1.2849 (5.9683)
03-02 17:23 INFO     Test: [660/1000]	Time 0.061 (0.063)	Loss 0.0783 (0.1335)	Error Ratio 0.4723 (5.8205)
03-02 17:23 INFO     Test: [680/1000]	Time 0.057 (0.063)	Loss 0.2248 (0.1334)	Error Ratio 1.1074 (5.7198)
03-02 17:23 INFO     Test: [700/1000]	Time 0.061 (0.063)	Loss 0.1379 (0.1331)	Error Ratio 16.6032 (5.6385)
03-02 17:23 INFO     Test: [720/1000]	Time 0.061 (0.063)	Loss 0.0999 (0.1327)	Error Ratio 0.6784 (5.5372)
03-02 17:23 INFO     Test: [740/1000]	Time 0.061 (0.063)	Loss 0.0811 (0.1336)	Error Ratio 0.5777 (5.4192)
03-02 17:23 INFO     Test: [760/1000]	Time 0.071 (0.063)	Loss 0.1373 (0.1332)	Error Ratio 0.6428 (5.3339)
03-02 17:23 INFO     Test: [780/1000]	Time 0.066 (0.063)	Loss 0.1420 (0.1330)	Error Ratio 0.5694 (5.2751)
03-02 17:23 INFO     Test: [800/1000]	Time 0.058 (0.064)	Loss 0.0781 (0.1325)	Error Ratio 28.9475 (5.2164)
03-02 17:23 INFO     Test: [820/1000]	Time 0.062 (0.064)	Loss 0.1290 (0.1328)	Error Ratio 0.5553 (5.1248)
03-02 17:23 INFO     Test: [840/1000]	Time 0.059 (0.063)	Loss 0.1797 (0.1326)	Error Ratio 0.7019 (5.0303)
03-02 17:23 INFO     Test: [860/1000]	Time 0.056 (0.063)	Loss 0.1021 (0.1325)	Error Ratio 1.3791 (4.9385)
03-02 17:23 INFO     Test: [880/1000]	Time 0.081 (0.064)	Loss 0.0720 (0.1329)	Error Ratio 0.4880 (4.8863)
03-02 17:23 INFO     Test: [900/1000]	Time 0.072 (0.064)	Loss 0.0950 (0.1332)	Error Ratio 0.5456 (4.8313)
03-02 17:23 INFO     Test: [920/1000]	Time 0.062 (0.064)	Loss 0.1291 (0.1333)	Error Ratio 0.5989 (4.7455)
03-02 17:23 INFO     Test: [940/1000]	Time 0.057 (0.064)	Loss 0.1009 (0.1330)	Error Ratio 0.5276 (4.7361)
03-02 17:23 INFO     Test: [960/1000]	Time 0.059 (0.064)	Loss 0.1392 (0.1328)	Error Ratio 0.4584 (4.6875)
03-02 17:23 INFO     Test: [980/1000]	Time 0.056 (0.063)	Loss 0.0991 (0.1324)	Error Ratio 0.7069 (4.6166)
03-02 17:23 INFO      * Average Error Ratio 4.566; Average Loss 0.132
03-02 17:23 INFO     Epoch: [1][20/11389]	Time 0.165 (0.184)	Data 0.000 (0.026)	Loss 0.1195 (0.1296)	Error Ratio 0.8742 (4.4895)
03-02 17:23 INFO     Epoch: [1][40/11389]	Time 0.146 (0.170)	Data 0.000 (0.013)	Loss 0.1446 (0.1278)	Error Ratio 0.7367 (4.3864)
03-02 17:23 INFO     Epoch: [1][60/11389]	Time 0.140 (0.165)	Data 0.000 (0.009)	Loss 0.1189 (0.1361)	Error Ratio 2.3005 (4.0367)
03-02 17:23 INFO     Epoch: [1][80/11389]	Time 0.158 (0.163)	Data 0.000 (0.007)	Loss 0.0926 (0.1321)	Error Ratio 1.6742 (3.2946)
03-02 17:23 INFO     Starting Profiler!: Backprop
03-02 17:24 INFO     Stopping Profiler: Backprop!
03-02 17:24 INFO     All profiling complete and --stop-after-profiling was given! Exiting
