03-02 17:24 INFO     TESTING
03-02 17:24 INFO     Prepare files
03-02 17:24 INFO     Define model
03-02 17:24 INFO     	Statistics
03-02 17:24 INFO     	Create model
03-02 17:24 INFO     Check cuda
03-02 17:24 INFO     	* Cuda
03-02 17:24 INFO     Optimizer
03-02 17:24 INFO     Logger
03-02 17:24 INFO     => loading best model './checkpoint/qm9/mpnn/model_best.pth'
03-02 17:24 INFO     => loaded best model './checkpoint/qm9/mpnn/model_best.pth' (epoch 1)
03-02 17:24 INFO     Epoch: [0][20/11389]	Time 0.151 (0.189)	Data 0.000 (0.027)	Loss 0.1701 (0.1452)	Error Ratio 1.7950 (3.1165)
03-02 17:24 INFO     Epoch: [0][40/11389]	Time 0.171 (0.172)	Data 0.000 (0.014)	Loss 0.0745 (0.1380)	Error Ratio 0.4384 (2.8630)
03-02 17:24 INFO     Epoch: [0][60/11389]	Time 0.147 (0.166)	Data 0.000 (0.010)	Loss 0.0983 (0.1316)	Error Ratio 1.6323 (2.8167)
03-02 17:24 INFO     Epoch: [0][80/11389]	Time 0.158 (0.164)	Data 0.000 (0.007)	Loss 0.1409 (0.1341)	Error Ratio 1.3128 (3.0128)
03-02 17:24 INFO     Epoch: [0][100/11389]	Time 0.184 (0.163)	Data 0.000 (0.006)	Loss 0.1319 (0.1348)	Error Ratio 0.5640 (2.8541)
03-02 17:24 INFO     Epoch: [0][120/11389]	Time 0.153 (0.162)	Data 0.000 (0.005)	Loss 0.0939 (0.1326)	Error Ratio 0.7321 (2.6638)
03-02 17:24 INFO     Epoch: [0][140/11389]	Time 0.158 (0.161)	Data 0.000 (0.004)	Loss 0.1110 (0.1314)	Error Ratio 1.2259 (2.5626)
03-02 17:24 INFO     Epoch: [0][160/11389]	Time 0.157 (0.160)	Data 0.000 (0.004)	Loss 0.1025 (0.1313)	Error Ratio 0.7511 (2.6594)
03-02 17:24 INFO     Epoch: [0][180/11389]	Time 0.158 (0.159)	Data 0.000 (0.003)	Loss 0.1212 (0.1297)	Error Ratio 0.8788 (2.4923)
03-02 17:24 INFO     Epoch: [0][200/11389]	Time 0.151 (0.159)	Data 0.000 (0.003)	Loss 0.1415 (0.1296)	Error Ratio 1.1511 (2.4289)
03-02 17:25 INFO     Epoch: [0][220/11389]	Time 0.148 (0.159)	Data 0.000 (0.003)	Loss 0.1450 (0.1313)	Error Ratio 1.9121 (2.5739)
03-02 17:25 INFO     Epoch: [0][240/11389]	Time 0.147 (0.159)	Data 0.000 (0.003)	Loss 0.1690 (0.1315)	Error Ratio 3.7330 (2.4808)
03-02 17:25 INFO     Epoch: [0][260/11389]	Time 0.170 (0.158)	Data 0.000 (0.002)	Loss 0.1590 (0.1329)	Error Ratio 1.1964 (3.2697)
03-02 17:25 INFO     Epoch: [0][280/11389]	Time 0.144 (0.158)	Data 0.000 (0.002)	Loss 0.1190 (0.1335)	Error Ratio 1.1294 (3.1790)
03-02 17:25 INFO     Epoch: [0][300/11389]	Time 0.130 (0.158)	Data 0.000 (0.002)	Loss 0.1030 (0.1339)	Error Ratio 0.6302 (3.0392)
03-02 17:25 INFO     Epoch: [0][320/11389]	Time 0.161 (0.158)	Data 0.000 (0.002)	Loss 0.1468 (0.1342)	Error Ratio 0.5597 (2.9170)
03-02 17:25 INFO     Epoch: [0][340/11389]	Time 0.151 (0.158)	Data 0.000 (0.002)	Loss 0.1326 (0.1332)	Error Ratio 0.6092 (2.8413)
03-02 17:25 INFO     Epoch: [0][360/11389]	Time 0.157 (0.158)	Data 0.000 (0.002)	Loss 0.1645 (0.1339)	Error Ratio 1.5687 (2.7992)
03-02 17:25 INFO     Epoch: [0][380/11389]	Time 0.157 (0.159)	Data 0.000 (0.002)	Loss 0.1022 (0.1331)	Error Ratio 0.6387 (2.8817)
03-02 17:25 INFO     Epoch: [0][400/11389]	Time 0.151 (0.159)	Data 0.000 (0.002)	Loss 0.1221 (0.1339)	Error Ratio 2.2418 (2.8038)
03-02 17:25 INFO     Epoch: [0][420/11389]	Time 0.168 (0.159)	Data 0.000 (0.002)	Loss 0.1268 (0.1344)	Error Ratio 2.6701 (2.7327)
03-02 17:25 INFO     Epoch: [0][440/11389]	Time 0.156 (0.159)	Data 0.000 (0.002)	Loss 0.0775 (0.1337)	Error Ratio 1.0464 (2.6513)
03-02 17:25 INFO     Epoch: [0][460/11389]	Time 0.147 (0.159)	Data 0.000 (0.001)	Loss 0.5935 (0.1353)	Error Ratio 0.6765 (2.6232)
03-02 17:25 INFO     Epoch: [0][480/11389]	Time 0.149 (0.159)	Data 0.000 (0.001)	Loss 0.1755 (0.1349)	Error Ratio 0.8730 (2.6225)
03-02 17:25 INFO     Epoch: [0][500/11389]	Time 0.145 (0.159)	Data 0.000 (0.001)	Loss 0.0766 (0.1343)	Error Ratio 1.0210 (2.6373)
03-02 17:25 INFO     Epoch: [0][520/11389]	Time 0.157 (0.159)	Data 0.000 (0.001)	Loss 0.2273 (0.1353)	Error Ratio 12.6856 (2.6248)
03-02 17:25 INFO     Epoch: [0][540/11389]	Time 0.165 (0.158)	Data 0.000 (0.001)	Loss 0.1845 (0.1362)	Error Ratio 2.1211 (2.5944)
03-02 17:25 INFO     Epoch: [0][560/11389]	Time 0.156 (0.159)	Data 0.000 (0.001)	Loss 0.2027 (0.1381)	Error Ratio 1.4033 (2.5812)
03-02 17:25 INFO     Epoch: [0][580/11389]	Time 0.161 (0.159)	Data 0.000 (0.001)	Loss 0.1072 (0.1385)	Error Ratio 0.8945 (2.5774)
03-02 17:26 INFO     Epoch: [0][600/11389]	Time 0.150 (0.159)	Data 0.000 (0.001)	Loss 0.0834 (0.1386)	Error Ratio 1.2195 (2.5465)
03-02 17:26 INFO     Epoch: [0][620/11389]	Time 0.169 (0.159)	Data 0.000 (0.001)	Loss 0.1262 (0.1392)	Error Ratio 2.5426 (2.5284)
03-02 17:26 INFO     Epoch: [0][640/11389]	Time 0.157 (0.159)	Data 0.000 (0.001)	Loss 0.1198 (0.1389)	Error Ratio 2.0114 (3.1914)
03-02 17:26 INFO     Epoch: [0][660/11389]	Time 0.159 (0.159)	Data 0.000 (0.001)	Loss 0.1009 (0.1384)	Error Ratio 0.2859 (3.1361)
03-02 17:26 INFO     Epoch: [0][680/11389]	Time 0.207 (0.159)	Data 0.000 (0.001)	Loss 0.0845 (0.1390)	Error Ratio 1.6759 (3.0814)
03-02 17:26 INFO     Epoch: [0][700/11389]	Time 0.165 (0.159)	Data 0.000 (0.001)	Loss 0.0828 (0.1389)	Error Ratio 1.0441 (3.0232)
03-02 17:26 INFO     Epoch: [0][720/11389]	Time 0.147 (0.159)	Data 0.000 (0.001)	Loss 0.2132 (0.1387)	Error Ratio 1.9683 (2.9777)
03-02 17:26 INFO     Epoch: [0][740/11389]	Time 0.170 (0.159)	Data 0.000 (0.001)	Loss 0.1258 (0.1389)	Error Ratio 0.4002 (2.9299)
03-02 17:26 INFO     Epoch: [0][760/11389]	Time 0.172 (0.159)	Data 0.000 (0.001)	Loss 0.1169 (0.1386)	Error Ratio 0.7359 (2.9595)
03-02 17:26 INFO     Epoch: [0][780/11389]	Time 0.157 (0.159)	Data 0.000 (0.001)	Loss 0.1472 (0.1382)	Error Ratio 0.8609 (2.9262)
03-02 17:26 INFO     Epoch: [0][800/11389]	Time 0.166 (0.159)	Data 0.000 (0.001)	Loss 0.0986 (0.1382)	Error Ratio 2.9575 (2.8757)
03-02 17:26 INFO     Epoch: [0][820/11389]	Time 0.173 (0.159)	Data 0.000 (0.001)	Loss 1.7706 (0.1399)	Error Ratio 0.6554 (2.8539)
03-02 17:26 INFO     Epoch: [0][840/11389]	Time 0.150 (0.159)	Data 0.000 (0.001)	Loss 0.1026 (0.1402)	Error Ratio 1.5858 (2.8474)
03-02 17:26 INFO     Epoch: [0][860/11389]	Time 0.138 (0.159)	Data 0.000 (0.001)	Loss 0.1207 (0.1400)	Error Ratio 9.7422 (2.8560)
03-02 17:26 INFO     Epoch: [0][880/11389]	Time 0.158 (0.159)	Data 0.000 (0.001)	Loss 0.1619 (0.1405)	Error Ratio 1.5139 (2.8316)
03-02 17:26 INFO     Epoch: [0][900/11389]	Time 0.151 (0.159)	Data 0.000 (0.001)	Loss 0.1171 (0.1400)	Error Ratio 0.8432 (2.8012)
03-02 17:26 INFO     Epoch: [0][920/11389]	Time 0.170 (0.159)	Data 0.000 (0.001)	Loss 0.1457 (0.1406)	Error Ratio 0.8619 (2.7780)
03-02 17:26 INFO     Epoch: [0][940/11389]	Time 0.160 (0.159)	Data 0.000 (0.001)	Loss 0.1193 (0.1413)	Error Ratio 0.4283 (2.8104)
03-02 17:26 INFO     Epoch: [0][960/11389]	Time 0.183 (0.159)	Data 0.000 (0.001)	Loss 0.1057 (0.1415)	Error Ratio 0.9128 (2.7754)
03-02 17:27 INFO     Epoch: [0][980/11389]	Time 0.152 (0.159)	Data 0.000 (0.001)	Loss 0.1154 (0.1415)	Error Ratio 2.9527 (2.8206)
03-02 17:27 INFO     Epoch: [0][1000/11389]	Time 0.170 (0.159)	Data 0.000 (0.001)	Loss 0.1132 (0.1411)	Error Ratio 2.7336 (2.7957)
03-02 17:27 INFO     Epoch: [0][1020/11389]	Time 0.157 (0.159)	Data 0.000 (0.001)	Loss 0.1158 (0.1410)	Error Ratio 1.1195 (2.7645)
03-02 17:27 INFO     Epoch: [0][1040/11389]	Time 0.158 (0.159)	Data 0.000 (0.001)	Loss 0.1222 (0.1407)	Error Ratio 0.8279 (2.7332)
03-02 17:27 INFO     Epoch: [0][1060/11389]	Time 0.138 (0.159)	Data 0.000 (0.001)	Loss 0.1012 (0.1405)	Error Ratio 1.2466 (2.7332)
03-02 17:27 INFO     Epoch: [0][1080/11389]	Time 0.146 (0.159)	Data 0.000 (0.001)	Loss 0.0825 (0.1413)	Error Ratio 1.0607 (2.7647)
03-02 17:27 INFO     Epoch: [0][1100/11389]	Time 0.145 (0.159)	Data 0.000 (0.001)	Loss 0.1615 (0.1411)	Error Ratio 1.2694 (2.7402)
03-02 17:27 INFO     Epoch: [0][1120/11389]	Time 0.162 (0.159)	Data 0.000 (0.001)	Loss 0.1325 (0.1413)	Error Ratio 1.4130 (2.7103)
03-02 17:27 INFO     Epoch: [0][1140/11389]	Time 0.170 (0.159)	Data 0.000 (0.001)	Loss 0.0991 (0.1420)	Error Ratio 1.2042 (3.7272)
03-02 17:27 INFO     Epoch: [0][1160/11389]	Time 0.157 (0.159)	Data 0.000 (0.001)	Loss 0.1097 (0.1420)	Error Ratio 0.7510 (3.6923)
03-02 17:27 INFO     Epoch: [0][1180/11389]	Time 0.230 (0.159)	Data 0.000 (0.001)	Loss 0.2265 (0.1420)	Error Ratio 0.8621 (3.6524)
03-02 17:27 INFO     Epoch: [0][1200/11389]	Time 0.158 (0.159)	Data 0.000 (0.001)	Loss 0.0990 (0.1420)	Error Ratio 3.7047 (3.6403)
03-02 17:27 INFO     Epoch: [0][1220/11389]	Time 0.148 (0.159)	Data 0.000 (0.001)	Loss 0.0981 (0.1421)	Error Ratio 5.7628 (3.6354)
03-02 17:27 INFO     Epoch: [0][1240/11389]	Time 0.143 (0.159)	Data 0.000 (0.001)	Loss 0.1224 (0.1418)	Error Ratio 2.4919 (3.5946)
03-02 17:27 INFO     Epoch: [0][1260/11389]	Time 0.152 (0.159)	Data 0.000 (0.001)	Loss 0.0816 (0.1416)	Error Ratio 0.9492 (3.5714)
03-02 17:27 INFO     Epoch: [0][1280/11389]	Time 0.158 (0.159)	Data 0.000 (0.001)	Loss 0.1617 (0.1412)	Error Ratio 1.2999 (3.5515)
03-02 17:27 INFO     Epoch: [0][1300/11389]	Time 0.146 (0.159)	Data 0.000 (0.001)	Loss 0.0794 (0.1410)	Error Ratio 0.7991 (3.5203)
03-02 17:27 INFO     Epoch: [0][1320/11389]	Time 0.150 (0.159)	Data 0.000 (0.001)	Loss 0.1437 (0.1409)	Error Ratio 0.8466 (3.4896)
03-02 17:27 INFO     Epoch: [0][1340/11389]	Time 0.157 (0.159)	Data 0.000 (0.001)	Loss 0.1180 (0.1408)	Error Ratio 0.9666 (3.4668)
03-02 17:28 INFO     Epoch: [0][1360/11389]	Time 0.158 (0.159)	Data 0.000 (0.001)	Loss 0.1993 (0.1406)	Error Ratio 1.5345 (3.4393)
03-02 17:28 INFO     Epoch: [0][1380/11389]	Time 0.172 (0.159)	Data 0.000 (0.001)	Loss 0.2088 (0.1407)	Error Ratio 1.3852 (3.4147)
03-02 17:28 INFO     Epoch: [0][1400/11389]	Time 0.179 (0.159)	Data 0.000 (0.001)	Loss 0.1756 (0.1408)	Error Ratio 1.0836 (3.3880)
03-02 17:28 INFO     Epoch: [0][1420/11389]	Time 0.174 (0.159)	Data 0.000 (0.001)	Loss 0.2596 (0.1411)	Error Ratio 1.0688 (3.3748)
03-02 17:28 INFO     Epoch: [0][1440/11389]	Time 0.132 (0.159)	Data 0.000 (0.001)	Loss 0.1091 (0.1409)	Error Ratio 0.7834 (3.3553)
03-02 17:28 INFO     Epoch: [0][1460/11389]	Time 0.150 (0.159)	Data 0.000 (0.001)	Loss 0.0981 (0.1406)	Error Ratio 0.6673 (3.3277)
03-02 17:28 INFO     Epoch: [0][1480/11389]	Time 0.156 (0.159)	Data 0.000 (0.001)	Loss 0.0964 (0.1403)	Error Ratio 0.6824 (3.3150)
03-02 17:28 INFO     Epoch: [0][1500/11389]	Time 0.152 (0.159)	Data 0.000 (0.001)	Loss 0.0642 (0.1401)	Error Ratio 0.6219 (3.2996)
03-02 17:28 INFO     Epoch: [0][1520/11389]	Time 0.170 (0.159)	Data 0.000 (0.001)	Loss 0.0948 (0.1410)	Error Ratio 2.9881 (3.2826)
03-02 17:28 INFO     Epoch: [0][1540/11389]	Time 0.156 (0.159)	Data 0.000 (0.001)	Loss 0.1192 (0.1410)	Error Ratio 0.8908 (3.2784)
03-02 17:28 INFO     Epoch: [0][1560/11389]	Time 0.157 (0.159)	Data 0.000 (0.001)	Loss 0.1152 (0.1410)	Error Ratio 1.6045 (3.2556)
03-02 17:28 INFO     Epoch: [0][1580/11389]	Time 0.146 (0.159)	Data 0.000 (0.001)	Loss 0.1299 (0.1409)	Error Ratio 1.0656 (3.2312)
03-02 17:28 INFO     Epoch: [0][1600/11389]	Time 0.170 (0.159)	Data 0.000 (0.001)	Loss 0.1270 (0.1407)	Error Ratio 0.6490 (3.2033)
03-02 17:28 INFO     Epoch: [0][1620/11389]	Time 0.164 (0.159)	Data 0.000 (0.001)	Loss 0.0850 (0.1408)	Error Ratio 0.6864 (3.1810)
03-02 17:28 INFO     Epoch: [0][1640/11389]	Time 0.144 (0.159)	Data 0.000 (0.001)	Loss 0.0723 (0.1404)	Error Ratio 0.7072 (3.1580)
03-02 17:28 INFO     Epoch: [0][1660/11389]	Time 0.150 (0.159)	Data 0.000 (0.001)	Loss 0.0831 (0.1402)	Error Ratio 0.8840 (3.1513)
03-02 17:28 INFO     Epoch: [0][1680/11389]	Time 0.176 (0.159)	Data 0.000 (0.001)	Loss 0.1315 (0.1403)	Error Ratio 2.7438 (3.1445)
03-02 17:28 INFO     Epoch: [0][1700/11389]	Time 0.165 (0.159)	Data 0.000 (0.001)	Loss 0.1183 (0.1403)	Error Ratio 1.4622 (3.1195)
03-02 17:28 INFO     Epoch: [0][1720/11389]	Time 0.156 (0.159)	Data 0.000 (0.001)	Loss 0.0695 (0.1401)	Error Ratio 0.6713 (3.0936)
03-02 17:29 INFO     Epoch: [0][1740/11389]	Time 0.152 (0.159)	Data 0.000 (0.001)	Loss 0.1336 (0.1401)	Error Ratio 0.7012 (3.0869)
03-02 17:29 INFO     Epoch: [0][1760/11389]	Time 0.151 (0.159)	Data 0.000 (0.001)	Loss 0.1284 (0.1400)	Error Ratio 0.8497 (3.0773)
03-02 17:29 INFO     Epoch: [0][1780/11389]	Time 0.157 (0.159)	Data 0.000 (0.001)	Loss 0.1697 (0.1401)	Error Ratio 1.1087 (3.0599)
03-02 17:29 INFO     Epoch: [0][1800/11389]	Time 0.157 (0.159)	Data 0.000 (0.001)	Loss 0.0486 (0.1398)	Error Ratio 1.1118 (3.2146)
03-02 17:29 INFO     Epoch: [0][1820/11389]	Time 0.159 (0.159)	Data 0.000 (0.001)	Loss 0.1084 (0.1395)	Error Ratio 3.3861 (3.1925)
03-02 17:29 INFO     Epoch: [0][1840/11389]	Time 0.158 (0.159)	Data 0.000 (0.001)	Loss 0.0590 (0.1392)	Error Ratio 2.6584 (3.1706)
03-02 17:29 INFO     Epoch: [0][1860/11389]	Time 0.161 (0.159)	Data 0.000 (0.001)	Loss 0.0640 (0.1389)	Error Ratio 3.3498 (3.1669)
03-02 17:29 INFO     Epoch: [0][1880/11389]	Time 0.156 (0.159)	Data 0.000 (0.001)	Loss 0.1349 (0.1391)	Error Ratio 1.1898 (3.1668)
03-02 17:29 INFO     Epoch: [0][1900/11389]	Time 0.143 (0.159)	Data 0.000 (0.001)	Loss 0.1143 (0.1388)	Error Ratio 1.3399 (3.1776)
03-02 17:29 INFO     Epoch: [0][1920/11389]	Time 0.157 (0.159)	Data 0.000 (0.001)	Loss 0.0964 (0.1386)	Error Ratio 2.3212 (3.1554)
03-02 17:29 INFO     Epoch: [0][1940/11389]	Time 0.138 (0.159)	Data 0.000 (0.001)	Loss 0.1044 (0.1385)	Error Ratio 2.2472 (3.1386)
03-02 17:29 INFO     Epoch: [0][1960/11389]	Time 0.138 (0.159)	Data 0.000 (0.001)	Loss 0.2027 (0.1383)	Error Ratio 0.7798 (3.1201)
03-02 17:29 INFO     Epoch: [0][1980/11389]	Time 0.157 (0.159)	Data 0.000 (0.001)	Loss 0.2191 (0.1384)	Error Ratio 0.5548 (3.0984)
03-02 17:29 INFO     Epoch: [0][2000/11389]	Time 0.171 (0.159)	Data 0.000 (0.001)	Loss 0.1618 (0.1383)	Error Ratio 4.7353 (3.0811)
03-02 17:29 INFO     Epoch: [0][2020/11389]	Time 0.156 (0.159)	Data 0.000 (0.001)	Loss 0.1857 (0.1381)	Error Ratio 1.3158 (3.0604)
03-02 17:29 INFO     Epoch: [0][2040/11389]	Time 0.156 (0.159)	Data 0.000 (0.001)	Loss 0.0887 (0.1379)	Error Ratio 0.9168 (3.0416)
03-02 17:29 INFO     Epoch: [0][2060/11389]	Time 0.223 (0.159)	Data 0.000 (0.001)	Loss 0.1099 (0.1378)	Error Ratio 6.6370 (3.0253)
03-02 17:29 INFO     Epoch: [0][2080/11389]	Time 0.158 (0.159)	Data 0.000 (0.001)	Loss 0.1460 (0.1376)	Error Ratio 0.5098 (3.0116)
03-02 17:29 INFO     Epoch: [0][2100/11389]	Time 0.145 (0.159)	Data 0.000 (0.001)	Loss 0.1519 (0.1377)	Error Ratio 0.6425 (2.9910)
03-02 17:30 INFO     Epoch: [0][2120/11389]	Time 0.150 (0.159)	Data 0.000 (0.001)	Loss 0.1082 (0.1378)	Error Ratio 0.6879 (2.9756)
03-02 17:30 INFO     Epoch: [0][2140/11389]	Time 0.148 (0.159)	Data 0.000 (0.001)	Loss 0.1667 (0.1379)	Error Ratio 2.3547 (2.9589)
03-02 17:30 INFO     Epoch: [0][2160/11389]	Time 0.164 (0.159)	Data 0.000 (0.001)	Loss 0.2479 (0.1379)	Error Ratio 1.0000 (2.9735)
03-02 17:30 INFO     Epoch: [0][2180/11389]	Time 0.157 (0.159)	Data 0.000 (0.001)	Loss 0.0709 (0.1379)	Error Ratio 0.8768 (2.9591)
03-02 17:30 INFO     Epoch: [0][2200/11389]	Time 0.172 (0.159)	Data 0.000 (0.001)	Loss 0.1948 (0.1378)	Error Ratio 0.6550 (2.9412)
03-02 17:30 INFO     Epoch: [0][2220/11389]	Time 0.139 (0.159)	Data 0.000 (0.001)	Loss 0.1053 (0.1379)	Error Ratio 1.1035 (2.9243)
03-02 17:30 INFO     Epoch: [0][2240/11389]	Time 0.158 (0.159)	Data 0.000 (0.001)	Loss 0.1054 (0.1376)	Error Ratio 0.5549 (2.9112)
03-02 17:30 INFO     Epoch: [0][2260/11389]	Time 0.183 (0.159)	Data 0.000 (0.001)	Loss 0.1244 (0.1377)	Error Ratio 0.9749 (2.8953)
03-02 17:30 INFO     Epoch: [0][2280/11389]	Time 0.159 (0.159)	Data 0.000 (0.001)	Loss 0.0579 (0.1375)	Error Ratio 1.2821 (2.9032)
03-02 17:30 INFO     Epoch: [0][2300/11389]	Time 0.144 (0.159)	Data 0.000 (0.001)	Loss 0.0925 (0.1374)	Error Ratio 0.6919 (2.9154)
03-02 17:30 INFO     Epoch: [0][2320/11389]	Time 0.167 (0.159)	Data 0.000 (0.001)	Loss 0.1048 (0.1374)	Error Ratio 0.7570 (2.9007)
03-02 17:30 INFO     Epoch: [0][2340/11389]	Time 0.146 (0.159)	Data 0.000 (0.001)	Loss 0.1544 (0.1375)	Error Ratio 1.6461 (2.8873)
03-02 17:30 INFO     Epoch: [0][2360/11389]	Time 0.170 (0.159)	Data 0.000 (0.001)	Loss 0.1764 (0.1375)	Error Ratio 0.5976 (2.8822)
03-02 17:30 INFO     Epoch: [0][2380/11389]	Time 0.150 (0.160)	Data 0.000 (0.001)	Loss 0.0915 (0.1379)	Error Ratio 1.4548 (2.8832)
03-02 17:30 INFO     Epoch: [0][2400/11389]	Time 0.164 (0.159)	Data 0.000 (0.001)	Loss 0.2660 (0.1380)	Error Ratio 5.3800 (2.8713)
03-02 17:30 INFO     Epoch: [0][2420/11389]	Time 0.158 (0.160)	Data 0.000 (0.001)	Loss 0.1095 (0.1379)	Error Ratio 0.9376 (2.8566)
03-02 17:30 INFO     Epoch: [0][2440/11389]	Time 0.154 (0.160)	Data 0.000 (0.001)	Loss 0.0999 (0.1382)	Error Ratio 0.6019 (2.8434)
03-02 17:30 INFO     Epoch: [0][2460/11389]	Time 0.171 (0.159)	Data 0.000 (0.001)	Loss 0.1739 (0.1384)	Error Ratio 0.4292 (2.8330)
03-02 17:31 INFO     Epoch: [0][2480/11389]	Time 0.141 (0.159)	Data 0.000 (0.000)	Loss 0.1259 (0.1382)	Error Ratio 2.2269 (2.8189)
03-02 17:31 INFO     Epoch: [0][2500/11389]	Time 0.144 (0.159)	Data 0.000 (0.000)	Loss 0.1729 (0.1382)	Error Ratio 0.9540 (2.8105)
03-02 17:31 INFO     Epoch: [0][2520/11389]	Time 0.170 (0.159)	Data 0.000 (0.000)	Loss 0.3577 (0.1382)	Error Ratio 0.8346 (2.7972)
03-02 17:31 INFO     Epoch: [0][2540/11389]	Time 0.143 (0.159)	Data 0.000 (0.000)	Loss 0.1883 (0.1385)	Error Ratio 0.8021 (2.7843)
03-02 17:31 INFO     Epoch: [0][2560/11389]	Time 0.187 (0.159)	Data 0.000 (0.000)	Loss 0.1565 (0.1389)	Error Ratio 0.6540 (2.7774)
03-02 17:31 INFO     Epoch: [0][2580/11389]	Time 0.164 (0.159)	Data 0.000 (0.000)	Loss 0.0884 (0.1389)	Error Ratio 0.9713 (2.8342)
03-02 17:31 INFO     Epoch: [0][2600/11389]	Time 0.144 (0.159)	Data 0.000 (0.000)	Loss 0.1666 (0.1387)	Error Ratio 0.9501 (2.8313)
03-02 17:31 INFO     Epoch: [0][2620/11389]	Time 0.166 (0.159)	Data 0.000 (0.000)	Loss 0.1106 (0.1387)	Error Ratio 52.8953 (2.8435)
03-02 17:31 INFO     Epoch: [0][2640/11389]	Time 0.163 (0.159)	Data 0.000 (0.000)	Loss 0.0976 (0.1386)	Error Ratio 39.1345 (2.8556)
03-02 17:31 INFO     Epoch: [0][2660/11389]	Time 0.137 (0.159)	Data 0.000 (0.000)	Loss 0.0797 (0.1385)	Error Ratio 1.5642 (2.8414)
03-02 17:31 INFO     Epoch: [0][2680/11389]	Time 0.158 (0.159)	Data 0.000 (0.000)	Loss 0.1349 (0.1384)	Error Ratio 1.3098 (2.8310)
03-02 17:31 INFO     Epoch: [0][2700/11389]	Time 0.170 (0.159)	Data 0.000 (0.000)	Loss 0.2039 (0.1383)	Error Ratio 0.5496 (2.8323)
03-02 17:31 INFO     Epoch: [0][2720/11389]	Time 0.157 (0.159)	Data 0.000 (0.000)	Loss 0.1176 (0.1383)	Error Ratio 1.0261 (2.8363)
03-02 17:31 INFO     Epoch: [0][2740/11389]	Time 0.176 (0.159)	Data 0.000 (0.000)	Loss 0.1324 (0.1383)	Error Ratio 1.1647 (2.8234)
03-02 17:31 INFO     Epoch: [0][2760/11389]	Time 0.171 (0.159)	Data 0.000 (0.000)	Loss 0.0814 (0.1383)	Error Ratio 0.3922 (2.8442)
03-02 17:31 INFO     Epoch: [0][2780/11389]	Time 0.153 (0.159)	Data 0.000 (0.000)	Loss 0.1325 (0.1383)	Error Ratio 0.9332 (2.8330)
03-02 17:31 INFO     Epoch: [0][2800/11389]	Time 0.173 (0.159)	Data 0.000 (0.000)	Loss 0.1419 (0.1382)	Error Ratio 0.7720 (2.8219)
03-02 17:31 INFO     Epoch: [0][2820/11389]	Time 0.170 (0.159)	Data 0.000 (0.000)	Loss 0.1583 (0.1382)	Error Ratio 0.9751 (2.8133)
03-02 17:31 INFO     Epoch: [0][2840/11389]	Time 0.157 (0.159)	Data 0.000 (0.000)	Loss 0.1200 (0.1380)	Error Ratio 0.8136 (2.8018)
03-02 17:32 INFO     Epoch: [0][2860/11389]	Time 0.146 (0.159)	Data 0.000 (0.000)	Loss 0.0690 (0.1379)	Error Ratio 0.8556 (2.7953)
03-02 17:32 INFO     Epoch: [0][2880/11389]	Time 0.138 (0.159)	Data 0.000 (0.000)	Loss 0.1758 (0.1381)	Error Ratio 0.8977 (2.7840)
03-02 17:32 INFO     Epoch: [0][2900/11389]	Time 0.160 (0.160)	Data 0.000 (0.000)	Loss 0.1367 (0.1382)	Error Ratio 3.9272 (2.7737)
03-02 17:32 INFO     Epoch: [0][2920/11389]	Time 0.167 (0.160)	Data 0.000 (0.000)	Loss 0.2186 (0.1382)	Error Ratio 3.8137 (2.7643)
03-02 17:32 INFO     Epoch: [0][2940/11389]	Time 0.158 (0.160)	Data 0.000 (0.000)	Loss 0.1014 (0.1383)	Error Ratio 1.1785 (2.7849)
03-02 17:32 INFO     Epoch: [0][2960/11389]	Time 0.144 (0.160)	Data 0.000 (0.000)	Loss 0.1267 (0.1382)	Error Ratio 1.4882 (2.7836)
03-02 17:32 INFO     Epoch: [0][2980/11389]	Time 0.144 (0.160)	Data 0.000 (0.000)	Loss 0.0844 (0.1381)	Error Ratio 3.4085 (2.7724)
03-02 17:32 INFO     Epoch: [0][3000/11389]	Time 0.151 (0.160)	Data 0.000 (0.000)	Loss 0.0780 (0.1384)	Error Ratio 0.7834 (2.7608)
03-02 17:32 INFO     Epoch: [0][3020/11389]	Time 0.157 (0.159)	Data 0.000 (0.000)	Loss 0.1585 (0.1389)	Error Ratio 1.1491 (2.7507)
03-02 17:32 INFO     Epoch: [0][3040/11389]	Time 0.179 (0.160)	Data 0.000 (0.000)	Loss 0.1994 (0.1390)	Error Ratio 2.7354 (2.7510)
03-02 17:32 INFO     Epoch: [0][3060/11389]	Time 0.194 (0.160)	Data 0.000 (0.000)	Loss 0.1433 (0.1392)	Error Ratio 0.6865 (2.7394)
03-02 17:32 INFO     Epoch: [0][3080/11389]	Time 0.138 (0.160)	Data 0.000 (0.000)	Loss 0.1971 (0.1395)	Error Ratio 19.6762 (2.7358)
03-02 17:32 INFO     Epoch: [0][3100/11389]	Time 0.165 (0.160)	Data 0.000 (0.000)	Loss 0.0871 (0.1396)	Error Ratio 0.9143 (2.7325)
03-02 17:32 INFO     Epoch: [0][3120/11389]	Time 0.161 (0.160)	Data 0.000 (0.000)	Loss 0.2676 (0.1396)	Error Ratio 0.5171 (2.9395)
03-02 17:32 INFO     Epoch: [0][3140/11389]	Time 0.147 (0.160)	Data 0.000 (0.000)	Loss 0.0893 (0.1395)	Error Ratio 3.3135 (2.9298)
03-02 17:32 INFO     Epoch: [0][3160/11389]	Time 0.153 (0.160)	Data 0.000 (0.000)	Loss 0.2195 (0.1396)	Error Ratio 1.4949 (2.9178)
03-02 17:32 INFO     Epoch: [0][3180/11389]	Time 0.202 (0.160)	Data 0.000 (0.000)	Loss 0.1112 (0.1395)	Error Ratio 0.7120 (2.9082)
03-02 17:32 INFO     Epoch: [0][3200/11389]	Time 0.165 (0.160)	Data 0.000 (0.000)	Loss 0.1362 (0.1395)	Error Ratio 1.5803 (2.8966)
03-02 17:32 INFO     Epoch: [0][3220/11389]	Time 0.162 (0.159)	Data 0.000 (0.000)	Loss 0.1635 (0.1394)	Error Ratio 0.8575 (2.8841)
03-02 17:33 INFO     Epoch: [0][3240/11389]	Time 0.157 (0.159)	Data 0.000 (0.000)	Loss 0.0872 (0.1392)	Error Ratio 1.4044 (2.8735)
03-02 17:33 INFO     Epoch: [0][3260/11389]	Time 0.157 (0.159)	Data 0.000 (0.000)	Loss 0.0706 (0.1390)	Error Ratio 0.4780 (2.8662)
03-02 17:33 INFO     Epoch: [0][3280/11389]	Time 0.177 (0.159)	Data 0.000 (0.000)	Loss 0.1776 (0.1393)	Error Ratio 1.9212 (2.8605)
03-02 17:33 INFO     Epoch: [0][3300/11389]	Time 0.153 (0.159)	Data 0.000 (0.000)	Loss 0.1352 (0.1393)	Error Ratio 1.1448 (2.8530)
03-02 17:33 INFO     Epoch: [0][3320/11389]	Time 0.171 (0.159)	Data 0.000 (0.000)	Loss 0.0943 (0.1392)	Error Ratio 0.6447 (2.8411)
03-02 17:33 INFO     Epoch: [0][3340/11389]	Time 0.132 (0.159)	Data 0.000 (0.000)	Loss 0.1201 (0.1392)	Error Ratio 0.7546 (2.8435)
03-02 17:33 INFO     Epoch: [0][3360/11389]	Time 0.164 (0.159)	Data 0.000 (0.000)	Loss 0.0929 (0.1393)	Error Ratio 0.6436 (2.8377)
03-02 17:33 INFO     Epoch: [0][3380/11389]	Time 0.158 (0.159)	Data 0.000 (0.000)	Loss 0.0885 (0.1391)	Error Ratio 1.1533 (2.8514)
03-02 17:33 INFO     Epoch: [0][3400/11389]	Time 0.176 (0.159)	Data 0.000 (0.000)	Loss 0.0969 (0.1390)	Error Ratio 1.0244 (2.8480)
03-02 17:33 INFO     Epoch: [0][3420/11389]	Time 0.139 (0.159)	Data 0.000 (0.000)	Loss 0.1053 (0.1388)	Error Ratio 0.9610 (2.8383)
03-02 17:33 INFO     Epoch: [0][3440/11389]	Time 0.158 (0.159)	Data 0.000 (0.000)	Loss 0.1124 (0.1386)	Error Ratio 0.5754 (2.8351)
03-02 17:33 INFO     Epoch: [0][3460/11389]	Time 0.157 (0.159)	Data 0.000 (0.000)	Loss 0.1379 (0.1385)	Error Ratio 0.9997 (2.8272)
03-02 17:33 INFO     Epoch: [0][3480/11389]	Time 0.158 (0.159)	Data 0.000 (0.000)	Loss 0.0873 (0.1385)	Error Ratio 2.5194 (2.8282)
03-02 17:33 INFO     Epoch: [0][3500/11389]	Time 0.188 (0.159)	Data 0.000 (0.000)	Loss 0.1492 (0.1386)	Error Ratio 0.7823 (2.8325)
03-02 17:33 INFO     Epoch: [0][3520/11389]	Time 0.173 (0.159)	Data 0.000 (0.000)	Loss 0.1246 (0.1385)	Error Ratio 0.5559 (2.8211)
03-02 17:33 INFO     Epoch: [0][3540/11389]	Time 0.144 (0.159)	Data 0.000 (0.000)	Loss 0.1820 (0.1385)	Error Ratio 0.7342 (2.8310)
03-02 17:33 INFO     Epoch: [0][3560/11389]	Time 0.171 (0.159)	Data 0.000 (0.000)	Loss 0.2577 (0.1386)	Error Ratio 0.9402 (2.8251)
03-02 17:33 INFO     Epoch: [0][3580/11389]	Time 0.158 (0.159)	Data 0.000 (0.000)	Loss 0.2579 (0.1386)	Error Ratio 2.8403 (2.8154)
03-02 17:33 INFO     Epoch: [0][3600/11389]	Time 0.158 (0.159)	Data 0.000 (0.000)	Loss 0.0755 (0.1385)	Error Ratio 0.4384 (2.8339)
03-02 17:34 INFO     Epoch: [0][3620/11389]	Time 0.168 (0.159)	Data 0.000 (0.000)	Loss 0.2094 (0.1384)	Error Ratio 0.9343 (2.8457)
03-02 17:34 INFO     Epoch: [0][3640/11389]	Time 0.163 (0.159)	Data 0.000 (0.000)	Loss 0.1043 (0.1383)	Error Ratio 0.8735 (2.8409)
03-02 17:34 INFO     Epoch: [0][3660/11389]	Time 0.162 (0.160)	Data 0.000 (0.000)	Loss 0.1352 (0.1383)	Error Ratio 0.5176 (2.8474)
03-02 17:34 INFO     Epoch: [0][3680/11389]	Time 0.151 (0.160)	Data 0.000 (0.000)	Loss 0.1853 (0.1384)	Error Ratio 0.5776 (2.8403)
03-02 17:34 INFO     Epoch: [0][3700/11389]	Time 0.149 (0.160)	Data 0.000 (0.000)	Loss 0.1098 (0.1385)	Error Ratio 0.9784 (2.8559)
03-02 17:34 INFO     Epoch: [0][3720/11389]	Time 0.151 (0.160)	Data 0.000 (0.000)	Loss 0.1789 (0.1385)	Error Ratio 0.9971 (2.8559)
03-02 17:34 INFO     Epoch: [0][3740/11389]	Time 0.160 (0.160)	Data 0.000 (0.000)	Loss 0.1238 (0.1384)	Error Ratio 0.8065 (2.8460)
03-02 17:34 INFO     Epoch: [0][3760/11389]	Time 0.154 (0.160)	Data 0.000 (0.000)	Loss 0.1400 (0.1383)	Error Ratio 0.7673 (2.8514)
03-02 17:34 INFO     Epoch: [0][3780/11389]	Time 0.186 (0.160)	Data 0.000 (0.000)	Loss 0.0911 (0.1382)	Error Ratio 1.0797 (2.8621)
03-02 17:34 INFO     Epoch: [0][3800/11389]	Time 0.185 (0.160)	Data 0.000 (0.000)	Loss 0.0787 (0.1381)	Error Ratio 0.5228 (2.8593)
03-02 17:34 INFO     Epoch: [0][3820/11389]	Time 0.158 (0.160)	Data 0.000 (0.000)	Loss 0.0811 (0.1381)	Error Ratio 1.9111 (2.8573)
03-02 17:34 INFO     Epoch: [0][3840/11389]	Time 0.162 (0.160)	Data 0.000 (0.000)	Loss 0.0882 (0.1382)	Error Ratio 2.0600 (2.8558)
03-02 17:34 INFO     Epoch: [0][3860/11389]	Time 0.156 (0.160)	Data 0.000 (0.000)	Loss 0.0726 (0.1382)	Error Ratio 0.8832 (2.8498)
03-02 17:34 INFO     Epoch: [0][3880/11389]	Time 0.149 (0.159)	Data 0.000 (0.000)	Loss 0.0786 (0.1381)	Error Ratio 0.7859 (2.8423)
03-02 17:34 INFO     Epoch: [0][3900/11389]	Time 0.151 (0.159)	Data 0.000 (0.000)	Loss 0.0807 (0.1381)	Error Ratio 1.0988 (2.8436)
03-02 17:34 INFO     Epoch: [0][3920/11389]	Time 0.170 (0.159)	Data 0.000 (0.000)	Loss 0.1041 (0.1382)	Error Ratio 0.8433 (2.8423)
03-02 17:34 INFO     Epoch: [0][3940/11389]	Time 0.151 (0.159)	Data 0.000 (0.000)	Loss 0.0801 (0.1381)	Error Ratio 0.7494 (2.8373)
03-02 17:34 INFO     Epoch: [0][3960/11389]	Time 0.145 (0.159)	Data 0.000 (0.000)	Loss 0.1661 (0.1380)	Error Ratio 0.7690 (2.8289)
03-02 17:35 INFO     Epoch: [0][3980/11389]	Time 0.176 (0.159)	Data 0.000 (0.000)	Loss 0.2198 (0.1379)	Error Ratio 0.6625 (2.8206)
03-02 17:35 INFO     Epoch: [0][4000/11389]	Time 0.176 (0.159)	Data 0.000 (0.000)	Loss 0.1300 (0.1379)	Error Ratio 0.6153 (2.8125)
03-02 17:35 INFO     Epoch: [0][4020/11389]	Time 0.156 (0.159)	Data 0.000 (0.000)	Loss 0.1820 (0.1379)	Error Ratio 1.1244 (2.8120)
03-02 17:35 INFO     Epoch: [0][4040/11389]	Time 0.184 (0.159)	Data 0.000 (0.000)	Loss 0.1499 (0.1379)	Error Ratio 0.8523 (2.8091)
03-02 17:35 INFO     Epoch: [0][4060/11389]	Time 0.132 (0.159)	Data 0.000 (0.000)	Loss 0.1472 (0.1379)	Error Ratio 0.8420 (2.8011)
03-02 17:35 INFO     Epoch: [0][4080/11389]	Time 0.157 (0.159)	Data 0.000 (0.000)	Loss 0.1357 (0.1379)	Error Ratio 1.2729 (2.7920)
03-02 17:35 INFO     Epoch: [0][4100/11389]	Time 0.144 (0.159)	Data 0.000 (0.000)	Loss 0.1061 (0.1378)	Error Ratio 0.7057 (2.8077)
03-02 17:35 INFO     Epoch: [0][4120/11389]	Time 0.145 (0.159)	Data 0.000 (0.000)	Loss 0.1036 (0.1378)	Error Ratio 3.4890 (2.8051)
03-02 17:35 INFO     Epoch: [0][4140/11389]	Time 0.185 (0.159)	Data 0.000 (0.000)	Loss 0.1173 (0.1377)	Error Ratio 1.2271 (2.7973)
03-02 17:35 INFO     Epoch: [0][4160/11389]	Time 0.177 (0.159)	Data 0.000 (0.000)	Loss 0.1160 (0.1376)	Error Ratio 1.1425 (2.7911)
03-02 17:35 INFO     Epoch: [0][4180/11389]	Time 0.157 (0.159)	Data 0.000 (0.000)	Loss 0.2115 (0.1376)	Error Ratio 1.2959 (2.7915)
03-02 17:35 INFO     Epoch: [0][4200/11389]	Time 0.144 (0.159)	Data 0.000 (0.000)	Loss 0.1058 (0.1376)	Error Ratio 0.6276 (2.7827)
03-02 17:35 INFO     Epoch: [0][4220/11389]	Time 0.165 (0.159)	Data 0.000 (0.000)	Loss 0.3128 (0.1377)	Error Ratio 1.0002 (2.7747)
03-02 17:35 INFO     Epoch: [0][4240/11389]	Time 0.136 (0.159)	Data 0.000 (0.000)	Loss 0.1360 (0.1379)	Error Ratio 1.2012 (2.7879)
03-02 17:35 INFO     Epoch: [0][4260/11389]	Time 0.153 (0.159)	Data 0.000 (0.000)	Loss 0.1449 (0.1379)	Error Ratio 2.8861 (2.7819)
03-02 17:35 INFO     Epoch: [0][4280/11389]	Time 0.153 (0.159)	Data 0.000 (0.000)	Loss 0.1185 (0.1380)	Error Ratio 4.6334 (2.7764)
03-02 17:35 INFO     Epoch: [0][4300/11389]	Time 0.132 (0.159)	Data 0.000 (0.000)	Loss 0.1331 (0.1381)	Error Ratio 1.1777 (2.7743)
03-02 17:35 INFO     Epoch: [0][4320/11389]	Time 0.171 (0.160)	Data 0.000 (0.000)	Loss 0.1678 (0.1381)	Error Ratio 0.4652 (2.7675)
03-02 17:35 INFO     Epoch: [0][4340/11389]	Time 0.154 (0.160)	Data 0.000 (0.000)	Loss 0.0859 (0.1381)	Error Ratio 1.1445 (2.7700)
03-02 17:36 INFO     Epoch: [0][4360/11389]	Time 0.167 (0.160)	Data 0.000 (0.000)	Loss 0.1703 (0.1380)	Error Ratio 1.5118 (2.7644)
03-02 17:36 INFO     Epoch: [0][4380/11389]	Time 0.137 (0.160)	Data 0.000 (0.000)	Loss 0.1164 (0.1380)	Error Ratio 0.7491 (2.7584)
03-02 17:36 INFO     Epoch: [0][4400/11389]	Time 0.137 (0.160)	Data 0.000 (0.000)	Loss 0.1500 (0.1379)	Error Ratio 1.0163 (2.7522)
03-02 17:36 INFO     Epoch: [0][4420/11389]	Time 0.169 (0.160)	Data 0.000 (0.000)	Loss 0.1089 (0.1379)	Error Ratio 0.5606 (2.7452)
03-02 17:36 INFO     Epoch: [0][4440/11389]	Time 0.178 (0.160)	Data 0.000 (0.000)	Loss 0.1187 (0.1379)	Error Ratio 0.5120 (2.7394)
03-02 17:36 INFO     Epoch: [0][4460/11389]	Time 0.149 (0.160)	Data 0.000 (0.000)	Loss 0.0857 (0.1378)	Error Ratio 1.1190 (2.7322)
03-02 17:36 INFO     Epoch: [0][4480/11389]	Time 0.150 (0.160)	Data 0.000 (0.000)	Loss 0.0919 (0.1377)	Error Ratio 1.7650 (2.7253)
03-02 17:36 INFO     Epoch: [0][4500/11389]	Time 0.164 (0.160)	Data 0.000 (0.000)	Loss 0.1255 (0.1376)	Error Ratio 2.1106 (2.7425)
03-02 17:36 INFO     Epoch: [0][4520/11389]	Time 0.147 (0.160)	Data 0.000 (0.000)	Loss 0.0765 (0.1375)	Error Ratio 9.1989 (2.7392)
03-02 17:36 INFO     Epoch: [0][4540/11389]	Time 0.151 (0.160)	Data 0.000 (0.000)	Loss 0.1573 (0.1374)	Error Ratio 0.8033 (2.7321)
03-02 17:36 INFO     Epoch: [0][4560/11389]	Time 0.140 (0.160)	Data 0.000 (0.000)	Loss 0.1031 (0.1374)	Error Ratio 1.0776 (2.7262)
03-02 17:36 INFO     Epoch: [0][4580/11389]	Time 0.153 (0.160)	Data 0.000 (0.000)	Loss 0.2041 (0.1373)	Error Ratio 2.0018 (2.7235)
03-02 17:36 INFO     Epoch: [0][4600/11389]	Time 0.184 (0.160)	Data 0.000 (0.000)	Loss 0.0848 (0.1372)	Error Ratio 9.4319 (2.7289)
03-02 17:36 INFO     Epoch: [0][4620/11389]	Time 0.158 (0.159)	Data 0.000 (0.000)	Loss 0.1175 (0.1372)	Error Ratio 0.5954 (2.7227)
03-02 17:36 INFO     Epoch: [0][4640/11389]	Time 0.145 (0.160)	Data 0.000 (0.000)	Loss 0.1371 (0.1372)	Error Ratio 6.2345 (2.7194)
03-02 17:36 INFO     Epoch: [0][4660/11389]	Time 0.191 (0.160)	Data 0.000 (0.000)	Loss 0.1638 (0.1371)	Error Ratio 0.7709 (2.7140)
03-02 17:36 INFO     Epoch: [0][4680/11389]	Time 0.157 (0.160)	Data 0.000 (0.000)	Loss 0.0856 (0.1370)	Error Ratio 0.6474 (2.7068)
03-02 17:36 INFO     Epoch: [0][4700/11389]	Time 0.159 (0.160)	Data 0.000 (0.000)	Loss 0.1328 (0.1372)	Error Ratio 1.9721 (2.6999)
03-02 17:36 INFO     Epoch: [0][4720/11389]	Time 0.197 (0.160)	Data 0.000 (0.000)	Loss 0.0819 (0.1373)	Error Ratio 0.9358 (2.6925)
03-02 17:37 INFO     Epoch: [0][4740/11389]	Time 0.153 (0.160)	Data 0.000 (0.000)	Loss 0.1396 (0.1376)	Error Ratio 1.2687 (2.6868)
03-02 17:37 INFO     Epoch: [0][4760/11389]	Time 0.170 (0.160)	Data 0.000 (0.000)	Loss 0.1291 (0.1377)	Error Ratio 1.6500 (2.6872)
03-02 17:37 INFO     Epoch: [0][4780/11389]	Time 0.155 (0.160)	Data 0.000 (0.000)	Loss 0.0723 (0.1376)	Error Ratio 0.5320 (2.6845)
03-02 17:37 INFO     Epoch: [0][4800/11389]	Time 0.192 (0.160)	Data 0.000 (0.000)	Loss 0.0943 (0.1374)	Error Ratio 0.4893 (2.6777)
03-02 17:37 INFO     Epoch: [0][4820/11389]	Time 0.161 (0.160)	Data 0.000 (0.000)	Loss 0.0779 (0.1374)	Error Ratio 1.3709 (2.6707)
03-02 17:37 INFO     Epoch: [0][4840/11389]	Time 0.164 (0.160)	Data 0.000 (0.000)	Loss 0.1358 (0.1374)	Error Ratio 0.4881 (2.6659)
03-02 17:37 INFO     Epoch: [0][4860/11389]	Time 0.156 (0.160)	Data 0.000 (0.000)	Loss 0.0790 (0.1373)	Error Ratio 0.4202 (2.6601)
03-02 17:37 INFO     Epoch: [0][4880/11389]	Time 0.137 (0.160)	Data 0.000 (0.000)	Loss 0.1030 (0.1372)	Error Ratio 8.7202 (2.6559)
03-02 17:37 INFO     Epoch: [0][4900/11389]	Time 0.153 (0.160)	Data 0.000 (0.000)	Loss 0.1035 (0.1371)	Error Ratio 2.1767 (2.6597)
03-02 17:37 INFO     Epoch: [0][4920/11389]	Time 0.146 (0.159)	Data 0.000 (0.000)	Loss 0.1004 (0.1371)	Error Ratio 1.3212 (2.6530)
03-02 17:37 INFO     Epoch: [0][4940/11389]	Time 0.174 (0.159)	Data 0.000 (0.000)	Loss 0.1074 (0.1370)	Error Ratio 1.6483 (2.6556)
03-02 17:37 INFO     Epoch: [0][4960/11389]	Time 0.161 (0.160)	Data 0.000 (0.000)	Loss 0.1587 (0.1370)	Error Ratio 0.8940 (2.6495)
03-02 17:37 INFO     Epoch: [0][4980/11389]	Time 0.170 (0.159)	Data 0.000 (0.000)	Loss 0.0702 (0.1371)	Error Ratio 0.8813 (2.6573)
03-02 17:37 INFO     Epoch: [0][5000/11389]	Time 0.146 (0.159)	Data 0.000 (0.000)	Loss 0.1080 (0.1370)	Error Ratio 0.7955 (2.6518)
03-02 17:37 INFO     Epoch: [0][5020/11389]	Time 0.151 (0.159)	Data 0.000 (0.000)	Loss 0.0571 (0.1368)	Error Ratio 0.9938 (2.7182)
03-02 17:37 INFO     Epoch: [0][5040/11389]	Time 0.167 (0.159)	Data 0.000 (0.000)	Loss 0.1409 (0.1368)	Error Ratio 0.4663 (2.7119)
03-02 17:37 INFO     Epoch: [0][5060/11389]	Time 0.158 (0.159)	Data 0.000 (0.000)	Loss 0.0895 (0.1367)	Error Ratio 2.0345 (2.8666)
03-02 17:37 INFO     Epoch: [0][5080/11389]	Time 0.154 (0.159)	Data 0.000 (0.000)	Loss 0.2196 (0.1366)	Error Ratio 2.4203 (2.8612)
03-02 17:37 INFO     Epoch: [0][5100/11389]	Time 0.165 (0.159)	Data 0.000 (0.000)	Loss 0.1258 (0.1366)	Error Ratio 1.3107 (2.8604)
03-02 17:38 INFO     Epoch: [0][5120/11389]	Time 0.171 (0.160)	Data 0.000 (0.000)	Loss 0.1584 (0.1367)	Error Ratio 1.3489 (2.8571)
03-02 17:38 INFO     Epoch: [0][5140/11389]	Time 0.180 (0.160)	Data 0.000 (0.000)	Loss 0.1207 (0.1368)	Error Ratio 0.6839 (2.8491)
03-02 17:38 INFO     Epoch: [0][5160/11389]	Time 0.171 (0.160)	Data 0.000 (0.000)	Loss 0.1169 (0.1367)	Error Ratio 0.5445 (2.8442)
03-02 17:38 INFO     Epoch: [0][5180/11389]	Time 0.174 (0.160)	Data 0.000 (0.000)	Loss 0.0912 (0.1366)	Error Ratio 1.1442 (2.8387)
03-02 17:38 INFO     Epoch: [0][5200/11389]	Time 0.170 (0.160)	Data 0.000 (0.000)	Loss 0.1223 (0.1366)	Error Ratio 0.7730 (2.8315)
03-02 17:38 INFO     Epoch: [0][5220/11389]	Time 0.186 (0.160)	Data 0.000 (0.000)	Loss 0.1597 (0.1366)	Error Ratio 0.3777 (2.8331)
03-02 17:38 INFO     Epoch: [0][5240/11389]	Time 0.186 (0.160)	Data 0.000 (0.000)	Loss 0.5107 (0.1366)	Error Ratio 1.3699 (2.8284)
03-02 17:38 INFO     Epoch: [0][5260/11389]	Time 0.138 (0.160)	Data 0.000 (0.000)	Loss 0.1656 (0.1374)	Error Ratio 1.9786 (2.8224)
03-02 17:38 INFO     Epoch: [0][5280/11389]	Time 0.188 (0.160)	Data 0.000 (0.000)	Loss 0.1205 (0.1374)	Error Ratio 0.7380 (2.8647)
03-02 17:38 INFO     Epoch: [0][5300/11389]	Time 0.165 (0.160)	Data 0.000 (0.000)	Loss 0.1502 (0.1374)	Error Ratio 0.6702 (2.8601)
03-02 17:38 INFO     Epoch: [0][5320/11389]	Time 0.160 (0.160)	Data 0.000 (0.000)	Loss 0.1350 (0.1375)	Error Ratio 3.3475 (2.8541)
03-02 17:38 INFO     Epoch: [0][5340/11389]	Time 0.140 (0.160)	Data 0.000 (0.000)	Loss 0.6341 (0.1376)	Error Ratio 0.7492 (2.8524)
03-02 17:38 INFO     Epoch: [0][5360/11389]	Time 0.150 (0.160)	Data 0.000 (0.000)	Loss 0.1162 (0.1376)	Error Ratio 0.8149 (2.8490)
03-02 17:38 INFO     Epoch: [0][5380/11389]	Time 0.146 (0.160)	Data 0.000 (0.000)	Loss 0.1519 (0.1377)	Error Ratio 1.0826 (2.8422)
03-02 17:38 INFO     Epoch: [0][5400/11389]	Time 0.151 (0.160)	Data 0.000 (0.000)	Loss 0.0886 (0.1377)	Error Ratio 0.6481 (2.8416)
03-02 17:38 INFO     Epoch: [0][5420/11389]	Time 0.158 (0.160)	Data 0.000 (0.000)	Loss 0.0731 (0.1377)	Error Ratio 0.9056 (2.8363)
03-02 17:38 INFO     Epoch: [0][5440/11389]	Time 0.176 (0.160)	Data 0.000 (0.000)	Loss 0.1041 (0.1377)	Error Ratio 0.5413 (2.8309)
03-02 17:38 INFO     Epoch: [0][5460/11389]	Time 0.146 (0.160)	Data 0.000 (0.000)	Loss 0.0987 (0.1376)	Error Ratio 15.7814 (2.8288)
03-02 17:38 INFO     Epoch: [0][5480/11389]	Time 0.145 (0.160)	Data 0.000 (0.000)	Loss 0.1328 (0.1376)	Error Ratio 1.0694 (2.8224)
03-02 17:39 INFO     Epoch: [0][5500/11389]	Time 0.138 (0.159)	Data 0.000 (0.000)	Loss 0.1129 (0.1376)	Error Ratio 0.8199 (2.8179)
03-02 17:39 INFO     Epoch: [0][5520/11389]	Time 0.145 (0.159)	Data 0.000 (0.000)	Loss 0.1398 (0.1375)	Error Ratio 0.7180 (3.1912)
03-02 17:39 INFO     Epoch: [0][5540/11389]	Time 0.172 (0.160)	Data 0.000 (0.000)	Loss 0.0793 (0.1375)	Error Ratio 1.0396 (3.1923)
03-02 17:39 INFO     Epoch: [0][5560/11389]	Time 0.173 (0.159)	Data 0.000 (0.000)	Loss 0.1417 (0.1374)	Error Ratio 0.9558 (3.1872)
03-02 17:39 INFO     Epoch: [0][5580/11389]	Time 0.152 (0.160)	Data 0.000 (0.000)	Loss 0.0716 (0.1374)	Error Ratio 0.7406 (3.1798)
03-02 17:39 INFO     Epoch: [0][5600/11389]	Time 0.138 (0.160)	Data 0.000 (0.000)	Loss 0.1243 (0.1373)	Error Ratio 1.5505 (3.1728)
03-02 17:39 INFO     Epoch: [0][5620/11389]	Time 0.139 (0.159)	Data 0.000 (0.000)	Loss 0.1178 (0.1373)	Error Ratio 1.0094 (3.1654)
03-02 17:39 INFO     Epoch: [0][5640/11389]	Time 0.170 (0.160)	Data 0.000 (0.000)	Loss 0.1995 (0.1373)	Error Ratio 0.8702 (3.1653)
03-02 17:39 INFO     Epoch: [0][5660/11389]	Time 0.180 (0.160)	Data 0.000 (0.000)	Loss 0.1075 (0.1373)	Error Ratio 0.4942 (3.1586)
03-02 17:39 INFO     Epoch: [0][5680/11389]	Time 0.175 (0.160)	Data 0.000 (0.000)	Loss 0.1530 (0.1374)	Error Ratio 1.4521 (3.1571)
03-02 17:39 INFO     Epoch: [0][5700/11389]	Time 0.161 (0.160)	Data 0.000 (0.000)	Loss 0.1548 (0.1374)	Error Ratio 2.1378 (3.1495)
03-02 17:39 INFO     Epoch: [0][5720/11389]	Time 0.152 (0.160)	Data 0.000 (0.000)	Loss 0.1734 (0.1374)	Error Ratio 1.5075 (3.1443)
03-02 17:39 INFO     Epoch: [0][5740/11389]	Time 0.151 (0.160)	Data 0.000 (0.000)	Loss 0.1207 (0.1375)	Error Ratio 0.9190 (3.1414)
03-02 17:39 INFO     Epoch: [0][5760/11389]	Time 0.157 (0.160)	Data 0.000 (0.000)	Loss 0.1151 (0.1375)	Error Ratio 0.8438 (3.1478)
03-02 17:39 INFO     Epoch: [0][5780/11389]	Time 0.146 (0.160)	Data 0.000 (0.000)	Loss 0.1095 (0.1373)	Error Ratio 0.8354 (3.1430)
03-02 17:39 INFO     Epoch: [0][5800/11389]	Time 0.171 (0.160)	Data 0.000 (0.000)	Loss 0.1228 (0.1373)	Error Ratio 1.8360 (3.1589)
03-02 17:39 INFO     Epoch: [0][5820/11389]	Time 0.151 (0.160)	Data 0.001 (0.000)	Loss 0.1999 (0.1373)	Error Ratio 22.2294 (3.1579)
03-02 17:39 INFO     Epoch: [0][5840/11389]	Time 0.157 (0.160)	Data 0.000 (0.000)	Loss 0.1114 (0.1372)	Error Ratio 0.8497 (3.1537)
03-02 17:40 INFO     Epoch: [0][5860/11389]	Time 0.149 (0.160)	Data 0.000 (0.000)	Loss 0.1142 (0.1371)	Error Ratio 1.7712 (3.1488)
03-02 17:40 INFO     Epoch: [0][5880/11389]	Time 0.198 (0.160)	Data 0.000 (0.000)	Loss 0.1711 (0.1372)	Error Ratio 0.9614 (3.1418)
03-02 17:40 INFO     Epoch: [0][5900/11389]	Time 0.158 (0.160)	Data 0.000 (0.000)	Loss 0.1306 (0.1372)	Error Ratio 1.8548 (3.1348)
03-02 17:40 INFO     Epoch: [0][5920/11389]	Time 0.170 (0.160)	Data 0.000 (0.000)	Loss 0.1260 (0.1372)	Error Ratio 1.3150 (3.1274)
03-02 17:40 INFO     Epoch: [0][5940/11389]	Time 0.190 (0.160)	Data 0.000 (0.000)	Loss 0.1279 (0.1372)	Error Ratio 0.8962 (3.1199)
03-02 17:40 INFO     Epoch: [0][5960/11389]	Time 0.158 (0.160)	Data 0.000 (0.000)	Loss 0.0824 (0.1371)	Error Ratio 0.6489 (3.1176)
03-02 17:40 INFO     Epoch: [0][5980/11389]	Time 0.156 (0.160)	Data 0.000 (0.000)	Loss 0.0998 (0.1369)	Error Ratio 0.7217 (3.1146)
03-02 17:40 INFO     Epoch: [0][6000/11389]	Time 0.189 (0.160)	Data 0.000 (0.000)	Loss 0.2059 (0.1369)	Error Ratio 0.9766 (3.1111)
03-02 17:40 INFO     Epoch: [0][6020/11389]	Time 0.153 (0.160)	Data 0.000 (0.000)	Loss 0.3524 (0.1370)	Error Ratio 0.9948 (3.1073)
03-02 17:40 INFO     Epoch: [0][6040/11389]	Time 0.145 (0.160)	Data 0.000 (0.000)	Loss 0.1418 (0.1371)	Error Ratio 0.5422 (3.1054)
03-02 17:40 INFO     Epoch: [0][6060/11389]	Time 0.160 (0.160)	Data 0.000 (0.000)	Loss 0.1852 (0.1371)	Error Ratio 0.9177 (3.0992)
03-02 17:40 INFO     Epoch: [0][6080/11389]	Time 0.153 (0.160)	Data 0.000 (0.000)	Loss 0.1515 (0.1372)	Error Ratio 0.6443 (3.0930)
03-02 17:40 INFO     Epoch: [0][6100/11389]	Time 0.163 (0.160)	Data 0.000 (0.000)	Loss 0.1159 (0.1371)	Error Ratio 1.6010 (3.0867)
03-02 17:40 INFO     Epoch: [0][6120/11389]	Time 0.157 (0.160)	Data 0.000 (0.000)	Loss 0.1086 (0.1371)	Error Ratio 0.9975 (3.0810)
03-02 17:40 INFO     Epoch: [0][6140/11389]	Time 0.145 (0.160)	Data 0.000 (0.000)	Loss 0.1663 (0.1370)	Error Ratio 0.8288 (3.0751)
03-02 17:40 INFO     Epoch: [0][6160/11389]	Time 0.144 (0.160)	Data 0.000 (0.000)	Loss 0.0613 (0.1370)	Error Ratio 0.4929 (3.0734)
03-02 17:40 INFO     Epoch: [0][6180/11389]	Time 0.139 (0.160)	Data 0.000 (0.000)	Loss 0.3373 (0.1369)	Error Ratio 0.6495 (3.0676)
03-02 17:40 INFO     Epoch: [0][6200/11389]	Time 0.145 (0.160)	Data 0.000 (0.000)	Loss 0.1134 (0.1369)	Error Ratio 0.6740 (3.0655)
03-02 17:40 INFO     Epoch: [0][6220/11389]	Time 0.138 (0.160)	Data 0.000 (0.000)	Loss 0.1655 (0.1369)	Error Ratio 1.3799 (3.0596)
03-02 17:41 INFO     Epoch: [0][6240/11389]	Time 0.159 (0.160)	Data 0.000 (0.000)	Loss 0.1760 (0.1369)	Error Ratio 0.7389 (3.0625)
03-02 17:41 INFO     Epoch: [0][6260/11389]	Time 0.157 (0.160)	Data 0.000 (0.000)	Loss 0.0800 (0.1369)	Error Ratio 0.8873 (3.0699)
03-02 17:41 INFO     Epoch: [0][6280/11389]	Time 0.132 (0.160)	Data 0.000 (0.000)	Loss 0.1405 (0.1368)	Error Ratio 3.4527 (3.0643)
03-02 17:41 INFO     Epoch: [0][6300/11389]	Time 0.171 (0.160)	Data 0.000 (0.000)	Loss 0.1194 (0.1368)	Error Ratio 0.4221 (3.0574)
03-02 17:41 INFO     Epoch: [0][6320/11389]	Time 0.138 (0.160)	Data 0.000 (0.000)	Loss 0.1067 (0.1369)	Error Ratio 1.2998 (3.0522)
03-02 17:41 INFO     Epoch: [0][6340/11389]	Time 0.153 (0.160)	Data 0.000 (0.000)	Loss 0.0664 (0.1368)	Error Ratio 1.3496 (3.0490)
03-02 17:41 INFO     Epoch: [0][6360/11389]	Time 0.171 (0.160)	Data 0.000 (0.000)	Loss 0.1391 (0.1368)	Error Ratio 0.5994 (3.0460)
03-02 17:41 INFO     Epoch: [0][6380/11389]	Time 0.145 (0.159)	Data 0.000 (0.000)	Loss 0.0781 (0.1369)	Error Ratio 1.1187 (3.0445)
03-02 17:41 INFO     Epoch: [0][6400/11389]	Time 0.171 (0.159)	Data 0.000 (0.000)	Loss 0.1697 (0.1369)	Error Ratio 0.7692 (3.0386)
03-02 17:41 INFO     Epoch: [0][6420/11389]	Time 0.157 (0.159)	Data 0.000 (0.000)	Loss 0.1358 (0.1368)	Error Ratio 0.9065 (3.0355)
03-02 17:41 INFO     Epoch: [0][6440/11389]	Time 0.158 (0.159)	Data 0.000 (0.000)	Loss 0.1518 (0.1368)	Error Ratio 1.0654 (3.0369)
03-02 17:41 INFO     Epoch: [0][6460/11389]	Time 0.165 (0.159)	Data 0.000 (0.000)	Loss 0.1010 (0.1368)	Error Ratio 0.4524 (3.0375)
03-02 17:41 INFO     Epoch: [0][6480/11389]	Time 0.138 (0.159)	Data 0.000 (0.000)	Loss 0.1778 (0.1368)	Error Ratio 0.7293 (3.0370)
03-02 17:41 INFO     Epoch: [0][6500/11389]	Time 0.214 (0.159)	Data 0.000 (0.000)	Loss 0.0870 (0.1367)	Error Ratio 0.5512 (3.0545)
03-02 17:41 INFO     Epoch: [0][6520/11389]	Time 0.152 (0.159)	Data 0.000 (0.000)	Loss 0.2169 (0.1368)	Error Ratio 0.6953 (3.0504)
03-02 17:41 INFO     Epoch: [0][6540/11389]	Time 0.166 (0.159)	Data 0.000 (0.000)	Loss 0.0936 (0.1367)	Error Ratio 1.0634 (3.0473)
03-02 17:41 INFO     Epoch: [0][6560/11389]	Time 0.151 (0.159)	Data 0.000 (0.000)	Loss 0.1288 (0.1368)	Error Ratio 1.4472 (3.0422)
03-02 17:41 INFO     Epoch: [0][6580/11389]	Time 0.163 (0.159)	Data 0.000 (0.000)	Loss 0.1068 (0.1367)	Error Ratio 0.4726 (3.0357)
03-02 17:41 INFO     Epoch: [0][6600/11389]	Time 0.152 (0.159)	Data 0.000 (0.000)	Loss 0.1103 (0.1367)	Error Ratio 0.7015 (3.0328)
03-02 17:42 INFO     Epoch: [0][6620/11389]	Time 0.157 (0.159)	Data 0.000 (0.000)	Loss 0.1010 (0.1366)	Error Ratio 3.2432 (3.0327)
03-02 17:42 INFO     Epoch: [0][6640/11389]	Time 0.144 (0.159)	Data 0.000 (0.000)	Loss 0.1364 (0.1366)	Error Ratio 2.3025 (3.0299)
03-02 17:42 INFO     Epoch: [0][6660/11389]	Time 0.159 (0.159)	Data 0.000 (0.000)	Loss 0.1221 (0.1366)	Error Ratio 0.5884 (3.0238)
03-02 17:42 INFO     Epoch: [0][6680/11389]	Time 0.144 (0.159)	Data 0.000 (0.000)	Loss 0.3059 (0.1366)	Error Ratio 2.2615 (3.0197)
03-02 17:42 INFO     Epoch: [0][6700/11389]	Time 0.144 (0.159)	Data 0.000 (0.000)	Loss 0.1720 (0.1365)	Error Ratio 25.7880 (3.0182)
03-02 17:42 INFO     Epoch: [0][6720/11389]	Time 0.145 (0.159)	Data 0.000 (0.000)	Loss 0.1519 (0.1366)	Error Ratio 4.3486 (3.0131)
03-02 17:42 INFO     Epoch: [0][6740/11389]	Time 0.155 (0.159)	Data 0.000 (0.000)	Loss 0.1275 (0.1366)	Error Ratio 0.7797 (3.0099)
03-02 17:42 INFO     Epoch: [0][6760/11389]	Time 0.195 (0.159)	Data 0.000 (0.000)	Loss 0.1024 (0.1365)	Error Ratio 0.5760 (3.0106)
03-02 17:42 INFO     Epoch: [0][6780/11389]	Time 0.145 (0.159)	Data 0.000 (0.000)	Loss 0.0733 (0.1366)	Error Ratio 0.9365 (3.0052)
03-02 17:42 INFO     Epoch: [0][6800/11389]	Time 0.157 (0.159)	Data 0.000 (0.000)	Loss 0.1212 (0.1365)	Error Ratio 0.5719 (2.9992)
03-02 17:42 INFO     Epoch: [0][6820/11389]	Time 0.171 (0.159)	Data 0.000 (0.000)	Loss 0.2762 (0.1365)	Error Ratio 0.6825 (2.9940)
03-02 17:42 INFO     Epoch: [0][6840/11389]	Time 0.172 (0.159)	Data 0.000 (0.000)	Loss 0.1579 (0.1366)	Error Ratio 19.5972 (2.9910)
03-02 17:42 INFO     Epoch: [0][6860/11389]	Time 0.160 (0.159)	Data 0.000 (0.000)	Loss 0.1177 (0.1367)	Error Ratio 0.6916 (2.9888)
03-02 17:42 INFO     Epoch: [0][6880/11389]	Time 0.156 (0.159)	Data 0.000 (0.000)	Loss 1.0898 (0.1368)	Error Ratio 0.9836 (2.9902)
03-02 17:42 INFO     Epoch: [0][6900/11389]	Time 0.161 (0.159)	Data 0.000 (0.000)	Loss 0.1879 (0.1368)	Error Ratio 1.2491 (2.9867)
03-02 17:42 INFO     Epoch: [0][6920/11389]	Time 0.175 (0.159)	Data 0.000 (0.000)	Loss 0.1567 (0.1368)	Error Ratio 1.2947 (2.9857)
03-02 17:42 INFO     Epoch: [0][6940/11389]	Time 0.170 (0.159)	Data 0.000 (0.000)	Loss 0.0755 (0.1367)	Error Ratio 0.6047 (2.9837)
03-02 17:42 INFO     Epoch: [0][6960/11389]	Time 0.167 (0.159)	Data 0.000 (0.000)	Loss 0.2893 (0.1368)	Error Ratio 3.3320 (2.9875)
03-02 17:42 INFO     Epoch: [0][6980/11389]	Time 0.208 (0.159)	Data 0.000 (0.000)	Loss 0.1134 (0.1368)	Error Ratio 0.9438 (2.9884)
03-02 17:43 INFO     Epoch: [0][7000/11389]	Time 0.144 (0.159)	Data 0.000 (0.000)	Loss 0.1412 (0.1368)	Error Ratio 0.7777 (2.9841)
03-02 17:43 INFO     Epoch: [0][7020/11389]	Time 0.145 (0.159)	Data 0.000 (0.000)	Loss 0.1859 (0.1368)	Error Ratio 2.2916 (2.9804)
03-02 17:43 INFO     Epoch: [0][7040/11389]	Time 0.157 (0.159)	Data 0.000 (0.000)	Loss 0.0847 (0.1368)	Error Ratio 0.7228 (2.9747)
03-02 17:43 INFO     Epoch: [0][7060/11389]	Time 0.156 (0.159)	Data 0.000 (0.000)	Loss 0.1144 (0.1369)	Error Ratio 16.6652 (2.9718)
03-02 17:43 INFO     Epoch: [0][7080/11389]	Time 0.157 (0.159)	Data 0.000 (0.000)	Loss 0.1029 (0.1369)	Error Ratio 0.6591 (2.9683)
03-02 17:43 INFO     Epoch: [0][7100/11389]	Time 0.158 (0.159)	Data 0.000 (0.000)	Loss 0.1830 (0.1369)	Error Ratio 0.5391 (2.9642)
03-02 17:43 INFO     Epoch: [0][7120/11389]	Time 0.145 (0.159)	Data 0.000 (0.000)	Loss 0.1215 (0.1368)	Error Ratio 1.1983 (2.9598)
03-02 17:43 INFO     Epoch: [0][7140/11389]	Time 0.175 (0.159)	Data 0.000 (0.000)	Loss 0.2435 (0.1369)	Error Ratio 0.7876 (2.9597)
03-02 17:43 INFO     Epoch: [0][7160/11389]	Time 0.161 (0.159)	Data 0.000 (0.000)	Loss 0.1414 (0.1370)	Error Ratio 0.7189 (2.9708)
03-02 17:43 INFO     Epoch: [0][7180/11389]	Time 0.164 (0.159)	Data 0.000 (0.000)	Loss 0.2122 (0.1371)	Error Ratio 4.6479 (2.9669)
03-02 17:43 INFO     Epoch: [0][7200/11389]	Time 0.171 (0.159)	Data 0.000 (0.000)	Loss 0.0968 (0.1372)	Error Ratio 0.7673 (2.9926)
03-02 17:43 INFO     Epoch: [0][7220/11389]	Time 0.171 (0.159)	Data 0.000 (0.000)	Loss 0.0839 (0.1373)	Error Ratio 0.4617 (2.9901)
03-02 17:43 INFO     Epoch: [0][7240/11389]	Time 0.146 (0.159)	Data 0.000 (0.000)	Loss 0.1617 (0.1373)	Error Ratio 1.3270 (2.9862)
03-02 17:43 INFO     Epoch: [0][7260/11389]	Time 0.170 (0.159)	Data 0.000 (0.000)	Loss 0.1735 (0.1373)	Error Ratio 0.9919 (2.9852)
03-02 17:43 INFO     Epoch: [0][7280/11389]	Time 0.158 (0.159)	Data 0.000 (0.000)	Loss 0.2329 (0.1373)	Error Ratio 0.6798 (2.9833)
03-02 17:43 INFO     Epoch: [0][7300/11389]	Time 0.133 (0.159)	Data 0.000 (0.000)	Loss 0.4298 (0.1374)	Error Ratio 0.5247 (2.9831)
03-02 17:43 INFO     Epoch: [0][7320/11389]	Time 0.161 (0.159)	Data 0.000 (0.000)	Loss 0.1107 (0.1374)	Error Ratio 2.7955 (2.9842)
03-02 17:43 INFO     Epoch: [0][7340/11389]	Time 0.158 (0.159)	Data 0.000 (0.000)	Loss 0.1184 (0.1373)	Error Ratio 0.3133 (2.9798)
03-02 17:43 INFO     Epoch: [0][7360/11389]	Time 0.158 (0.159)	Data 0.000 (0.000)	Loss 0.1502 (0.1374)	Error Ratio 0.6197 (2.9747)
03-02 17:44 INFO     Epoch: [0][7380/11389]	Time 0.166 (0.159)	Data 0.000 (0.000)	Loss 0.1436 (0.1374)	Error Ratio 0.5471 (2.9726)
03-02 17:44 INFO     Epoch: [0][7400/11389]	Time 0.165 (0.159)	Data 0.000 (0.000)	Loss 0.1068 (0.1373)	Error Ratio 0.5474 (2.9677)
03-02 17:44 INFO     Epoch: [0][7420/11389]	Time 0.165 (0.159)	Data 0.000 (0.000)	Loss 0.1868 (0.1373)	Error Ratio 2.3127 (2.9684)
03-02 17:44 INFO     Epoch: [0][7440/11389]	Time 0.170 (0.159)	Data 0.000 (0.000)	Loss 0.0764 (0.1373)	Error Ratio 1.4445 (2.9644)
03-02 17:44 INFO     Epoch: [0][7460/11389]	Time 0.145 (0.159)	Data 0.000 (0.000)	Loss 0.0787 (0.1372)	Error Ratio 0.6772 (2.9682)
03-02 17:44 INFO     Epoch: [0][7480/11389]	Time 0.164 (0.159)	Data 0.000 (0.000)	Loss 0.1530 (0.1372)	Error Ratio 0.8931 (2.9642)
03-02 17:44 INFO     Epoch: [0][7500/11389]	Time 0.171 (0.159)	Data 0.000 (0.000)	Loss 0.1349 (0.1373)	Error Ratio 1.1328 (2.9601)
03-02 17:44 INFO     Epoch: [0][7520/11389]	Time 0.197 (0.159)	Data 0.000 (0.000)	Loss 0.0960 (0.1373)	Error Ratio 0.8779 (2.9552)
03-02 17:44 INFO     Epoch: [0][7540/11389]	Time 0.140 (0.159)	Data 0.000 (0.000)	Loss 0.1345 (0.1372)	Error Ratio 1.4502 (2.9499)
03-02 17:44 INFO     Epoch: [0][7560/11389]	Time 0.139 (0.159)	Data 0.000 (0.000)	Loss 0.0952 (0.1373)	Error Ratio 4.5389 (2.9457)
03-02 17:44 INFO     Epoch: [0][7580/11389]	Time 0.157 (0.159)	Data 0.000 (0.000)	Loss 0.1029 (0.1373)	Error Ratio 1.3204 (2.9433)
03-02 17:44 INFO     Epoch: [0][7600/11389]	Time 0.170 (0.159)	Data 0.000 (0.000)	Loss 0.1025 (0.1372)	Error Ratio 2.7106 (2.9393)
03-02 17:44 INFO     Epoch: [0][7620/11389]	Time 0.172 (0.159)	Data 0.000 (0.000)	Loss 0.1272 (0.1373)	Error Ratio 0.7098 (2.9369)
03-02 17:44 INFO     Epoch: [0][7640/11389]	Time 0.166 (0.159)	Data 0.000 (0.000)	Loss 0.1977 (0.1372)	Error Ratio 1.5006 (2.9359)
03-02 17:44 INFO     Epoch: [0][7660/11389]	Time 0.145 (0.159)	Data 0.000 (0.000)	Loss 0.1176 (0.1372)	Error Ratio 0.8524 (2.9307)
03-02 17:44 INFO     Epoch: [0][7680/11389]	Time 0.157 (0.159)	Data 0.000 (0.000)	Loss 0.0928 (0.1372)	Error Ratio 20.9413 (2.9309)
03-02 17:44 INFO     Epoch: [0][7700/11389]	Time 0.159 (0.159)	Data 0.000 (0.000)	Loss 0.0644 (0.1372)	Error Ratio 0.6063 (2.9260)
03-02 17:44 INFO     Epoch: [0][7720/11389]	Time 0.141 (0.159)	Data 0.000 (0.000)	Loss 0.1807 (0.1372)	Error Ratio 10.1119 (2.9230)
03-02 17:44 INFO     Epoch: [0][7740/11389]	Time 0.202 (0.159)	Data 0.000 (0.000)	Loss 0.1624 (0.1373)	Error Ratio 1.0937 (2.9215)
03-02 17:45 INFO     Epoch: [0][7760/11389]	Time 0.171 (0.159)	Data 0.000 (0.000)	Loss 0.0819 (0.1374)	Error Ratio 0.9190 (2.9180)
03-02 17:45 INFO     Epoch: [0][7780/11389]	Time 0.137 (0.159)	Data 0.000 (0.000)	Loss 0.1974 (0.1374)	Error Ratio 1.0382 (2.9156)
03-02 17:45 INFO     Epoch: [0][7800/11389]	Time 0.164 (0.159)	Data 0.000 (0.000)	Loss 0.0838 (0.1374)	Error Ratio 1.0138 (2.9114)
03-02 17:45 INFO     Epoch: [0][7820/11389]	Time 0.171 (0.159)	Data 0.000 (0.000)	Loss 0.0832 (0.1374)	Error Ratio 0.4972 (2.9085)
03-02 17:45 INFO     Epoch: [0][7840/11389]	Time 0.147 (0.159)	Data 0.000 (0.000)	Loss 0.1283 (0.1374)	Error Ratio 0.9633 (2.9085)
03-02 17:45 INFO     Epoch: [0][7860/11389]	Time 0.145 (0.159)	Data 0.000 (0.000)	Loss 0.1176 (0.1374)	Error Ratio 0.5741 (2.9041)
03-02 17:45 INFO     Epoch: [0][7880/11389]	Time 0.146 (0.159)	Data 0.000 (0.000)	Loss 0.1325 (0.1373)	Error Ratio 0.5286 (2.9062)
03-02 17:45 INFO     Epoch: [0][7900/11389]	Time 0.139 (0.159)	Data 0.000 (0.000)	Loss 0.1083 (0.1373)	Error Ratio 0.4480 (2.9031)
03-02 17:45 INFO     Epoch: [0][7920/11389]	Time 0.157 (0.159)	Data 0.000 (0.000)	Loss 0.0668 (0.1373)	Error Ratio 41.6780 (2.9042)
03-02 17:45 INFO     Epoch: [0][7940/11389]	Time 0.161 (0.159)	Data 0.000 (0.000)	Loss 0.1733 (0.1373)	Error Ratio 0.6906 (2.8998)
03-02 17:45 INFO     Epoch: [0][7960/11389]	Time 0.176 (0.159)	Data 0.000 (0.000)	Loss 0.1232 (0.1373)	Error Ratio 0.8315 (2.8988)
03-02 17:45 INFO     Epoch: [0][7980/11389]	Time 0.177 (0.159)	Data 0.000 (0.000)	Loss 0.0800 (0.1376)	Error Ratio 0.8477 (2.8963)
03-02 17:45 INFO     Epoch: [0][8000/11389]	Time 0.145 (0.159)	Data 0.000 (0.000)	Loss 0.1202 (0.1376)	Error Ratio 3.8874 (2.8984)
03-02 17:45 INFO     Epoch: [0][8020/11389]	Time 0.158 (0.159)	Data 0.000 (0.000)	Loss 0.1025 (0.1375)	Error Ratio 1.2234 (2.8968)
03-02 17:45 INFO     Epoch: [0][8040/11389]	Time 0.157 (0.159)	Data 0.000 (0.000)	Loss 0.1477 (0.1375)	Error Ratio 0.9217 (2.8984)
03-02 17:45 INFO     Epoch: [0][8060/11389]	Time 0.140 (0.159)	Data 0.000 (0.000)	Loss 0.1727 (0.1375)	Error Ratio 1385.4695 (3.0685)
03-02 17:45 INFO     Epoch: [0][8080/11389]	Time 0.170 (0.159)	Data 0.000 (0.000)	Loss 0.0767 (0.1375)	Error Ratio 0.6641 (3.0644)
03-02 17:45 INFO     Epoch: [0][8100/11389]	Time 0.184 (0.159)	Data 0.000 (0.000)	Loss 0.1031 (0.1374)	Error Ratio 0.9771 (3.0598)
03-02 17:45 INFO     Epoch: [0][8120/11389]	Time 0.157 (0.159)	Data 0.000 (0.000)	Loss 0.0664 (0.1374)	Error Ratio 2.2917 (3.0550)
03-02 17:46 INFO     Epoch: [0][8140/11389]	Time 0.172 (0.159)	Data 0.000 (0.000)	Loss 0.1588 (0.1373)	Error Ratio 7.2438 (3.0514)
03-02 17:46 INFO     Epoch: [0][8160/11389]	Time 0.154 (0.159)	Data 0.000 (0.000)	Loss 0.1050 (0.1373)	Error Ratio 1.1061 (3.0463)
03-02 17:46 INFO     Epoch: [0][8180/11389]	Time 0.164 (0.159)	Data 0.000 (0.000)	Loss 0.1648 (0.1372)	Error Ratio 1.3328 (3.0417)
03-02 17:46 INFO     Epoch: [0][8200/11389]	Time 0.153 (0.159)	Data 0.000 (0.000)	Loss 0.1461 (0.1371)	Error Ratio 30.6207 (3.0412)
03-02 17:46 INFO     Epoch: [0][8220/11389]	Time 0.131 (0.159)	Data 0.000 (0.000)	Loss 0.1402 (0.1371)	Error Ratio 5.3197 (3.0375)
03-02 17:46 INFO     Epoch: [0][8240/11389]	Time 0.182 (0.159)	Data 0.000 (0.000)	Loss 0.0822 (0.1371)	Error Ratio 1.4211 (3.0383)
03-02 17:46 INFO     Epoch: [0][8260/11389]	Time 0.158 (0.159)	Data 0.000 (0.000)	Loss 0.2076 (0.1370)	Error Ratio 4.2378 (3.0405)
03-02 17:46 INFO     Epoch: [0][8280/11389]	Time 0.171 (0.159)	Data 0.000 (0.000)	Loss 0.1563 (0.1372)	Error Ratio 3.1331 (3.0358)
03-02 17:46 INFO     Epoch: [0][8300/11389]	Time 0.144 (0.159)	Data 0.000 (0.000)	Loss 0.0978 (0.1372)	Error Ratio 8.2931 (3.0321)
03-02 17:46 INFO     Epoch: [0][8320/11389]	Time 0.169 (0.159)	Data 0.000 (0.000)	Loss 0.0787 (0.1372)	Error Ratio 0.5449 (3.0286)
03-02 17:46 INFO     Epoch: [0][8340/11389]	Time 0.144 (0.159)	Data 0.000 (0.000)	Loss 0.1005 (0.1371)	Error Ratio 0.7359 (3.0255)
03-02 17:46 INFO     Epoch: [0][8360/11389]	Time 0.169 (0.159)	Data 0.000 (0.000)	Loss 0.1250 (0.1372)	Error Ratio 0.8134 (3.0209)
03-02 17:46 INFO     Epoch: [0][8380/11389]	Time 0.145 (0.159)	Data 0.000 (0.000)	Loss 0.1911 (0.1372)	Error Ratio 0.8427 (3.0171)
03-02 17:46 INFO     Epoch: [0][8400/11389]	Time 0.158 (0.159)	Data 0.000 (0.000)	Loss 0.6701 (0.1373)	Error Ratio 2.1681 (3.0185)
03-02 17:46 INFO     Epoch: [0][8420/11389]	Time 0.145 (0.159)	Data 0.000 (0.000)	Loss 0.1900 (0.1372)	Error Ratio 0.5959 (3.0141)
03-02 17:46 INFO     Epoch: [0][8440/11389]	Time 0.171 (0.159)	Data 0.000 (0.000)	Loss 0.1026 (0.1372)	Error Ratio 0.7438 (3.0091)
03-02 17:46 INFO     Epoch: [0][8460/11389]	Time 0.158 (0.159)	Data 0.000 (0.000)	Loss 0.1148 (0.1373)	Error Ratio 0.7337 (3.0052)
03-02 17:46 INFO     Epoch: [0][8480/11389]	Time 0.158 (0.159)	Data 0.000 (0.000)	Loss 0.1391 (0.1373)	Error Ratio 2.1627 (3.0010)
03-02 17:46 INFO     Epoch: [0][8500/11389]	Time 0.157 (0.159)	Data 0.000 (0.000)	Loss 0.1148 (0.1373)	Error Ratio 1.8014 (3.0106)
03-02 17:47 INFO     Epoch: [0][8520/11389]	Time 0.170 (0.159)	Data 0.000 (0.000)	Loss 0.1598 (0.1374)	Error Ratio 0.5151 (3.0056)
03-02 17:47 INFO     Epoch: [0][8540/11389]	Time 0.162 (0.159)	Data 0.000 (0.000)	Loss 0.0838 (0.1374)	Error Ratio 0.3938 (3.0011)
03-02 17:47 INFO     Epoch: [0][8560/11389]	Time 0.159 (0.159)	Data 0.000 (0.000)	Loss 0.0896 (0.1374)	Error Ratio 1.3911 (3.0000)
03-02 17:47 INFO     Epoch: [0][8580/11389]	Time 0.157 (0.159)	Data 0.000 (0.000)	Loss 0.2511 (0.1374)	Error Ratio 58.6214 (3.0034)
03-02 17:47 INFO     Epoch: [0][8600/11389]	Time 0.145 (0.159)	Data 0.000 (0.000)	Loss 0.1247 (0.1374)	Error Ratio 0.9047 (3.0014)
03-02 17:47 INFO     Epoch: [0][8620/11389]	Time 0.171 (0.159)	Data 0.000 (0.000)	Loss 0.1116 (0.1373)	Error Ratio 0.9488 (3.0006)
03-02 17:47 INFO     Epoch: [0][8640/11389]	Time 0.158 (0.159)	Data 0.001 (0.000)	Loss 0.1141 (0.1373)	Error Ratio 0.6930 (2.9995)
03-02 17:47 INFO     Epoch: [0][8660/11389]	Time 0.163 (0.159)	Data 0.000 (0.000)	Loss 0.1325 (0.1373)	Error Ratio 0.5907 (2.9978)
03-02 17:47 INFO     Epoch: [0][8680/11389]	Time 0.184 (0.159)	Data 0.000 (0.000)	Loss 0.1426 (0.1372)	Error Ratio 0.6759 (2.9967)
03-02 17:47 INFO     Epoch: [0][8700/11389]	Time 0.151 (0.159)	Data 0.000 (0.000)	Loss 0.1258 (0.1372)	Error Ratio 1.5449 (2.9943)
03-02 17:47 INFO     Epoch: [0][8720/11389]	Time 0.157 (0.159)	Data 0.000 (0.000)	Loss 0.1961 (0.1372)	Error Ratio 0.6012 (2.9917)
03-02 17:47 INFO     Epoch: [0][8740/11389]	Time 0.164 (0.159)	Data 0.000 (0.000)	Loss 0.0728 (0.1372)	Error Ratio 0.6291 (2.9899)
03-02 17:47 INFO     Epoch: [0][8760/11389]	Time 0.165 (0.159)	Data 0.000 (0.000)	Loss 0.1245 (0.1372)	Error Ratio 0.6465 (2.9890)
03-02 17:47 INFO     Epoch: [0][8780/11389]	Time 0.159 (0.159)	Data 0.000 (0.000)	Loss 0.1193 (0.1371)	Error Ratio 0.5343 (2.9859)
03-02 17:47 INFO     Epoch: [0][8800/11389]	Time 0.159 (0.159)	Data 0.000 (0.000)	Loss 0.1461 (0.1371)	Error Ratio 0.8906 (2.9863)
03-02 17:47 INFO     Epoch: [0][8820/11389]	Time 0.144 (0.159)	Data 0.000 (0.000)	Loss 0.0882 (0.1371)	Error Ratio 1.4354 (2.9911)
03-02 17:47 INFO     Epoch: [0][8840/11389]	Time 0.171 (0.159)	Data 0.000 (0.000)	Loss 0.2014 (0.1372)	Error Ratio 2.8177 (2.9873)
03-02 17:47 INFO     Epoch: [0][8860/11389]	Time 0.158 (0.159)	Data 0.000 (0.000)	Loss 0.3114 (0.1373)	Error Ratio 0.9967 (2.9839)
03-02 17:48 INFO     Epoch: [0][8880/11389]	Time 0.160 (0.159)	Data 0.000 (0.000)	Loss 0.2280 (0.1373)	Error Ratio 1.3975 (2.9795)
03-02 17:48 INFO     Epoch: [0][8900/11389]	Time 0.193 (0.159)	Data 0.000 (0.000)	Loss 0.1410 (0.1373)	Error Ratio 0.4261 (2.9794)
03-02 17:48 INFO     Epoch: [0][8920/11389]	Time 0.170 (0.159)	Data 0.000 (0.000)	Loss 0.0871 (0.1375)	Error Ratio 0.5560 (2.9763)
03-02 17:48 INFO     Epoch: [0][8940/11389]	Time 0.171 (0.159)	Data 0.000 (0.000)	Loss 0.1699 (0.1374)	Error Ratio 0.5252 (2.9724)
03-02 17:48 INFO     Epoch: [0][8960/11389]	Time 0.158 (0.159)	Data 0.000 (0.000)	Loss 0.1507 (0.1374)	Error Ratio 1.1560 (2.9723)
03-02 17:48 INFO     Epoch: [0][8980/11389]	Time 0.173 (0.159)	Data 0.000 (0.000)	Loss 0.1168 (0.1374)	Error Ratio 1.7249 (2.9730)
03-02 17:48 INFO     Epoch: [0][9000/11389]	Time 0.151 (0.159)	Data 0.000 (0.000)	Loss 0.1484 (0.1374)	Error Ratio 0.9650 (2.9732)
03-02 17:48 INFO     Epoch: [0][9020/11389]	Time 0.145 (0.159)	Data 0.000 (0.000)	Loss 0.1049 (0.1373)	Error Ratio 3.8890 (2.9729)
03-02 17:48 INFO     Epoch: [0][9040/11389]	Time 0.145 (0.159)	Data 0.000 (0.000)	Loss 0.1037 (0.1372)	Error Ratio 1.0355 (2.9682)
03-02 17:48 INFO     Epoch: [0][9060/11389]	Time 0.151 (0.159)	Data 0.000 (0.000)	Loss 0.0862 (0.1372)	Error Ratio 2.3331 (2.9648)
03-02 17:48 INFO     Epoch: [0][9080/11389]	Time 0.178 (0.159)	Data 0.000 (0.000)	Loss 0.1080 (0.1372)	Error Ratio 0.7999 (2.9609)
03-02 17:48 INFO     Epoch: [0][9100/11389]	Time 0.146 (0.159)	Data 0.000 (0.000)	Loss 0.0876 (0.1372)	Error Ratio 0.8437 (2.9581)
03-02 17:48 INFO     Epoch: [0][9120/11389]	Time 0.154 (0.159)	Data 0.000 (0.000)	Loss 0.0715 (0.1372)	Error Ratio 0.6375 (2.9573)
03-02 17:48 INFO     Epoch: [0][9140/11389]	Time 0.179 (0.159)	Data 0.000 (0.000)	Loss 0.2077 (0.1372)	Error Ratio 0.7879 (2.9545)
03-02 17:48 INFO     Epoch: [0][9160/11389]	Time 0.150 (0.159)	Data 0.000 (0.000)	Loss 0.2436 (0.1373)	Error Ratio 0.9023 (2.9511)
03-02 17:48 INFO     Epoch: [0][9180/11389]	Time 0.158 (0.159)	Data 0.000 (0.000)	Loss 0.1095 (0.1373)	Error Ratio 2.5609 (2.9478)
03-02 17:48 INFO     Epoch: [0][9200/11389]	Time 0.152 (0.159)	Data 0.000 (0.000)	Loss 0.1030 (0.1372)	Error Ratio 0.7712 (2.9434)
03-02 17:48 INFO     Epoch: [0][9220/11389]	Time 0.146 (0.159)	Data 0.000 (0.000)	Loss 0.1280 (0.1372)	Error Ratio 0.6396 (2.9447)
03-02 17:48 INFO     Epoch: [0][9240/11389]	Time 0.172 (0.159)	Data 0.000 (0.000)	Loss 0.0932 (0.1372)	Error Ratio 1.0504 (2.9422)
03-02 17:49 INFO     Epoch: [0][9260/11389]	Time 0.184 (0.159)	Data 0.000 (0.000)	Loss 0.0699 (0.1371)	Error Ratio 0.5260 (2.9387)
03-02 17:49 INFO     Epoch: [0][9280/11389]	Time 0.157 (0.159)	Data 0.000 (0.000)	Loss 0.1258 (0.1372)	Error Ratio 0.5291 (2.9351)
03-02 17:49 INFO     Epoch: [0][9300/11389]	Time 0.138 (0.159)	Data 0.000 (0.000)	Loss 0.1596 (0.1373)	Error Ratio 1.1808 (2.9373)
03-02 17:49 INFO     Epoch: [0][9320/11389]	Time 0.158 (0.159)	Data 0.000 (0.000)	Loss 0.1227 (0.1372)	Error Ratio 2.8215 (2.9390)
03-02 17:49 INFO     Epoch: [0][9340/11389]	Time 0.159 (0.159)	Data 0.000 (0.000)	Loss 0.0602 (0.1372)	Error Ratio 0.8208 (2.9357)
03-02 17:49 INFO     Epoch: [0][9360/11389]	Time 0.174 (0.159)	Data 0.000 (0.000)	Loss 0.0804 (0.1371)	Error Ratio 0.4493 (2.9402)
03-02 17:49 INFO     Epoch: [0][9380/11389]	Time 0.157 (0.159)	Data 0.000 (0.000)	Loss 0.0831 (0.1371)	Error Ratio 5.1971 (2.9373)
03-02 17:49 INFO     Epoch: [0][9400/11389]	Time 0.163 (0.159)	Data 0.000 (0.000)	Loss 0.1805 (0.1371)	Error Ratio 25.0134 (2.9360)
03-02 17:49 INFO     Epoch: [0][9420/11389]	Time 0.132 (0.159)	Data 0.000 (0.000)	Loss 0.1490 (0.1371)	Error Ratio 0.7494 (2.9320)
03-02 17:49 INFO     Epoch: [0][9440/11389]	Time 0.175 (0.159)	Data 0.000 (0.000)	Loss 0.0852 (0.1371)	Error Ratio 0.6318 (2.9284)
03-02 17:49 INFO     Epoch: [0][9460/11389]	Time 0.168 (0.159)	Data 0.000 (0.000)	Loss 0.2644 (0.1371)	Error Ratio 1.1885 (2.9260)
03-02 17:49 INFO     Epoch: [0][9480/11389]	Time 0.150 (0.159)	Data 0.000 (0.000)	Loss 0.1291 (0.1371)	Error Ratio 0.6259 (2.9221)
03-02 17:49 INFO     Epoch: [0][9500/11389]	Time 0.182 (0.159)	Data 0.000 (0.000)	Loss 0.1185 (0.1371)	Error Ratio 0.4470 (2.9186)
03-02 17:49 INFO     Epoch: [0][9520/11389]	Time 0.150 (0.159)	Data 0.000 (0.000)	Loss 0.1848 (0.1372)	Error Ratio 4.7312 (2.9169)
03-02 17:49 INFO     Epoch: [0][9540/11389]	Time 0.146 (0.159)	Data 0.000 (0.000)	Loss 1.0559 (0.1373)	Error Ratio 2.6572 (2.9203)
03-02 17:49 INFO     Epoch: [0][9560/11389]	Time 0.145 (0.159)	Data 0.000 (0.000)	Loss 0.1245 (0.1373)	Error Ratio 0.8710 (2.9188)
03-02 17:49 INFO     Epoch: [0][9580/11389]	Time 0.171 (0.159)	Data 0.000 (0.000)	Loss 0.1025 (0.1373)	Error Ratio 2.3243 (2.9206)
03-02 17:49 INFO     Epoch: [0][9600/11389]	Time 0.160 (0.159)	Data 0.000 (0.000)	Loss 0.1046 (0.1373)	Error Ratio 0.9510 (2.9215)
03-02 17:49 INFO     Epoch: [0][9620/11389]	Time 0.145 (0.159)	Data 0.000 (0.000)	Loss 0.1221 (0.1373)	Error Ratio 0.5682 (2.9184)
03-02 17:50 INFO     Epoch: [0][9640/11389]	Time 0.158 (0.159)	Data 0.000 (0.000)	Loss 0.1711 (0.1372)	Error Ratio 0.8385 (2.9210)
03-02 17:50 INFO     Epoch: [0][9660/11389]	Time 0.146 (0.159)	Data 0.000 (0.000)	Loss 0.0564 (0.1372)	Error Ratio 0.7589 (2.9178)
03-02 17:50 INFO     Epoch: [0][9680/11389]	Time 0.164 (0.159)	Data 0.000 (0.000)	Loss 0.1972 (0.1372)	Error Ratio 0.9939 (2.9152)
03-02 17:50 INFO     Epoch: [0][9700/11389]	Time 0.147 (0.159)	Data 0.000 (0.000)	Loss 0.1177 (0.1371)	Error Ratio 0.9653 (2.9128)
03-02 17:50 INFO     Epoch: [0][9720/11389]	Time 0.183 (0.159)	Data 0.000 (0.000)	Loss 0.0812 (0.1371)	Error Ratio 0.9913 (2.9102)
03-02 17:50 INFO     Epoch: [0][9740/11389]	Time 0.144 (0.159)	Data 0.000 (0.000)	Loss 0.0833 (0.1371)	Error Ratio 0.7998 (2.9085)
03-02 17:50 INFO     Epoch: [0][9760/11389]	Time 0.158 (0.159)	Data 0.000 (0.000)	Loss 0.1995 (0.1370)	Error Ratio 0.7742 (2.9085)
03-02 17:50 INFO     Epoch: [0][9780/11389]	Time 0.146 (0.159)	Data 0.000 (0.000)	Loss 0.2077 (0.1370)	Error Ratio 0.3945 (2.9050)
03-02 17:50 INFO     Epoch: [0][9800/11389]	Time 0.170 (0.159)	Data 0.000 (0.000)	Loss 0.1001 (0.1369)	Error Ratio 1.1190 (2.9021)
03-02 17:50 INFO     Epoch: [0][9820/11389]	Time 0.157 (0.159)	Data 0.000 (0.000)	Loss 0.1285 (0.1370)	Error Ratio 0.9744 (2.8984)
03-02 17:50 INFO     Epoch: [0][9840/11389]	Time 0.161 (0.159)	Data 0.000 (0.000)	Loss 0.1255 (0.1371)	Error Ratio 0.7567 (2.8950)
03-02 17:50 INFO     Epoch: [0][9860/11389]	Time 0.158 (0.159)	Data 0.000 (0.000)	Loss 0.1762 (0.1370)	Error Ratio 1.6194 (2.8911)
03-02 17:50 INFO     Epoch: [0][9880/11389]	Time 0.197 (0.159)	Data 0.000 (0.000)	Loss 0.1658 (0.1371)	Error Ratio 0.5331 (2.8881)
03-02 17:50 INFO     Epoch: [0][9900/11389]	Time 0.158 (0.159)	Data 0.000 (0.000)	Loss 0.1699 (0.1371)	Error Ratio 0.6881 (2.8841)
03-02 17:50 INFO     Epoch: [0][9920/11389]	Time 0.157 (0.159)	Data 0.000 (0.000)	Loss 0.1068 (0.1370)	Error Ratio 0.4345 (2.8835)
03-02 17:50 INFO     Epoch: [0][9940/11389]	Time 0.157 (0.159)	Data 0.000 (0.000)	Loss 0.1133 (0.1370)	Error Ratio 1.6602 (2.8795)
03-02 17:50 INFO     Epoch: [0][9960/11389]	Time 0.154 (0.159)	Data 0.000 (0.000)	Loss 0.0807 (0.1370)	Error Ratio 2.7384 (2.8763)
03-02 17:50 INFO     Epoch: [0][9980/11389]	Time 0.163 (0.159)	Data 0.000 (0.000)	Loss 0.1216 (0.1369)	Error Ratio 0.7566 (2.8782)
03-02 17:50 INFO     Epoch: [0][10000/11389]	Time 0.199 (0.159)	Data 0.000 (0.000)	Loss 0.1709 (0.1369)	Error Ratio 5.5328 (2.8753)
03-02 17:51 INFO     Epoch: [0][10020/11389]	Time 0.138 (0.159)	Data 0.000 (0.000)	Loss 0.1279 (0.1369)	Error Ratio 1.1180 (2.8719)
03-02 17:51 INFO     Epoch: [0][10040/11389]	Time 0.152 (0.159)	Data 0.000 (0.000)	Loss 0.1070 (0.1369)	Error Ratio 1.1409 (2.8696)
03-02 17:51 INFO     Epoch: [0][10060/11389]	Time 0.144 (0.159)	Data 0.000 (0.000)	Loss 0.1414 (0.1370)	Error Ratio 0.8205 (2.9022)
03-02 17:51 INFO     Epoch: [0][10080/11389]	Time 0.147 (0.159)	Data 0.000 (0.000)	Loss 0.2994 (0.1370)	Error Ratio 0.7493 (2.8985)
03-02 17:51 INFO     Epoch: [0][10100/11389]	Time 0.171 (0.159)	Data 0.000 (0.000)	Loss 0.0971 (0.1369)	Error Ratio 0.9474 (2.9294)
03-02 17:51 INFO     Epoch: [0][10120/11389]	Time 0.150 (0.159)	Data 0.000 (0.000)	Loss 0.0904 (0.1369)	Error Ratio 3.5236 (2.9267)
03-02 17:51 INFO     Epoch: [0][10140/11389]	Time 0.154 (0.159)	Data 0.000 (0.000)	Loss 0.0953 (0.1369)	Error Ratio 1.1688 (2.9272)
03-02 17:51 INFO     Epoch: [0][10160/11389]	Time 0.171 (0.159)	Data 0.000 (0.000)	Loss 0.1137 (0.1370)	Error Ratio 1.6914 (2.9239)
03-02 17:51 INFO     Epoch: [0][10180/11389]	Time 0.160 (0.159)	Data 0.000 (0.000)	Loss 0.2573 (0.1370)	Error Ratio 2.9447 (2.9203)
03-02 17:51 INFO     Epoch: [0][10200/11389]	Time 0.162 (0.159)	Data 0.000 (0.000)	Loss 0.1331 (0.1370)	Error Ratio 1.0017 (2.9184)
03-02 17:51 INFO     Epoch: [0][10220/11389]	Time 0.171 (0.159)	Data 0.000 (0.000)	Loss 0.0996 (0.1369)	Error Ratio 1.2241 (2.9163)
03-02 17:51 INFO     Epoch: [0][10240/11389]	Time 0.168 (0.159)	Data 0.000 (0.000)	Loss 0.0694 (0.1369)	Error Ratio 1.3726 (2.9132)
03-02 17:51 INFO     Epoch: [0][10260/11389]	Time 0.202 (0.159)	Data 0.000 (0.000)	Loss 0.1749 (0.1368)	Error Ratio 5.7738 (2.9102)
03-02 17:51 INFO     Epoch: [0][10280/11389]	Time 0.153 (0.159)	Data 0.000 (0.000)	Loss 0.0712 (0.1368)	Error Ratio 0.7767 (2.9079)
03-02 17:51 INFO     Epoch: [0][10300/11389]	Time 0.155 (0.159)	Data 0.000 (0.000)	Loss 0.1383 (0.1368)	Error Ratio 0.7195 (2.9050)
03-02 17:51 INFO     Epoch: [0][10320/11389]	Time 0.202 (0.159)	Data 0.000 (0.000)	Loss 0.0816 (0.1367)	Error Ratio 1.0252 (2.9014)
03-02 17:51 INFO     Epoch: [0][10340/11389]	Time 0.157 (0.159)	Data 0.000 (0.000)	Loss 0.1092 (0.1367)	Error Ratio 1.4297 (2.8981)
03-02 17:51 INFO     Epoch: [0][10360/11389]	Time 0.151 (0.159)	Data 0.000 (0.000)	Loss 0.0887 (0.1367)	Error Ratio 0.6372 (2.8948)
03-02 17:51 INFO     Epoch: [0][10380/11389]	Time 0.157 (0.159)	Data 0.000 (0.000)	Loss 0.1363 (0.1368)	Error Ratio 0.9668 (2.8967)
03-02 17:52 INFO     Epoch: [0][10400/11389]	Time 0.172 (0.159)	Data 0.000 (0.000)	Loss 0.1534 (0.1368)	Error Ratio 0.5691 (2.8984)
03-02 17:52 INFO     Epoch: [0][10420/11389]	Time 0.170 (0.159)	Data 0.000 (0.000)	Loss 0.1278 (0.1368)	Error Ratio 0.5157 (2.8950)
03-02 17:52 INFO     Epoch: [0][10440/11389]	Time 0.159 (0.159)	Data 0.000 (0.000)	Loss 0.1004 (0.1368)	Error Ratio 1.4504 (2.8936)
03-02 17:52 INFO     Epoch: [0][10460/11389]	Time 0.159 (0.159)	Data 0.000 (0.000)	Loss 0.1035 (0.1368)	Error Ratio 0.6773 (2.8940)
03-02 17:52 INFO     Epoch: [0][10480/11389]	Time 0.158 (0.159)	Data 0.000 (0.000)	Loss 0.1529 (0.1367)	Error Ratio 2.4469 (2.8915)
03-02 17:52 INFO     Epoch: [0][10500/11389]	Time 0.159 (0.159)	Data 0.000 (0.000)	Loss 0.0925 (0.1367)	Error Ratio 0.6439 (2.8881)
03-02 17:52 INFO     Epoch: [0][10520/11389]	Time 0.138 (0.159)	Data 0.000 (0.000)	Loss 0.1413 (0.1367)	Error Ratio 0.9836 (2.8845)
03-02 17:52 INFO     Epoch: [0][10540/11389]	Time 0.144 (0.159)	Data 0.000 (0.000)	Loss 0.1001 (0.1367)	Error Ratio 0.7880 (2.9108)
03-02 17:52 INFO     Epoch: [0][10560/11389]	Time 0.150 (0.159)	Data 0.000 (0.000)	Loss 0.1608 (0.1367)	Error Ratio 2.0109 (2.9083)
03-02 17:52 INFO     Epoch: [0][10580/11389]	Time 0.157 (0.159)	Data 0.000 (0.000)	Loss 0.1188 (0.1367)	Error Ratio 1.0735 (2.9055)
03-02 17:52 INFO     Epoch: [0][10600/11389]	Time 0.144 (0.159)	Data 0.000 (0.000)	Loss 0.1083 (0.1366)	Error Ratio 1.3883 (2.9093)
03-02 17:52 INFO     Epoch: [0][10620/11389]	Time 0.163 (0.159)	Data 0.000 (0.000)	Loss 0.1340 (0.1366)	Error Ratio 0.5419 (2.9097)
03-02 17:52 INFO     Epoch: [0][10640/11389]	Time 0.160 (0.159)	Data 0.000 (0.000)	Loss 0.0692 (0.1366)	Error Ratio 0.5508 (2.9158)
03-02 17:52 INFO     Epoch: [0][10660/11389]	Time 0.145 (0.159)	Data 0.000 (0.000)	Loss 0.0935 (0.1366)	Error Ratio 0.9705 (2.9145)
03-02 17:52 INFO     Epoch: [0][10680/11389]	Time 0.169 (0.159)	Data 0.000 (0.000)	Loss 0.3295 (0.1366)	Error Ratio 0.8225 (2.9120)
03-02 17:52 INFO     Epoch: [0][10700/11389]	Time 0.146 (0.159)	Data 0.000 (0.000)	Loss 0.1000 (0.1365)	Error Ratio 0.6952 (2.9081)
03-02 17:52 INFO     Epoch: [0][10720/11389]	Time 0.155 (0.159)	Data 0.000 (0.000)	Loss 0.1836 (0.1365)	Error Ratio 1.1363 (2.9047)
03-02 17:52 INFO     Epoch: [0][10740/11389]	Time 0.156 (0.159)	Data 0.000 (0.000)	Loss 0.1208 (0.1365)	Error Ratio 0.9422 (2.9029)
03-02 17:52 INFO     Epoch: [0][10760/11389]	Time 0.140 (0.159)	Data 0.000 (0.000)	Loss 0.1260 (0.1365)	Error Ratio 1.4250 (2.8996)
03-02 17:53 INFO     Epoch: [0][10780/11389]	Time 0.151 (0.159)	Data 0.000 (0.000)	Loss 0.2372 (0.1366)	Error Ratio 0.6386 (2.8981)
03-02 17:53 INFO     Epoch: [0][10800/11389]	Time 0.160 (0.159)	Data 0.000 (0.000)	Loss 0.1701 (0.1366)	Error Ratio 0.5790 (2.8990)
03-02 17:53 INFO     Epoch: [0][10820/11389]	Time 0.158 (0.159)	Data 0.000 (0.000)	Loss 0.1046 (0.1366)	Error Ratio 1.0579 (2.8958)
03-02 17:53 INFO     Epoch: [0][10840/11389]	Time 0.171 (0.159)	Data 0.000 (0.000)	Loss 0.1059 (0.1366)	Error Ratio 0.6171 (2.8924)
03-02 17:53 INFO     Epoch: [0][10860/11389]	Time 0.157 (0.159)	Data 0.000 (0.000)	Loss 0.3009 (0.1367)	Error Ratio 0.9204 (2.8904)
03-02 17:53 INFO     Epoch: [0][10880/11389]	Time 0.145 (0.159)	Data 0.000 (0.000)	Loss 0.1251 (0.1367)	Error Ratio 0.4824 (2.8877)
03-02 17:53 INFO     Epoch: [0][10900/11389]	Time 0.157 (0.159)	Data 0.000 (0.000)	Loss 0.1465 (0.1367)	Error Ratio 1.0799 (2.8902)
03-02 17:53 INFO     Epoch: [0][10920/11389]	Time 0.159 (0.159)	Data 0.000 (0.000)	Loss 0.1271 (0.1368)	Error Ratio 1.0373 (2.8917)
03-02 17:53 INFO     Epoch: [0][10940/11389]	Time 0.172 (0.159)	Data 0.000 (0.000)	Loss 0.0739 (0.1367)	Error Ratio 0.3309 (2.8893)
03-02 17:53 INFO     Epoch: [0][10960/11389]	Time 0.158 (0.159)	Data 0.000 (0.000)	Loss 0.5776 (0.1367)	Error Ratio 1.2732 (2.8867)
03-02 17:53 INFO     Epoch: [0][10980/11389]	Time 0.189 (0.159)	Data 0.000 (0.000)	Loss 0.1244 (0.1366)	Error Ratio 0.7046 (2.8846)
03-02 17:53 INFO     Epoch: [0][11000/11389]	Time 0.139 (0.159)	Data 0.000 (0.000)	Loss 0.0641 (0.1366)	Error Ratio 2.1622 (2.8814)
03-02 17:53 INFO     Epoch: [0][11020/11389]	Time 0.172 (0.159)	Data 0.000 (0.000)	Loss 0.0858 (0.1366)	Error Ratio 1.2914 (2.8785)
03-02 17:53 INFO     Epoch: [0][11040/11389]	Time 0.143 (0.159)	Data 0.000 (0.000)	Loss 0.1891 (0.1365)	Error Ratio 1.0267 (2.8773)
03-02 17:53 INFO     Epoch: [0][11060/11389]	Time 0.158 (0.159)	Data 0.000 (0.000)	Loss 0.0832 (0.1365)	Error Ratio 0.8580 (2.8791)
03-02 17:53 INFO     Epoch: [0][11080/11389]	Time 0.147 (0.159)	Data 0.000 (0.000)	Loss 0.0935 (0.1365)	Error Ratio 0.8891 (2.9301)
03-02 17:53 INFO     Epoch: [0][11100/11389]	Time 0.171 (0.159)	Data 0.000 (0.000)	Loss 0.1114 (0.1365)	Error Ratio 0.8095 (2.9270)
03-02 17:53 INFO     Epoch: [0][11120/11389]	Time 0.144 (0.159)	Data 0.000 (0.000)	Loss 0.0874 (0.1364)	Error Ratio 0.6410 (2.9235)
03-02 17:53 INFO     Epoch: [0][11140/11389]	Time 0.186 (0.159)	Data 0.000 (0.000)	Loss 0.2731 (0.1364)	Error Ratio 0.7037 (2.9217)
03-02 17:54 INFO     Epoch: [0][11160/11389]	Time 0.157 (0.159)	Data 0.000 (0.000)	Loss 0.1178 (0.1364)	Error Ratio 0.8949 (2.9220)
03-02 17:54 INFO     Epoch: [0][11180/11389]	Time 0.157 (0.159)	Data 0.000 (0.000)	Loss 0.1178 (0.1364)	Error Ratio 1.4207 (2.9188)
03-02 17:54 INFO     Epoch: [0][11200/11389]	Time 0.193 (0.159)	Data 0.000 (0.000)	Loss 0.1218 (0.1364)	Error Ratio 1.2380 (2.9160)
03-02 17:54 INFO     Epoch: [0][11220/11389]	Time 0.167 (0.159)	Data 0.000 (0.000)	Loss 0.1296 (0.1363)	Error Ratio 0.7721 (2.9129)
03-02 17:54 INFO     Epoch: [0][11240/11389]	Time 0.161 (0.159)	Data 0.000 (0.000)	Loss 0.1307 (0.1363)	Error Ratio 0.7034 (2.9102)
03-02 17:54 INFO     Epoch: [0][11260/11389]	Time 0.171 (0.159)	Data 0.000 (0.000)	Loss 0.0595 (0.1363)	Error Ratio 0.4718 (2.9070)
03-02 17:54 INFO     Epoch: [0][11280/11389]	Time 0.139 (0.159)	Data 0.000 (0.000)	Loss 0.1587 (0.1362)	Error Ratio 39.5248 (2.9084)
03-02 17:54 INFO     Epoch: [0][11300/11389]	Time 0.138 (0.159)	Data 0.000 (0.000)	Loss 0.1714 (0.1362)	Error Ratio 1.9489 (2.9051)
03-02 17:54 INFO     Epoch: [0][11320/11389]	Time 0.160 (0.159)	Data 0.000 (0.000)	Loss 0.1127 (0.1362)	Error Ratio 1.2179 (2.9025)
03-02 17:54 INFO     Epoch: [0][11340/11389]	Time 0.155 (0.159)	Data 0.000 (0.000)	Loss 0.1229 (0.1362)	Error Ratio 1.7248 (2.9032)
03-02 17:54 INFO     Epoch: [0][11360/11389]	Time 0.163 (0.159)	Data 0.000 (0.000)	Loss 0.0689 (0.1362)	Error Ratio 0.6333 (2.9025)
03-02 17:54 INFO     Epoch: [0][11380/11389]	Time 0.145 (0.159)	Data 0.000 (0.000)	Loss 0.1109 (0.1362)	Error Ratio 0.9644 (2.9040)
03-02 17:54 INFO     Epoch: [0] Avg Error Ratio 2.903; Average Loss 0.136; Avg Time x Batch 0.159
03-02 17:54 INFO     Test: [20/1000]	Time 0.067 (0.094)	Loss 0.0755 (0.1308)	Error Ratio 0.4059 (2.4052)
03-02 17:54 INFO     Test: [40/1000]	Time 0.060 (0.078)	Loss 0.1609 (0.1320)	Error Ratio 0.6026 (2.4423)
03-02 17:54 INFO     Test: [60/1000]	Time 0.068 (0.073)	Loss 0.1028 (0.1377)	Error Ratio 1.2296 (2.5110)
03-02 17:54 INFO     Test: [80/1000]	Time 0.065 (0.071)	Loss 0.1660 (0.1333)	Error Ratio 0.5719 (2.1762)
03-02 17:54 INFO     Test: [100/1000]	Time 0.063 (0.070)	Loss 0.1093 (0.1366)	Error Ratio 1.0060 (2.1546)
03-02 17:54 INFO     Test: [120/1000]	Time 0.062 (0.068)	Loss 0.1540 (0.1334)	Error Ratio 1.2454 (2.6502)
03-02 17:54 INFO     Test: [140/1000]	Time 0.057 (0.067)	Loss 0.0832 (0.1325)	Error Ratio 0.7899 (2.6958)
03-02 17:54 INFO     Test: [160/1000]	Time 0.058 (0.067)	Loss 0.0704 (0.1326)	Error Ratio 0.5698 (2.6240)
03-02 17:54 INFO     Test: [180/1000]	Time 0.062 (0.067)	Loss 0.1139 (0.1301)	Error Ratio 1.6630 (2.6681)
03-02 17:54 INFO     Test: [200/1000]	Time 0.068 (0.066)	Loss 0.1501 (0.1298)	Error Ratio 1.2784 (2.5131)
03-02 17:54 INFO     Test: [220/1000]	Time 0.069 (0.067)	Loss 0.1202 (0.1304)	Error Ratio 1.3428 (2.6166)
03-02 17:54 INFO     Test: [240/1000]	Time 0.060 (0.066)	Loss 0.1472 (0.1332)	Error Ratio 0.8796 (2.4909)
03-02 17:54 INFO     Test: [260/1000]	Time 0.063 (0.066)	Loss 0.0528 (0.1345)	Error Ratio 0.5555 (2.4195)
03-02 17:54 INFO     Test: [280/1000]	Time 0.066 (0.066)	Loss 0.1930 (0.1343)	Error Ratio 1.5345 (2.4118)
03-02 17:54 INFO     Test: [300/1000]	Time 0.079 (0.066)	Loss 0.1376 (0.1350)	Error Ratio 0.9667 (2.3190)
03-02 17:55 INFO     Test: [320/1000]	Time 0.068 (0.066)	Loss 0.1107 (0.1337)	Error Ratio 0.3877 (2.2913)
03-02 17:55 INFO     Test: [340/1000]	Time 0.061 (0.066)	Loss 0.1455 (0.1334)	Error Ratio 0.9039 (2.2884)
03-02 17:55 INFO     Test: [360/1000]	Time 0.059 (0.066)	Loss 0.0740 (0.1326)	Error Ratio 0.9648 (3.9708)
03-02 17:55 INFO     Test: [380/1000]	Time 0.064 (0.066)	Loss 0.0700 (0.1318)	Error Ratio 1.1566 (3.8161)
03-02 17:55 INFO     Test: [400/1000]	Time 0.060 (0.066)	Loss 0.1045 (0.1321)	Error Ratio 1.0796 (3.6753)
03-02 17:55 INFO     Test: [420/1000]	Time 0.063 (0.065)	Loss 0.1035 (0.1316)	Error Ratio 0.5510 (3.5965)
03-02 17:55 INFO     Test: [440/1000]	Time 0.068 (0.065)	Loss 0.0880 (0.1323)	Error Ratio 0.7696 (3.5236)
03-02 17:55 INFO     Test: [460/1000]	Time 0.063 (0.066)	Loss 0.1550 (0.1318)	Error Ratio 1.0239 (3.4266)
03-02 17:55 INFO     Test: [480/1000]	Time 0.074 (0.066)	Loss 0.0886 (0.1308)	Error Ratio 0.7478 (3.3379)
03-02 17:55 INFO     Test: [500/1000]	Time 0.077 (0.066)	Loss 0.0925 (0.1309)	Error Ratio 1.5638 (3.2650)
03-02 17:55 INFO     Test: [520/1000]	Time 0.052 (0.066)	Loss 0.4901 (0.1308)	Error Ratio 1.0785 (3.1802)
03-02 17:55 INFO     Test: [540/1000]	Time 0.063 (0.066)	Loss 0.0980 (0.1301)	Error Ratio 21.0655 (3.1501)
03-02 17:55 INFO     Test: [560/1000]	Time 0.058 (0.066)	Loss 0.0725 (0.1306)	Error Ratio 0.7623 (3.2729)
03-02 17:55 INFO     Test: [580/1000]	Time 0.068 (0.066)	Loss 0.1528 (0.1300)	Error Ratio 0.5757 (3.2028)
03-02 17:55 INFO     Test: [600/1000]	Time 0.058 (0.066)	Loss 0.0770 (0.1304)	Error Ratio 0.7802 (3.1519)
03-02 17:55 INFO     Test: [620/1000]	Time 0.063 (0.066)	Loss 0.2974 (0.1302)	Error Ratio 0.5672 (3.0877)
03-02 17:55 INFO     Test: [640/1000]	Time 0.055 (0.066)	Loss 0.2259 (0.1301)	Error Ratio 1.5935 (6.7005)
03-02 17:55 INFO     Test: [660/1000]	Time 0.063 (0.065)	Loss 0.0736 (0.1300)	Error Ratio 0.5889 (6.5296)
03-02 17:55 INFO     Test: [680/1000]	Time 0.075 (0.065)	Loss 0.1944 (0.1302)	Error Ratio 1.2306 (6.4039)
03-02 17:55 INFO     Test: [700/1000]	Time 0.062 (0.065)	Loss 0.1568 (0.1300)	Error Ratio 35.7646 (6.3482)
03-02 17:55 INFO     Test: [720/1000]	Time 0.063 (0.066)	Loss 0.0924 (0.1297)	Error Ratio 0.6548 (6.2150)
03-02 17:55 INFO     Test: [740/1000]	Time 0.063 (0.066)	Loss 0.0956 (0.1300)	Error Ratio 0.5198 (6.0835)
03-02 17:55 INFO     Test: [760/1000]	Time 0.079 (0.065)	Loss 0.1726 (0.1298)	Error Ratio 0.6796 (5.9746)
03-02 17:55 INFO     Test: [780/1000]	Time 0.063 (0.065)	Loss 0.1243 (0.1298)	Error Ratio 0.7708 (5.8849)
03-02 17:55 INFO     Test: [800/1000]	Time 0.058 (0.065)	Loss 0.0806 (0.1295)	Error Ratio 34.8725 (5.8247)
03-02 17:55 INFO     Test: [820/1000]	Time 0.064 (0.065)	Loss 0.1468 (0.1296)	Error Ratio 0.5008 (5.7139)
03-02 17:55 INFO     Test: [840/1000]	Time 0.061 (0.065)	Loss 0.1671 (0.1294)	Error Ratio 0.6975 (5.6121)
03-02 17:55 INFO     Test: [860/1000]	Time 0.059 (0.065)	Loss 0.1044 (0.1293)	Error Ratio 1.3689 (5.5090)
03-02 17:55 INFO     Test: [880/1000]	Time 0.070 (0.065)	Loss 0.0782 (0.1296)	Error Ratio 0.5516 (5.4478)
03-02 17:55 INFO     Test: [900/1000]	Time 0.061 (0.065)	Loss 0.0930 (0.1297)	Error Ratio 0.5073 (5.3750)
03-02 17:55 INFO     Test: [920/1000]	Time 0.063 (0.066)	Loss 0.1153 (0.1299)	Error Ratio 0.4697 (5.2789)
03-02 17:55 INFO     Test: [940/1000]	Time 0.059 (0.065)	Loss 0.0687 (0.1296)	Error Ratio 0.4246 (5.2545)
03-02 17:55 INFO     Test: [960/1000]	Time 0.060 (0.065)	Loss 0.1293 (0.1294)	Error Ratio 0.4377 (5.2017)
03-02 17:55 INFO     Test: [980/1000]	Time 0.057 (0.065)	Loss 0.0816 (0.1290)	Error Ratio 0.6717 (5.1438)
03-02 17:55 INFO      * Average Error Ratio 5.107; Average Loss 0.129
03-02 17:55 INFO     Epoch: [1][20/11389]	Time 0.158 (0.191)	Data 0.000 (0.020)	Loss 0.1193 (0.1229)	Error Ratio 0.5137 (1.1910)
03-02 17:55 INFO     Epoch: [1][40/11389]	Time 0.158 (0.176)	Data 0.000 (0.011)	Loss 0.1433 (0.1195)	Error Ratio 0.4968 (2.3383)
03-02 17:55 INFO     Epoch: [1][60/11389]	Time 0.160 (0.171)	Data 0.000 (0.007)	Loss 0.0984 (0.1201)	Error Ratio 0.6066 (2.2100)
03-02 17:55 INFO     Epoch: [1][80/11389]	Time 0.170 (0.168)	Data 0.000 (0.005)	Loss 0.1724 (0.1187)	Error Ratio 0.7729 (2.1895)
03-02 17:56 INFO     Starting Profiler!: Backprop
03-02 18:36 INFO     Stopping Profiler: Backprop!
03-02 18:36 INFO     All profiling complete and --stop-after-profiling was given! Exiting
